[0.099s] Invoking command in '/home/atoz/ros2_ws/build/octomap_server': CMAKE_PREFIX_PATH=${CMAKE_PREFIX_PATH}:/home/atoz/ros2_ws/install/pwm_ctrl:/home/atoz/ros2_ws/install/nmea_navsat_driver:/home/atoz/ros2_ws/install/my_octomap:/home/atoz/ros2_ws/install/gps_goal_sender:/opt/ros/humble /usr/bin/cmake --build /home/atoz/ros2_ws/build/octomap_server -- -j8 -l8
[2.710s] [  7%] Built target octomap_saver_node
[2.710s] [ 15%] Built target octomap_server_static_node
[2.711s] [ 23%] Built target octomap_server_static
[2.711s] [ 30%] Built target octomap_server_multilayer_node
[2.711s] [ 38%] Built target tracking_octomap_server_node
[2.711s] [ 46%] Built target octomap_server_node
[2.711s] [ 53%] Built target color_octomap_server_node
[2.711s] [ 61%] Built target octomap_server
[2.712s] [ 73%] Built target octomap_server_multilayer
[2.712s] [ 84%] Built target tracking_octomap_server
[2.712s] [ 92%] Built target color_octomap_server
[2.712s] [100%] Built target octomap_saver
[2.714s] Invoked command in '/home/atoz/ros2_ws/build/octomap_server' returned '0': CMAKE_PREFIX_PATH=${CMAKE_PREFIX_PATH}:/home/atoz/ros2_ws/install/pwm_ctrl:/home/atoz/ros2_ws/install/nmea_navsat_driver:/home/atoz/ros2_ws/install/my_octomap:/home/atoz/ros2_ws/install/gps_goal_sender:/opt/ros/humble /usr/bin/cmake --build /home/atoz/ros2_ws/build/octomap_server -- -j8 -l8
[2.729s] Invoking command in '/home/atoz/ros2_ws/build/octomap_server': CMAKE_PREFIX_PATH=${CMAKE_PREFIX_PATH}:/home/atoz/ros2_ws/install/pwm_ctrl:/home/atoz/ros2_ws/install/nmea_navsat_driver:/home/atoz/ros2_ws/install/my_octomap:/home/atoz/ros2_ws/install/gps_goal_sender:/opt/ros/humble /usr/bin/cmake --install /home/atoz/ros2_ws/build/octomap_server
[2.744s] -- Install configuration: ""
[2.744s] -- Up-to-date: /home/atoz/ros2_ws/install/octomap_server/lib/octomap_server/octomap_server_static_node
[2.745s] -- Up-to-date: /home/atoz/ros2_ws/install/octomap_server/lib/octomap_server/octomap_server_node
[2.745s] -- Up-to-date: /home/atoz/ros2_ws/install/octomap_server/lib/octomap_server/octomap_server_multilayer_node
[2.747s] -- Up-to-date: /home/atoz/ros2_ws/install/octomap_server/lib/octomap_server/tracking_octomap_server_node
[2.747s] -- Up-to-date: /home/atoz/ros2_ws/install/octomap_server/lib/octomap_server/color_octomap_server_node
[2.754s] -- Up-to-date: /home/atoz/ros2_ws/install/octomap_server/lib/octomap_server/octomap_saver_node
[2.754s] -- Up-to-date: /home/atoz/ros2_ws/install/octomap_server/include
[2.755s] -- Up-to-date: /home/atoz/ros2_ws/install/octomap_server/include/octomap_server
[2.755s] -- Up-to-date: /home/atoz/ros2_ws/install/octomap_server/include/octomap_server/octomap_server.hpp
[2.755s] -- Up-to-date: /home/atoz/ros2_ws/install/octomap_server/include/octomap_server/octomap_server_static.hpp
[2.755s] -- Up-to-date: /home/atoz/ros2_ws/install/octomap_server/include/octomap_server/octomap_server_multilayer.hpp
[2.755s] -- Up-to-date: /home/atoz/ros2_ws/install/octomap_server/include/octomap_server/tracking_octomap_server.hpp
[2.759s] -- Up-to-date: /home/atoz/ros2_ws/install/octomap_server/share/octomap_server/environment/library_path.sh
[2.760s] -- Up-to-date: /home/atoz/ros2_ws/install/octomap_server/share/octomap_server/environment/library_path.dsv
[2.761s] -- Up-to-date: /home/atoz/ros2_ws/install/octomap_server/lib/liboctomap_server_static.so
[2.761s] -- Up-to-date: /home/atoz/ros2_ws/install/octomap_server/lib/liboctomap_server.so
[2.762s] -- Up-to-date: /home/atoz/ros2_ws/install/octomap_server/lib/liboctomap_server_multilayer.so
[2.762s] -- Up-to-date: /home/atoz/ros2_ws/install/octomap_server/lib/libtracking_octomap_server.so
[2.763s] -- Up-to-date: /home/atoz/ros2_ws/install/octomap_server/lib/libcolor_octomap_server.so
[2.764s] -- Up-to-date: /home/atoz/ros2_ws/install/octomap_server/lib/liboctomap_saver.so
[2.765s] -- Up-to-date: /home/atoz/ros2_ws/install/octomap_server/share/octomap_server/launch
[2.767s] -- Up-to-date: /home/atoz/ros2_ws/install/octomap_server/share/octomap_server/launch/octomap_mapping.launch.xml
[2.767s] -- Up-to-date: /home/atoz/ros2_ws/install/octomap_server/share/octomap_server/launch/octomap_tracking_server.launch.xml
[2.767s] -- Up-to-date: /home/atoz/ros2_ws/install/octomap_server/share/octomap_server/launch/octomap_tracking_client.launch.xml
[2.767s] -- Up-to-date: /home/atoz/ros2_ws/install/octomap_server/share/octomap_server/params
[2.768s] -- Up-to-date: /home/atoz/ros2_ws/install/octomap_server/share/octomap_server/params/default.yaml
[2.768s] -- Up-to-date: /home/atoz/ros2_ws/install/octomap_server/share/ament_index/resource_index/package_run_dependencies/octomap_server
[2.768s] -- Up-to-date: /home/atoz/ros2_ws/install/octomap_server/share/ament_index/resource_index/parent_prefix_path/octomap_server
[2.768s] -- Up-to-date: /home/atoz/ros2_ws/install/octomap_server/share/octomap_server/environment/ament_prefix_path.sh
[2.768s] -- Up-to-date: /home/atoz/ros2_ws/install/octomap_server/share/octomap_server/environment/ament_prefix_path.dsv
[2.768s] -- Up-to-date: /home/atoz/ros2_ws/install/octomap_server/share/octomap_server/environment/path.sh
[2.768s] -- Up-to-date: /home/atoz/ros2_ws/install/octomap_server/share/octomap_server/environment/path.dsv
[2.768s] -- Up-to-date: /home/atoz/ros2_ws/install/octomap_server/share/octomap_server/local_setup.bash
[2.768s] -- Up-to-date: /home/atoz/ros2_ws/install/octomap_server/share/octomap_server/local_setup.sh
[2.769s] -- Up-to-date: /home/atoz/ros2_ws/install/octomap_server/share/octomap_server/local_setup.zsh
[2.769s] -- Up-to-date: /home/atoz/ros2_ws/install/octomap_server/share/octomap_server/local_setup.dsv
[2.769s] -- Installing: /home/atoz/ros2_ws/install/octomap_server/share/octomap_server/package.dsv
[2.769s] -- Up-to-date: /home/atoz/ros2_ws/install/octomap_server/share/ament_index/resource_index/packages/octomap_server
[2.769s] -- Up-to-date: /home/atoz/ros2_ws/install/octomap_server/share/ament_index/resource_index/rclcpp_components/octomap_server
[2.769s] -- Up-to-date: /home/atoz/ros2_ws/install/octomap_server/share/octomap_server/cmake/ament_cmake_export_dependencies-extras.cmake
[2.770s] -- Up-to-date: /home/atoz/ros2_ws/install/octomap_server/share/octomap_server/cmake/ament_cmake_export_include_directories-extras.cmake
[2.770s] -- Up-to-date: /home/atoz/ros2_ws/install/octomap_server/share/octomap_server/cmake/ament_cmake_export_libraries-extras.cmake
[2.770s] -- Up-to-date: /home/atoz/ros2_ws/install/octomap_server/share/octomap_server/cmake/octomap_serverConfig.cmake
[2.770s] -- Up-to-date: /home/atoz/ros2_ws/install/octomap_server/share/octomap_server/cmake/octomap_serverConfig-version.cmake
[2.770s] -- Up-to-date: /home/atoz/ros2_ws/install/octomap_server/share/octomap_server/package.xml
[2.770s] -- Up-to-date: /home/atoz/ros2_ws/install/octomap_server/lib/octomap_server/octomap_eraser_cli.py
[2.802s] Invoked command in '/home/atoz/ros2_ws/build/octomap_server' returned '0': CMAKE_PREFIX_PATH=${CMAKE_PREFIX_PATH}:/home/atoz/ros2_ws/install/pwm_ctrl:/home/atoz/ros2_ws/install/nmea_navsat_driver:/home/atoz/ros2_ws/install/my_octomap:/home/atoz/ros2_ws/install/gps_goal_sender:/opt/ros/humble /usr/bin/cmake --install /home/atoz/ros2_ws/build/octomap_server
