[0.224s] DEBUG:colcon:Command line arguments: ['/usr/bin/colcon', 'build']
[0.225s] DEBUG:colcon:Parsed command line arguments: Namespace(log_base=None, log_level=None, verb_name='build', build_base='build', install_base='install', merge_install=False, symlink_install=False, test_result_base=None, continue_on_error=False, executor='parallel', parallel_workers=8, event_handlers=None, ignore_user_meta=False, metas=['./colcon.meta'], base_paths=['.'], packages_ignore=None, packages_ignore_regex=None, paths=None, packages_up_to=None, packages_up_to_regex=None, packages_above=None, packages_above_and_dependencies=None, packages_above_depth=None, packages_select_by_dep=None, packages_skip_by_dep=None, packages_skip_up_to=None, packages_select_build_failed=False, packages_skip_build_finished=False, packages_select_test_failures=False, packages_skip_test_passed=False, packages_select=None, packages_skip=None, packages_select_regex=None, packages_skip_regex=None, packages_start=None, packages_end=None, allow_overriding=[], cmake_args=None, cmake_target=None, cmake_target_skip_unavailable=False, cmake_clean_cache=False, cmake_clean_first=False, cmake_force_configure=False, ament_cmake_args=None, catkin_cmake_args=None, catkin_skip_building_tests=False, verb_parser=<colcon_defaults.argument_parser.defaults.DefaultArgumentsDecorator object at 0xffffb9330dc0>, verb_extension=<colcon_core.verb.build.BuildVerb object at 0xffffb950a230>, main=<bound method BuildVerb.main of <colcon_core.verb.build.BuildVerb object at 0xffffb950a230>>)
[0.567s] Level 1:colcon.colcon_core.package_discovery:discover_packages(colcon_meta) check parameters
[0.567s] Level 1:colcon.colcon_core.package_discovery:discover_packages(recursive) check parameters
[0.567s] Level 1:colcon.colcon_core.package_discovery:discover_packages(ignore) check parameters
[0.567s] Level 1:colcon.colcon_core.package_discovery:discover_packages(path) check parameters
[0.567s] Level 1:colcon.colcon_core.package_discovery:discover_packages(colcon_meta) discover
[0.568s] Level 1:colcon.colcon_core.package_discovery:discover_packages(recursive) discover
[0.568s] INFO:colcon.colcon_core.package_discovery:Crawling recursively for packages in '/home/atoz/ros2_ws'
[0.568s] Level 1:colcon.colcon_core.package_identification:_identify(.) by extensions ['ignore', 'ignore_ament_install']
[0.568s] Level 1:colcon.colcon_core.package_identification:_identify(.) by extension 'ignore'
[0.568s] Level 1:colcon.colcon_core.package_identification:_identify(.) by extension 'ignore_ament_install'
[0.568s] Level 1:colcon.colcon_core.package_identification:_identify(.) by extensions ['colcon_pkg']
[0.569s] Level 1:colcon.colcon_core.package_identification:_identify(.) by extension 'colcon_pkg'
[0.569s] Level 1:colcon.colcon_core.package_identification:_identify(.) by extensions ['colcon_meta']
[0.569s] Level 1:colcon.colcon_core.package_identification:_identify(.) by extension 'colcon_meta'
[0.569s] Level 1:colcon.colcon_core.package_identification:_identify(.) by extensions ['ros']
[0.569s] Level 1:colcon.colcon_core.package_identification:_identify(.) by extension 'ros'
[0.593s] Level 1:colcon.colcon_core.package_identification:_identify(.) by extensions ['cmake', 'python']
[0.593s] Level 1:colcon.colcon_core.package_identification:_identify(.) by extension 'cmake'
[0.593s] Level 1:colcon.colcon_core.package_identification:_identify(.) by extension 'python'
[0.593s] Level 1:colcon.colcon_core.package_identification:_identify(.) by extensions ['python_setup_py']
[0.594s] Level 1:colcon.colcon_core.package_identification:_identify(.) by extension 'python_setup_py'
[0.594s] Level 1:colcon.colcon_core.package_identification:_identify(build) by extensions ['ignore', 'ignore_ament_install']
[0.594s] Level 1:colcon.colcon_core.package_identification:_identify(build) by extension 'ignore'
[0.594s] Level 1:colcon.colcon_core.package_identification:_identify(build) ignored
[0.594s] Level 1:colcon.colcon_core.package_identification:_identify(install) by extensions ['ignore', 'ignore_ament_install']
[0.595s] Level 1:colcon.colcon_core.package_identification:_identify(install) by extension 'ignore'
[0.595s] Level 1:colcon.colcon_core.package_identification:_identify(install) ignored
[0.595s] Level 1:colcon.colcon_core.package_identification:_identify(log) by extensions ['ignore', 'ignore_ament_install']
[0.595s] Level 1:colcon.colcon_core.package_identification:_identify(log) by extension 'ignore'
[0.595s] Level 1:colcon.colcon_core.package_identification:_identify(log) ignored
[0.596s] Level 1:colcon.colcon_core.package_identification:_identify(src) by extensions ['ignore', 'ignore_ament_install']
[0.596s] Level 1:colcon.colcon_core.package_identification:_identify(src) by extension 'ignore'
[0.596s] Level 1:colcon.colcon_core.package_identification:_identify(src) by extension 'ignore_ament_install'
[0.596s] Level 1:colcon.colcon_core.package_identification:_identify(src) by extensions ['colcon_pkg']
[0.596s] Level 1:colcon.colcon_core.package_identification:_identify(src) by extension 'colcon_pkg'
[0.596s] Level 1:colcon.colcon_core.package_identification:_identify(src) by extensions ['colcon_meta']
[0.596s] Level 1:colcon.colcon_core.package_identification:_identify(src) by extension 'colcon_meta'
[0.596s] Level 1:colcon.colcon_core.package_identification:_identify(src) by extensions ['ros']
[0.596s] Level 1:colcon.colcon_core.package_identification:_identify(src) by extension 'ros'
[0.597s] Level 1:colcon.colcon_core.package_identification:_identify(src) by extensions ['cmake', 'python']
[0.597s] Level 1:colcon.colcon_core.package_identification:_identify(src) by extension 'cmake'
[0.597s] Level 1:colcon.colcon_core.package_identification:_identify(src) by extension 'python'
[0.597s] Level 1:colcon.colcon_core.package_identification:_identify(src) by extensions ['python_setup_py']
[0.597s] Level 1:colcon.colcon_core.package_identification:_identify(src) by extension 'python_setup_py'
[0.597s] Level 1:colcon.colcon_core.package_identification:_identify(src/FAST_LIO_ROS2) by extensions ['ignore', 'ignore_ament_install']
[0.597s] Level 1:colcon.colcon_core.package_identification:_identify(src/FAST_LIO_ROS2) by extension 'ignore'
[0.597s] Level 1:colcon.colcon_core.package_identification:_identify(src/FAST_LIO_ROS2) by extension 'ignore_ament_install'
[0.598s] Level 1:colcon.colcon_core.package_identification:_identify(src/FAST_LIO_ROS2) by extensions ['colcon_pkg']
[0.598s] Level 1:colcon.colcon_core.package_identification:_identify(src/FAST_LIO_ROS2) by extension 'colcon_pkg'
[0.598s] Level 1:colcon.colcon_core.package_identification:_identify(src/FAST_LIO_ROS2) by extensions ['colcon_meta']
[0.598s] Level 1:colcon.colcon_core.package_identification:_identify(src/FAST_LIO_ROS2) by extension 'colcon_meta'
[0.598s] Level 1:colcon.colcon_core.package_identification:_identify(src/FAST_LIO_ROS2) by extensions ['ros']
[0.598s] Level 1:colcon.colcon_core.package_identification:_identify(src/FAST_LIO_ROS2) by extension 'ros'
[0.605s] DEBUG:colcon.colcon_core.package_identification:Package 'src/FAST_LIO_ROS2' with type 'ros.ament_cmake' and name 'fast_lio'
[0.605s] Level 1:colcon.colcon_core.package_identification:_identify(src/Livox-SDK2) by extensions ['ignore', 'ignore_ament_install']
[0.606s] Level 1:colcon.colcon_core.package_identification:_identify(src/Livox-SDK2) by extension 'ignore'
[0.606s] Level 1:colcon.colcon_core.package_identification:_identify(src/Livox-SDK2) by extension 'ignore_ament_install'
[0.606s] Level 1:colcon.colcon_core.package_identification:_identify(src/Livox-SDK2) by extensions ['colcon_pkg']
[0.606s] Level 1:colcon.colcon_core.package_identification:_identify(src/Livox-SDK2) by extension 'colcon_pkg'
[0.606s] Level 1:colcon.colcon_core.package_identification:_identify(src/Livox-SDK2) by extensions ['colcon_meta']
[0.606s] Level 1:colcon.colcon_core.package_identification:_identify(src/Livox-SDK2) by extension 'colcon_meta'
[0.606s] Level 1:colcon.colcon_core.package_identification:_identify(src/Livox-SDK2) by extensions ['ros']
[0.606s] Level 1:colcon.colcon_core.package_identification:_identify(src/Livox-SDK2) by extension 'ros'
[0.607s] Level 1:colcon.colcon_core.package_identification:_identify(src/Livox-SDK2) by extensions ['cmake', 'python']
[0.607s] Level 1:colcon.colcon_core.package_identification:_identify(src/Livox-SDK2) by extension 'cmake'
[0.629s] Level 1:colcon.colcon_core.package_identification:_identify(src/Livox-SDK2) by extension 'python'
[0.629s] DEBUG:colcon.colcon_core.package_identification:Package 'src/Livox-SDK2' with type 'cmake' and name 'livox_sdk2'
[0.629s] Level 1:colcon.colcon_core.package_identification:_identify(src/livox_ros_driver2) by extensions ['ignore', 'ignore_ament_install']
[0.629s] Level 1:colcon.colcon_core.package_identification:_identify(src/livox_ros_driver2) by extension 'ignore'
[0.630s] Level 1:colcon.colcon_core.package_identification:_identify(src/livox_ros_driver2) by extension 'ignore_ament_install'
[0.630s] Level 1:colcon.colcon_core.package_identification:_identify(src/livox_ros_driver2) by extensions ['colcon_pkg']
[0.630s] Level 1:colcon.colcon_core.package_identification:_identify(src/livox_ros_driver2) by extension 'colcon_pkg'
[0.630s] Level 1:colcon.colcon_core.package_identification:_identify(src/livox_ros_driver2) by extensions ['colcon_meta']
[0.630s] Level 1:colcon.colcon_core.package_identification:_identify(src/livox_ros_driver2) by extension 'colcon_meta'
[0.630s] Level 1:colcon.colcon_core.package_identification:_identify(src/livox_ros_driver2) by extensions ['ros']
[0.630s] Level 1:colcon.colcon_core.package_identification:_identify(src/livox_ros_driver2) by extension 'ros'
[0.633s] DEBUG:colcon.colcon_core.package_identification:Package 'src/livox_ros_driver2' with type 'ros.ament_cmake' and name 'livox_ros_driver2'
[0.633s] Level 1:colcon.colcon_core.package_identification:_identify(src/my_octomap) by extensions ['ignore', 'ignore_ament_install']
[0.633s] Level 1:colcon.colcon_core.package_identification:_identify(src/my_octomap) by extension 'ignore'
[0.634s] Level 1:colcon.colcon_core.package_identification:_identify(src/my_octomap) by extension 'ignore_ament_install'
[0.634s] Level 1:colcon.colcon_core.package_identification:_identify(src/my_octomap) by extensions ['colcon_pkg']
[0.634s] Level 1:colcon.colcon_core.package_identification:_identify(src/my_octomap) by extension 'colcon_pkg'
[0.634s] Level 1:colcon.colcon_core.package_identification:_identify(src/my_octomap) by extensions ['colcon_meta']
[0.634s] Level 1:colcon.colcon_core.package_identification:_identify(src/my_octomap) by extension 'colcon_meta'
[0.634s] Level 1:colcon.colcon_core.package_identification:_identify(src/my_octomap) by extensions ['ros']
[0.634s] Level 1:colcon.colcon_core.package_identification:_identify(src/my_octomap) by extension 'ros'
[0.635s] DEBUG:colcon.colcon_core.package_identification:Package 'src/my_octomap' with type 'ros.ament_python' and name 'my_octomap'
[0.636s] Level 1:colcon.colcon_core.package_identification:_identify(src/octomap_mapping) by extensions ['ignore', 'ignore_ament_install']
[0.636s] Level 1:colcon.colcon_core.package_identification:_identify(src/octomap_mapping) by extension 'ignore'
[0.636s] Level 1:colcon.colcon_core.package_identification:_identify(src/octomap_mapping) by extension 'ignore_ament_install'
[0.636s] Level 1:colcon.colcon_core.package_identification:_identify(src/octomap_mapping) by extensions ['colcon_pkg']
[0.636s] Level 1:colcon.colcon_core.package_identification:_identify(src/octomap_mapping) by extension 'colcon_pkg'
[0.636s] Level 1:colcon.colcon_core.package_identification:_identify(src/octomap_mapping) by extensions ['colcon_meta']
[0.636s] Level 1:colcon.colcon_core.package_identification:_identify(src/octomap_mapping) by extension 'colcon_meta'
[0.637s] Level 1:colcon.colcon_core.package_identification:_identify(src/octomap_mapping) by extensions ['ros']
[0.637s] Level 1:colcon.colcon_core.package_identification:_identify(src/octomap_mapping) by extension 'ros'
[0.637s] Level 1:colcon.colcon_core.package_identification:_identify(src/octomap_mapping) by extensions ['cmake', 'python']
[0.637s] Level 1:colcon.colcon_core.package_identification:_identify(src/octomap_mapping) by extension 'cmake'
[0.637s] Level 1:colcon.colcon_core.package_identification:_identify(src/octomap_mapping) by extension 'python'
[0.637s] Level 1:colcon.colcon_core.package_identification:_identify(src/octomap_mapping) by extensions ['python_setup_py']
[0.637s] Level 1:colcon.colcon_core.package_identification:_identify(src/octomap_mapping) by extension 'python_setup_py'
[0.637s] Level 1:colcon.colcon_core.package_identification:_identify(src/octomap_mapping/octomap_mapping) by extensions ['ignore', 'ignore_ament_install']
[0.638s] Level 1:colcon.colcon_core.package_identification:_identify(src/octomap_mapping/octomap_mapping) by extension 'ignore'
[0.638s] Level 1:colcon.colcon_core.package_identification:_identify(src/octomap_mapping/octomap_mapping) by extension 'ignore_ament_install'
[0.638s] Level 1:colcon.colcon_core.package_identification:_identify(src/octomap_mapping/octomap_mapping) by extensions ['colcon_pkg']
[0.638s] Level 1:colcon.colcon_core.package_identification:_identify(src/octomap_mapping/octomap_mapping) by extension 'colcon_pkg'
[0.638s] Level 1:colcon.colcon_core.package_identification:_identify(src/octomap_mapping/octomap_mapping) by extensions ['colcon_meta']
[0.638s] Level 1:colcon.colcon_core.package_identification:_identify(src/octomap_mapping/octomap_mapping) by extension 'colcon_meta'
[0.638s] Level 1:colcon.colcon_core.package_identification:_identify(src/octomap_mapping/octomap_mapping) by extensions ['ros']
[0.638s] Level 1:colcon.colcon_core.package_identification:_identify(src/octomap_mapping/octomap_mapping) by extension 'ros'
[0.639s] DEBUG:colcon.colcon_core.package_identification:Package 'src/octomap_mapping/octomap_mapping' with type 'ros.ament_cmake' and name 'octomap_mapping'
[0.640s] Level 1:colcon.colcon_core.package_identification:_identify(src/octomap_mapping/octomap_server) by extensions ['ignore', 'ignore_ament_install']
[0.640s] Level 1:colcon.colcon_core.package_identification:_identify(src/octomap_mapping/octomap_server) by extension 'ignore'
[0.640s] Level 1:colcon.colcon_core.package_identification:_identify(src/octomap_mapping/octomap_server) by extension 'ignore_ament_install'
[0.640s] Level 1:colcon.colcon_core.package_identification:_identify(src/octomap_mapping/octomap_server) by extensions ['colcon_pkg']
[0.640s] Level 1:colcon.colcon_core.package_identification:_identify(src/octomap_mapping/octomap_server) by extension 'colcon_pkg'
[0.640s] Level 1:colcon.colcon_core.package_identification:_identify(src/octomap_mapping/octomap_server) by extensions ['colcon_meta']
[0.640s] Level 1:colcon.colcon_core.package_identification:_identify(src/octomap_mapping/octomap_server) by extension 'colcon_meta'
[0.640s] Level 1:colcon.colcon_core.package_identification:_identify(src/octomap_mapping/octomap_server) by extensions ['ros']
[0.640s] Level 1:colcon.colcon_core.package_identification:_identify(src/octomap_mapping/octomap_server) by extension 'ros'
[0.644s] DEBUG:colcon.colcon_core.package_identification:Package 'src/octomap_mapping/octomap_server' with type 'ros.ament_cmake' and name 'octomap_server'
[0.644s] Level 1:colcon.colcon_core.package_identification:_identify(src/pwm_ctrl) by extensions ['ignore', 'ignore_ament_install']
[0.644s] Level 1:colcon.colcon_core.package_identification:_identify(src/pwm_ctrl) by extension 'ignore'
[0.645s] Level 1:colcon.colcon_core.package_identification:_identify(src/pwm_ctrl) by extension 'ignore_ament_install'
[0.645s] Level 1:colcon.colcon_core.package_identification:_identify(src/pwm_ctrl) by extensions ['colcon_pkg']
[0.645s] Level 1:colcon.colcon_core.package_identification:_identify(src/pwm_ctrl) by extension 'colcon_pkg'
[0.645s] Level 1:colcon.colcon_core.package_identification:_identify(src/pwm_ctrl) by extensions ['colcon_meta']
[0.645s] Level 1:colcon.colcon_core.package_identification:_identify(src/pwm_ctrl) by extension 'colcon_meta'
[0.645s] Level 1:colcon.colcon_core.package_identification:_identify(src/pwm_ctrl) by extensions ['ros']
[0.645s] Level 1:colcon.colcon_core.package_identification:_identify(src/pwm_ctrl) by extension 'ros'
[0.646s] DEBUG:colcon.colcon_core.package_identification:Package 'src/pwm_ctrl' with type 'ros.ament_python' and name 'pwm_ctrl'
[0.647s] Level 1:colcon.colcon_core.package_discovery:discover_packages(recursive) using defaults
[0.647s] Level 1:colcon.colcon_core.package_discovery:discover_packages(ignore) discover
[0.647s] Level 1:colcon.colcon_core.package_discovery:discover_packages(ignore) using defaults
[0.647s] Level 1:colcon.colcon_core.package_discovery:discover_packages(path) discover
[0.647s] Level 1:colcon.colcon_core.package_discovery:discover_packages(path) using defaults
[0.693s] Level 1:colcon.colcon_core.package_discovery:discover_packages(prefix_path) check parameters
[0.693s] Level 1:colcon.colcon_core.package_discovery:discover_packages(prefix_path) discover
[0.698s] DEBUG:colcon.colcon_installed_package_information.package_discovery:Found 7 installed packages in /home/atoz/ros2_ws/install
[0.700s] DEBUG:colcon.colcon_installed_package_information.package_discovery:Found 320 installed packages in /opt/ros/humble
[0.732s] Level 1:colcon.colcon_core.package_discovery:discover_packages(prefix_path) using defaults
[0.822s] Level 5:colcon.colcon_core.verb:set package 'livox_ros_driver2' build argument 'cmake_args' from command line to 'None'
[0.822s] Level 5:colcon.colcon_core.verb:set package 'livox_ros_driver2' build argument 'cmake_target' from command line to 'None'
[0.822s] Level 5:colcon.colcon_core.verb:set package 'livox_ros_driver2' build argument 'cmake_target_skip_unavailable' from command line to 'False'
[0.822s] Level 5:colcon.colcon_core.verb:set package 'livox_ros_driver2' build argument 'cmake_clean_cache' from command line to 'False'
[0.823s] Level 5:colcon.colcon_core.verb:set package 'livox_ros_driver2' build argument 'cmake_clean_first' from command line to 'False'
[0.823s] Level 5:colcon.colcon_core.verb:set package 'livox_ros_driver2' build argument 'cmake_force_configure' from command line to 'False'
[0.823s] Level 5:colcon.colcon_core.verb:set package 'livox_ros_driver2' build argument 'ament_cmake_args' from command line to 'None'
[0.823s] Level 5:colcon.colcon_core.verb:set package 'livox_ros_driver2' build argument 'catkin_cmake_args' from command line to 'None'
[0.823s] Level 5:colcon.colcon_core.verb:set package 'livox_ros_driver2' build argument 'catkin_skip_building_tests' from command line to 'False'
[0.823s] DEBUG:colcon.colcon_core.verb:Building package 'livox_ros_driver2' with the following arguments: {'ament_cmake_args': None, 'build_base': '/home/atoz/ros2_ws/build/livox_ros_driver2', 'catkin_cmake_args': None, 'catkin_skip_building_tests': False, 'cmake_args': None, 'cmake_clean_cache': False, 'cmake_clean_first': False, 'cmake_force_configure': False, 'cmake_target': None, 'cmake_target_skip_unavailable': False, 'install_base': '/home/atoz/ros2_ws/install/livox_ros_driver2', 'merge_install': False, 'path': '/home/atoz/ros2_ws/src/livox_ros_driver2', 'symlink_install': False, 'test_result_base': None}
[0.824s] Level 5:colcon.colcon_core.verb:set package 'livox_sdk2' build argument 'cmake_args' from command line to 'None'
[0.824s] Level 5:colcon.colcon_core.verb:set package 'livox_sdk2' build argument 'cmake_target' from command line to 'None'
[0.824s] Level 5:colcon.colcon_core.verb:set package 'livox_sdk2' build argument 'cmake_target_skip_unavailable' from command line to 'False'
[0.824s] Level 5:colcon.colcon_core.verb:set package 'livox_sdk2' build argument 'cmake_clean_cache' from command line to 'False'
[0.824s] Level 5:colcon.colcon_core.verb:set package 'livox_sdk2' build argument 'cmake_clean_first' from command line to 'False'
[0.824s] Level 5:colcon.colcon_core.verb:set package 'livox_sdk2' build argument 'cmake_force_configure' from command line to 'False'
[0.824s] Level 5:colcon.colcon_core.verb:set package 'livox_sdk2' build argument 'ament_cmake_args' from command line to 'None'
[0.824s] Level 5:colcon.colcon_core.verb:set package 'livox_sdk2' build argument 'catkin_cmake_args' from command line to 'None'
[0.824s] Level 5:colcon.colcon_core.verb:set package 'livox_sdk2' build argument 'catkin_skip_building_tests' from command line to 'False'
[0.824s] DEBUG:colcon.colcon_core.verb:Building package 'livox_sdk2' with the following arguments: {'ament_cmake_args': None, 'build_base': '/home/atoz/ros2_ws/build/livox_sdk2', 'catkin_cmake_args': None, 'catkin_skip_building_tests': False, 'cmake_args': None, 'cmake_clean_cache': False, 'cmake_clean_first': False, 'cmake_force_configure': False, 'cmake_target': None, 'cmake_target_skip_unavailable': False, 'install_base': '/home/atoz/ros2_ws/install/livox_sdk2', 'merge_install': False, 'path': '/home/atoz/ros2_ws/src/Livox-SDK2', 'symlink_install': False, 'test_result_base': None}
[0.825s] Level 5:colcon.colcon_core.verb:set package 'my_octomap' build argument 'cmake_args' from command line to 'None'
[0.825s] Level 5:colcon.colcon_core.verb:set package 'my_octomap' build argument 'cmake_target' from command line to 'None'
[0.825s] Level 5:colcon.colcon_core.verb:set package 'my_octomap' build argument 'cmake_target_skip_unavailable' from command line to 'False'
[0.825s] Level 5:colcon.colcon_core.verb:set package 'my_octomap' build argument 'cmake_clean_cache' from command line to 'False'
[0.825s] Level 5:colcon.colcon_core.verb:set package 'my_octomap' build argument 'cmake_clean_first' from command line to 'False'
[0.825s] Level 5:colcon.colcon_core.verb:set package 'my_octomap' build argument 'cmake_force_configure' from command line to 'False'
[0.825s] Level 5:colcon.colcon_core.verb:set package 'my_octomap' build argument 'ament_cmake_args' from command line to 'None'
[0.825s] Level 5:colcon.colcon_core.verb:set package 'my_octomap' build argument 'catkin_cmake_args' from command line to 'None'
[0.825s] Level 5:colcon.colcon_core.verb:set package 'my_octomap' build argument 'catkin_skip_building_tests' from command line to 'False'
[0.825s] DEBUG:colcon.colcon_core.verb:Building package 'my_octomap' with the following arguments: {'ament_cmake_args': None, 'build_base': '/home/atoz/ros2_ws/build/my_octomap', 'catkin_cmake_args': None, 'catkin_skip_building_tests': False, 'cmake_args': None, 'cmake_clean_cache': False, 'cmake_clean_first': False, 'cmake_force_configure': False, 'cmake_target': None, 'cmake_target_skip_unavailable': False, 'install_base': '/home/atoz/ros2_ws/install/my_octomap', 'merge_install': False, 'path': '/home/atoz/ros2_ws/src/my_octomap', 'symlink_install': False, 'test_result_base': None}
[0.826s] Level 5:colcon.colcon_core.verb:set package 'octomap_server' build argument 'cmake_args' from command line to 'None'
[0.826s] Level 5:colcon.colcon_core.verb:set package 'octomap_server' build argument 'cmake_target' from command line to 'None'
[0.826s] Level 5:colcon.colcon_core.verb:set package 'octomap_server' build argument 'cmake_target_skip_unavailable' from command line to 'False'
[0.826s] Level 5:colcon.colcon_core.verb:set package 'octomap_server' build argument 'cmake_clean_cache' from command line to 'False'
[0.826s] Level 5:colcon.colcon_core.verb:set package 'octomap_server' build argument 'cmake_clean_first' from command line to 'False'
[0.826s] Level 5:colcon.colcon_core.verb:set package 'octomap_server' build argument 'cmake_force_configure' from command line to 'False'
[0.826s] Level 5:colcon.colcon_core.verb:set package 'octomap_server' build argument 'ament_cmake_args' from command line to 'None'
[0.826s] Level 5:colcon.colcon_core.verb:set package 'octomap_server' build argument 'catkin_cmake_args' from command line to 'None'
[0.826s] Level 5:colcon.colcon_core.verb:set package 'octomap_server' build argument 'catkin_skip_building_tests' from command line to 'False'
[0.826s] DEBUG:colcon.colcon_core.verb:Building package 'octomap_server' with the following arguments: {'ament_cmake_args': None, 'build_base': '/home/atoz/ros2_ws/build/octomap_server', 'catkin_cmake_args': None, 'catkin_skip_building_tests': False, 'cmake_args': None, 'cmake_clean_cache': False, 'cmake_clean_first': False, 'cmake_force_configure': False, 'cmake_target': None, 'cmake_target_skip_unavailable': False, 'install_base': '/home/atoz/ros2_ws/install/octomap_server', 'merge_install': False, 'path': '/home/atoz/ros2_ws/src/octomap_mapping/octomap_server', 'symlink_install': False, 'test_result_base': None}
[0.827s] Level 5:colcon.colcon_core.verb:set package 'pwm_ctrl' build argument 'cmake_args' from command line to 'None'
[0.827s] Level 5:colcon.colcon_core.verb:set package 'pwm_ctrl' build argument 'cmake_target' from command line to 'None'
[0.827s] Level 5:colcon.colcon_core.verb:set package 'pwm_ctrl' build argument 'cmake_target_skip_unavailable' from command line to 'False'
[0.827s] Level 5:colcon.colcon_core.verb:set package 'pwm_ctrl' build argument 'cmake_clean_cache' from command line to 'False'
[0.827s] Level 5:colcon.colcon_core.verb:set package 'pwm_ctrl' build argument 'cmake_clean_first' from command line to 'False'
[0.827s] Level 5:colcon.colcon_core.verb:set package 'pwm_ctrl' build argument 'cmake_force_configure' from command line to 'False'
[0.827s] Level 5:colcon.colcon_core.verb:set package 'pwm_ctrl' build argument 'ament_cmake_args' from command line to 'None'
[0.827s] Level 5:colcon.colcon_core.verb:set package 'pwm_ctrl' build argument 'catkin_cmake_args' from command line to 'None'
[0.827s] Level 5:colcon.colcon_core.verb:set package 'pwm_ctrl' build argument 'catkin_skip_building_tests' from command line to 'False'
[0.827s] DEBUG:colcon.colcon_core.verb:Building package 'pwm_ctrl' with the following arguments: {'ament_cmake_args': None, 'build_base': '/home/atoz/ros2_ws/build/pwm_ctrl', 'catkin_cmake_args': None, 'catkin_skip_building_tests': False, 'cmake_args': None, 'cmake_clean_cache': False, 'cmake_clean_first': False, 'cmake_force_configure': False, 'cmake_target': None, 'cmake_target_skip_unavailable': False, 'install_base': '/home/atoz/ros2_ws/install/pwm_ctrl', 'merge_install': False, 'path': '/home/atoz/ros2_ws/src/pwm_ctrl', 'symlink_install': False, 'test_result_base': None}
[0.828s] Level 5:colcon.colcon_core.verb:set package 'fast_lio' build argument 'cmake_args' from command line to 'None'
[0.828s] Level 5:colcon.colcon_core.verb:set package 'fast_lio' build argument 'cmake_target' from command line to 'None'
[0.828s] Level 5:colcon.colcon_core.verb:set package 'fast_lio' build argument 'cmake_target_skip_unavailable' from command line to 'False'
[0.828s] Level 5:colcon.colcon_core.verb:set package 'fast_lio' build argument 'cmake_clean_cache' from command line to 'False'
[0.828s] Level 5:colcon.colcon_core.verb:set package 'fast_lio' build argument 'cmake_clean_first' from command line to 'False'
[0.828s] Level 5:colcon.colcon_core.verb:set package 'fast_lio' build argument 'cmake_force_configure' from command line to 'False'
[0.828s] Level 5:colcon.colcon_core.verb:set package 'fast_lio' build argument 'ament_cmake_args' from command line to 'None'
[0.828s] Level 5:colcon.colcon_core.verb:set package 'fast_lio' build argument 'catkin_cmake_args' from command line to 'None'
[0.828s] Level 5:colcon.colcon_core.verb:set package 'fast_lio' build argument 'catkin_skip_building_tests' from command line to 'False'
[0.828s] DEBUG:colcon.colcon_core.verb:Building package 'fast_lio' with the following arguments: {'ament_cmake_args': None, 'build_base': '/home/atoz/ros2_ws/build/fast_lio', 'catkin_cmake_args': None, 'catkin_skip_building_tests': False, 'cmake_args': None, 'cmake_clean_cache': False, 'cmake_clean_first': False, 'cmake_force_configure': False, 'cmake_target': None, 'cmake_target_skip_unavailable': False, 'install_base': '/home/atoz/ros2_ws/install/fast_lio', 'merge_install': False, 'path': '/home/atoz/ros2_ws/src/FAST_LIO_ROS2', 'symlink_install': False, 'test_result_base': None}
[0.829s] Level 5:colcon.colcon_core.verb:set package 'octomap_mapping' build argument 'cmake_args' from command line to 'None'
[0.829s] Level 5:colcon.colcon_core.verb:set package 'octomap_mapping' build argument 'cmake_target' from command line to 'None'
[0.829s] Level 5:colcon.colcon_core.verb:set package 'octomap_mapping' build argument 'cmake_target_skip_unavailable' from command line to 'False'
[0.829s] Level 5:colcon.colcon_core.verb:set package 'octomap_mapping' build argument 'cmake_clean_cache' from command line to 'False'
[0.829s] Level 5:colcon.colcon_core.verb:set package 'octomap_mapping' build argument 'cmake_clean_first' from command line to 'False'
[0.829s] Level 5:colcon.colcon_core.verb:set package 'octomap_mapping' build argument 'cmake_force_configure' from command line to 'False'
[0.829s] Level 5:colcon.colcon_core.verb:set package 'octomap_mapping' build argument 'ament_cmake_args' from command line to 'None'
[0.829s] Level 5:colcon.colcon_core.verb:set package 'octomap_mapping' build argument 'catkin_cmake_args' from command line to 'None'
[0.829s] Level 5:colcon.colcon_core.verb:set package 'octomap_mapping' build argument 'catkin_skip_building_tests' from command line to 'False'
[0.830s] DEBUG:colcon.colcon_core.verb:Building package 'octomap_mapping' with the following arguments: {'ament_cmake_args': None, 'build_base': '/home/atoz/ros2_ws/build/octomap_mapping', 'catkin_cmake_args': None, 'catkin_skip_building_tests': False, 'cmake_args': None, 'cmake_clean_cache': False, 'cmake_clean_first': False, 'cmake_force_configure': False, 'cmake_target': None, 'cmake_target_skip_unavailable': False, 'install_base': '/home/atoz/ros2_ws/install/octomap_mapping', 'merge_install': False, 'path': '/home/atoz/ros2_ws/src/octomap_mapping/octomap_mapping', 'symlink_install': False, 'test_result_base': None}
[0.830s] INFO:colcon.colcon_core.executor:Executing jobs using 'parallel' executor
[0.832s] DEBUG:colcon.colcon_parallel_executor.executor.parallel:run_until_complete
[0.833s] INFO:colcon.colcon_ros.task.ament_cmake.build:Building ROS package in '/home/atoz/ros2_ws/src/livox_ros_driver2' with build type 'ament_cmake'
[0.834s] INFO:colcon.colcon_cmake.task.cmake.build:Building CMake package in '/home/atoz/ros2_ws/src/livox_ros_driver2'
[0.839s] INFO:colcon.colcon_core.plugin_system:Skipping extension 'colcon_core.shell.bat': Not used on non-Windows systems
[0.839s] INFO:colcon.colcon_core.shell:Skip shell extension 'powershell' for command environment: Not usable outside of PowerShell
[0.840s] DEBUG:colcon.colcon_core.shell:Skip shell extension 'dsv' for command environment
[0.847s] INFO:colcon.colcon_ros.task.ament_cmake.build:Building ROS package in '/home/atoz/ros2_ws/src/octomap_mapping/octomap_server' with build type 'ament_cmake'
[0.848s] INFO:colcon.colcon_cmake.task.cmake.build:Building CMake package in '/home/atoz/ros2_ws/src/octomap_mapping/octomap_server'
[0.848s] INFO:colcon.colcon_core.shell:Skip shell extension 'powershell' for command environment: Not usable outside of PowerShell
[0.848s] DEBUG:colcon.colcon_core.shell:Skip shell extension 'dsv' for command environment
[0.857s] INFO:colcon.colcon_cmake.task.cmake.build:Building CMake package in '/home/atoz/ros2_ws/src/Livox-SDK2'
[0.857s] INFO:colcon.colcon_core.shell:Skip shell extension 'powershell' for command environment: Not usable outside of PowerShell
[0.858s] DEBUG:colcon.colcon_core.shell:Skip shell extension 'dsv' for command environment
[0.865s] INFO:colcon.colcon_ros.task.ament_python.build:Building ROS package in '/home/atoz/ros2_ws/src/my_octomap' with build type 'ament_python'
[0.865s] Level 1:colcon.colcon_core.shell:create_environment_hook('my_octomap', 'ament_prefix_path')
[0.866s] INFO:colcon.colcon_core.shell:Creating environment hook '/home/atoz/ros2_ws/install/my_octomap/share/my_octomap/hook/ament_prefix_path.ps1'
[0.868s] INFO:colcon.colcon_core.shell:Creating environment descriptor '/home/atoz/ros2_ws/install/my_octomap/share/my_octomap/hook/ament_prefix_path.dsv'
[0.869s] INFO:colcon.colcon_core.shell:Creating environment hook '/home/atoz/ros2_ws/install/my_octomap/share/my_octomap/hook/ament_prefix_path.sh'
[0.870s] INFO:colcon.colcon_core.shell:Skip shell extension 'powershell' for command environment: Not usable outside of PowerShell
[0.870s] DEBUG:colcon.colcon_core.shell:Skip shell extension 'dsv' for command environment
[0.877s] INFO:colcon.colcon_ros.task.ament_python.build:Building ROS package in '/home/atoz/ros2_ws/src/pwm_ctrl' with build type 'ament_python'
[0.877s] Level 1:colcon.colcon_core.shell:create_environment_hook('pwm_ctrl', 'ament_prefix_path')
[0.878s] INFO:colcon.colcon_core.shell:Creating environment hook '/home/atoz/ros2_ws/install/pwm_ctrl/share/pwm_ctrl/hook/ament_prefix_path.ps1'
[0.879s] INFO:colcon.colcon_core.shell:Creating environment descriptor '/home/atoz/ros2_ws/install/pwm_ctrl/share/pwm_ctrl/hook/ament_prefix_path.dsv'
[0.880s] INFO:colcon.colcon_core.shell:Creating environment hook '/home/atoz/ros2_ws/install/pwm_ctrl/share/pwm_ctrl/hook/ament_prefix_path.sh'
[0.881s] INFO:colcon.colcon_core.shell:Skip shell extension 'powershell' for command environment: Not usable outside of PowerShell
[0.881s] DEBUG:colcon.colcon_core.shell:Skip shell extension 'dsv' for command environment
[0.902s] DEBUG:colcon.colcon_core.event_handler.log_command:Invoking command in '/home/atoz/ros2_ws/build/livox_ros_driver2': CMAKE_PREFIX_PATH=${CMAKE_PREFIX_PATH}:/home/atoz/ros2_ws/install/pwm_ctrl:/home/atoz/ros2_ws/install/my_octomap:/opt/ros/humble /usr/bin/cmake --build /home/atoz/ros2_ws/build/livox_ros_driver2 -- -j8 -l8
[0.913s] DEBUG:colcon.colcon_core.event_handler.log_command:Invoking command in '/home/atoz/ros2_ws/build/octomap_server': CMAKE_PREFIX_PATH=${CMAKE_PREFIX_PATH}:/home/atoz/ros2_ws/install/pwm_ctrl:/home/atoz/ros2_ws/install/my_octomap:/opt/ros/humble /usr/bin/cmake --build /home/atoz/ros2_ws/build/octomap_server -- -j8 -l8
[0.918s] DEBUG:colcon.colcon_core.event_handler.log_command:Invoking command in '/home/atoz/ros2_ws/build/livox_sdk2': /usr/bin/cmake --build /home/atoz/ros2_ws/build/livox_sdk2 -- -j8 -l8
[1.526s] INFO:colcon.colcon_core.task.python.build:Building Python package in '/home/atoz/ros2_ws/src/my_octomap'
[1.527s] INFO:colcon.colcon_core.shell:Skip shell extension 'powershell' for command environment: Not usable outside of PowerShell
[1.527s] DEBUG:colcon.colcon_core.shell:Skip shell extension 'dsv' for command environment
[2.105s] INFO:colcon.colcon_core.task.python.build:Building Python package in '/home/atoz/ros2_ws/src/pwm_ctrl'
[2.105s] INFO:colcon.colcon_core.shell:Skip shell extension 'powershell' for command environment: Not usable outside of PowerShell
[2.106s] DEBUG:colcon.colcon_core.shell:Skip shell extension 'dsv' for command environment
[2.123s] DEBUG:colcon.colcon_core.event_handler.log_command:Invoked command in '/home/atoz/ros2_ws/build/livox_sdk2' returned '0': /usr/bin/cmake --build /home/atoz/ros2_ws/build/livox_sdk2 -- -j8 -l8
[2.148s] DEBUG:colcon.colcon_core.event_handler.log_command:Invoking command in '/home/atoz/ros2_ws/build/livox_sdk2': /usr/bin/cmake --install /home/atoz/ros2_ws/build/livox_sdk2
[2.152s] DEBUG:colcon.colcon_core.event_handler.log_command:Invoked command in '/home/atoz/ros2_ws/build/octomap_server' returned '0': CMAKE_PREFIX_PATH=${CMAKE_PREFIX_PATH}:/home/atoz/ros2_ws/install/pwm_ctrl:/home/atoz/ros2_ws/install/my_octomap:/opt/ros/humble /usr/bin/cmake --build /home/atoz/ros2_ws/build/octomap_server -- -j8 -l8
[2.158s] DEBUG:colcon.colcon_core.event_handler.log_command:Invoking command in '/home/atoz/ros2_ws/build/octomap_server': CMAKE_PREFIX_PATH=${CMAKE_PREFIX_PATH}:/home/atoz/ros2_ws/install/pwm_ctrl:/home/atoz/ros2_ws/install/my_octomap:/opt/ros/humble /usr/bin/cmake --install /home/atoz/ros2_ws/build/octomap_server
[2.167s] DEBUG:colcon.colcon_core.event_handler.log_command:Invoked command in '/home/atoz/ros2_ws/build/livox_ros_driver2' returned '0': CMAKE_PREFIX_PATH=${CMAKE_PREFIX_PATH}:/home/atoz/ros2_ws/install/pwm_ctrl:/home/atoz/ros2_ws/install/my_octomap:/opt/ros/humble /usr/bin/cmake --build /home/atoz/ros2_ws/build/livox_ros_driver2 -- -j8 -l8
[2.170s] DEBUG:colcon.colcon_core.event_handler.log_command:Invoking command in '/home/atoz/ros2_ws/build/livox_ros_driver2': CMAKE_PREFIX_PATH=${CMAKE_PREFIX_PATH}:/home/atoz/ros2_ws/install/pwm_ctrl:/home/atoz/ros2_ws/install/my_octomap:/opt/ros/humble /usr/bin/cmake --install /home/atoz/ros2_ws/build/livox_ros_driver2
[2.185s] Level 1:colcon.colcon_core.environment:create_environment_scripts_only(livox_sdk2)
[2.202s] Level 1:colcon.colcon_core.environment:checking '/home/atoz/ros2_ws/install/livox_sdk2' for CMake module files
[2.203s] Level 1:colcon.colcon_core.environment:checking '/home/atoz/ros2_ws/install/livox_sdk2' for CMake config files
[2.208s] Level 1:colcon.colcon_core.environment:checking '/home/atoz/ros2_ws/install/livox_sdk2/lib'
[2.209s] Level 1:colcon.colcon_core.shell:create_environment_hook('livox_sdk2', 'ld_library_path_lib')
[2.210s] INFO:colcon.colcon_core.shell:Creating environment hook '/home/atoz/ros2_ws/install/livox_sdk2/share/livox_sdk2/hook/ld_library_path_lib.ps1'
[2.212s] DEBUG:colcon.colcon_core.event_handler.log_command:Invoked command in '/home/atoz/ros2_ws/build/livox_sdk2' returned '0': /usr/bin/cmake --install /home/atoz/ros2_ws/build/livox_sdk2
[2.213s] INFO:colcon.colcon_core.shell:Creating environment descriptor '/home/atoz/ros2_ws/install/livox_sdk2/share/livox_sdk2/hook/ld_library_path_lib.dsv'
[2.215s] INFO:colcon.colcon_core.shell:Creating environment hook '/home/atoz/ros2_ws/install/livox_sdk2/share/livox_sdk2/hook/ld_library_path_lib.sh'
[2.220s] Level 1:colcon.colcon_core.environment:checking '/home/atoz/ros2_ws/install/livox_sdk2/bin'
[2.221s] Level 1:colcon.colcon_core.environment:checking '/home/atoz/ros2_ws/install/livox_sdk2/lib/pkgconfig/livox_sdk2.pc'
[2.222s] Level 1:colcon.colcon_core.environment:checking '/home/atoz/ros2_ws/install/livox_sdk2/lib/python3.10/site-packages'
[2.223s] Level 1:colcon.colcon_core.environment:checking '/home/atoz/ros2_ws/install/livox_sdk2/bin'
[2.224s] INFO:colcon.colcon_core.shell:Creating package script '/home/atoz/ros2_ws/install/livox_sdk2/share/livox_sdk2/package.ps1'
[2.227s] INFO:colcon.colcon_core.shell:Creating package descriptor '/home/atoz/ros2_ws/install/livox_sdk2/share/livox_sdk2/package.dsv'
[2.230s] INFO:colcon.colcon_core.shell:Creating package script '/home/atoz/ros2_ws/install/livox_sdk2/share/livox_sdk2/package.sh'
[2.233s] INFO:colcon.colcon_core.shell:Creating package script '/home/atoz/ros2_ws/install/livox_sdk2/share/livox_sdk2/package.bash'
[2.235s] INFO:colcon.colcon_core.shell:Creating package script '/home/atoz/ros2_ws/install/livox_sdk2/share/livox_sdk2/package.zsh'
[2.237s] Level 1:colcon.colcon_core.environment:create_file_with_runtime_dependencies(/home/atoz/ros2_ws/install/livox_sdk2/share/colcon-core/packages/livox_sdk2)
[2.242s] Level 1:colcon.colcon_core.environment:create_environment_scripts_only(octomap_server)
[2.243s] Level 1:colcon.colcon_core.environment:checking '/home/atoz/ros2_ws/install/octomap_server' for CMake module files
[2.244s] Level 1:colcon.colcon_core.environment:checking '/home/atoz/ros2_ws/install/octomap_server' for CMake config files
[2.245s] Level 1:colcon.colcon_core.shell:create_environment_hook('octomap_server', 'cmake_prefix_path')
[2.245s] INFO:colcon.colcon_core.shell:Creating environment hook '/home/atoz/ros2_ws/install/octomap_server/share/octomap_server/hook/cmake_prefix_path.ps1'
[2.246s] INFO:colcon.colcon_core.shell:Creating environment descriptor '/home/atoz/ros2_ws/install/octomap_server/share/octomap_server/hook/cmake_prefix_path.dsv'
[2.247s] INFO:colcon.colcon_core.shell:Creating environment hook '/home/atoz/ros2_ws/install/octomap_server/share/octomap_server/hook/cmake_prefix_path.sh'
[2.249s] Level 1:colcon.colcon_core.environment:checking '/home/atoz/ros2_ws/install/octomap_server/lib'
[2.249s] Level 1:colcon.colcon_core.shell:create_environment_hook('octomap_server', 'ld_library_path_lib')
[2.249s] INFO:colcon.colcon_core.shell:Creating environment hook '/home/atoz/ros2_ws/install/octomap_server/share/octomap_server/hook/ld_library_path_lib.ps1'
[2.250s] INFO:colcon.colcon_core.shell:Creating environment descriptor '/home/atoz/ros2_ws/install/octomap_server/share/octomap_server/hook/ld_library_path_lib.dsv'
[2.251s] INFO:colcon.colcon_core.shell:Creating environment hook '/home/atoz/ros2_ws/install/octomap_server/share/octomap_server/hook/ld_library_path_lib.sh'
[2.253s] Level 1:colcon.colcon_core.environment:checking '/home/atoz/ros2_ws/install/octomap_server/bin'
[2.253s] Level 1:colcon.colcon_core.environment:checking '/home/atoz/ros2_ws/install/octomap_server/lib/pkgconfig/octomap_server.pc'
[2.254s] Level 1:colcon.colcon_core.environment:checking '/home/atoz/ros2_ws/install/octomap_server/lib/python3.10/site-packages'
[2.255s] Level 1:colcon.colcon_core.environment:checking '/home/atoz/ros2_ws/install/octomap_server/bin'
[2.255s] INFO:colcon.colcon_core.shell:Creating package script '/home/atoz/ros2_ws/install/octomap_server/share/octomap_server/package.ps1'
[2.257s] INFO:colcon.colcon_core.shell:Creating package descriptor '/home/atoz/ros2_ws/install/octomap_server/share/octomap_server/package.dsv'
[2.259s] INFO:colcon.colcon_core.shell:Creating package script '/home/atoz/ros2_ws/install/octomap_server/share/octomap_server/package.sh'
[2.261s] INFO:colcon.colcon_core.shell:Creating package script '/home/atoz/ros2_ws/install/octomap_server/share/octomap_server/package.bash'
[2.263s] INFO:colcon.colcon_core.shell:Creating package script '/home/atoz/ros2_ws/install/octomap_server/share/octomap_server/package.zsh'
[2.264s] Level 1:colcon.colcon_core.environment:create_file_with_runtime_dependencies(/home/atoz/ros2_ws/install/octomap_server/share/colcon-core/packages/octomap_server)
[2.267s] Level 1:colcon.colcon_core.environment:create_environment_scripts_only(octomap_server)
[2.268s] Level 1:colcon.colcon_core.environment:checking '/home/atoz/ros2_ws/install/octomap_server' for CMake module files
[2.270s] Level 1:colcon.colcon_core.environment:checking '/home/atoz/ros2_ws/install/octomap_server' for CMake config files
[2.273s] DEBUG:colcon.colcon_core.event_handler.log_command:Invoked command in '/home/atoz/ros2_ws/build/octomap_server' returned '0': CMAKE_PREFIX_PATH=${CMAKE_PREFIX_PATH}:/home/atoz/ros2_ws/install/pwm_ctrl:/home/atoz/ros2_ws/install/my_octomap:/opt/ros/humble /usr/bin/cmake --install /home/atoz/ros2_ws/build/octomap_server
[2.273s] Level 1:colcon.colcon_core.shell:create_environment_hook('octomap_server', 'cmake_prefix_path')
[2.274s] INFO:colcon.colcon_core.shell:Creating environment hook '/home/atoz/ros2_ws/install/octomap_server/share/octomap_server/hook/cmake_prefix_path.ps1'
[2.275s] INFO:colcon.colcon_core.shell:Creating environment descriptor '/home/atoz/ros2_ws/install/octomap_server/share/octomap_server/hook/cmake_prefix_path.dsv'
[2.277s] INFO:colcon.colcon_core.shell:Creating environment hook '/home/atoz/ros2_ws/install/octomap_server/share/octomap_server/hook/cmake_prefix_path.sh'
[2.279s] Level 1:colcon.colcon_core.environment:checking '/home/atoz/ros2_ws/install/octomap_server/lib'
[2.280s] Level 1:colcon.colcon_core.shell:create_environment_hook('octomap_server', 'ld_library_path_lib')
[2.280s] INFO:colcon.colcon_core.shell:Creating environment hook '/home/atoz/ros2_ws/install/octomap_server/share/octomap_server/hook/ld_library_path_lib.ps1'
[2.281s] INFO:colcon.colcon_core.shell:Creating environment descriptor '/home/atoz/ros2_ws/install/octomap_server/share/octomap_server/hook/ld_library_path_lib.dsv'
[2.282s] INFO:colcon.colcon_core.shell:Creating environment hook '/home/atoz/ros2_ws/install/octomap_server/share/octomap_server/hook/ld_library_path_lib.sh'
[2.283s] Level 1:colcon.colcon_core.environment:checking '/home/atoz/ros2_ws/install/octomap_server/bin'
[2.283s] Level 1:colcon.colcon_core.environment:checking '/home/atoz/ros2_ws/install/octomap_server/lib/pkgconfig/octomap_server.pc'
[2.284s] Level 1:colcon.colcon_core.environment:checking '/home/atoz/ros2_ws/install/octomap_server/lib/python3.10/site-packages'
[2.284s] Level 1:colcon.colcon_core.environment:checking '/home/atoz/ros2_ws/install/octomap_server/bin'
[2.285s] INFO:colcon.colcon_core.shell:Creating package script '/home/atoz/ros2_ws/install/octomap_server/share/octomap_server/package.ps1'
[2.286s] INFO:colcon.colcon_core.shell:Creating package descriptor '/home/atoz/ros2_ws/install/octomap_server/share/octomap_server/package.dsv'
[2.288s] INFO:colcon.colcon_core.shell:Creating package script '/home/atoz/ros2_ws/install/octomap_server/share/octomap_server/package.sh'
[2.289s] INFO:colcon.colcon_core.shell:Creating package script '/home/atoz/ros2_ws/install/octomap_server/share/octomap_server/package.bash'
[2.290s] INFO:colcon.colcon_core.shell:Creating package script '/home/atoz/ros2_ws/install/octomap_server/share/octomap_server/package.zsh'
[2.292s] Level 1:colcon.colcon_core.environment:create_file_with_runtime_dependencies(/home/atoz/ros2_ws/install/octomap_server/share/colcon-core/packages/octomap_server)
[2.294s] INFO:colcon.colcon_ros.task.ament_cmake.build:Building ROS package in '/home/atoz/ros2_ws/src/octomap_mapping/octomap_mapping' with build type 'ament_cmake'
[2.294s] INFO:colcon.colcon_cmake.task.cmake.build:Building CMake package in '/home/atoz/ros2_ws/src/octomap_mapping/octomap_mapping'
[2.295s] INFO:colcon.colcon_core.shell:Skip shell extension 'powershell' for command environment: Not usable outside of PowerShell
[2.295s] DEBUG:colcon.colcon_core.shell:Skip shell extension 'dsv' for command environment
[2.317s] Level 1:colcon.colcon_core.environment:create_environment_scripts_only(livox_ros_driver2)
[2.318s] Level 1:colcon.colcon_core.environment:checking '/home/atoz/ros2_ws/install/livox_ros_driver2' for CMake module files
[2.320s] DEBUG:colcon.colcon_core.event_handler.log_command:Invoked command in '/home/atoz/ros2_ws/build/livox_ros_driver2' returned '0': CMAKE_PREFIX_PATH=${CMAKE_PREFIX_PATH}:/home/atoz/ros2_ws/install/pwm_ctrl:/home/atoz/ros2_ws/install/my_octomap:/opt/ros/humble /usr/bin/cmake --install /home/atoz/ros2_ws/build/livox_ros_driver2
[2.322s] Level 1:colcon.colcon_core.environment:checking '/home/atoz/ros2_ws/install/livox_ros_driver2' for CMake config files
[2.328s] Level 1:colcon.colcon_core.shell:create_environment_hook('livox_ros_driver2', 'cmake_prefix_path')
[2.329s] INFO:colcon.colcon_core.shell:Creating environment hook '/home/atoz/ros2_ws/install/livox_ros_driver2/share/livox_ros_driver2/hook/cmake_prefix_path.ps1'
[2.330s] INFO:colcon.colcon_core.shell:Creating environment descriptor '/home/atoz/ros2_ws/install/livox_ros_driver2/share/livox_ros_driver2/hook/cmake_prefix_path.dsv'
[2.331s] INFO:colcon.colcon_core.shell:Creating environment hook '/home/atoz/ros2_ws/install/livox_ros_driver2/share/livox_ros_driver2/hook/cmake_prefix_path.sh'
[2.333s] Level 1:colcon.colcon_core.environment:checking '/home/atoz/ros2_ws/install/livox_ros_driver2/lib'
[2.334s] Level 1:colcon.colcon_core.shell:create_environment_hook('livox_ros_driver2', 'ld_library_path_lib')
[2.334s] INFO:colcon.colcon_core.shell:Creating environment hook '/home/atoz/ros2_ws/install/livox_ros_driver2/share/livox_ros_driver2/hook/ld_library_path_lib.ps1'
[2.335s] INFO:colcon.colcon_core.shell:Creating environment descriptor '/home/atoz/ros2_ws/install/livox_ros_driver2/share/livox_ros_driver2/hook/ld_library_path_lib.dsv'
[2.336s] INFO:colcon.colcon_core.shell:Creating environment hook '/home/atoz/ros2_ws/install/livox_ros_driver2/share/livox_ros_driver2/hook/ld_library_path_lib.sh'
[2.337s] Level 1:colcon.colcon_core.environment:checking '/home/atoz/ros2_ws/install/livox_ros_driver2/bin'
[2.337s] Level 1:colcon.colcon_core.environment:checking '/home/atoz/ros2_ws/install/livox_ros_driver2/lib/pkgconfig/livox_ros_driver2.pc'
[2.338s] Level 1:colcon.colcon_core.environment:checking '/home/atoz/ros2_ws/install/livox_ros_driver2/lib/python3.10/site-packages'
[2.338s] Level 1:colcon.colcon_core.environment:checking '/home/atoz/ros2_ws/install/livox_ros_driver2/bin'
[2.339s] INFO:colcon.colcon_core.shell:Creating package script '/home/atoz/ros2_ws/install/livox_ros_driver2/share/livox_ros_driver2/package.ps1'
[2.341s] INFO:colcon.colcon_core.shell:Creating package descriptor '/home/atoz/ros2_ws/install/livox_ros_driver2/share/livox_ros_driver2/package.dsv'
[2.343s] INFO:colcon.colcon_core.shell:Creating package script '/home/atoz/ros2_ws/install/livox_ros_driver2/share/livox_ros_driver2/package.sh'
[2.344s] INFO:colcon.colcon_core.shell:Creating package script '/home/atoz/ros2_ws/install/livox_ros_driver2/share/livox_ros_driver2/package.bash'
[2.345s] INFO:colcon.colcon_core.shell:Creating package script '/home/atoz/ros2_ws/install/livox_ros_driver2/share/livox_ros_driver2/package.zsh'
[2.346s] Level 1:colcon.colcon_core.environment:create_file_with_runtime_dependencies(/home/atoz/ros2_ws/install/livox_ros_driver2/share/colcon-core/packages/livox_ros_driver2)
[2.347s] Level 1:colcon.colcon_core.environment:create_environment_scripts_only(livox_ros_driver2)
[2.348s] Level 1:colcon.colcon_core.environment:checking '/home/atoz/ros2_ws/install/livox_ros_driver2' for CMake module files
[2.349s] Level 1:colcon.colcon_core.environment:checking '/home/atoz/ros2_ws/install/livox_ros_driver2' for CMake config files
[2.350s] Level 1:colcon.colcon_core.shell:create_environment_hook('livox_ros_driver2', 'cmake_prefix_path')
[2.351s] INFO:colcon.colcon_core.shell:Creating environment hook '/home/atoz/ros2_ws/install/livox_ros_driver2/share/livox_ros_driver2/hook/cmake_prefix_path.ps1'
[2.352s] INFO:colcon.colcon_core.shell:Creating environment descriptor '/home/atoz/ros2_ws/install/livox_ros_driver2/share/livox_ros_driver2/hook/cmake_prefix_path.dsv'
[2.353s] INFO:colcon.colcon_core.shell:Creating environment hook '/home/atoz/ros2_ws/install/livox_ros_driver2/share/livox_ros_driver2/hook/cmake_prefix_path.sh'
[2.354s] Level 1:colcon.colcon_core.environment:checking '/home/atoz/ros2_ws/install/livox_ros_driver2/lib'
[2.354s] Level 1:colcon.colcon_core.shell:create_environment_hook('livox_ros_driver2', 'ld_library_path_lib')
[2.355s] INFO:colcon.colcon_core.shell:Creating environment hook '/home/atoz/ros2_ws/install/livox_ros_driver2/share/livox_ros_driver2/hook/ld_library_path_lib.ps1'
[2.356s] INFO:colcon.colcon_core.shell:Creating environment descriptor '/home/atoz/ros2_ws/install/livox_ros_driver2/share/livox_ros_driver2/hook/ld_library_path_lib.dsv'
[2.357s] INFO:colcon.colcon_core.shell:Creating environment hook '/home/atoz/ros2_ws/install/livox_ros_driver2/share/livox_ros_driver2/hook/ld_library_path_lib.sh'
[2.358s] Level 1:colcon.colcon_core.environment:checking '/home/atoz/ros2_ws/install/livox_ros_driver2/bin'
[2.358s] Level 1:colcon.colcon_core.environment:checking '/home/atoz/ros2_ws/install/livox_ros_driver2/lib/pkgconfig/livox_ros_driver2.pc'
[2.358s] Level 1:colcon.colcon_core.environment:checking '/home/atoz/ros2_ws/install/livox_ros_driver2/lib/python3.10/site-packages'
[2.359s] Level 1:colcon.colcon_core.environment:checking '/home/atoz/ros2_ws/install/livox_ros_driver2/bin'
[2.360s] INFO:colcon.colcon_core.shell:Creating package script '/home/atoz/ros2_ws/install/livox_ros_driver2/share/livox_ros_driver2/package.ps1'
[2.361s] INFO:colcon.colcon_core.shell:Creating package descriptor '/home/atoz/ros2_ws/install/livox_ros_driver2/share/livox_ros_driver2/package.dsv'
[2.363s] INFO:colcon.colcon_core.shell:Creating package script '/home/atoz/ros2_ws/install/livox_ros_driver2/share/livox_ros_driver2/package.sh'
[2.364s] INFO:colcon.colcon_core.shell:Creating package script '/home/atoz/ros2_ws/install/livox_ros_driver2/share/livox_ros_driver2/package.bash'
[2.365s] INFO:colcon.colcon_core.shell:Creating package script '/home/atoz/ros2_ws/install/livox_ros_driver2/share/livox_ros_driver2/package.zsh'
[2.366s] Level 1:colcon.colcon_core.environment:create_file_with_runtime_dependencies(/home/atoz/ros2_ws/install/livox_ros_driver2/share/colcon-core/packages/livox_ros_driver2)
[2.372s] INFO:colcon.colcon_ros.task.ament_cmake.build:Building ROS package in '/home/atoz/ros2_ws/src/FAST_LIO_ROS2' with build type 'ament_cmake'
[2.372s] INFO:colcon.colcon_cmake.task.cmake.build:Building CMake package in '/home/atoz/ros2_ws/src/FAST_LIO_ROS2'
[2.373s] INFO:colcon.colcon_core.shell:Skip shell extension 'powershell' for command environment: Not usable outside of PowerShell
[2.373s] DEBUG:colcon.colcon_core.shell:Skip shell extension 'dsv' for command environment
[2.387s] DEBUG:colcon.colcon_core.event_handler.log_command:Invoking command in '/home/atoz/ros2_ws/build/octomap_mapping': CMAKE_PREFIX_PATH=/home/atoz/ros2_ws/install/octomap_server:/home/atoz/ros2_ws/install/octomap_mapping:/home/atoz/ros2_ws/install/fast_lio:/home/atoz/ros2_ws/install/livox_ros_driver2:/home/atoz/ros2_ws/install/pwm_ctrl:/home/atoz/ros2_ws/install/my_octomap:/opt/ros/humble /usr/bin/cmake --build /home/atoz/ros2_ws/build/octomap_mapping -- -j8 -l8
[2.396s] DEBUG:colcon.colcon_core.event_handler.log_command:Invoking command in '/home/atoz/ros2_ws/build/fast_lio': CMAKE_PREFIX_PATH=/home/atoz/ros2_ws/install/livox_ros_driver2:/home/atoz/ros2_ws/install/octomap_mapping:/home/atoz/ros2_ws/install/octomap_server:/home/atoz/ros2_ws/install/fast_lio:/home/atoz/ros2_ws/install/pwm_ctrl:/home/atoz/ros2_ws/install/my_octomap:/opt/ros/humble LD_LIBRARY_PATH=/home/atoz/ros2_ws/install/livox_ros_driver2/lib:/home/atoz/ros2_ws/install/octomap_server/lib:/home/atoz/ros2_ws/install/livox_sdk2/lib:/home/atoz/ros2_ws/install/fast_lio/lib:/opt/ros/humble/opt/rviz_ogre_vendor/lib:/opt/ros/humble/lib/aarch64-linux-gnu:/opt/ros/humble/lib /usr/bin/cmake --build /home/atoz/ros2_ws/build/fast_lio -- -j8 -l8
[2.505s] DEBUG:colcon.colcon_core.event_handler.log_command:Invoked command in '/home/atoz/ros2_ws/build/octomap_mapping' returned '0': CMAKE_PREFIX_PATH=/home/atoz/ros2_ws/install/octomap_server:/home/atoz/ros2_ws/install/octomap_mapping:/home/atoz/ros2_ws/install/fast_lio:/home/atoz/ros2_ws/install/livox_ros_driver2:/home/atoz/ros2_ws/install/pwm_ctrl:/home/atoz/ros2_ws/install/my_octomap:/opt/ros/humble /usr/bin/cmake --build /home/atoz/ros2_ws/build/octomap_mapping -- -j8 -l8
[2.506s] DEBUG:colcon.colcon_core.event_handler.log_command:Invoking command in '/home/atoz/ros2_ws/build/octomap_mapping': CMAKE_PREFIX_PATH=/home/atoz/ros2_ws/install/octomap_server:/home/atoz/ros2_ws/install/octomap_mapping:/home/atoz/ros2_ws/install/fast_lio:/home/atoz/ros2_ws/install/livox_ros_driver2:/home/atoz/ros2_ws/install/pwm_ctrl:/home/atoz/ros2_ws/install/my_octomap:/opt/ros/humble /usr/bin/cmake --install /home/atoz/ros2_ws/build/octomap_mapping
[2.535s] Level 1:colcon.colcon_core.environment:create_environment_scripts_only(octomap_mapping)
[2.536s] Level 1:colcon.colcon_core.environment:checking '/home/atoz/ros2_ws/install/octomap_mapping' for CMake module files
[2.537s] Level 1:colcon.colcon_core.environment:checking '/home/atoz/ros2_ws/install/octomap_mapping' for CMake config files
[2.538s] Level 1:colcon.colcon_core.shell:create_environment_hook('octomap_mapping', 'cmake_prefix_path')
[2.538s] INFO:colcon.colcon_core.shell:Creating environment hook '/home/atoz/ros2_ws/install/octomap_mapping/share/octomap_mapping/hook/cmake_prefix_path.ps1'
[2.540s] INFO:colcon.colcon_core.shell:Creating environment descriptor '/home/atoz/ros2_ws/install/octomap_mapping/share/octomap_mapping/hook/cmake_prefix_path.dsv'
[2.541s] INFO:colcon.colcon_core.shell:Creating environment hook '/home/atoz/ros2_ws/install/octomap_mapping/share/octomap_mapping/hook/cmake_prefix_path.sh'
[2.542s] DEBUG:colcon.colcon_core.event_handler.log_command:Invoked command in '/home/atoz/ros2_ws/build/octomap_mapping' returned '0': CMAKE_PREFIX_PATH=/home/atoz/ros2_ws/install/octomap_server:/home/atoz/ros2_ws/install/octomap_mapping:/home/atoz/ros2_ws/install/fast_lio:/home/atoz/ros2_ws/install/livox_ros_driver2:/home/atoz/ros2_ws/install/pwm_ctrl:/home/atoz/ros2_ws/install/my_octomap:/opt/ros/humble /usr/bin/cmake --install /home/atoz/ros2_ws/build/octomap_mapping
[2.544s] Level 1:colcon.colcon_core.environment:checking '/home/atoz/ros2_ws/install/octomap_mapping/bin'
[2.544s] Level 1:colcon.colcon_core.environment:checking '/home/atoz/ros2_ws/install/octomap_mapping/lib/pkgconfig/octomap_mapping.pc'
[2.545s] Level 1:colcon.colcon_core.environment:checking '/home/atoz/ros2_ws/install/octomap_mapping/lib/python3.10/site-packages'
[2.545s] Level 1:colcon.colcon_core.environment:checking '/home/atoz/ros2_ws/install/octomap_mapping/bin'
[2.546s] INFO:colcon.colcon_core.shell:Creating package script '/home/atoz/ros2_ws/install/octomap_mapping/share/octomap_mapping/package.ps1'
[2.547s] INFO:colcon.colcon_core.shell:Creating package descriptor '/home/atoz/ros2_ws/install/octomap_mapping/share/octomap_mapping/package.dsv'
[2.548s] INFO:colcon.colcon_core.shell:Creating package script '/home/atoz/ros2_ws/install/octomap_mapping/share/octomap_mapping/package.sh'
[2.551s] INFO:colcon.colcon_core.shell:Creating package script '/home/atoz/ros2_ws/install/octomap_mapping/share/octomap_mapping/package.bash'
[2.553s] INFO:colcon.colcon_core.shell:Creating package script '/home/atoz/ros2_ws/install/octomap_mapping/share/octomap_mapping/package.zsh'
[2.554s] Level 1:colcon.colcon_core.environment:create_file_with_runtime_dependencies(/home/atoz/ros2_ws/install/octomap_mapping/share/colcon-core/packages/octomap_mapping)
[2.556s] Level 1:colcon.colcon_core.environment:create_environment_scripts_only(octomap_mapping)
[2.556s] Level 1:colcon.colcon_core.environment:checking '/home/atoz/ros2_ws/install/octomap_mapping' for CMake module files
[2.557s] Level 1:colcon.colcon_core.environment:checking '/home/atoz/ros2_ws/install/octomap_mapping' for CMake config files
[2.558s] Level 1:colcon.colcon_core.shell:create_environment_hook('octomap_mapping', 'cmake_prefix_path')
[2.558s] INFO:colcon.colcon_core.shell:Creating environment hook '/home/atoz/ros2_ws/install/octomap_mapping/share/octomap_mapping/hook/cmake_prefix_path.ps1'
[2.559s] INFO:colcon.colcon_core.shell:Creating environment descriptor '/home/atoz/ros2_ws/install/octomap_mapping/share/octomap_mapping/hook/cmake_prefix_path.dsv'
[2.560s] INFO:colcon.colcon_core.shell:Creating environment hook '/home/atoz/ros2_ws/install/octomap_mapping/share/octomap_mapping/hook/cmake_prefix_path.sh'
[2.562s] Level 1:colcon.colcon_core.environment:checking '/home/atoz/ros2_ws/install/octomap_mapping/bin'
[2.562s] Level 1:colcon.colcon_core.environment:checking '/home/atoz/ros2_ws/install/octomap_mapping/lib/pkgconfig/octomap_mapping.pc'
[2.563s] Level 1:colcon.colcon_core.environment:checking '/home/atoz/ros2_ws/install/octomap_mapping/lib/python3.10/site-packages'
[2.563s] Level 1:colcon.colcon_core.environment:checking '/home/atoz/ros2_ws/install/octomap_mapping/bin'
[2.564s] INFO:colcon.colcon_core.shell:Creating package script '/home/atoz/ros2_ws/install/octomap_mapping/share/octomap_mapping/package.ps1'
[2.565s] INFO:colcon.colcon_core.shell:Creating package descriptor '/home/atoz/ros2_ws/install/octomap_mapping/share/octomap_mapping/package.dsv'
[2.567s] INFO:colcon.colcon_core.shell:Creating package script '/home/atoz/ros2_ws/install/octomap_mapping/share/octomap_mapping/package.sh'
[2.568s] INFO:colcon.colcon_core.shell:Creating package script '/home/atoz/ros2_ws/install/octomap_mapping/share/octomap_mapping/package.bash'
[2.569s] INFO:colcon.colcon_core.shell:Creating package script '/home/atoz/ros2_ws/install/octomap_mapping/share/octomap_mapping/package.zsh'
[2.570s] Level 1:colcon.colcon_core.environment:create_file_with_runtime_dependencies(/home/atoz/ros2_ws/install/octomap_mapping/share/colcon-core/packages/octomap_mapping)
[2.964s] DEBUG:colcon.colcon_core.event_handler.log_command:Invoking command in '/home/atoz/ros2_ws/src/pwm_ctrl': PYTHONPATH=/home/atoz/ros2_ws/build/pwm_ctrl/prefix_override:/usr/lib/python3/dist-packages/colcon_core/task/python/colcon_distutils_commands:/home/atoz/ros2_ws/install/pwm_ctrl/lib/python3.10/site-packages:${PYTHONPATH} /usr/bin/python3 -W ignore:setup.py install is deprecated -W ignore:easy_install command is deprecated setup.py egg_info --egg-base ../../build/pwm_ctrl build --build-base /home/atoz/ros2_ws/build/pwm_ctrl/build install --record /home/atoz/ros2_ws/build/pwm_ctrl/install.log --single-version-externally-managed install_data
[2.969s] DEBUG:colcon.colcon_core.event_handler.log_command:Invoking command in '/home/atoz/ros2_ws/src/my_octomap': PYTHONPATH=/home/atoz/ros2_ws/build/my_octomap/prefix_override:/usr/lib/python3/dist-packages/colcon_core/task/python/colcon_distutils_commands:/home/atoz/ros2_ws/install/my_octomap/lib/python3.10/site-packages:${PYTHONPATH} /usr/bin/python3 -W ignore:setup.py install is deprecated -W ignore:easy_install command is deprecated setup.py egg_info --egg-base ../../build/my_octomap build --build-base /home/atoz/ros2_ws/build/my_octomap/build install --record /home/atoz/ros2_ws/build/my_octomap/install.log --single-version-externally-managed install_data
[3.310s] DEBUG:colcon.colcon_core.event_handler.log_command:Invoked command in '/home/atoz/ros2_ws/build/fast_lio' returned '0': CMAKE_PREFIX_PATH=/home/atoz/ros2_ws/install/livox_ros_driver2:/home/atoz/ros2_ws/install/octomap_mapping:/home/atoz/ros2_ws/install/octomap_server:/home/atoz/ros2_ws/install/fast_lio:/home/atoz/ros2_ws/install/pwm_ctrl:/home/atoz/ros2_ws/install/my_octomap:/opt/ros/humble LD_LIBRARY_PATH=/home/atoz/ros2_ws/install/livox_ros_driver2/lib:/home/atoz/ros2_ws/install/octomap_server/lib:/home/atoz/ros2_ws/install/livox_sdk2/lib:/home/atoz/ros2_ws/install/fast_lio/lib:/opt/ros/humble/opt/rviz_ogre_vendor/lib:/opt/ros/humble/lib/aarch64-linux-gnu:/opt/ros/humble/lib /usr/bin/cmake --build /home/atoz/ros2_ws/build/fast_lio -- -j8 -l8
[3.311s] DEBUG:colcon.colcon_core.event_handler.log_command:Invoking command in '/home/atoz/ros2_ws/build/fast_lio': CMAKE_PREFIX_PATH=/home/atoz/ros2_ws/install/livox_ros_driver2:/home/atoz/ros2_ws/install/octomap_mapping:/home/atoz/ros2_ws/install/octomap_server:/home/atoz/ros2_ws/install/fast_lio:/home/atoz/ros2_ws/install/pwm_ctrl:/home/atoz/ros2_ws/install/my_octomap:/opt/ros/humble LD_LIBRARY_PATH=/home/atoz/ros2_ws/install/livox_ros_driver2/lib:/home/atoz/ros2_ws/install/octomap_server/lib:/home/atoz/ros2_ws/install/livox_sdk2/lib:/home/atoz/ros2_ws/install/fast_lio/lib:/opt/ros/humble/opt/rviz_ogre_vendor/lib:/opt/ros/humble/lib/aarch64-linux-gnu:/opt/ros/humble/lib /usr/bin/cmake --install /home/atoz/ros2_ws/build/fast_lio
[3.424s] Level 1:colcon.colcon_core.environment:create_environment_scripts_only(fast_lio)
[3.425s] Level 1:colcon.colcon_core.environment:checking '/home/atoz/ros2_ws/install/fast_lio' for CMake module files
[3.426s] DEBUG:colcon.colcon_core.event_handler.log_command:Invoked command in '/home/atoz/ros2_ws/build/fast_lio' returned '0': CMAKE_PREFIX_PATH=/home/atoz/ros2_ws/install/livox_ros_driver2:/home/atoz/ros2_ws/install/octomap_mapping:/home/atoz/ros2_ws/install/octomap_server:/home/atoz/ros2_ws/install/fast_lio:/home/atoz/ros2_ws/install/pwm_ctrl:/home/atoz/ros2_ws/install/my_octomap:/opt/ros/humble LD_LIBRARY_PATH=/home/atoz/ros2_ws/install/livox_ros_driver2/lib:/home/atoz/ros2_ws/install/octomap_server/lib:/home/atoz/ros2_ws/install/livox_sdk2/lib:/home/atoz/ros2_ws/install/fast_lio/lib:/opt/ros/humble/opt/rviz_ogre_vendor/lib:/opt/ros/humble/lib/aarch64-linux-gnu:/opt/ros/humble/lib /usr/bin/cmake --install /home/atoz/ros2_ws/build/fast_lio
[3.428s] Level 1:colcon.colcon_core.environment:checking '/home/atoz/ros2_ws/install/fast_lio' for CMake config files
[3.429s] Level 1:colcon.colcon_core.shell:create_environment_hook('fast_lio', 'cmake_prefix_path')
[3.429s] INFO:colcon.colcon_core.shell:Creating environment hook '/home/atoz/ros2_ws/install/fast_lio/share/fast_lio/hook/cmake_prefix_path.ps1'
[3.431s] INFO:colcon.colcon_core.shell:Creating environment descriptor '/home/atoz/ros2_ws/install/fast_lio/share/fast_lio/hook/cmake_prefix_path.dsv'
[3.432s] INFO:colcon.colcon_core.shell:Creating environment hook '/home/atoz/ros2_ws/install/fast_lio/share/fast_lio/hook/cmake_prefix_path.sh'
[3.433s] Level 1:colcon.colcon_core.environment:checking '/home/atoz/ros2_ws/install/fast_lio/lib'
[3.433s] Level 1:colcon.colcon_core.shell:create_environment_hook('fast_lio', 'ld_library_path_lib')
[3.434s] INFO:colcon.colcon_core.shell:Creating environment hook '/home/atoz/ros2_ws/install/fast_lio/share/fast_lio/hook/ld_library_path_lib.ps1'
[3.435s] INFO:colcon.colcon_core.shell:Creating environment descriptor '/home/atoz/ros2_ws/install/fast_lio/share/fast_lio/hook/ld_library_path_lib.dsv'
[3.435s] INFO:colcon.colcon_core.shell:Creating environment hook '/home/atoz/ros2_ws/install/fast_lio/share/fast_lio/hook/ld_library_path_lib.sh'
[3.436s] Level 1:colcon.colcon_core.environment:checking '/home/atoz/ros2_ws/install/fast_lio/bin'
[3.437s] Level 1:colcon.colcon_core.environment:checking '/home/atoz/ros2_ws/install/fast_lio/lib/pkgconfig/fast_lio.pc'
[3.437s] Level 1:colcon.colcon_core.environment:checking '/home/atoz/ros2_ws/install/fast_lio/lib/python3.10/site-packages'
[3.438s] Level 1:colcon.colcon_core.environment:checking '/home/atoz/ros2_ws/install/fast_lio/bin'
[3.438s] INFO:colcon.colcon_core.shell:Creating package script '/home/atoz/ros2_ws/install/fast_lio/share/fast_lio/package.ps1'
[3.440s] INFO:colcon.colcon_core.shell:Creating package descriptor '/home/atoz/ros2_ws/install/fast_lio/share/fast_lio/package.dsv'
[3.441s] INFO:colcon.colcon_core.shell:Creating package script '/home/atoz/ros2_ws/install/fast_lio/share/fast_lio/package.sh'
[3.442s] INFO:colcon.colcon_core.shell:Creating package script '/home/atoz/ros2_ws/install/fast_lio/share/fast_lio/package.bash'
[3.443s] INFO:colcon.colcon_core.shell:Creating package script '/home/atoz/ros2_ws/install/fast_lio/share/fast_lio/package.zsh'
[3.444s] Level 1:colcon.colcon_core.environment:create_file_with_runtime_dependencies(/home/atoz/ros2_ws/install/fast_lio/share/colcon-core/packages/fast_lio)
[3.446s] Level 1:colcon.colcon_core.environment:create_environment_scripts_only(fast_lio)
[3.446s] Level 1:colcon.colcon_core.environment:checking '/home/atoz/ros2_ws/install/fast_lio' for CMake module files
[3.448s] Level 1:colcon.colcon_core.environment:checking '/home/atoz/ros2_ws/install/fast_lio' for CMake config files
[3.449s] Level 1:colcon.colcon_core.shell:create_environment_hook('fast_lio', 'cmake_prefix_path')
[3.449s] INFO:colcon.colcon_core.shell:Creating environment hook '/home/atoz/ros2_ws/install/fast_lio/share/fast_lio/hook/cmake_prefix_path.ps1'
[3.450s] INFO:colcon.colcon_core.shell:Creating environment descriptor '/home/atoz/ros2_ws/install/fast_lio/share/fast_lio/hook/cmake_prefix_path.dsv'
[3.451s] INFO:colcon.colcon_core.shell:Creating environment hook '/home/atoz/ros2_ws/install/fast_lio/share/fast_lio/hook/cmake_prefix_path.sh'
[3.453s] Level 1:colcon.colcon_core.environment:checking '/home/atoz/ros2_ws/install/fast_lio/lib'
[3.453s] Level 1:colcon.colcon_core.shell:create_environment_hook('fast_lio', 'ld_library_path_lib')
[3.453s] INFO:colcon.colcon_core.shell:Creating environment hook '/home/atoz/ros2_ws/install/fast_lio/share/fast_lio/hook/ld_library_path_lib.ps1'
[3.454s] INFO:colcon.colcon_core.shell:Creating environment descriptor '/home/atoz/ros2_ws/install/fast_lio/share/fast_lio/hook/ld_library_path_lib.dsv'
[3.455s] INFO:colcon.colcon_core.shell:Creating environment hook '/home/atoz/ros2_ws/install/fast_lio/share/fast_lio/hook/ld_library_path_lib.sh'
[3.456s] Level 1:colcon.colcon_core.environment:checking '/home/atoz/ros2_ws/install/fast_lio/bin'
[3.456s] Level 1:colcon.colcon_core.environment:checking '/home/atoz/ros2_ws/install/fast_lio/lib/pkgconfig/fast_lio.pc'
[3.457s] Level 1:colcon.colcon_core.environment:checking '/home/atoz/ros2_ws/install/fast_lio/lib/python3.10/site-packages'
[3.458s] Level 1:colcon.colcon_core.environment:checking '/home/atoz/ros2_ws/install/fast_lio/bin'
[3.458s] INFO:colcon.colcon_core.shell:Creating package script '/home/atoz/ros2_ws/install/fast_lio/share/fast_lio/package.ps1'
[3.460s] INFO:colcon.colcon_core.shell:Creating package descriptor '/home/atoz/ros2_ws/install/fast_lio/share/fast_lio/package.dsv'
[3.462s] INFO:colcon.colcon_core.shell:Creating package script '/home/atoz/ros2_ws/install/fast_lio/share/fast_lio/package.sh'
[3.465s] INFO:colcon.colcon_core.shell:Creating package script '/home/atoz/ros2_ws/install/fast_lio/share/fast_lio/package.bash'
[3.466s] INFO:colcon.colcon_core.shell:Creating package script '/home/atoz/ros2_ws/install/fast_lio/share/fast_lio/package.zsh'
[3.467s] Level 1:colcon.colcon_core.environment:create_file_with_runtime_dependencies(/home/atoz/ros2_ws/install/fast_lio/share/colcon-core/packages/fast_lio)
[3.602s] Level 1:colcon.colcon_core.environment:checking '/home/atoz/ros2_ws/install/pwm_ctrl' for CMake module files
[3.603s] DEBUG:colcon.colcon_core.event_handler.log_command:Invoked command in '/home/atoz/ros2_ws/src/pwm_ctrl' returned '0': PYTHONPATH=/home/atoz/ros2_ws/build/pwm_ctrl/prefix_override:/usr/lib/python3/dist-packages/colcon_core/task/python/colcon_distutils_commands:/home/atoz/ros2_ws/install/pwm_ctrl/lib/python3.10/site-packages:${PYTHONPATH} /usr/bin/python3 -W ignore:setup.py install is deprecated -W ignore:easy_install command is deprecated setup.py egg_info --egg-base ../../build/pwm_ctrl build --build-base /home/atoz/ros2_ws/build/pwm_ctrl/build install --record /home/atoz/ros2_ws/build/pwm_ctrl/install.log --single-version-externally-managed install_data
[3.604s] Level 1:colcon.colcon_core.environment:checking '/home/atoz/ros2_ws/install/pwm_ctrl' for CMake config files
[3.605s] Level 1:colcon.colcon_core.environment:checking '/home/atoz/ros2_ws/install/pwm_ctrl/lib'
[3.605s] Level 1:colcon.colcon_core.environment:checking '/home/atoz/ros2_ws/install/pwm_ctrl/bin'
[3.605s] Level 1:colcon.colcon_core.environment:checking '/home/atoz/ros2_ws/install/pwm_ctrl/lib/pkgconfig/pwm_ctrl.pc'
[3.606s] Level 1:colcon.colcon_core.environment:checking '/home/atoz/ros2_ws/install/pwm_ctrl/lib/python3.10/site-packages'
[3.606s] Level 1:colcon.colcon_core.shell:create_environment_hook('pwm_ctrl', 'pythonpath')
[3.607s] INFO:colcon.colcon_core.shell:Creating environment hook '/home/atoz/ros2_ws/install/pwm_ctrl/share/pwm_ctrl/hook/pythonpath.ps1'
[3.608s] INFO:colcon.colcon_core.shell:Creating environment descriptor '/home/atoz/ros2_ws/install/pwm_ctrl/share/pwm_ctrl/hook/pythonpath.dsv'
[3.609s] INFO:colcon.colcon_core.shell:Creating environment hook '/home/atoz/ros2_ws/install/pwm_ctrl/share/pwm_ctrl/hook/pythonpath.sh'
[3.610s] Level 1:colcon.colcon_core.environment:checking '/home/atoz/ros2_ws/install/pwm_ctrl/bin'
[3.610s] Level 1:colcon.colcon_core.environment:create_environment_scripts_only(pwm_ctrl)
[3.611s] INFO:colcon.colcon_core.shell:Creating package script '/home/atoz/ros2_ws/install/pwm_ctrl/share/pwm_ctrl/package.ps1'
[3.613s] INFO:colcon.colcon_core.shell:Creating package descriptor '/home/atoz/ros2_ws/install/pwm_ctrl/share/pwm_ctrl/package.dsv'
[3.614s] INFO:colcon.colcon_core.shell:Creating package script '/home/atoz/ros2_ws/install/pwm_ctrl/share/pwm_ctrl/package.sh'
[3.615s] INFO:colcon.colcon_core.shell:Creating package script '/home/atoz/ros2_ws/install/pwm_ctrl/share/pwm_ctrl/package.bash'
[3.616s] INFO:colcon.colcon_core.shell:Creating package script '/home/atoz/ros2_ws/install/pwm_ctrl/share/pwm_ctrl/package.zsh'
[3.616s] Level 1:colcon.colcon_core.environment:create_file_with_runtime_dependencies(/home/atoz/ros2_ws/install/pwm_ctrl/share/colcon-core/packages/pwm_ctrl)
[3.621s] Level 1:colcon.colcon_core.environment:checking '/home/atoz/ros2_ws/install/my_octomap' for CMake module files
[3.622s] DEBUG:colcon.colcon_core.event_handler.log_command:Invoked command in '/home/atoz/ros2_ws/src/my_octomap' returned '0': PYTHONPATH=/home/atoz/ros2_ws/build/my_octomap/prefix_override:/usr/lib/python3/dist-packages/colcon_core/task/python/colcon_distutils_commands:/home/atoz/ros2_ws/install/my_octomap/lib/python3.10/site-packages:${PYTHONPATH} /usr/bin/python3 -W ignore:setup.py install is deprecated -W ignore:easy_install command is deprecated setup.py egg_info --egg-base ../../build/my_octomap build --build-base /home/atoz/ros2_ws/build/my_octomap/build install --record /home/atoz/ros2_ws/build/my_octomap/install.log --single-version-externally-managed install_data
[3.623s] Level 1:colcon.colcon_core.environment:checking '/home/atoz/ros2_ws/install/my_octomap' for CMake config files
[3.625s] Level 1:colcon.colcon_core.environment:checking '/home/atoz/ros2_ws/install/my_octomap/lib'
[3.625s] Level 1:colcon.colcon_core.environment:checking '/home/atoz/ros2_ws/install/my_octomap/bin'
[3.626s] Level 1:colcon.colcon_core.environment:checking '/home/atoz/ros2_ws/install/my_octomap/lib/pkgconfig/my_octomap.pc'
[3.626s] Level 1:colcon.colcon_core.environment:checking '/home/atoz/ros2_ws/install/my_octomap/lib/python3.10/site-packages'
[3.627s] Level 1:colcon.colcon_core.shell:create_environment_hook('my_octomap', 'pythonpath')
[3.628s] INFO:colcon.colcon_core.shell:Creating environment hook '/home/atoz/ros2_ws/install/my_octomap/share/my_octomap/hook/pythonpath.ps1'
[3.629s] INFO:colcon.colcon_core.shell:Creating environment descriptor '/home/atoz/ros2_ws/install/my_octomap/share/my_octomap/hook/pythonpath.dsv'
[3.631s] INFO:colcon.colcon_core.shell:Creating environment hook '/home/atoz/ros2_ws/install/my_octomap/share/my_octomap/hook/pythonpath.sh'
[3.633s] Level 1:colcon.colcon_core.environment:checking '/home/atoz/ros2_ws/install/my_octomap/bin'
[3.633s] Level 1:colcon.colcon_core.environment:create_environment_scripts_only(my_octomap)
[3.634s] INFO:colcon.colcon_core.shell:Creating package script '/home/atoz/ros2_ws/install/my_octomap/share/my_octomap/package.ps1'
[3.635s] INFO:colcon.colcon_core.shell:Creating package descriptor '/home/atoz/ros2_ws/install/my_octomap/share/my_octomap/package.dsv'
[3.636s] INFO:colcon.colcon_core.shell:Creating package script '/home/atoz/ros2_ws/install/my_octomap/share/my_octomap/package.sh'
[3.637s] INFO:colcon.colcon_core.shell:Creating package script '/home/atoz/ros2_ws/install/my_octomap/share/my_octomap/package.bash'
[3.638s] INFO:colcon.colcon_core.shell:Creating package script '/home/atoz/ros2_ws/install/my_octomap/share/my_octomap/package.zsh'
[3.639s] Level 1:colcon.colcon_core.environment:create_file_with_runtime_dependencies(/home/atoz/ros2_ws/install/my_octomap/share/colcon-core/packages/my_octomap)
[3.640s] DEBUG:colcon.colcon_parallel_executor.executor.parallel:closing loop
[3.641s] DEBUG:colcon.colcon_parallel_executor.executor.parallel:loop closed
[3.641s] DEBUG:colcon.colcon_parallel_executor.executor.parallel:run_until_complete finished with '0'
[3.641s] DEBUG:colcon.colcon_core.event_reactor:joining thread
[3.657s] INFO:colcon.colcon_core.plugin_system:Skipping extension 'colcon_notification.desktop_notification.terminal_notifier': Not used on non-Darwin systems
[3.657s] INFO:colcon.colcon_core.plugin_system:Skipping extension 'colcon_notification.desktop_notification.win32': Not used on non-Windows systems
[3.658s] INFO:colcon.colcon_notification.desktop_notification:Sending desktop notification using 'notify2'
[3.703s] DEBUG:colcon.colcon_core.event_reactor:joined thread
[3.705s] INFO:colcon.colcon_core.shell:Creating prefix script '/home/atoz/ros2_ws/install/local_setup.ps1'
[3.708s] INFO:colcon.colcon_core.shell:Creating prefix util module '/home/atoz/ros2_ws/install/_local_setup_util_ps1.py'
[3.713s] INFO:colcon.colcon_core.shell:Creating prefix chain script '/home/atoz/ros2_ws/install/setup.ps1'
[3.717s] INFO:colcon.colcon_core.shell:Creating prefix script '/home/atoz/ros2_ws/install/local_setup.sh'
[3.719s] INFO:colcon.colcon_core.shell:Creating prefix util module '/home/atoz/ros2_ws/install/_local_setup_util_sh.py'
[3.721s] INFO:colcon.colcon_core.shell:Creating prefix chain script '/home/atoz/ros2_ws/install/setup.sh'
[3.725s] INFO:colcon.colcon_core.shell:Creating prefix script '/home/atoz/ros2_ws/install/local_setup.bash'
[3.727s] INFO:colcon.colcon_core.shell:Creating prefix chain script '/home/atoz/ros2_ws/install/setup.bash'
[3.731s] INFO:colcon.colcon_core.shell:Creating prefix script '/home/atoz/ros2_ws/install/local_setup.zsh'
[3.733s] INFO:colcon.colcon_core.shell:Creating prefix chain script '/home/atoz/ros2_ws/install/setup.zsh'
