[0.070s] Invoking command in '/home/atoz/ros2_ws/build/octomap_server': CMAKE_PREFIX_PATH=/opt/ros/humble /usr/bin/cmake /home/atoz/ros2_ws/src/octomap_mapping/octomap_server -DCMAKE_INSTALL_PREFIX=/home/atoz/ros2_ws/install/octomap_server
[2.425s] -- Eigen found (include: /usr/include/eigen3, version: 3.4.0)
[2.426s] -- FLANN found (include: /usr/include, lib: /usr/lib/aarch64-linux-gnu/libflann_cpp.so)
[2.427s] -- Found Eigen3: /usr/include/eigen3 (found version "3.4.0") 
[2.427s] -- OpenNI found (version: 1.5.4.0, include: /usr/include/ni, lib: /usr/lib/libOpenNI.so;libusb::libusb)
[2.427s] -- OpenNI2 found (version: 2.2.0.33, include: /usr/include/openni2, lib: /usr/lib/aarch64-linux-gnu/libOpenNI2.so;libusb::libusb)
[2.427s] -- Eigen found (include: /usr/include/eigen3, version: 3.4.0)
[2.428s] -- OpenNI found (version: 1.5.4.0, include: /usr/include/ni, lib: /usr/lib/libOpenNI.so;libusb::libusb)
[2.430s] -- OpenNI2 found (version: 2.2.0.33, include: /usr/include/openni2, lib: /usr/lib/aarch64-linux-gnu/libOpenNI2.so;libusb::libusb)
[2.431s] -- Found Qhull version 8.0.2
[2.431s] -- OpenNI found (version: 1.5.4.0, include: /usr/include/ni, lib: /usr/lib/libOpenNI.so;libusb::libusb)
[2.431s] -- looking for PCL_COMMON
[2.431s] -- looking for PCL_KDTREE
[2.431s] -- looking for PCL_OCTREE
[2.431s] -- looking for PCL_SEARCH
[2.431s] -- looking for PCL_SAMPLE_CONSENSUS
[2.431s] -- looking for PCL_FILTERS
[2.432s] -- looking for PCL_2D
[2.432s] -- looking for PCL_GEOMETRY
[2.432s] -- looking for PCL_IO
[2.432s] -- looking for PCL_FEATURES
[2.432s] -- looking for PCL_ML
[2.432s] -- looking for PCL_SEGMENTATION
[2.432s] -- looking for PCL_VISUALIZATION
[2.432s] -- looking for PCL_SURFACE
[2.433s] -- looking for PCL_REGISTRATION
[2.433s] -- looking for PCL_KEYPOINTS
[2.433s] -- looking for PCL_TRACKING
[2.434s] -- looking for PCL_RECOGNITION
[2.434s] -- looking for PCL_STEREO
[2.435s] -- looking for PCL_APPS
[2.435s] -- looking for PCL_IN_HAND_SCANNER
[2.435s] -- looking for PCL_MODELER
[2.435s] -- looking for PCL_POINT_CLOUD_EDITOR
[2.435s] -- looking for PCL_OUTOFCORE
[2.435s] -- looking for PCL_PEOPLE
[2.435s] -- Found ament_cmake_auto: 1.3.12 (/opt/ros/humble/share/ament_cmake_auto/cmake)
[2.436s] [0m** WARNING ** io features related to pcap will be disabled[0m
[2.451s] -- Found rosidl_generator_c: 3.1.7 (/opt/ros/humble/share/rosidl_generator_c/cmake)
[2.454s] -- Found rosidl_adapter: 3.1.7 (/opt/ros/humble/share/rosidl_adapter/cmake)
[2.467s] -- Found rosidl_generator_cpp: 3.1.7 (/opt/ros/humble/share/rosidl_generator_cpp/cmake)
[2.488s] -- Using all available rosidl_typesupport_c: rosidl_typesupport_fastrtps_c;rosidl_typesupport_introspection_c
[2.516s] -- Using all available rosidl_typesupport_cpp: rosidl_typesupport_fastrtps_cpp;rosidl_typesupport_introspection_cpp
[2.711s] -- Found rmw_implementation_cmake: 6.1.2 (/opt/ros/humble/share/rmw_implementation_cmake/cmake)
[2.716s] -- Found rmw_fastrtps_cpp: 6.2.8 (/opt/ros/humble/share/rmw_fastrtps_cpp/cmake)
[2.986s] -- Using RMW implementation 'rmw_fastrtps_cpp' as default
[3.244s] -- Found eigen3_cmake_module: 0.1.1 (/opt/ros/humble/share/eigen3_cmake_module/cmake)
[3.247s] -- Found Eigen3: TRUE (found version "3.4.0") 
[3.247s] -- Ensuring Eigen3 include directory is part of orocos-kdl CMake target
[3.653s] -- Found ament_lint_auto: 0.12.14 (/opt/ros/humble/share/ament_lint_auto/cmake)
[3.666s] [0mIn this package, headers install destination is set to `include` by ament_auto_package. It is recommended to install `include/octomap_server` instead and will be the default behavior of ament_auto_package from ROS 2 Kilted Kaiju. On distributions before Kilted, ament_auto_package behaves the same way when you use USE_SCOPED_HEADER_INSTALL_DIR option.[0m
[3.674s] -- Added test 'copyright' to check source files copyright and LICENSE
[3.677s] -- Added test 'cppcheck' to perform static code analysis on C / C++ code
[3.682s] -- Configured cppcheck include dirs: /home/atoz/ros2_ws/src/octomap_mapping/octomap_server/include
[3.682s] -- Configured cppcheck exclude dirs and/or files: 
[3.684s] -- Added test 'cpplint' to check C / C++ code against the Google style
[3.685s] -- Configured cpplint exclude dirs and/or files: 
[3.685s] -- Added test 'flake8' to check Python code syntax and style conventions
[3.686s] -- Added test 'lint_cmake' to check CMake code style
[3.687s] -- Added test 'pep257' to check Python code against some of the docstring style conventions in PEP 257
[3.689s] -- Added test 'uncrustify' to check C / C++ code style
[3.689s] -- Configured uncrustify additional arguments: 
[3.690s] -- Added test 'xmllint' to check XML markup files
[3.694s] -- Configuring done
[4.228s] -- Generating done
[4.330s] -- Build files have been written to: /home/atoz/ros2_ws/build/octomap_server
[4.380s] Invoked command in '/home/atoz/ros2_ws/build/octomap_server' returned '0': CMAKE_PREFIX_PATH=/opt/ros/humble /usr/bin/cmake /home/atoz/ros2_ws/src/octomap_mapping/octomap_server -DCMAKE_INSTALL_PREFIX=/home/atoz/ros2_ws/install/octomap_server
[4.384s] Invoking command in '/home/atoz/ros2_ws/build/octomap_server': CMAKE_PREFIX_PATH=/opt/ros/humble /usr/bin/cmake --build /home/atoz/ros2_ws/build/octomap_server -- -j8 -l8
[4.470s] [35m[1mConsolidate compiler generated dependencies of target octomap_server_node[0m
[4.470s] [35m[1mConsolidate compiler generated dependencies of target octomap_server_static_node[0m
[4.470s] [35m[1mConsolidate compiler generated dependencies of target octomap_server_multilayer_node[0m
[4.470s] [35m[1mConsolidate compiler generated dependencies of target octomap_server_static[0m
[4.473s] [35m[1mConsolidate compiler generated dependencies of target octomap_saver_node[0m
[4.473s] [35m[1mConsolidate compiler generated dependencies of target tracking_octomap_server_node[0m
[4.474s] [35m[1mConsolidate compiler generated dependencies of target color_octomap_server_node[0m
[4.513s] [  7%] Built target octomap_server_static_node
[4.513s] [ 15%] Built target tracking_octomap_server_node
[4.517s] [ 23%] Built target octomap_saver_node
[4.517s] [ 30%] Built target color_octomap_server_node
[4.518s] [ 38%] Built target octomap_server_node
[4.525s] [ 46%] Built target octomap_server_static
[4.525s] [ 53%] Built target octomap_server_multilayer_node
[4.550s] [35m[1mConsolidate compiler generated dependencies of target octomap_server[0m
[4.612s] [ 61%] Built target octomap_server
[4.640s] [35m[1mConsolidate compiler generated dependencies of target octomap_server_multilayer[0m
[4.713s] [ 73%] Built target octomap_server_multilayer
[4.741s] [35m[1mConsolidate compiler generated dependencies of target tracking_octomap_server[0m
[4.811s] [ 84%] Built target tracking_octomap_server
[4.836s] [35m[1mConsolidate compiler generated dependencies of target color_octomap_server[0m
[4.897s] [ 92%] Built target color_octomap_server
[4.918s] [35m[1mConsolidate compiler generated dependencies of target octomap_saver[0m
[4.962s] [100%] Built target octomap_saver
[4.986s] Invoked command in '/home/atoz/ros2_ws/build/octomap_server' returned '0': CMAKE_PREFIX_PATH=/opt/ros/humble /usr/bin/cmake --build /home/atoz/ros2_ws/build/octomap_server -- -j8 -l8
[4.992s] Invoking command in '/home/atoz/ros2_ws/build/octomap_server': CMAKE_PREFIX_PATH=/opt/ros/humble /usr/bin/cmake --install /home/atoz/ros2_ws/build/octomap_server
[5.008s] -- Install configuration: ""
[5.009s] -- Up-to-date: /home/atoz/ros2_ws/install/octomap_server/lib/octomap_server/octomap_server_static_node
[5.009s] -- Up-to-date: /home/atoz/ros2_ws/install/octomap_server/lib/octomap_server/octomap_server_node
[5.009s] -- Up-to-date: /home/atoz/ros2_ws/install/octomap_server/lib/octomap_server/octomap_server_multilayer_node
[5.009s] -- Up-to-date: /home/atoz/ros2_ws/install/octomap_server/lib/octomap_server/tracking_octomap_server_node
[5.010s] -- Up-to-date: /home/atoz/ros2_ws/install/octomap_server/lib/octomap_server/color_octomap_server_node
[5.010s] -- Up-to-date: /home/atoz/ros2_ws/install/octomap_server/lib/octomap_server/octomap_saver_node
[5.010s] -- Up-to-date: /home/atoz/ros2_ws/install/octomap_server/include
[5.011s] -- Up-to-date: /home/atoz/ros2_ws/install/octomap_server/include/octomap_server
[5.011s] -- Up-to-date: /home/atoz/ros2_ws/install/octomap_server/include/octomap_server/octomap_server.hpp
[5.011s] -- Up-to-date: /home/atoz/ros2_ws/install/octomap_server/include/octomap_server/octomap_server_static.hpp
[5.011s] -- Up-to-date: /home/atoz/ros2_ws/install/octomap_server/include/octomap_server/octomap_server_multilayer.hpp
[5.011s] -- Up-to-date: /home/atoz/ros2_ws/install/octomap_server/include/octomap_server/tracking_octomap_server.hpp
[5.012s] -- Up-to-date: /home/atoz/ros2_ws/install/octomap_server/share/octomap_server/environment/library_path.sh
[5.012s] -- Installing: /home/atoz/ros2_ws/install/octomap_server/share/octomap_server/environment/library_path.dsv
[5.012s] -- Up-to-date: /home/atoz/ros2_ws/install/octomap_server/lib/liboctomap_server_static.so
[5.012s] -- Up-to-date: /home/atoz/ros2_ws/install/octomap_server/lib/liboctomap_server.so
[5.013s] -- Up-to-date: /home/atoz/ros2_ws/install/octomap_server/lib/liboctomap_server_multilayer.so
[5.013s] -- Up-to-date: /home/atoz/ros2_ws/install/octomap_server/lib/libtracking_octomap_server.so
[5.014s] -- Up-to-date: /home/atoz/ros2_ws/install/octomap_server/lib/libcolor_octomap_server.so
[5.014s] -- Up-to-date: /home/atoz/ros2_ws/install/octomap_server/lib/liboctomap_saver.so
[5.015s] -- Up-to-date: /home/atoz/ros2_ws/install/octomap_server/share/octomap_server/launch
[5.015s] -- Up-to-date: /home/atoz/ros2_ws/install/octomap_server/share/octomap_server/launch/octomap_mapping.launch.xml
[5.015s] -- Up-to-date: /home/atoz/ros2_ws/install/octomap_server/share/octomap_server/launch/octomap_tracking_server.launch.xml
[5.015s] -- Up-to-date: /home/atoz/ros2_ws/install/octomap_server/share/octomap_server/launch/octomap_tracking_client.launch.xml
[5.015s] -- Up-to-date: /home/atoz/ros2_ws/install/octomap_server/share/octomap_server/params
[5.015s] -- Up-to-date: /home/atoz/ros2_ws/install/octomap_server/share/octomap_server/params/default.yaml
[5.016s] -- Up-to-date: /home/atoz/ros2_ws/install/octomap_server/share/ament_index/resource_index/package_run_dependencies/octomap_server
[5.016s] -- Up-to-date: /home/atoz/ros2_ws/install/octomap_server/share/ament_index/resource_index/parent_prefix_path/octomap_server
[5.016s] -- Up-to-date: /home/atoz/ros2_ws/install/octomap_server/share/octomap_server/environment/ament_prefix_path.sh
[5.016s] -- Installing: /home/atoz/ros2_ws/install/octomap_server/share/octomap_server/environment/ament_prefix_path.dsv
[5.016s] -- Up-to-date: /home/atoz/ros2_ws/install/octomap_server/share/octomap_server/environment/path.sh
[5.017s] -- Installing: /home/atoz/ros2_ws/install/octomap_server/share/octomap_server/environment/path.dsv
[5.017s] -- Up-to-date: /home/atoz/ros2_ws/install/octomap_server/share/octomap_server/local_setup.bash
[5.017s] -- Up-to-date: /home/atoz/ros2_ws/install/octomap_server/share/octomap_server/local_setup.sh
[5.017s] -- Up-to-date: /home/atoz/ros2_ws/install/octomap_server/share/octomap_server/local_setup.zsh
[5.018s] -- Installing: /home/atoz/ros2_ws/install/octomap_server/share/octomap_server/local_setup.dsv
[5.018s] -- Installing: /home/atoz/ros2_ws/install/octomap_server/share/octomap_server/package.dsv
[5.018s] -- Up-to-date: /home/atoz/ros2_ws/install/octomap_server/share/ament_index/resource_index/packages/octomap_server
[5.018s] -- Up-to-date: /home/atoz/ros2_ws/install/octomap_server/share/ament_index/resource_index/rclcpp_components/octomap_server
[5.018s] -- Up-to-date: /home/atoz/ros2_ws/install/octomap_server/share/octomap_server/cmake/ament_cmake_export_dependencies-extras.cmake
[5.018s] -- Up-to-date: /home/atoz/ros2_ws/install/octomap_server/share/octomap_server/cmake/ament_cmake_export_include_directories-extras.cmake
[5.019s] -- Up-to-date: /home/atoz/ros2_ws/install/octomap_server/share/octomap_server/cmake/ament_cmake_export_libraries-extras.cmake
[5.019s] -- Up-to-date: /home/atoz/ros2_ws/install/octomap_server/share/octomap_server/cmake/octomap_serverConfig.cmake
[5.019s] -- Up-to-date: /home/atoz/ros2_ws/install/octomap_server/share/octomap_server/cmake/octomap_serverConfig-version.cmake
[5.019s] -- Up-to-date: /home/atoz/ros2_ws/install/octomap_server/share/octomap_server/package.xml
[5.019s] -- Up-to-date: /home/atoz/ros2_ws/install/octomap_server/lib/octomap_server/octomap_eraser_cli.py
[5.024s] Invoked command in '/home/atoz/ros2_ws/build/octomap_server' returned '0': CMAKE_PREFIX_PATH=/opt/ros/humble /usr/bin/cmake --install /home/atoz/ros2_ws/build/octomap_server
