[1.923s] Invoking command in '/home/atoz/ros2_ws/src/my_octomap': PYTHONPATH=/home/atoz/ros2_ws/build/my_octomap/prefix_override:/usr/lib/python3/dist-packages/colcon_core/task/python/colcon_distutils_commands:/home/atoz/ros2_ws/install/my_octomap/lib/python3.10/site-packages:${PYTHONPATH} /usr/bin/python3 -W ignore:setup.py install is deprecated -W ignore:easy_install command is deprecated setup.py egg_info --egg-base ../../build/my_octomap build --build-base /home/atoz/ros2_ws/build/my_octomap/build install --record /home/atoz/ros2_ws/build/my_octomap/install.log --single-version-externally-managed install_data
[2.431s] running egg_info
[2.433s] writing ../../build/my_octomap/my_octomap.egg-info/PKG-INFO
[2.433s] writing dependency_links to ../../build/my_octomap/my_octomap.egg-info/dependency_links.txt
[2.434s] writing entry points to ../../build/my_octomap/my_octomap.egg-info/entry_points.txt
[2.434s] writing requirements to ../../build/my_octomap/my_octomap.egg-info/requires.txt
[2.434s] writing top-level names to ../../build/my_octomap/my_octomap.egg-info/top_level.txt
[2.438s] reading manifest file '../../build/my_octomap/my_octomap.egg-info/SOURCES.txt'
[2.440s] writing manifest file '../../build/my_octomap/my_octomap.egg-info/SOURCES.txt'
[2.441s] running build
[2.441s] running build_py
[2.441s] running install
[2.442s] running install_lib
[2.445s] running install_data
[2.445s] running install_egg_info
[2.450s] removing '/home/atoz/ros2_ws/install/my_octomap/lib/python3.10/site-packages/my_octomap-0.0.0-py3.10.egg-info' (and everything under it)
[2.451s] Copying ../../build/my_octomap/my_octomap.egg-info to /home/atoz/ros2_ws/install/my_octomap/lib/python3.10/site-packages/my_octomap-0.0.0-py3.10.egg-info
[2.453s] running install_scripts
[2.502s] writing list of installed files to '/home/atoz/ros2_ws/build/my_octomap/install.log'
[2.590s] Invoked command in '/home/atoz/ros2_ws/src/my_octomap' returned '0': PYTHONPATH=/home/atoz/ros2_ws/build/my_octomap/prefix_override:/usr/lib/python3/dist-packages/colcon_core/task/python/colcon_distutils_commands:/home/atoz/ros2_ws/install/my_octomap/lib/python3.10/site-packages:${PYTHONPATH} /usr/bin/python3 -W ignore:setup.py install is deprecated -W ignore:easy_install command is deprecated setup.py egg_info --egg-base ../../build/my_octomap build --build-base /home/atoz/ros2_ws/build/my_octomap/build install --record /home/atoz/ros2_ws/build/my_octomap/install.log --single-version-externally-managed install_data
