[0.051s] Invoking command in '/home/atoz/ros2_ws/build/livox_ros_driver2': CMAKE_PREFIX_PATH=/opt/ros/humble /usr/bin/cmake --build /home/atoz/ros2_ws/build/livox_ros_driver2 -- -j8 -l8
[0.632s] [  7%] Built target livox_interfaces2__rosidl_generator_c
[0.634s] [  8%] Built target livox_interfaces2__cpp
[0.635s] [  8%] Built target ament_cmake_python_copy_livox_ros_driver2
[0.635s] [ 12%] Built target livox_ros_driver2_node
[0.636s] [ 19%] Built target livox_interfaces2__rosidl_typesupport_fastrtps_c
[0.637s] [ 26%] Built target livox_interfaces2__rosidl_typesupport_c
[0.637s] [ 33%] Built target livox_interfaces2__rosidl_typesupport_fastrtps_cpp
[0.637s] [ 40%] Built target livox_interfaces2__rosidl_typesupport_introspection_c
[0.637s] [ 47%] Built target livox_interfaces2__rosidl_typesupport_introspection_cpp
[0.637s] [ 54%] Built target livox_interfaces2__rosidl_typesupport_cpp
[0.637s] [ 54%] Built target livox_interfaces2
[0.637s] [ 56%] Built target livox_interfaces2__py
[0.638s] [ 84%] Built target livox_ros_driver2
[0.638s] [ 89%] Built target livox_interfaces2__rosidl_generator_py
[0.638s] [100%] Built target livox_ros_driver2__rosidl_typesupport_fastrtps_c__pyext
[0.638s] [100%] Built target livox_ros_driver2__rosidl_typesupport_c__pyext
[0.638s] [100%] Built target livox_ros_driver2__rosidl_typesupport_introspection_c__pyext
[0.741s] running egg_info
[0.743s] writing livox_ros_driver2.egg-info/PKG-INFO
[0.744s] writing dependency_links to livox_ros_driver2.egg-info/dependency_links.txt
[0.744s] writing top-level names to livox_ros_driver2.egg-info/top_level.txt
[0.748s] reading manifest file 'livox_ros_driver2.egg-info/SOURCES.txt'
[0.749s] writing manifest file 'livox_ros_driver2.egg-info/SOURCES.txt'
[0.819s] [100%] Built target ament_cmake_python_build_livox_ros_driver2_egg
[1.201s] Invoked command in '/home/atoz/ros2_ws/build/livox_ros_driver2' returned '0': CMAKE_PREFIX_PATH=/opt/ros/humble /usr/bin/cmake --build /home/atoz/ros2_ws/build/livox_ros_driver2 -- -j8 -l8
[1.205s] Invoking command in '/home/atoz/ros2_ws/build/livox_ros_driver2': CMAKE_PREFIX_PATH=/opt/ros/humble /usr/bin/cmake --install /home/atoz/ros2_ws/build/livox_ros_driver2
[1.221s] -- Install configuration: ""
[1.224s] -- Up-to-date: /home/atoz/ros2_ws/install/livox_ros_driver2/share/ament_index/resource_index/rosidl_interfaces/livox_ros_driver2
[1.225s] -- Up-to-date: /home/atoz/ros2_ws/install/livox_ros_driver2/include/livox_ros_driver2/livox_ros_driver2
[1.226s] -- Up-to-date: /home/atoz/ros2_ws/install/livox_ros_driver2/include/livox_ros_driver2/livox_ros_driver2/msg
[1.226s] -- Up-to-date: /home/atoz/ros2_ws/install/livox_ros_driver2/include/livox_ros_driver2/livox_ros_driver2/msg/custom_msg.h
[1.227s] -- Up-to-date: /home/atoz/ros2_ws/install/livox_ros_driver2/include/livox_ros_driver2/livox_ros_driver2/msg/rosidl_generator_c__visibility_control.h
[1.227s] -- Up-to-date: /home/atoz/ros2_ws/install/livox_ros_driver2/include/livox_ros_driver2/livox_ros_driver2/msg/custom_point.h
[1.227s] -- Up-to-date: /home/atoz/ros2_ws/install/livox_ros_driver2/include/livox_ros_driver2/livox_ros_driver2/msg/detail
[1.227s] -- Up-to-date: /home/atoz/ros2_ws/install/livox_ros_driver2/include/livox_ros_driver2/livox_ros_driver2/msg/detail/custom_point__type_support.h
[1.227s] -- Up-to-date: /home/atoz/ros2_ws/install/livox_ros_driver2/include/livox_ros_driver2/livox_ros_driver2/msg/detail/custom_msg__functions.c
[1.227s] -- Up-to-date: /home/atoz/ros2_ws/install/livox_ros_driver2/include/livox_ros_driver2/livox_ros_driver2/msg/detail/custom_msg__type_support.h
[1.227s] -- Up-to-date: /home/atoz/ros2_ws/install/livox_ros_driver2/include/livox_ros_driver2/livox_ros_driver2/msg/detail/custom_msg__functions.h
[1.227s] -- Up-to-date: /home/atoz/ros2_ws/install/livox_ros_driver2/include/livox_ros_driver2/livox_ros_driver2/msg/detail/custom_point__functions.c
[1.228s] -- Up-to-date: /home/atoz/ros2_ws/install/livox_ros_driver2/include/livox_ros_driver2/livox_ros_driver2/msg/detail/custom_point__functions.h
[1.228s] -- Up-to-date: /home/atoz/ros2_ws/install/livox_ros_driver2/include/livox_ros_driver2/livox_ros_driver2/msg/detail/custom_msg__struct.h
[1.228s] -- Up-to-date: /home/atoz/ros2_ws/install/livox_ros_driver2/include/livox_ros_driver2/livox_ros_driver2/msg/detail/custom_point__struct.h
[1.228s] -- Up-to-date: /home/atoz/ros2_ws/install/livox_ros_driver2/share/livox_ros_driver2/environment/library_path.sh
[1.228s] -- Up-to-date: /home/atoz/ros2_ws/install/livox_ros_driver2/share/livox_ros_driver2/environment/library_path.dsv
[1.229s] -- Up-to-date: /home/atoz/ros2_ws/install/livox_ros_driver2/lib/liblivox_ros_driver2__rosidl_generator_c.so
[1.229s] -- Up-to-date: /home/atoz/ros2_ws/install/livox_ros_driver2/include/livox_ros_driver2/livox_ros_driver2
[1.229s] -- Up-to-date: /home/atoz/ros2_ws/install/livox_ros_driver2/include/livox_ros_driver2/livox_ros_driver2/msg
[1.229s] -- Up-to-date: /home/atoz/ros2_ws/install/livox_ros_driver2/include/livox_ros_driver2/livox_ros_driver2/msg/rosidl_typesupport_fastrtps_c__visibility_control.h
[1.232s] -- Up-to-date: /home/atoz/ros2_ws/install/livox_ros_driver2/include/livox_ros_driver2/livox_ros_driver2/msg/detail
[1.233s] -- Up-to-date: /home/atoz/ros2_ws/install/livox_ros_driver2/include/livox_ros_driver2/livox_ros_driver2/msg/detail/custom_point__rosidl_typesupport_fastrtps_c.h
[1.234s] -- Up-to-date: /home/atoz/ros2_ws/install/livox_ros_driver2/include/livox_ros_driver2/livox_ros_driver2/msg/detail/custom_msg__rosidl_typesupport_fastrtps_c.h
[1.235s] -- Up-to-date: /home/atoz/ros2_ws/install/livox_ros_driver2/lib/liblivox_ros_driver2__rosidl_typesupport_fastrtps_c.so
[1.235s] -- Up-to-date: /home/atoz/ros2_ws/install/livox_ros_driver2/include/livox_ros_driver2/livox_ros_driver2
[1.236s] -- Up-to-date: /home/atoz/ros2_ws/install/livox_ros_driver2/include/livox_ros_driver2/livox_ros_driver2/msg
[1.236s] -- Up-to-date: /home/atoz/ros2_ws/install/livox_ros_driver2/include/livox_ros_driver2/livox_ros_driver2/msg/rosidl_typesupport_introspection_c__visibility_control.h
[1.236s] -- Up-to-date: /home/atoz/ros2_ws/install/livox_ros_driver2/include/livox_ros_driver2/livox_ros_driver2/msg/detail
[1.237s] -- Up-to-date: /home/atoz/ros2_ws/install/livox_ros_driver2/include/livox_ros_driver2/livox_ros_driver2/msg/detail/custom_msg__type_support.c
[1.237s] -- Up-to-date: /home/atoz/ros2_ws/install/livox_ros_driver2/include/livox_ros_driver2/livox_ros_driver2/msg/detail/custom_msg__rosidl_typesupport_introspection_c.h
[1.238s] -- Up-to-date: /home/atoz/ros2_ws/install/livox_ros_driver2/include/livox_ros_driver2/livox_ros_driver2/msg/detail/custom_point__rosidl_typesupport_introspection_c.h
[1.239s] -- Up-to-date: /home/atoz/ros2_ws/install/livox_ros_driver2/include/livox_ros_driver2/livox_ros_driver2/msg/detail/custom_point__type_support.c
[1.239s] -- Up-to-date: /home/atoz/ros2_ws/install/livox_ros_driver2/lib/liblivox_ros_driver2__rosidl_typesupport_introspection_c.so
[1.240s] -- Up-to-date: /home/atoz/ros2_ws/install/livox_ros_driver2/lib/liblivox_ros_driver2__rosidl_typesupport_c.so
[1.240s] -- Up-to-date: /home/atoz/ros2_ws/install/livox_ros_driver2/include/livox_ros_driver2/livox_ros_driver2
[1.241s] -- Up-to-date: /home/atoz/ros2_ws/install/livox_ros_driver2/include/livox_ros_driver2/livox_ros_driver2/msg
[1.241s] -- Up-to-date: /home/atoz/ros2_ws/install/livox_ros_driver2/include/livox_ros_driver2/livox_ros_driver2/msg/detail
[1.241s] -- Up-to-date: /home/atoz/ros2_ws/install/livox_ros_driver2/include/livox_ros_driver2/livox_ros_driver2/msg/detail/custom_msg__traits.hpp
[1.242s] -- Up-to-date: /home/atoz/ros2_ws/install/livox_ros_driver2/include/livox_ros_driver2/livox_ros_driver2/msg/detail/custom_point__type_support.hpp
[1.242s] -- Up-to-date: /home/atoz/ros2_ws/install/livox_ros_driver2/include/livox_ros_driver2/livox_ros_driver2/msg/detail/custom_msg__type_support.hpp
[1.242s] -- Up-to-date: /home/atoz/ros2_ws/install/livox_ros_driver2/include/livox_ros_driver2/livox_ros_driver2/msg/detail/custom_msg__builder.hpp
[1.243s] -- Up-to-date: /home/atoz/ros2_ws/install/livox_ros_driver2/include/livox_ros_driver2/livox_ros_driver2/msg/detail/custom_point__builder.hpp
[1.243s] -- Up-to-date: /home/atoz/ros2_ws/install/livox_ros_driver2/include/livox_ros_driver2/livox_ros_driver2/msg/detail/custom_msg__struct.hpp
[1.243s] -- Up-to-date: /home/atoz/ros2_ws/install/livox_ros_driver2/include/livox_ros_driver2/livox_ros_driver2/msg/detail/custom_point__struct.hpp
[1.244s] -- Up-to-date: /home/atoz/ros2_ws/install/livox_ros_driver2/include/livox_ros_driver2/livox_ros_driver2/msg/detail/custom_point__traits.hpp
[1.244s] -- Up-to-date: /home/atoz/ros2_ws/install/livox_ros_driver2/include/livox_ros_driver2/livox_ros_driver2/msg/custom_msg.hpp
[1.244s] -- Up-to-date: /home/atoz/ros2_ws/install/livox_ros_driver2/include/livox_ros_driver2/livox_ros_driver2/msg/rosidl_generator_cpp__visibility_control.hpp
[1.246s] -- Up-to-date: /home/atoz/ros2_ws/install/livox_ros_driver2/include/livox_ros_driver2/livox_ros_driver2/msg/custom_point.hpp
[1.246s] -- Up-to-date: /home/atoz/ros2_ws/install/livox_ros_driver2/include/livox_ros_driver2/livox_ros_driver2
[1.246s] -- Up-to-date: /home/atoz/ros2_ws/install/livox_ros_driver2/include/livox_ros_driver2/livox_ros_driver2/msg
[1.247s] -- Up-to-date: /home/atoz/ros2_ws/install/livox_ros_driver2/include/livox_ros_driver2/livox_ros_driver2/msg/rosidl_typesupport_fastrtps_cpp__visibility_control.h
[1.247s] -- Up-to-date: /home/atoz/ros2_ws/install/livox_ros_driver2/include/livox_ros_driver2/livox_ros_driver2/msg/detail
[1.247s] -- Up-to-date: /home/atoz/ros2_ws/install/livox_ros_driver2/include/livox_ros_driver2/livox_ros_driver2/msg/detail/dds_fastrtps
[1.248s] -- Up-to-date: /home/atoz/ros2_ws/install/livox_ros_driver2/include/livox_ros_driver2/livox_ros_driver2/msg/detail/custom_point__rosidl_typesupport_fastrtps_cpp.hpp
[1.248s] -- Up-to-date: /home/atoz/ros2_ws/install/livox_ros_driver2/include/livox_ros_driver2/livox_ros_driver2/msg/detail/custom_msg__rosidl_typesupport_fastrtps_cpp.hpp
[1.248s] -- Up-to-date: /home/atoz/ros2_ws/install/livox_ros_driver2/lib/liblivox_ros_driver2__rosidl_typesupport_fastrtps_cpp.so
[1.248s] -- Up-to-date: /home/atoz/ros2_ws/install/livox_ros_driver2/include/livox_ros_driver2/livox_ros_driver2
[1.249s] -- Up-to-date: /home/atoz/ros2_ws/install/livox_ros_driver2/include/livox_ros_driver2/livox_ros_driver2/msg
[1.249s] -- Up-to-date: /home/atoz/ros2_ws/install/livox_ros_driver2/include/livox_ros_driver2/livox_ros_driver2/msg/detail
[1.250s] -- Up-to-date: /home/atoz/ros2_ws/install/livox_ros_driver2/include/livox_ros_driver2/livox_ros_driver2/msg/detail/custom_msg__type_support.cpp
[1.251s] -- Up-to-date: /home/atoz/ros2_ws/install/livox_ros_driver2/include/livox_ros_driver2/livox_ros_driver2/msg/detail/custom_point__rosidl_typesupport_introspection_cpp.hpp
[1.251s] -- Up-to-date: /home/atoz/ros2_ws/install/livox_ros_driver2/include/livox_ros_driver2/livox_ros_driver2/msg/detail/custom_point__type_support.cpp
[1.253s] -- Up-to-date: /home/atoz/ros2_ws/install/livox_ros_driver2/include/livox_ros_driver2/livox_ros_driver2/msg/detail/custom_msg__rosidl_typesupport_introspection_cpp.hpp
[1.253s] -- Up-to-date: /home/atoz/ros2_ws/install/livox_ros_driver2/lib/liblivox_ros_driver2__rosidl_typesupport_introspection_cpp.so
[1.254s] -- Up-to-date: /home/atoz/ros2_ws/install/livox_ros_driver2/lib/liblivox_ros_driver2__rosidl_typesupport_cpp.so
[1.254s] -- Up-to-date: /home/atoz/ros2_ws/install/livox_ros_driver2/share/livox_ros_driver2/environment/pythonpath.sh
[1.254s] -- Up-to-date: /home/atoz/ros2_ws/install/livox_ros_driver2/share/livox_ros_driver2/environment/pythonpath.dsv
[1.255s] -- Up-to-date: /home/atoz/ros2_ws/install/livox_ros_driver2/local/lib/python3.10/dist-packages/livox_ros_driver2-1.0.0-py3.10.egg-info
[1.255s] -- Installing: /home/atoz/ros2_ws/install/livox_ros_driver2/local/lib/python3.10/dist-packages/livox_ros_driver2-1.0.0-py3.10.egg-info/dependency_links.txt
[1.256s] -- Installing: /home/atoz/ros2_ws/install/livox_ros_driver2/local/lib/python3.10/dist-packages/livox_ros_driver2-1.0.0-py3.10.egg-info/top_level.txt
[1.256s] -- Installing: /home/atoz/ros2_ws/install/livox_ros_driver2/local/lib/python3.10/dist-packages/livox_ros_driver2-1.0.0-py3.10.egg-info/PKG-INFO
[1.257s] -- Installing: /home/atoz/ros2_ws/install/livox_ros_driver2/local/lib/python3.10/dist-packages/livox_ros_driver2-1.0.0-py3.10.egg-info/SOURCES.txt
[1.257s] -- Up-to-date: /home/atoz/ros2_ws/install/livox_ros_driver2/local/lib/python3.10/dist-packages/livox_ros_driver2
[1.258s] -- Up-to-date: /home/atoz/ros2_ws/install/livox_ros_driver2/local/lib/python3.10/dist-packages/livox_ros_driver2/_livox_ros_driver2_s.ep.rosidl_typesupport_c.c
[1.259s] -- Up-to-date: /home/atoz/ros2_ws/install/livox_ros_driver2/local/lib/python3.10/dist-packages/livox_ros_driver2/msg
[1.260s] -- Up-to-date: /home/atoz/ros2_ws/install/livox_ros_driver2/local/lib/python3.10/dist-packages/livox_ros_driver2/msg/_custom_msg_s.c
[1.261s] -- Up-to-date: /home/atoz/ros2_ws/install/livox_ros_driver2/local/lib/python3.10/dist-packages/livox_ros_driver2/msg/__init__.py
[1.262s] -- Up-to-date: /home/atoz/ros2_ws/install/livox_ros_driver2/local/lib/python3.10/dist-packages/livox_ros_driver2/msg/_custom_point_s.c
[1.262s] -- Up-to-date: /home/atoz/ros2_ws/install/livox_ros_driver2/local/lib/python3.10/dist-packages/livox_ros_driver2/msg/_custom_msg.py
[1.262s] -- Up-to-date: /home/atoz/ros2_ws/install/livox_ros_driver2/local/lib/python3.10/dist-packages/livox_ros_driver2/msg/_custom_point.py
[1.263s] -- Up-to-date: /home/atoz/ros2_ws/install/livox_ros_driver2/local/lib/python3.10/dist-packages/livox_ros_driver2/_livox_ros_driver2_s.ep.rosidl_typesupport_fastrtps_c.c
[1.263s] -- Up-to-date: /home/atoz/ros2_ws/install/livox_ros_driver2/local/lib/python3.10/dist-packages/livox_ros_driver2/__init__.py
[1.264s] -- Up-to-date: /home/atoz/ros2_ws/install/livox_ros_driver2/local/lib/python3.10/dist-packages/livox_ros_driver2/liblivox_interfaces2__rosidl_generator_py.so
[1.264s] -- Up-to-date: /home/atoz/ros2_ws/install/livox_ros_driver2/local/lib/python3.10/dist-packages/livox_ros_driver2/livox_ros_driver2_s__rosidl_typesupport_c.cpython-310-aarch64-linux-gnu.so
[1.266s] -- Up-to-date: /home/atoz/ros2_ws/install/livox_ros_driver2/local/lib/python3.10/dist-packages/livox_ros_driver2/_livox_ros_driver2_s.ep.rosidl_typesupport_introspection_c.c
[1.266s] -- Up-to-date: /home/atoz/ros2_ws/install/livox_ros_driver2/local/lib/python3.10/dist-packages/livox_ros_driver2/livox_ros_driver2_s__rosidl_typesupport_introspection_c.cpython-310-aarch64-linux-gnu.so
[1.266s] -- Up-to-date: /home/atoz/ros2_ws/install/livox_ros_driver2/local/lib/python3.10/dist-packages/livox_ros_driver2/livox_ros_driver2_s__rosidl_typesupport_fastrtps_c.cpython-310-aarch64-linux-gnu.so
[1.292s] Listing '/home/atoz/ros2_ws/install/livox_ros_driver2/local/lib/python3.10/dist-packages/livox_ros_driver2'...
[1.292s] Listing '/home/atoz/ros2_ws/install/livox_ros_driver2/local/lib/python3.10/dist-packages/livox_ros_driver2/msg'...
[1.304s] -- Up-to-date: /home/atoz/ros2_ws/install/livox_ros_driver2/local/lib/python3.10/dist-packages/livox_ros_driver2/livox_ros_driver2_s__rosidl_typesupport_fastrtps_c.cpython-310-aarch64-linux-gnu.so
[1.305s] -- Up-to-date: /home/atoz/ros2_ws/install/livox_ros_driver2/local/lib/python3.10/dist-packages/livox_ros_driver2/livox_ros_driver2_s__rosidl_typesupport_introspection_c.cpython-310-aarch64-linux-gnu.so
[1.305s] -- Up-to-date: /home/atoz/ros2_ws/install/livox_ros_driver2/local/lib/python3.10/dist-packages/livox_ros_driver2/livox_ros_driver2_s__rosidl_typesupport_c.cpython-310-aarch64-linux-gnu.so
[1.305s] -- Up-to-date: /home/atoz/ros2_ws/install/livox_ros_driver2/lib/liblivox_interfaces2__rosidl_generator_py.so
[1.306s] -- Up-to-date: /home/atoz/ros2_ws/install/livox_ros_driver2/share/livox_ros_driver2/msg/CustomPoint.idl
[1.306s] -- Up-to-date: /home/atoz/ros2_ws/install/livox_ros_driver2/share/livox_ros_driver2/msg/CustomMsg.idl
[1.307s] -- Up-to-date: /home/atoz/ros2_ws/install/livox_ros_driver2/share/livox_ros_driver2/msg/CustomPoint.msg
[1.307s] -- Up-to-date: /home/atoz/ros2_ws/install/livox_ros_driver2/share/livox_ros_driver2/msg/CustomMsg.msg
[1.308s] -- Up-to-date: /home/atoz/ros2_ws/install/livox_ros_driver2/lib/livox_ros_driver2/livox_ros_driver2_node
[1.309s] -- Up-to-date: /home/atoz/ros2_ws/install/livox_ros_driver2/lib/liblivox_ros_driver2.so
[1.309s] -- Up-to-date: /home/atoz/ros2_ws/install/livox_ros_driver2/share/livox_ros_driver2/config
[1.310s] -- Up-to-date: /home/atoz/ros2_ws/install/livox_ros_driver2/share/livox_ros_driver2/config/display_point_cloud_ROS1.rviz
[1.310s] -- Up-to-date: /home/atoz/ros2_ws/install/livox_ros_driver2/share/livox_ros_driver2/config/MID360_config.json
[1.311s] -- Up-to-date: /home/atoz/ros2_ws/install/livox_ros_driver2/share/livox_ros_driver2/config/HAP_config.json
[1.311s] -- Up-to-date: /home/atoz/ros2_ws/install/livox_ros_driver2/share/livox_ros_driver2/config/display_point_cloud_ROS2.rviz
[1.312s] -- Up-to-date: /home/atoz/ros2_ws/install/livox_ros_driver2/share/livox_ros_driver2/config/mixed_HAP_MID360_config.json
[1.312s] -- Up-to-date: /home/atoz/ros2_ws/install/livox_ros_driver2/share/livox_ros_driver2/launch_ROS2
[1.313s] -- Up-to-date: /home/atoz/ros2_ws/install/livox_ros_driver2/share/livox_ros_driver2/launch_ROS2/rviz_HAP_launch.py
[1.313s] -- Up-to-date: /home/atoz/ros2_ws/install/livox_ros_driver2/share/livox_ros_driver2/launch_ROS2/rviz_MID360_launch.py
[1.313s] -- Up-to-date: /home/atoz/ros2_ws/install/livox_ros_driver2/share/livox_ros_driver2/launch_ROS2/msg_HAP_launch.py
[1.314s] -- Up-to-date: /home/atoz/ros2_ws/install/livox_ros_driver2/share/livox_ros_driver2/launch_ROS2/msg_MID360_launch.py
[1.314s] -- Up-to-date: /home/atoz/ros2_ws/install/livox_ros_driver2/share/livox_ros_driver2/launch_ROS2/rviz_mixed.py
[1.315s] -- Up-to-date: /home/atoz/ros2_ws/install/livox_ros_driver2/share/ament_index/resource_index/package_run_dependencies/livox_ros_driver2
[1.316s] -- Up-to-date: /home/atoz/ros2_ws/install/livox_ros_driver2/share/ament_index/resource_index/parent_prefix_path/livox_ros_driver2
[1.316s] -- Up-to-date: /home/atoz/ros2_ws/install/livox_ros_driver2/share/livox_ros_driver2/environment/ament_prefix_path.sh
[1.317s] -- Up-to-date: /home/atoz/ros2_ws/install/livox_ros_driver2/share/livox_ros_driver2/environment/ament_prefix_path.dsv
[1.317s] -- Up-to-date: /home/atoz/ros2_ws/install/livox_ros_driver2/share/livox_ros_driver2/environment/path.sh
[1.318s] -- Up-to-date: /home/atoz/ros2_ws/install/livox_ros_driver2/share/livox_ros_driver2/environment/path.dsv
[1.318s] -- Up-to-date: /home/atoz/ros2_ws/install/livox_ros_driver2/share/livox_ros_driver2/local_setup.bash
[1.318s] -- Up-to-date: /home/atoz/ros2_ws/install/livox_ros_driver2/share/livox_ros_driver2/local_setup.sh
[1.319s] -- Up-to-date: /home/atoz/ros2_ws/install/livox_ros_driver2/share/livox_ros_driver2/local_setup.zsh
[1.320s] -- Up-to-date: /home/atoz/ros2_ws/install/livox_ros_driver2/share/livox_ros_driver2/local_setup.dsv
[1.320s] -- Installing: /home/atoz/ros2_ws/install/livox_ros_driver2/share/livox_ros_driver2/package.dsv
[1.320s] -- Up-to-date: /home/atoz/ros2_ws/install/livox_ros_driver2/share/ament_index/resource_index/packages/livox_ros_driver2
[1.321s] -- Up-to-date: /home/atoz/ros2_ws/install/livox_ros_driver2/share/livox_ros_driver2/cmake/export_livox_interfaces2__rosidl_generator_cExport.cmake
[1.322s] -- Up-to-date: /home/atoz/ros2_ws/install/livox_ros_driver2/share/livox_ros_driver2/cmake/export_livox_interfaces2__rosidl_generator_cExport-noconfig.cmake
[1.323s] -- Up-to-date: /home/atoz/ros2_ws/install/livox_ros_driver2/share/livox_ros_driver2/cmake/export_livox_interfaces2__rosidl_typesupport_fastrtps_cExport.cmake
[1.323s] -- Up-to-date: /home/atoz/ros2_ws/install/livox_ros_driver2/share/livox_ros_driver2/cmake/export_livox_interfaces2__rosidl_typesupport_fastrtps_cExport-noconfig.cmake
[1.324s] -- Up-to-date: /home/atoz/ros2_ws/install/livox_ros_driver2/share/livox_ros_driver2/cmake/livox_interfaces2__rosidl_typesupport_introspection_cExport.cmake
[1.324s] -- Up-to-date: /home/atoz/ros2_ws/install/livox_ros_driver2/share/livox_ros_driver2/cmake/livox_interfaces2__rosidl_typesupport_introspection_cExport-noconfig.cmake
[1.325s] -- Up-to-date: /home/atoz/ros2_ws/install/livox_ros_driver2/share/livox_ros_driver2/cmake/livox_interfaces2__rosidl_typesupport_cExport.cmake
[1.325s] -- Up-to-date: /home/atoz/ros2_ws/install/livox_ros_driver2/share/livox_ros_driver2/cmake/livox_interfaces2__rosidl_typesupport_cExport-noconfig.cmake
[1.326s] -- Up-to-date: /home/atoz/ros2_ws/install/livox_ros_driver2/share/livox_ros_driver2/cmake/export_livox_interfaces2__rosidl_generator_cppExport.cmake
[1.326s] -- Up-to-date: /home/atoz/ros2_ws/install/livox_ros_driver2/share/livox_ros_driver2/cmake/export_livox_interfaces2__rosidl_typesupport_fastrtps_cppExport.cmake
[1.326s] -- Up-to-date: /home/atoz/ros2_ws/install/livox_ros_driver2/share/livox_ros_driver2/cmake/export_livox_interfaces2__rosidl_typesupport_fastrtps_cppExport-noconfig.cmake
[1.327s] -- Up-to-date: /home/atoz/ros2_ws/install/livox_ros_driver2/share/livox_ros_driver2/cmake/livox_interfaces2__rosidl_typesupport_introspection_cppExport.cmake
[1.328s] -- Up-to-date: /home/atoz/ros2_ws/install/livox_ros_driver2/share/livox_ros_driver2/cmake/livox_interfaces2__rosidl_typesupport_introspection_cppExport-noconfig.cmake
[1.328s] -- Up-to-date: /home/atoz/ros2_ws/install/livox_ros_driver2/share/livox_ros_driver2/cmake/livox_interfaces2__rosidl_typesupport_cppExport.cmake
[1.328s] -- Up-to-date: /home/atoz/ros2_ws/install/livox_ros_driver2/share/livox_ros_driver2/cmake/livox_interfaces2__rosidl_typesupport_cppExport-noconfig.cmake
[1.329s] -- Up-to-date: /home/atoz/ros2_ws/install/livox_ros_driver2/share/livox_ros_driver2/cmake/export_livox_interfaces2__rosidl_generator_pyExport.cmake
[1.329s] -- Up-to-date: /home/atoz/ros2_ws/install/livox_ros_driver2/share/livox_ros_driver2/cmake/export_livox_interfaces2__rosidl_generator_pyExport-noconfig.cmake
[1.329s] -- Up-to-date: /home/atoz/ros2_ws/install/livox_ros_driver2/share/ament_index/resource_index/rclcpp_components/livox_ros_driver2
[1.330s] -- Up-to-date: /home/atoz/ros2_ws/install/livox_ros_driver2/share/livox_ros_driver2/cmake/rosidl_cmake-extras.cmake
[1.330s] -- Up-to-date: /home/atoz/ros2_ws/install/livox_ros_driver2/share/livox_ros_driver2/cmake/ament_cmake_export_dependencies-extras.cmake
[1.330s] -- Up-to-date: /home/atoz/ros2_ws/install/livox_ros_driver2/share/livox_ros_driver2/cmake/ament_cmake_export_include_directories-extras.cmake
[1.331s] -- Up-to-date: /home/atoz/ros2_ws/install/livox_ros_driver2/share/livox_ros_driver2/cmake/ament_cmake_export_libraries-extras.cmake
[1.331s] -- Up-to-date: /home/atoz/ros2_ws/install/livox_ros_driver2/share/livox_ros_driver2/cmake/ament_cmake_export_targets-extras.cmake
[1.332s] -- Up-to-date: /home/atoz/ros2_ws/install/livox_ros_driver2/share/livox_ros_driver2/cmake/rosidl_cmake_export_typesupport_targets-extras.cmake
[1.332s] -- Up-to-date: /home/atoz/ros2_ws/install/livox_ros_driver2/share/livox_ros_driver2/cmake/rosidl_cmake_export_typesupport_libraries-extras.cmake
[1.332s] -- Up-to-date: /home/atoz/ros2_ws/install/livox_ros_driver2/share/livox_ros_driver2/cmake/livox_ros_driver2Config.cmake
[1.332s] -- Up-to-date: /home/atoz/ros2_ws/install/livox_ros_driver2/share/livox_ros_driver2/cmake/livox_ros_driver2Config-version.cmake
[1.333s] -- Up-to-date: /home/atoz/ros2_ws/install/livox_ros_driver2/share/livox_ros_driver2/package.xml
[1.344s] Invoked command in '/home/atoz/ros2_ws/build/livox_ros_driver2' returned '0': CMAKE_PREFIX_PATH=/opt/ros/humble /usr/bin/cmake --install /home/atoz/ros2_ws/build/livox_ros_driver2
