[0.068s] Invoking command in '/home/atoz/ros2_ws/build/livox_ros_driver2': CMAKE_PREFIX_PATH=/opt/ros/humble /usr/bin/cmake /home/atoz/ros2_ws/src/livox_ros_driver2 -DROS_EDITION=ROS2 -DHUMBLE_ROS=humble -DCMAKE_INSTALL_PREFIX=/home/atoz/ros2_ws/install/livox_ros_driver2
[2.458s] -- The C compiler identification is GNU 11.4.0
[2.460s] -- The CXX compiler identification is GNU 11.4.0
[2.460s] -- Detecting C compiler ABI info
[2.460s] -- Detecting C compiler ABI info - done
[2.461s] -- Check for working C compiler: /usr/bin/cc - skipped
[2.462s] -- Detecting C compile features
[2.462s] -- Detecting C compile features - done
[2.462s] -- Detecting CXX compiler ABI info
[2.462s] -- Detecting CXX compiler ABI info - done
[2.462s] -- Check for working CXX compiler: /usr/bin/c++ - skipped
[2.463s] -- Detecting CXX compile features
[2.464s] -- Detecting CXX compile features - done
[2.467s] -- livox_ros_driver2 version: 1.2.4
[2.468s] -- Found ament_cmake_auto: 1.3.12 (/opt/ros/humble/share/ament_cmake_auto/cmake)
[2.469s] -- Found Python3: /usr/bin/python3 (found version "3.10.12") found components: Interpreter 
[2.469s] -- Using all available rosidl_typesupport_c: rosidl_typesupport_fastrtps_c;rosidl_typesupport_introspection_c
[2.470s] -- Found rosidl_adapter: 3.1.7 (/opt/ros/humble/share/rosidl_adapter/cmake)
[2.470s] -- Using all available rosidl_typesupport_cpp: rosidl_typesupport_fastrtps_cpp;rosidl_typesupport_introspection_cpp
[2.470s] -- Found rmw_implementation_cmake: 6.1.2 (/opt/ros/humble/share/rmw_implementation_cmake/cmake)
[2.470s] -- Found rmw_fastrtps_cpp: 6.2.8 (/opt/ros/humble/share/rmw_fastrtps_cpp/cmake)
[2.470s] -- Found OpenSSL: /usr/lib/aarch64-linux-gnu/libcrypto.so (found version "3.0.2")  
[2.470s] -- Found FastRTPS: /opt/ros/humble/include  
[2.470s] -- Using RMW implementation 'rmw_fastrtps_cpp' as default
[2.471s] -- Looking for pthread.h
[2.471s] -- Looking for pthread.h - found
[2.471s] -- Performing Test CMAKE_HAVE_LIBC_PTHREAD
[2.471s] -- Performing Test CMAKE_HAVE_LIBC_PTHREAD - Success
[2.471s] -- Found Threads: TRUE  
[2.471s] -- Checking for module 'eigen3'
[2.471s] --   Found eigen3, version 3.4.0
[2.502s] -- Found Eigen: /usr/include/eigen3 (Required is at least version "3.1") 
[2.503s] -- Eigen found (include: /usr/include/eigen3, version: 3.4.0)
[2.590s] -- Checking for module 'flann'
[2.680s] --   Found flann, version 1.9.1
[2.977s] -- Found FLANN: /usr/lib/aarch64-linux-gnu/libflann_cpp.so  
[2.977s] -- FLANN found (include: /usr/include, lib: /usr/lib/aarch64-linux-gnu/libflann_cpp.so)
[8.365s] -- Checking for module 'libusb-1.0'
[8.437s] --   Found libusb-1.0, version 1.0.25
[8.549s] -- Found libusb: /usr/lib/aarch64-linux-gnu/libusb-1.0.so  
[8.551s] -- OpenNI found (version: 1.5.4.0, include: /usr/include/ni, lib: /usr/lib/libOpenNI.so;libusb::libusb)
[8.972s] -- OpenNI2 found (version: 2.2.0.33, include: /usr/include/openni2, lib: /usr/lib/aarch64-linux-gnu/libOpenNI2.so;libusb::libusb)
[9.384s] -- Eigen found (include: /usr/include/eigen3, version: 3.4.0)
[9.424s] -- OpenNI found (version: 1.5.4.0, include: /usr/include/ni, lib: /usr/lib/libOpenNI.so;libusb::libusb)
[9.452s] -- OpenNI2 found (version: 2.2.0.33, include: /usr/include/openni2, lib: /usr/lib/aarch64-linux-gnu/libOpenNI2.so;libusb::libusb)
[10.131s] -- Found Qhull version 8.0.2
[10.609s] -- OpenNI found (version: 1.5.4.0, include: /usr/include/ni, lib: /usr/lib/libOpenNI.so;libusb::libusb)
[11.354s] -- Found PCL_COMMON: /usr/lib/aarch64-linux-gnu/libpcl_common.so  
[11.356s] -- Found PCL_KDTREE: /usr/lib/aarch64-linux-gnu/libpcl_kdtree.so  
[11.358s] -- Found PCL_OCTREE: /usr/lib/aarch64-linux-gnu/libpcl_octree.so  
[11.369s] -- Found PCL_SEARCH: /usr/lib/aarch64-linux-gnu/libpcl_search.so  
[11.381s] -- Found PCL_SAMPLE_CONSENSUS: /usr/lib/aarch64-linux-gnu/libpcl_sample_consensus.so  
[11.386s] -- Found PCL_FILTERS: /usr/lib/aarch64-linux-gnu/libpcl_filters.so  
[11.397s] -- Found PCL_2D: /usr/include/pcl-1.12  
[11.399s] -- Found PCL_GEOMETRY: /usr/include/pcl-1.12  
[11.404s] -- Found PCL_IO: /usr/lib/aarch64-linux-gnu/libpcl_io.so  
[11.422s] -- Found PCL_FEATURES: /usr/lib/aarch64-linux-gnu/libpcl_features.so  
[11.427s] -- Found PCL_ML: /usr/lib/aarch64-linux-gnu/libpcl_ml.so  
[11.431s] -- Found PCL_SEGMENTATION: /usr/lib/aarch64-linux-gnu/libpcl_segmentation.so  
[11.435s] -- Found PCL_VISUALIZATION: /usr/lib/aarch64-linux-gnu/libpcl_visualization.so  
[11.444s] -- Found PCL_SURFACE: /usr/lib/aarch64-linux-gnu/libpcl_surface.so  
[11.456s] -- Found PCL_REGISTRATION: /usr/lib/aarch64-linux-gnu/libpcl_registration.so  
[11.460s] -- Found PCL_KEYPOINTS: /usr/lib/aarch64-linux-gnu/libpcl_keypoints.so  
[11.468s] -- Found PCL_TRACKING: /usr/lib/aarch64-linux-gnu/libpcl_tracking.so  
[11.487s] -- Found PCL_RECOGNITION: /usr/lib/aarch64-linux-gnu/libpcl_recognition.so  
[11.492s] -- Found PCL_STEREO: /usr/lib/aarch64-linux-gnu/libpcl_stereo.so  
[11.496s] -- Found PCL_APPS: /usr/lib/aarch64-linux-gnu/libpcl_apps.so  
[11.510s] -- Found PCL_IN_HAND_SCANNER: /usr/include/pcl-1.12  
[11.512s] -- Found PCL_MODELER: /usr/include/pcl-1.12  
[11.513s] -- Found PCL_POINT_CLOUD_EDITOR: /usr/include/pcl-1.12  
[11.517s] -- Found PCL_OUTOFCORE: /usr/lib/aarch64-linux-gnu/libpcl_outofcore.so  
[11.524s] -- Found PCL_PEOPLE: /usr/lib/aarch64-linux-gnu/libpcl_people.so  
[11.744s] -- Found PkgConfig: /usr/bin/pkg-config (found version "0.29.2") 
[11.744s] -- Checking for module 'apr-1'
[11.876s] --   Found apr-1, version 1.7.0
[12.133s] [0m/usr/include/apr-1.0[0m
[12.133s] [0mapr-1[0m
[13.402s] -- Found ament_cmake_ros: 0.10.0 (/opt/ros/humble/share/ament_cmake_ros/cmake)
[14.840s] -- Using all available rosidl_typesupport_c: rosidl_typesupport_fastrtps_c;rosidl_typesupport_introspection_c
[16.936s] -- Using all available rosidl_typesupport_cpp: rosidl_typesupport_fastrtps_cpp;rosidl_typesupport_introspection_cpp
[17.042s] -- Found PythonInterp: /usr/bin/python3 (found suitable version "3.10.12", minimum required is "3.6") 
[17.043s] -- Found python_cmake_module: 0.10.0 (/opt/ros/humble/share/python_cmake_module/cmake)
[17.165s] -- Found PythonLibs: /usr/lib/aarch64-linux-gnu/libpython3.10.so (found suitable version "3.10.12", minimum required is "3.5") 
[17.166s] -- Using PYTHON_EXECUTABLE: /usr/bin/python3
[17.166s] -- Using PYTHON_INCLUDE_DIRS: /usr/include/python3.10
[17.166s] -- Using PYTHON_LIBRARIES: /usr/lib/aarch64-linux-gnu/libpython3.10.so
[17.280s] -- Found PythonExtra: .so  
[17.656s] -- Found ament_lint_auto: 0.12.14 (/opt/ros/humble/share/ament_lint_auto/cmake)
[17.753s] -- Added test 'copyright' to check source files copyright and LICENSE
[17.788s] -- Added test 'cppcheck' to perform static code analysis on C / C++ code
[17.791s] -- Configured cppcheck include dirs: /home/atoz/ros2_ws/src/livox_ros_driver2/3rdparty;/home/atoz/ros2_ws/src/livox_ros_driver2/src
[17.791s] -- Configured cppcheck exclude dirs and/or files: 
[17.805s] -- Added test 'cpplint' to check C / C++ code against the Google style
[17.816s] -- Configured cpplint exclude dirs and/or files: 
[17.820s] -- Added test 'flake8' to check Python code syntax and style conventions
[17.833s] -- Added test 'lint_cmake' to check CMake code style
[17.842s] -- Added test 'pep257' to check Python code against some of the docstring style conventions in PEP 257
[17.858s] -- Added test 'uncrustify' to check C / C++ code style
[17.883s] -- Configured uncrustify additional arguments: 
[17.887s] -- Added test 'xmllint' to check XML markup files
[17.895s] -- Configuring done
[18.309s] -- Generating done
[18.435s] -- Build files have been written to: /home/atoz/ros2_ws/build/livox_ros_driver2
[18.606s] Invoked command in '/home/atoz/ros2_ws/build/livox_ros_driver2' returned '0': CMAKE_PREFIX_PATH=/opt/ros/humble /usr/bin/cmake /home/atoz/ros2_ws/src/livox_ros_driver2 -DROS_EDITION=ROS2 -DHUMBLE_ROS=humble -DCMAKE_INSTALL_PREFIX=/home/atoz/ros2_ws/install/livox_ros_driver2
[18.608s] Invoking command in '/home/atoz/ros2_ws/build/livox_ros_driver2': CMAKE_PREFIX_PATH=/opt/ros/humble /usr/bin/cmake --build /home/atoz/ros2_ws/build/livox_ros_driver2 -- -j8 -l8
[18.911s] [  1%] [34m[1mGenerating C code for ROS interfaces[0m
[19.007s] [  3%] [34m[1mGenerating C++ code for ROS interfaces[0m
[19.042s] [  3%] Built target ament_cmake_python_copy_livox_ros_driver2
[19.089s] [  5%] [32mBuilding CXX object CMakeFiles/livox_ros_driver2_node.dir/rclcpp_components/node_main_livox_ros_driver2_node.cpp.o[0m
[20.581s] running egg_info
[20.606s] creating livox_ros_driver2.egg-info
[20.617s] writing livox_ros_driver2.egg-info/PKG-INFO
[20.618s] writing dependency_links to livox_ros_driver2.egg-info/dependency_links.txt
[20.619s] writing top-level names to livox_ros_driver2.egg-info/top_level.txt
[20.620s] writing manifest file 'livox_ros_driver2.egg-info/SOURCES.txt'
[20.636s] reading manifest file 'livox_ros_driver2.egg-info/SOURCES.txt'
[20.639s] writing manifest file 'livox_ros_driver2.egg-info/SOURCES.txt'
[20.836s] [  5%] Built target ament_cmake_python_build_livox_ros_driver2_egg
[21.567s] [  7%] [32mBuilding C object CMakeFiles/livox_interfaces2__rosidl_generator_c.dir/rosidl_generator_c/livox_ros_driver2/msg/detail/custom_point__functions.c.o[0m
[21.571s] [  8%] [32mBuilding C object CMakeFiles/livox_interfaces2__rosidl_generator_c.dir/rosidl_generator_c/livox_ros_driver2/msg/detail/custom_msg__functions.c.o[0m
[21.674s] [  8%] Built target livox_interfaces2__cpp
[21.783s] [ 10%] [34m[1mGenerating C++ type support for eProsima Fast-RTPS[0m
[21.795s] [ 12%] [34m[1mGenerating C++ type support dispatch for ROS interfaces[0m
[21.846s] [ 14%] [34m[1mGenerating C++ introspection for ROS interfaces[0m
[21.946s] [ 15%] [32m[1mLinking C shared library liblivox_ros_driver2__rosidl_generator_c.so[0m
[22.247s] [ 15%] Built target livox_interfaces2__rosidl_generator_c
[22.331s] [ 17%] [34m[1mGenerating C type support for eProsima Fast-RTPS[0m
[22.363s] [ 19%] [34m[1mGenerating C introspection for ROS interfaces[0m
[22.387s] [ 21%] [34m[1mGenerating C type support dispatch for ROS interfaces[0m
[24.235s] [ 22%] [32mBuilding CXX object CMakeFiles/livox_interfaces2__rosidl_typesupport_cpp.dir/rosidl_typesupport_cpp/livox_ros_driver2/msg/custom_point__type_support.cpp.o[0m
[24.248s] [ 24%] [32mBuilding CXX object CMakeFiles/livox_interfaces2__rosidl_typesupport_cpp.dir/rosidl_typesupport_cpp/livox_ros_driver2/msg/custom_msg__type_support.cpp.o[0m
[24.411s] [ 26%] [32mBuilding CXX object CMakeFiles/livox_interfaces2__rosidl_typesupport_fastrtps_cpp.dir/rosidl_typesupport_fastrtps_cpp/livox_ros_driver2/msg/detail/dds_fastrtps/custom_point__type_support.cpp.o[0m
[24.739s] [ 28%] [32mBuilding CXX object CMakeFiles/livox_interfaces2__rosidl_typesupport_introspection_cpp.dir/rosidl_typesupport_introspection_cpp/livox_ros_driver2/msg/detail/custom_point__type_support.cpp.o[0m
[25.099s] [ 29%] [32mBuilding CXX object CMakeFiles/livox_interfaces2__rosidl_typesupport_c.dir/rosidl_typesupport_c/livox_ros_driver2/msg/custom_point__type_support.cpp.o[0m
[25.353s] [ 31%] [32mBuilding CXX object CMakeFiles/livox_interfaces2__rosidl_typesupport_c.dir/rosidl_typesupport_c/livox_ros_driver2/msg/custom_msg__type_support.cpp.o[0m
[25.503s] [ 33%] [32mBuilding C object CMakeFiles/livox_interfaces2__rosidl_typesupport_introspection_c.dir/rosidl_typesupport_introspection_c/livox_ros_driver2/msg/detail/custom_point__type_support.c.o[0m
[25.583s] [ 35%] [32mBuilding CXX object CMakeFiles/livox_interfaces2__rosidl_typesupport_fastrtps_c.dir/rosidl_typesupport_fastrtps_c/livox_ros_driver2/msg/detail/custom_point__type_support_c.cpp.o[0m
[25.617s] [ 36%] [32m[1mLinking CXX shared library liblivox_ros_driver2__rosidl_typesupport_c.so[0m
[25.786s] [ 38%] [32mBuilding C object CMakeFiles/livox_interfaces2__rosidl_typesupport_introspection_c.dir/rosidl_typesupport_introspection_c/livox_ros_driver2/msg/detail/custom_msg__type_support.c.o[0m
[25.854s] [ 40%] [32mBuilding CXX object CMakeFiles/livox_interfaces2__rosidl_typesupport_fastrtps_c.dir/rosidl_typesupport_fastrtps_c/livox_ros_driver2/msg/detail/custom_msg__type_support_c.cpp.o[0m
[25.941s] [ 40%] Built target livox_interfaces2__rosidl_typesupport_c
[26.010s] [ 42%] [32mBuilding CXX object CMakeFiles/livox_interfaces2__rosidl_typesupport_introspection_cpp.dir/rosidl_typesupport_introspection_cpp/livox_ros_driver2/msg/detail/custom_msg__type_support.cpp.o[0m
[26.023s] [ 43%] [32m[1mLinking CXX shared library liblivox_ros_driver2__rosidl_typesupport_cpp.so[0m
[26.127s] [ 45%] [32m[1mLinking C shared library liblivox_ros_driver2__rosidl_typesupport_introspection_c.so[0m
[26.332s] [ 45%] Built target livox_interfaces2__rosidl_typesupport_cpp
[26.448s] [ 45%] Built target livox_interfaces2__rosidl_typesupport_introspection_c
[26.534s] [ 47%] [32mBuilding CXX object CMakeFiles/livox_ros_driver2.dir/src/livox_ros_driver2.cpp.o[0m
[26.546s] [ 49%] [32mBuilding CXX object CMakeFiles/livox_interfaces2__rosidl_typesupport_fastrtps_cpp.dir/rosidl_typesupport_fastrtps_cpp/livox_ros_driver2/msg/detail/dds_fastrtps/custom_msg__type_support.cpp.o[0m
[27.065s] [ 50%] [32mBuilding CXX object CMakeFiles/livox_ros_driver2.dir/src/lddc.cpp.o[0m
[27.220s] [ 52%] [32mBuilding CXX object CMakeFiles/livox_ros_driver2.dir/src/driver_node.cpp.o[0m
[28.215s] [ 54%] [32mBuilding CXX object CMakeFiles/livox_ros_driver2.dir/src/lds.cpp.o[0m
[28.537s] [ 56%] [32m[1mLinking CXX shared library liblivox_ros_driver2__rosidl_typesupport_fastrtps_c.so[0m
[28.897s] [ 57%] [32m[1mLinking CXX shared library liblivox_ros_driver2__rosidl_typesupport_introspection_cpp.so[0m
[29.077s] [ 57%] Built target livox_interfaces2__rosidl_typesupport_fastrtps_c
[29.139s] [ 59%] [32mBuilding CXX object CMakeFiles/livox_ros_driver2.dir/src/lds_lidar.cpp.o[0m
[29.523s] [ 59%] Built target livox_interfaces2__rosidl_typesupport_introspection_cpp
[29.588s] [ 61%] [32m[1mLinking CXX shared library liblivox_ros_driver2__rosidl_typesupport_fastrtps_cpp.so[0m
[29.599s] [ 63%] [32mBuilding CXX object CMakeFiles/livox_ros_driver2.dir/src/comm/comm.cpp.o[0m
[30.159s] [ 63%] Built target livox_interfaces2__rosidl_typesupport_fastrtps_cpp
[30.350s] [ 63%] Built target livox_interfaces2
[30.444s] [ 64%] [32mBuilding CXX object CMakeFiles/livox_ros_driver2.dir/src/comm/ldq.cpp.o[0m
[33.339s] [ 66%] [32mBuilding CXX object CMakeFiles/livox_ros_driver2.dir/src/comm/semaphore.cpp.o[0m
[33.457s] [ 68%] [32mBuilding CXX object CMakeFiles/livox_ros_driver2.dir/src/comm/lidar_imu_data_queue.cpp.o[0m
[33.932s] [ 70%] [32mBuilding CXX object CMakeFiles/livox_ros_driver2.dir/src/comm/cache_index.cpp.o[0m
[35.055s] [ 71%] [32mBuilding CXX object CMakeFiles/livox_ros_driver2.dir/src/comm/pub_handler.cpp.o[0m
[35.200s] [ 73%] [32mBuilding CXX object CMakeFiles/livox_ros_driver2.dir/src/parse_cfg_file/parse_cfg_file.cpp.o[0m
[35.419s] [ 75%] [32mBuilding CXX object CMakeFiles/livox_ros_driver2.dir/src/parse_cfg_file/parse_livox_lidar_cfg.cpp.o[0m
[38.908s] [ 77%] [32m[1mLinking CXX executable livox_ros_driver2_node[0m
[39.292s] [ 77%] Built target livox_ros_driver2_node
[54.358s] [ 78%] [32mBuilding CXX object CMakeFiles/livox_ros_driver2.dir/src/call_back/lidar_common_callback.cpp.o[0m
[54.358s] [ 80%] [32mBuilding CXX object CMakeFiles/livox_ros_driver2.dir/src/call_back/livox_lidar_callback.cpp.o[0m
[56.237s] [ 82%] [32m[1mLinking CXX shared library liblivox_ros_driver2.so[0m
[58.332s] [ 82%] Built target livox_ros_driver2
[58.382s] [ 84%] [34m[1mGenerating Python code for ROS interfaces[0m
[59.935s] [ 84%] Built target livox_interfaces2__py
[59.978s] [ 87%] [32mBuilding C object CMakeFiles/livox_interfaces2__rosidl_generator_py.dir/rosidl_generator_py/livox_ros_driver2/msg/_custom_msg_s.c.o[0m
[59.979s] [ 87%] [32mBuilding C object CMakeFiles/livox_interfaces2__rosidl_generator_py.dir/rosidl_generator_py/livox_ros_driver2/msg/_custom_point_s.c.o[0m
[60.273s] [ 89%] [32m[1mLinking C shared library rosidl_generator_py/livox_ros_driver2/liblivox_interfaces2__rosidl_generator_py.so[0m
[60.378s] [ 89%] Built target livox_interfaces2__rosidl_generator_py
[60.450s] [ 91%] [32mBuilding C object CMakeFiles/livox_ros_driver2__rosidl_typesupport_introspection_c__pyext.dir/rosidl_generator_py/livox_ros_driver2/_livox_ros_driver2_s.ep.rosidl_typesupport_introspection_c.c.o[0m
[60.470s] [ 92%] [32mBuilding C object CMakeFiles/livox_ros_driver2__rosidl_typesupport_fastrtps_c__pyext.dir/rosidl_generator_py/livox_ros_driver2/_livox_ros_driver2_s.ep.rosidl_typesupport_fastrtps_c.c.o[0m
[60.784s] [ 94%] [32m[1mLinking C shared library rosidl_generator_py/livox_ros_driver2/livox_ros_driver2_s__rosidl_typesupport_fastrtps_c.cpython-310-aarch64-linux-gnu.so[0m
[60.813s] [ 96%] [32m[1mLinking C shared library rosidl_generator_py/livox_ros_driver2/livox_ros_driver2_s__rosidl_typesupport_introspection_c.cpython-310-aarch64-linux-gnu.so[0m
[60.901s] [ 96%] Built target livox_ros_driver2__rosidl_typesupport_fastrtps_c__pyext
[60.945s] [ 98%] [32mBuilding C object CMakeFiles/livox_ros_driver2__rosidl_typesupport_c__pyext.dir/rosidl_generator_py/livox_ros_driver2/_livox_ros_driver2_s.ep.rosidl_typesupport_c.c.o[0m
[60.972s] [ 98%] Built target livox_ros_driver2__rosidl_typesupport_introspection_c__pyext
[61.203s] [100%] [32m[1mLinking C shared library rosidl_generator_py/livox_ros_driver2/livox_ros_driver2_s__rosidl_typesupport_c.cpython-310-aarch64-linux-gnu.so[0m
[61.310s] [100%] Built target livox_ros_driver2__rosidl_typesupport_c__pyext
[61.340s] Invoked command in '/home/atoz/ros2_ws/build/livox_ros_driver2' returned '0': CMAKE_PREFIX_PATH=/opt/ros/humble /usr/bin/cmake --build /home/atoz/ros2_ws/build/livox_ros_driver2 -- -j8 -l8
[61.363s] Invoking command in '/home/atoz/ros2_ws/build/livox_ros_driver2': CMAKE_PREFIX_PATH=/opt/ros/humble /usr/bin/cmake --install /home/atoz/ros2_ws/build/livox_ros_driver2
[61.382s] -- Install configuration: ""
[61.383s] -- Installing: /home/atoz/ros2_ws/install/livox_ros_driver2/share/ament_index/resource_index/rosidl_interfaces/livox_ros_driver2
[61.383s] -- Installing: /home/atoz/ros2_ws/install/livox_ros_driver2/include/livox_ros_driver2/livox_ros_driver2
[61.383s] -- Installing: /home/atoz/ros2_ws/install/livox_ros_driver2/include/livox_ros_driver2/livox_ros_driver2/msg
[61.384s] -- Installing: /home/atoz/ros2_ws/install/livox_ros_driver2/include/livox_ros_driver2/livox_ros_driver2/msg/custom_msg.h
[61.384s] -- Installing: /home/atoz/ros2_ws/install/livox_ros_driver2/include/livox_ros_driver2/livox_ros_driver2/msg/rosidl_generator_c__visibility_control.h
[61.384s] -- Installing: /home/atoz/ros2_ws/install/livox_ros_driver2/include/livox_ros_driver2/livox_ros_driver2/msg/custom_point.h
[61.384s] -- Installing: /home/atoz/ros2_ws/install/livox_ros_driver2/include/livox_ros_driver2/livox_ros_driver2/msg/detail
[61.384s] -- Installing: /home/atoz/ros2_ws/install/livox_ros_driver2/include/livox_ros_driver2/livox_ros_driver2/msg/detail/custom_point__type_support.h
[61.385s] -- Installing: /home/atoz/ros2_ws/install/livox_ros_driver2/include/livox_ros_driver2/livox_ros_driver2/msg/detail/custom_msg__functions.c
[61.385s] -- Installing: /home/atoz/ros2_ws/install/livox_ros_driver2/include/livox_ros_driver2/livox_ros_driver2/msg/detail/custom_msg__type_support.h
[61.385s] -- Installing: /home/atoz/ros2_ws/install/livox_ros_driver2/include/livox_ros_driver2/livox_ros_driver2/msg/detail/custom_msg__functions.h
[61.386s] -- Installing: /home/atoz/ros2_ws/install/livox_ros_driver2/include/livox_ros_driver2/livox_ros_driver2/msg/detail/custom_point__functions.c
[61.386s] -- Installing: /home/atoz/ros2_ws/install/livox_ros_driver2/include/livox_ros_driver2/livox_ros_driver2/msg/detail/custom_point__functions.h
[61.386s] -- Installing: /home/atoz/ros2_ws/install/livox_ros_driver2/include/livox_ros_driver2/livox_ros_driver2/msg/detail/custom_msg__struct.h
[61.386s] -- Installing: /home/atoz/ros2_ws/install/livox_ros_driver2/include/livox_ros_driver2/livox_ros_driver2/msg/detail/custom_point__struct.h
[61.386s] -- Installing: /home/atoz/ros2_ws/install/livox_ros_driver2/share/livox_ros_driver2/environment/library_path.sh
[61.387s] -- Installing: /home/atoz/ros2_ws/install/livox_ros_driver2/share/livox_ros_driver2/environment/library_path.dsv
[61.387s] -- Installing: /home/atoz/ros2_ws/install/livox_ros_driver2/lib/liblivox_ros_driver2__rosidl_generator_c.so
[61.388s] -- Set runtime path of "/home/atoz/ros2_ws/install/livox_ros_driver2/lib/liblivox_ros_driver2__rosidl_generator_c.so" to ""
[61.388s] -- Up-to-date: /home/atoz/ros2_ws/install/livox_ros_driver2/include/livox_ros_driver2/livox_ros_driver2
[61.388s] -- Up-to-date: /home/atoz/ros2_ws/install/livox_ros_driver2/include/livox_ros_driver2/livox_ros_driver2/msg
[61.388s] -- Installing: /home/atoz/ros2_ws/install/livox_ros_driver2/include/livox_ros_driver2/livox_ros_driver2/msg/rosidl_typesupport_fastrtps_c__visibility_control.h
[61.389s] -- Up-to-date: /home/atoz/ros2_ws/install/livox_ros_driver2/include/livox_ros_driver2/livox_ros_driver2/msg/detail
[61.389s] -- Installing: /home/atoz/ros2_ws/install/livox_ros_driver2/include/livox_ros_driver2/livox_ros_driver2/msg/detail/custom_point__rosidl_typesupport_fastrtps_c.h
[61.389s] -- Installing: /home/atoz/ros2_ws/install/livox_ros_driver2/include/livox_ros_driver2/livox_ros_driver2/msg/detail/custom_msg__rosidl_typesupport_fastrtps_c.h
[61.389s] -- Installing: /home/atoz/ros2_ws/install/livox_ros_driver2/lib/liblivox_ros_driver2__rosidl_typesupport_fastrtps_c.so
[61.390s] -- Set runtime path of "/home/atoz/ros2_ws/install/livox_ros_driver2/lib/liblivox_ros_driver2__rosidl_typesupport_fastrtps_c.so" to ""
[61.391s] -- Up-to-date: /home/atoz/ros2_ws/install/livox_ros_driver2/include/livox_ros_driver2/livox_ros_driver2
[61.391s] -- Up-to-date: /home/atoz/ros2_ws/install/livox_ros_driver2/include/livox_ros_driver2/livox_ros_driver2/msg
[61.391s] -- Installing: /home/atoz/ros2_ws/install/livox_ros_driver2/include/livox_ros_driver2/livox_ros_driver2/msg/rosidl_typesupport_introspection_c__visibility_control.h
[61.391s] -- Up-to-date: /home/atoz/ros2_ws/install/livox_ros_driver2/include/livox_ros_driver2/livox_ros_driver2/msg/detail
[61.392s] -- Installing: /home/atoz/ros2_ws/install/livox_ros_driver2/include/livox_ros_driver2/livox_ros_driver2/msg/detail/custom_msg__type_support.c
[61.392s] -- Installing: /home/atoz/ros2_ws/install/livox_ros_driver2/include/livox_ros_driver2/livox_ros_driver2/msg/detail/custom_msg__rosidl_typesupport_introspection_c.h
[61.392s] -- Installing: /home/atoz/ros2_ws/install/livox_ros_driver2/include/livox_ros_driver2/livox_ros_driver2/msg/detail/custom_point__rosidl_typesupport_introspection_c.h
[61.392s] -- Installing: /home/atoz/ros2_ws/install/livox_ros_driver2/include/livox_ros_driver2/livox_ros_driver2/msg/detail/custom_point__type_support.c
[61.392s] -- Installing: /home/atoz/ros2_ws/install/livox_ros_driver2/lib/liblivox_ros_driver2__rosidl_typesupport_introspection_c.so
[61.393s] -- Set runtime path of "/home/atoz/ros2_ws/install/livox_ros_driver2/lib/liblivox_ros_driver2__rosidl_typesupport_introspection_c.so" to ""
[61.393s] -- Installing: /home/atoz/ros2_ws/install/livox_ros_driver2/lib/liblivox_ros_driver2__rosidl_typesupport_c.so
[61.393s] -- Set runtime path of "/home/atoz/ros2_ws/install/livox_ros_driver2/lib/liblivox_ros_driver2__rosidl_typesupport_c.so" to ""
[61.394s] -- Up-to-date: /home/atoz/ros2_ws/install/livox_ros_driver2/include/livox_ros_driver2/livox_ros_driver2
[61.394s] -- Up-to-date: /home/atoz/ros2_ws/install/livox_ros_driver2/include/livox_ros_driver2/livox_ros_driver2/msg
[61.394s] -- Up-to-date: /home/atoz/ros2_ws/install/livox_ros_driver2/include/livox_ros_driver2/livox_ros_driver2/msg/detail
[61.395s] -- Installing: /home/atoz/ros2_ws/install/livox_ros_driver2/include/livox_ros_driver2/livox_ros_driver2/msg/detail/custom_msg__traits.hpp
[61.395s] -- Installing: /home/atoz/ros2_ws/install/livox_ros_driver2/include/livox_ros_driver2/livox_ros_driver2/msg/detail/custom_point__type_support.hpp
[61.395s] -- Installing: /home/atoz/ros2_ws/install/livox_ros_driver2/include/livox_ros_driver2/livox_ros_driver2/msg/detail/custom_msg__type_support.hpp
[61.395s] -- Installing: /home/atoz/ros2_ws/install/livox_ros_driver2/include/livox_ros_driver2/livox_ros_driver2/msg/detail/custom_msg__builder.hpp
[61.395s] -- Installing: /home/atoz/ros2_ws/install/livox_ros_driver2/include/livox_ros_driver2/livox_ros_driver2/msg/detail/custom_point__builder.hpp
[61.396s] -- Installing: /home/atoz/ros2_ws/install/livox_ros_driver2/include/livox_ros_driver2/livox_ros_driver2/msg/detail/custom_msg__struct.hpp
[61.396s] -- Installing: /home/atoz/ros2_ws/install/livox_ros_driver2/include/livox_ros_driver2/livox_ros_driver2/msg/detail/custom_point__struct.hpp
[61.396s] -- Installing: /home/atoz/ros2_ws/install/livox_ros_driver2/include/livox_ros_driver2/livox_ros_driver2/msg/detail/custom_point__traits.hpp
[61.396s] -- Installing: /home/atoz/ros2_ws/install/livox_ros_driver2/include/livox_ros_driver2/livox_ros_driver2/msg/custom_msg.hpp
[61.397s] -- Installing: /home/atoz/ros2_ws/install/livox_ros_driver2/include/livox_ros_driver2/livox_ros_driver2/msg/rosidl_generator_cpp__visibility_control.hpp
[61.397s] -- Installing: /home/atoz/ros2_ws/install/livox_ros_driver2/include/livox_ros_driver2/livox_ros_driver2/msg/custom_point.hpp
[61.397s] -- Up-to-date: /home/atoz/ros2_ws/install/livox_ros_driver2/include/livox_ros_driver2/livox_ros_driver2
[61.397s] -- Up-to-date: /home/atoz/ros2_ws/install/livox_ros_driver2/include/livox_ros_driver2/livox_ros_driver2/msg
[61.397s] -- Installing: /home/atoz/ros2_ws/install/livox_ros_driver2/include/livox_ros_driver2/livox_ros_driver2/msg/rosidl_typesupport_fastrtps_cpp__visibility_control.h
[61.397s] -- Up-to-date: /home/atoz/ros2_ws/install/livox_ros_driver2/include/livox_ros_driver2/livox_ros_driver2/msg/detail
[61.398s] -- Installing: /home/atoz/ros2_ws/install/livox_ros_driver2/include/livox_ros_driver2/livox_ros_driver2/msg/detail/dds_fastrtps
[61.398s] -- Installing: /home/atoz/ros2_ws/install/livox_ros_driver2/include/livox_ros_driver2/livox_ros_driver2/msg/detail/custom_point__rosidl_typesupport_fastrtps_cpp.hpp
[61.398s] -- Installing: /home/atoz/ros2_ws/install/livox_ros_driver2/include/livox_ros_driver2/livox_ros_driver2/msg/detail/custom_msg__rosidl_typesupport_fastrtps_cpp.hpp
[61.398s] -- Installing: /home/atoz/ros2_ws/install/livox_ros_driver2/lib/liblivox_ros_driver2__rosidl_typesupport_fastrtps_cpp.so
[61.398s] -- Set runtime path of "/home/atoz/ros2_ws/install/livox_ros_driver2/lib/liblivox_ros_driver2__rosidl_typesupport_fastrtps_cpp.so" to ""
[61.399s] -- Up-to-date: /home/atoz/ros2_ws/install/livox_ros_driver2/include/livox_ros_driver2/livox_ros_driver2
[61.399s] -- Up-to-date: /home/atoz/ros2_ws/install/livox_ros_driver2/include/livox_ros_driver2/livox_ros_driver2/msg
[61.399s] -- Up-to-date: /home/atoz/ros2_ws/install/livox_ros_driver2/include/livox_ros_driver2/livox_ros_driver2/msg/detail
[61.399s] -- Installing: /home/atoz/ros2_ws/install/livox_ros_driver2/include/livox_ros_driver2/livox_ros_driver2/msg/detail/custom_msg__type_support.cpp
[61.399s] -- Installing: /home/atoz/ros2_ws/install/livox_ros_driver2/include/livox_ros_driver2/livox_ros_driver2/msg/detail/custom_point__rosidl_typesupport_introspection_cpp.hpp
[61.400s] -- Installing: /home/atoz/ros2_ws/install/livox_ros_driver2/include/livox_ros_driver2/livox_ros_driver2/msg/detail/custom_point__type_support.cpp
[61.400s] -- Installing: /home/atoz/ros2_ws/install/livox_ros_driver2/include/livox_ros_driver2/livox_ros_driver2/msg/detail/custom_msg__rosidl_typesupport_introspection_cpp.hpp
[61.400s] -- Installing: /home/atoz/ros2_ws/install/livox_ros_driver2/lib/liblivox_ros_driver2__rosidl_typesupport_introspection_cpp.so
[61.400s] -- Set runtime path of "/home/atoz/ros2_ws/install/livox_ros_driver2/lib/liblivox_ros_driver2__rosidl_typesupport_introspection_cpp.so" to ""
[61.400s] -- Installing: /home/atoz/ros2_ws/install/livox_ros_driver2/lib/liblivox_ros_driver2__rosidl_typesupport_cpp.so
[61.401s] -- Set runtime path of "/home/atoz/ros2_ws/install/livox_ros_driver2/lib/liblivox_ros_driver2__rosidl_typesupport_cpp.so" to ""
[61.402s] -- Installing: /home/atoz/ros2_ws/install/livox_ros_driver2/share/livox_ros_driver2/environment/pythonpath.sh
[61.403s] -- Installing: /home/atoz/ros2_ws/install/livox_ros_driver2/share/livox_ros_driver2/environment/pythonpath.dsv
[61.404s] -- Installing: /home/atoz/ros2_ws/install/livox_ros_driver2/local/lib/python3.10/dist-packages/livox_ros_driver2-1.0.0-py3.10.egg-info
[61.404s] -- Installing: /home/atoz/ros2_ws/install/livox_ros_driver2/local/lib/python3.10/dist-packages/livox_ros_driver2-1.0.0-py3.10.egg-info/dependency_links.txt
[61.405s] -- Installing: /home/atoz/ros2_ws/install/livox_ros_driver2/local/lib/python3.10/dist-packages/livox_ros_driver2-1.0.0-py3.10.egg-info/top_level.txt
[61.406s] -- Installing: /home/atoz/ros2_ws/install/livox_ros_driver2/local/lib/python3.10/dist-packages/livox_ros_driver2-1.0.0-py3.10.egg-info/PKG-INFO
[61.406s] -- Installing: /home/atoz/ros2_ws/install/livox_ros_driver2/local/lib/python3.10/dist-packages/livox_ros_driver2-1.0.0-py3.10.egg-info/SOURCES.txt
[61.406s] -- Installing: /home/atoz/ros2_ws/install/livox_ros_driver2/local/lib/python3.10/dist-packages/livox_ros_driver2
[61.406s] -- Installing: /home/atoz/ros2_ws/install/livox_ros_driver2/local/lib/python3.10/dist-packages/livox_ros_driver2/_livox_ros_driver2_s.ep.rosidl_typesupport_c.c
[61.407s] -- Installing: /home/atoz/ros2_ws/install/livox_ros_driver2/local/lib/python3.10/dist-packages/livox_ros_driver2/msg
[61.407s] -- Installing: /home/atoz/ros2_ws/install/livox_ros_driver2/local/lib/python3.10/dist-packages/livox_ros_driver2/msg/_custom_msg_s.c
[61.407s] -- Installing: /home/atoz/ros2_ws/install/livox_ros_driver2/local/lib/python3.10/dist-packages/livox_ros_driver2/msg/__init__.py
[61.407s] -- Installing: /home/atoz/ros2_ws/install/livox_ros_driver2/local/lib/python3.10/dist-packages/livox_ros_driver2/msg/_custom_point_s.c
[61.407s] -- Installing: /home/atoz/ros2_ws/install/livox_ros_driver2/local/lib/python3.10/dist-packages/livox_ros_driver2/msg/_custom_msg.py
[61.407s] -- Installing: /home/atoz/ros2_ws/install/livox_ros_driver2/local/lib/python3.10/dist-packages/livox_ros_driver2/msg/_custom_point.py
[61.407s] -- Installing: /home/atoz/ros2_ws/install/livox_ros_driver2/local/lib/python3.10/dist-packages/livox_ros_driver2/_livox_ros_driver2_s.ep.rosidl_typesupport_fastrtps_c.c
[61.408s] -- Installing: /home/atoz/ros2_ws/install/livox_ros_driver2/local/lib/python3.10/dist-packages/livox_ros_driver2/__init__.py
[61.408s] -- Installing: /home/atoz/ros2_ws/install/livox_ros_driver2/local/lib/python3.10/dist-packages/livox_ros_driver2/liblivox_interfaces2__rosidl_generator_py.so
[61.408s] -- Installing: /home/atoz/ros2_ws/install/livox_ros_driver2/local/lib/python3.10/dist-packages/livox_ros_driver2/livox_ros_driver2_s__rosidl_typesupport_c.cpython-310-aarch64-linux-gnu.so
[61.408s] -- Installing: /home/atoz/ros2_ws/install/livox_ros_driver2/local/lib/python3.10/dist-packages/livox_ros_driver2/_livox_ros_driver2_s.ep.rosidl_typesupport_introspection_c.c
[61.408s] -- Installing: /home/atoz/ros2_ws/install/livox_ros_driver2/local/lib/python3.10/dist-packages/livox_ros_driver2/livox_ros_driver2_s__rosidl_typesupport_introspection_c.cpython-310-aarch64-linux-gnu.so
[61.408s] -- Installing: /home/atoz/ros2_ws/install/livox_ros_driver2/local/lib/python3.10/dist-packages/livox_ros_driver2/livox_ros_driver2_s__rosidl_typesupport_fastrtps_c.cpython-310-aarch64-linux-gnu.so
[61.491s] Listing '/home/atoz/ros2_ws/install/livox_ros_driver2/local/lib/python3.10/dist-packages/livox_ros_driver2'...
[61.492s] Compiling '/home/atoz/ros2_ws/install/livox_ros_driver2/local/lib/python3.10/dist-packages/livox_ros_driver2/__init__.py'...
[61.492s] Listing '/home/atoz/ros2_ws/install/livox_ros_driver2/local/lib/python3.10/dist-packages/livox_ros_driver2/msg'...
[61.492s] Compiling '/home/atoz/ros2_ws/install/livox_ros_driver2/local/lib/python3.10/dist-packages/livox_ros_driver2/msg/__init__.py'...
[61.492s] Compiling '/home/atoz/ros2_ws/install/livox_ros_driver2/local/lib/python3.10/dist-packages/livox_ros_driver2/msg/_custom_msg.py'...
[61.492s] Compiling '/home/atoz/ros2_ws/install/livox_ros_driver2/local/lib/python3.10/dist-packages/livox_ros_driver2/msg/_custom_point.py'...
[61.509s] -- Installing: /home/atoz/ros2_ws/install/livox_ros_driver2/local/lib/python3.10/dist-packages/livox_ros_driver2/livox_ros_driver2_s__rosidl_typesupport_fastrtps_c.cpython-310-aarch64-linux-gnu.so
[61.509s] -- Set runtime path of "/home/atoz/ros2_ws/install/livox_ros_driver2/local/lib/python3.10/dist-packages/livox_ros_driver2/livox_ros_driver2_s__rosidl_typesupport_fastrtps_c.cpython-310-aarch64-linux-gnu.so" to ""
[61.516s] -- Installing: /home/atoz/ros2_ws/install/livox_ros_driver2/local/lib/python3.10/dist-packages/livox_ros_driver2/livox_ros_driver2_s__rosidl_typesupport_introspection_c.cpython-310-aarch64-linux-gnu.so
[61.516s] -- Set runtime path of "/home/atoz/ros2_ws/install/livox_ros_driver2/local/lib/python3.10/dist-packages/livox_ros_driver2/livox_ros_driver2_s__rosidl_typesupport_introspection_c.cpython-310-aarch64-linux-gnu.so" to ""
[61.517s] -- Installing: /home/atoz/ros2_ws/install/livox_ros_driver2/local/lib/python3.10/dist-packages/livox_ros_driver2/livox_ros_driver2_s__rosidl_typesupport_c.cpython-310-aarch64-linux-gnu.so
[61.517s] -- Set runtime path of "/home/atoz/ros2_ws/install/livox_ros_driver2/local/lib/python3.10/dist-packages/livox_ros_driver2/livox_ros_driver2_s__rosidl_typesupport_c.cpython-310-aarch64-linux-gnu.so" to ""
[61.517s] -- Installing: /home/atoz/ros2_ws/install/livox_ros_driver2/lib/liblivox_interfaces2__rosidl_generator_py.so
[61.517s] -- Set runtime path of "/home/atoz/ros2_ws/install/livox_ros_driver2/lib/liblivox_interfaces2__rosidl_generator_py.so" to ""
[61.517s] -- Installing: /home/atoz/ros2_ws/install/livox_ros_driver2/share/livox_ros_driver2/msg/CustomPoint.idl
[61.517s] -- Installing: /home/atoz/ros2_ws/install/livox_ros_driver2/share/livox_ros_driver2/msg/CustomMsg.idl
[61.517s] -- Installing: /home/atoz/ros2_ws/install/livox_ros_driver2/share/livox_ros_driver2/msg/CustomPoint.msg
[61.518s] -- Installing: /home/atoz/ros2_ws/install/livox_ros_driver2/share/livox_ros_driver2/msg/CustomMsg.msg
[61.518s] -- Installing: /home/atoz/ros2_ws/install/livox_ros_driver2/lib/livox_ros_driver2/livox_ros_driver2_node
[61.518s] -- Set runtime path of "/home/atoz/ros2_ws/install/livox_ros_driver2/lib/livox_ros_driver2/livox_ros_driver2_node" to ""
[61.518s] -- Installing: /home/atoz/ros2_ws/install/livox_ros_driver2/lib/liblivox_ros_driver2.so
[61.522s] -- Set runtime path of "/home/atoz/ros2_ws/install/livox_ros_driver2/lib/liblivox_ros_driver2.so" to ""
[61.522s] -- Installing: /home/atoz/ros2_ws/install/livox_ros_driver2/share/livox_ros_driver2/config
[61.523s] -- Installing: /home/atoz/ros2_ws/install/livox_ros_driver2/share/livox_ros_driver2/config/display_point_cloud_ROS1.rviz
[61.524s] -- Installing: /home/atoz/ros2_ws/install/livox_ros_driver2/share/livox_ros_driver2/config/MID360_config.json
[61.529s] -- Installing: /home/atoz/ros2_ws/install/livox_ros_driver2/share/livox_ros_driver2/config/HAP_config.json
[61.530s] -- Installing: /home/atoz/ros2_ws/install/livox_ros_driver2/share/livox_ros_driver2/config/display_point_cloud_ROS2.rviz
[61.531s] -- Installing: /home/atoz/ros2_ws/install/livox_ros_driver2/share/livox_ros_driver2/config/mixed_HAP_MID360_config.json
[61.531s] -- Installing: /home/atoz/ros2_ws/install/livox_ros_driver2/share/livox_ros_driver2/launch_ROS2
[61.532s] -- Installing: /home/atoz/ros2_ws/install/livox_ros_driver2/share/livox_ros_driver2/launch_ROS2/rviz_HAP_launch.py
[61.533s] -- Installing: /home/atoz/ros2_ws/install/livox_ros_driver2/share/livox_ros_driver2/launch_ROS2/rviz_MID360_launch.py
[61.534s] -- Installing: /home/atoz/ros2_ws/install/livox_ros_driver2/share/livox_ros_driver2/launch_ROS2/msg_HAP_launch.py
[61.534s] -- Installing: /home/atoz/ros2_ws/install/livox_ros_driver2/share/livox_ros_driver2/launch_ROS2/msg_MID360_launch.py
[61.535s] -- Installing: /home/atoz/ros2_ws/install/livox_ros_driver2/share/livox_ros_driver2/launch_ROS2/rviz_mixed.py
[61.536s] -- Installing: /home/atoz/ros2_ws/install/livox_ros_driver2/share/ament_index/resource_index/package_run_dependencies/livox_ros_driver2
[61.537s] -- Installing: /home/atoz/ros2_ws/install/livox_ros_driver2/share/ament_index/resource_index/parent_prefix_path/livox_ros_driver2
[61.538s] -- Installing: /home/atoz/ros2_ws/install/livox_ros_driver2/share/livox_ros_driver2/environment/ament_prefix_path.sh
[61.539s] -- Installing: /home/atoz/ros2_ws/install/livox_ros_driver2/share/livox_ros_driver2/environment/ament_prefix_path.dsv
[61.540s] -- Installing: /home/atoz/ros2_ws/install/livox_ros_driver2/share/livox_ros_driver2/environment/path.sh
[61.541s] -- Installing: /home/atoz/ros2_ws/install/livox_ros_driver2/share/livox_ros_driver2/environment/path.dsv
[61.541s] -- Installing: /home/atoz/ros2_ws/install/livox_ros_driver2/share/livox_ros_driver2/local_setup.bash
[61.542s] -- Installing: /home/atoz/ros2_ws/install/livox_ros_driver2/share/livox_ros_driver2/local_setup.sh
[61.543s] -- Installing: /home/atoz/ros2_ws/install/livox_ros_driver2/share/livox_ros_driver2/local_setup.zsh
[61.544s] -- Installing: /home/atoz/ros2_ws/install/livox_ros_driver2/share/livox_ros_driver2/local_setup.dsv
[61.545s] -- Installing: /home/atoz/ros2_ws/install/livox_ros_driver2/share/livox_ros_driver2/package.dsv
[61.545s] -- Installing: /home/atoz/ros2_ws/install/livox_ros_driver2/share/ament_index/resource_index/packages/livox_ros_driver2
[61.546s] -- Installing: /home/atoz/ros2_ws/install/livox_ros_driver2/share/livox_ros_driver2/cmake/export_livox_interfaces2__rosidl_generator_cExport.cmake
[61.547s] -- Installing: /home/atoz/ros2_ws/install/livox_ros_driver2/share/livox_ros_driver2/cmake/export_livox_interfaces2__rosidl_generator_cExport-noconfig.cmake
[61.548s] -- Installing: /home/atoz/ros2_ws/install/livox_ros_driver2/share/livox_ros_driver2/cmake/export_livox_interfaces2__rosidl_typesupport_fastrtps_cExport.cmake
[61.549s] -- Installing: /home/atoz/ros2_ws/install/livox_ros_driver2/share/livox_ros_driver2/cmake/export_livox_interfaces2__rosidl_typesupport_fastrtps_cExport-noconfig.cmake
[61.550s] -- Installing: /home/atoz/ros2_ws/install/livox_ros_driver2/share/livox_ros_driver2/cmake/livox_interfaces2__rosidl_typesupport_introspection_cExport.cmake
[61.551s] -- Installing: /home/atoz/ros2_ws/install/livox_ros_driver2/share/livox_ros_driver2/cmake/livox_interfaces2__rosidl_typesupport_introspection_cExport-noconfig.cmake
[61.552s] -- Installing: /home/atoz/ros2_ws/install/livox_ros_driver2/share/livox_ros_driver2/cmake/livox_interfaces2__rosidl_typesupport_cExport.cmake
[61.552s] -- Installing: /home/atoz/ros2_ws/install/livox_ros_driver2/share/livox_ros_driver2/cmake/livox_interfaces2__rosidl_typesupport_cExport-noconfig.cmake
[61.553s] -- Installing: /home/atoz/ros2_ws/install/livox_ros_driver2/share/livox_ros_driver2/cmake/export_livox_interfaces2__rosidl_generator_cppExport.cmake
[61.554s] -- Installing: /home/atoz/ros2_ws/install/livox_ros_driver2/share/livox_ros_driver2/cmake/export_livox_interfaces2__rosidl_typesupport_fastrtps_cppExport.cmake
[61.555s] -- Installing: /home/atoz/ros2_ws/install/livox_ros_driver2/share/livox_ros_driver2/cmake/export_livox_interfaces2__rosidl_typesupport_fastrtps_cppExport-noconfig.cmake
[61.556s] -- Installing: /home/atoz/ros2_ws/install/livox_ros_driver2/share/livox_ros_driver2/cmake/livox_interfaces2__rosidl_typesupport_introspection_cppExport.cmake
[61.557s] -- Installing: /home/atoz/ros2_ws/install/livox_ros_driver2/share/livox_ros_driver2/cmake/livox_interfaces2__rosidl_typesupport_introspection_cppExport-noconfig.cmake
[61.558s] -- Installing: /home/atoz/ros2_ws/install/livox_ros_driver2/share/livox_ros_driver2/cmake/livox_interfaces2__rosidl_typesupport_cppExport.cmake
[61.558s] -- Installing: /home/atoz/ros2_ws/install/livox_ros_driver2/share/livox_ros_driver2/cmake/livox_interfaces2__rosidl_typesupport_cppExport-noconfig.cmake
[61.559s] -- Installing: /home/atoz/ros2_ws/install/livox_ros_driver2/share/livox_ros_driver2/cmake/export_livox_interfaces2__rosidl_generator_pyExport.cmake
[61.560s] -- Installing: /home/atoz/ros2_ws/install/livox_ros_driver2/share/livox_ros_driver2/cmake/export_livox_interfaces2__rosidl_generator_pyExport-noconfig.cmake
[61.561s] -- Installing: /home/atoz/ros2_ws/install/livox_ros_driver2/share/ament_index/resource_index/rclcpp_components/livox_ros_driver2
[61.562s] -- Installing: /home/atoz/ros2_ws/install/livox_ros_driver2/share/livox_ros_driver2/cmake/rosidl_cmake-extras.cmake
[61.563s] -- Installing: /home/atoz/ros2_ws/install/livox_ros_driver2/share/livox_ros_driver2/cmake/ament_cmake_export_dependencies-extras.cmake
[61.564s] -- Installing: /home/atoz/ros2_ws/install/livox_ros_driver2/share/livox_ros_driver2/cmake/ament_cmake_export_include_directories-extras.cmake
[61.565s] -- Installing: /home/atoz/ros2_ws/install/livox_ros_driver2/share/livox_ros_driver2/cmake/ament_cmake_export_libraries-extras.cmake
[61.566s] -- Installing: /home/atoz/ros2_ws/install/livox_ros_driver2/share/livox_ros_driver2/cmake/ament_cmake_export_targets-extras.cmake
[61.566s] -- Installing: /home/atoz/ros2_ws/install/livox_ros_driver2/share/livox_ros_driver2/cmake/rosidl_cmake_export_typesupport_targets-extras.cmake
[61.567s] -- Installing: /home/atoz/ros2_ws/install/livox_ros_driver2/share/livox_ros_driver2/cmake/rosidl_cmake_export_typesupport_libraries-extras.cmake
[61.568s] -- Installing: /home/atoz/ros2_ws/install/livox_ros_driver2/share/livox_ros_driver2/cmake/livox_ros_driver2Config.cmake
[61.569s] -- Installing: /home/atoz/ros2_ws/install/livox_ros_driver2/share/livox_ros_driver2/cmake/livox_ros_driver2Config-version.cmake
[61.570s] -- Installing: /home/atoz/ros2_ws/install/livox_ros_driver2/share/livox_ros_driver2/package.xml
[61.580s] Invoked command in '/home/atoz/ros2_ws/build/livox_ros_driver2' returned '0': CMAKE_PREFIX_PATH=/opt/ros/humble /usr/bin/cmake --install /home/atoz/ros2_ws/build/livox_ros_driver2
