[1.178s] Invoking command in '/home/atoz/ros2_ws/src/pwm_ctrl': PYTHONPATH=/home/atoz/ros2_ws/build/pwm_ctrl/prefix_override:/usr/lib/python3/dist-packages/colcon_core/task/python/colcon_distutils_commands:/home/atoz/ros2_ws/install/pwm_ctrl/lib/python3.10/site-packages:${PYTHONPATH} /usr/bin/python3 -W ignore:setup.py install is deprecated -W ignore:easy_install command is deprecated setup.py egg_info --egg-base ../../build/pwm_ctrl build --build-base /home/atoz/ros2_ws/build/pwm_ctrl/build install --record /home/atoz/ros2_ws/build/pwm_ctrl/install.log --single-version-externally-managed install_data
[1.635s] running egg_info
[1.637s] writing ../../build/pwm_ctrl/pwm_ctrl.egg-info/PKG-INFO
[1.637s] writing dependency_links to ../../build/pwm_ctrl/pwm_ctrl.egg-info/dependency_links.txt
[1.638s] writing entry points to ../../build/pwm_ctrl/pwm_ctrl.egg-info/entry_points.txt
[1.638s] writing requirements to ../../build/pwm_ctrl/pwm_ctrl.egg-info/requires.txt
[1.639s] writing top-level names to ../../build/pwm_ctrl/pwm_ctrl.egg-info/top_level.txt
[1.642s] reading manifest file '../../build/pwm_ctrl/pwm_ctrl.egg-info/SOURCES.txt'
[1.643s] writing manifest file '../../build/pwm_ctrl/pwm_ctrl.egg-info/SOURCES.txt'
[1.644s] running build
[1.644s] running build_py
[1.644s] copying pwm_ctrl/servo_pwm_node.py -> /home/atoz/ros2_ws/build/pwm_ctrl/build/lib/pwm_ctrl
[1.645s] running install
[1.645s] running install_lib
[1.647s] copying /home/atoz/ros2_ws/build/pwm_ctrl/build/lib/pwm_ctrl/servo_pwm_node.py -> /home/atoz/ros2_ws/install/pwm_ctrl/lib/python3.10/site-packages/pwm_ctrl
[1.648s] byte-compiling /home/atoz/ros2_ws/install/pwm_ctrl/lib/python3.10/site-packages/pwm_ctrl/servo_pwm_node.py to servo_pwm_node.cpython-310.pyc
[1.653s] running install_data
[1.653s] running install_egg_info
[1.656s] removing '/home/atoz/ros2_ws/install/pwm_ctrl/lib/python3.10/site-packages/pwm_ctrl-0.0.1-py3.10.egg-info' (and everything under it)
[1.657s] Copying ../../build/pwm_ctrl/pwm_ctrl.egg-info to /home/atoz/ros2_ws/install/pwm_ctrl/lib/python3.10/site-packages/pwm_ctrl-0.0.1-py3.10.egg-info
[1.659s] running install_scripts
[1.700s] Installing servo_pwm_node script to /home/atoz/ros2_ws/install/pwm_ctrl/lib/pwm_ctrl
[1.700s] writing list of installed files to '/home/atoz/ros2_ws/build/pwm_ctrl/install.log'
[1.765s] Invoked command in '/home/atoz/ros2_ws/src/pwm_ctrl' returned '0': PYTHONPATH=/home/atoz/ros2_ws/build/pwm_ctrl/prefix_override:/usr/lib/python3/dist-packages/colcon_core/task/python/colcon_distutils_commands:/home/atoz/ros2_ws/install/pwm_ctrl/lib/python3.10/site-packages:${PYTHONPATH} /usr/bin/python3 -W ignore:setup.py install is deprecated -W ignore:easy_install command is deprecated setup.py egg_info --egg-base ../../build/pwm_ctrl build --build-base /home/atoz/ros2_ws/build/pwm_ctrl/build install --record /home/atoz/ros2_ws/build/pwm_ctrl/install.log --single-version-externally-managed install_data
