[2.158s] Invoking command in '/home/atoz/ros2_ws/src/pwm_ctrl': PYTHONPATH=/home/atoz/ros2_ws/build/pwm_ctrl/prefix_override:/usr/lib/python3/dist-packages/colcon_core/task/python/colcon_distutils_commands:/home/atoz/ros2_ws/install/pwm_ctrl/lib/python3.10/site-packages:${PYTHONPATH} /usr/bin/python3 -W ignore:setup.py install is deprecated -W ignore:easy_install command is deprecated setup.py egg_info --egg-base ../../build/pwm_ctrl build --build-base /home/atoz/ros2_ws/build/pwm_ctrl/build install --record /home/atoz/ros2_ws/build/pwm_ctrl/install.log --single-version-externally-managed install_data
[2.678s] running egg_info
[2.680s] writing ../../build/pwm_ctrl/pwm_ctrl.egg-info/PKG-INFO
[2.680s] writing dependency_links to ../../build/pwm_ctrl/pwm_ctrl.egg-info/dependency_links.txt
[2.681s] writing entry points to ../../build/pwm_ctrl/pwm_ctrl.egg-info/entry_points.txt
[2.681s] writing requirements to ../../build/pwm_ctrl/pwm_ctrl.egg-info/requires.txt
[2.681s] writing top-level names to ../../build/pwm_ctrl/pwm_ctrl.egg-info/top_level.txt
[2.686s] reading manifest file '../../build/pwm_ctrl/pwm_ctrl.egg-info/SOURCES.txt'
[2.687s] writing manifest file '../../build/pwm_ctrl/pwm_ctrl.egg-info/SOURCES.txt'
[2.688s] running build
[2.688s] running build_py
[2.688s] running install
[2.689s] running install_lib
[2.692s] running install_data
[2.692s] running install_egg_info
[2.697s] removing '/home/atoz/ros2_ws/install/pwm_ctrl/lib/python3.10/site-packages/pwm_ctrl-0.0.1-py3.10.egg-info' (and everything under it)
[2.697s] Copying ../../build/pwm_ctrl/pwm_ctrl.egg-info to /home/atoz/ros2_ws/install/pwm_ctrl/lib/python3.10/site-packages/pwm_ctrl-0.0.1-py3.10.egg-info
[2.700s] running install_scripts
[2.754s] Installing servo_pwm_node script to /home/atoz/ros2_ws/install/pwm_ctrl/lib/pwm_ctrl
[2.755s] writing list of installed files to '/home/atoz/ros2_ws/build/pwm_ctrl/install.log'
[2.834s] Invoked command in '/home/atoz/ros2_ws/src/pwm_ctrl' returned '0': PYTHONPATH=/home/atoz/ros2_ws/build/pwm_ctrl/prefix_override:/usr/lib/python3/dist-packages/colcon_core/task/python/colcon_distutils_commands:/home/atoz/ros2_ws/install/pwm_ctrl/lib/python3.10/site-packages:${PYTHONPATH} /usr/bin/python3 -W ignore:setup.py install is deprecated -W ignore:easy_install command is deprecated setup.py egg_info --egg-base ../../build/pwm_ctrl build --build-base /home/atoz/ros2_ws/build/pwm_ctrl/build install --record /home/atoz/ros2_ws/build/pwm_ctrl/install.log --single-version-externally-managed install_data
