[0.062s] Invoking command in '/home/atoz/ros2_ws/build/octomap_mapping': AMENT_PREFIX_PATH=/home/atoz/ros2_ws/install/octomap_server:${AMENT_PREFIX_PATH} CMAKE_PREFIX_PATH=/home/atoz/ros2_ws/install/octomap_server:/opt/ros/humble LD_LIBRARY_PATH=/home/atoz/ros2_ws/install/octomap_server/lib:${LD_LIBRARY_PATH} /usr/bin/cmake --build /home/atoz/ros2_ws/build/octomap_mapping -- -j8 -l8
[0.127s] Invoked command in '/home/atoz/ros2_ws/build/octomap_mapping' returned '0': AMENT_PREFIX_PATH=/home/atoz/ros2_ws/install/octomap_server:${AMENT_PREFIX_PATH} CMAKE_PREFIX_PATH=/home/atoz/ros2_ws/install/octomap_server:/opt/ros/humble LD_LIBRARY_PATH=/home/atoz/ros2_ws/install/octomap_server/lib:${LD_LIBRARY_PATH} /usr/bin/cmake --build /home/atoz/ros2_ws/build/octomap_mapping -- -j8 -l8
[0.130s] Invoking command in '/home/atoz/ros2_ws/build/octomap_mapping': AMENT_PREFIX_PATH=/home/atoz/ros2_ws/install/octomap_server:${AMENT_PREFIX_PATH} CMAKE_PREFIX_PATH=/home/atoz/ros2_ws/install/octomap_server:/opt/ros/humble LD_LIBRARY_PATH=/home/atoz/ros2_ws/install/octomap_server/lib:${LD_LIBRARY_PATH} /usr/bin/cmake --install /home/atoz/ros2_ws/build/octomap_mapping
[0.143s] -- Install configuration: ""
[0.144s] -- Up-to-date: /home/atoz/ros2_ws/install/octomap_mapping/share/ament_index/resource_index/package_run_dependencies/octomap_mapping
[0.144s] -- Up-to-date: /home/atoz/ros2_ws/install/octomap_mapping/share/ament_index/resource_index/parent_prefix_path/octomap_mapping
[0.144s] -- Up-to-date: /home/atoz/ros2_ws/install/octomap_mapping/share/octomap_mapping/environment/ament_prefix_path.sh
[0.144s] -- Up-to-date: /home/atoz/ros2_ws/install/octomap_mapping/share/octomap_mapping/environment/ament_prefix_path.dsv
[0.144s] -- Up-to-date: /home/atoz/ros2_ws/install/octomap_mapping/share/octomap_mapping/environment/path.sh
[0.144s] -- Up-to-date: /home/atoz/ros2_ws/install/octomap_mapping/share/octomap_mapping/environment/path.dsv
[0.145s] -- Up-to-date: /home/atoz/ros2_ws/install/octomap_mapping/share/octomap_mapping/local_setup.bash
[0.145s] -- Up-to-date: /home/atoz/ros2_ws/install/octomap_mapping/share/octomap_mapping/local_setup.sh
[0.145s] -- Up-to-date: /home/atoz/ros2_ws/install/octomap_mapping/share/octomap_mapping/local_setup.zsh
[0.145s] -- Up-to-date: /home/atoz/ros2_ws/install/octomap_mapping/share/octomap_mapping/local_setup.dsv
[0.145s] -- Installing: /home/atoz/ros2_ws/install/octomap_mapping/share/octomap_mapping/package.dsv
[0.145s] -- Up-to-date: /home/atoz/ros2_ws/install/octomap_mapping/share/ament_index/resource_index/packages/octomap_mapping
[0.146s] -- Up-to-date: /home/atoz/ros2_ws/install/octomap_mapping/share/octomap_mapping/cmake/octomap_mappingConfig.cmake
[0.146s] -- Up-to-date: /home/atoz/ros2_ws/install/octomap_mapping/share/octomap_mapping/cmake/octomap_mappingConfig-version.cmake
[0.146s] -- Up-to-date: /home/atoz/ros2_ws/install/octomap_mapping/share/octomap_mapping/package.xml
[0.150s] Invoked command in '/home/atoz/ros2_ws/build/octomap_mapping' returned '0': AMENT_PREFIX_PATH=/home/atoz/ros2_ws/install/octomap_server:${AMENT_PREFIX_PATH} CMAKE_PREFIX_PATH=/home/atoz/ros2_ws/install/octomap_server:/opt/ros/humble LD_LIBRARY_PATH=/home/atoz/ros2_ws/install/octomap_server/lib:${LD_LIBRARY_PATH} /usr/bin/cmake --install /home/atoz/ros2_ws/build/octomap_mapping
