[2.664s] Invoking command in '/home/atoz/ros2_ws/src/my_octomap': PYTHONPATH=/home/atoz/ros2_ws/build/my_octomap/prefix_override:/usr/lib/python3/dist-packages/colcon_core/task/python/colcon_distutils_commands:/home/atoz/ros2_ws/install/my_octomap/lib/python3.10/site-packages:${PYTHONPATH} /usr/bin/python3 -W ignore:setup.py install is deprecated -W ignore:easy_install command is deprecated setup.py egg_info --egg-base ../../build/my_octomap build --build-base /home/atoz/ros2_ws/build/my_octomap/build install --record /home/atoz/ros2_ws/build/my_octomap/install.log --single-version-externally-managed install_data
[3.335s] running egg_info
[3.337s] writing ../../build/my_octomap/my_octomap.egg-info/PKG-INFO
[3.338s] writing dependency_links to ../../build/my_octomap/my_octomap.egg-info/dependency_links.txt
[3.338s] writing entry points to ../../build/my_octomap/my_octomap.egg-info/entry_points.txt
[3.339s] writing requirements to ../../build/my_octomap/my_octomap.egg-info/requires.txt
[3.340s] writing top-level names to ../../build/my_octomap/my_octomap.egg-info/top_level.txt
[3.345s] reading manifest file '../../build/my_octomap/my_octomap.egg-info/SOURCES.txt'
[3.348s] writing manifest file '../../build/my_octomap/my_octomap.egg-info/SOURCES.txt'
[3.348s] running build
[3.349s] running build_py
[3.350s] running install
[3.360s] running install_lib
[3.361s] running install_data
[3.362s] running install_egg_info
[3.368s] removing '/home/atoz/ros2_ws/install/my_octomap/lib/python3.10/site-packages/my_octomap-0.0.0-py3.10.egg-info' (and everything under it)
[3.370s] Copying ../../build/my_octomap/my_octomap.egg-info to /home/atoz/ros2_ws/install/my_octomap/lib/python3.10/site-packages/my_octomap-0.0.0-py3.10.egg-info
[3.376s] running install_scripts
[3.463s] writing list of installed files to '/home/atoz/ros2_ws/build/my_octomap/install.log'
[3.585s] Invoked command in '/home/atoz/ros2_ws/src/my_octomap' returned '0': PYTHONPATH=/home/atoz/ros2_ws/build/my_octomap/prefix_override:/usr/lib/python3/dist-packages/colcon_core/task/python/colcon_distutils_commands:/home/atoz/ros2_ws/install/my_octomap/lib/python3.10/site-packages:${PYTHONPATH} /usr/bin/python3 -W ignore:setup.py install is deprecated -W ignore:easy_install command is deprecated setup.py egg_info --egg-base ../../build/my_octomap build --build-base /home/atoz/ros2_ws/build/my_octomap/build install --record /home/atoz/ros2_ws/build/my_octomap/install.log --single-version-externally-managed install_data
