[0.017s] Invoking command in '/home/atoz/ros2_ws/build/fast_lio': CMAKE_PREFIX_PATH=/home/atoz/ros2_ws/install/livox_ros_driver2:/home/atoz/ros2_ws/install/fast_lio:/home/atoz/ros2_ws/install/pwm_ctrl:/home/atoz/ros2_ws/install/my_octomap:/opt/ros/humble LD_LIBRARY_PATH=/home/atoz/ros2_ws/install/livox_ros_driver2/lib:/home/atoz/ros2_ws/install/livox_sdk2/lib:/home/atoz/ros2_ws/install/fast_lio/lib:/opt/ros/humble/opt/rviz_ogre_vendor/lib:/opt/ros/humble/lib/aarch64-linux-gnu:/opt/ros/humble/lib /usr/bin/cmake /home/atoz/ros2_ws/src/FAST_LIO_ROS2 -DROS_EDITION=ROS2 -DHUMBLE_ROS=humble -DCMAKE_INSTALL_PREFIX=/home/atoz/ros2_ws/install/fast_lio
[0.113s] -- The C compiler identification is GNU 11.4.0
[0.211s] -- The CXX compiler identification is GNU 11.4.0
[0.225s] -- Detecting C compiler ABI info
[0.349s] -- Detecting C compiler ABI info - done
[0.362s] -- Check for working C compiler: /usr/bin/cc - skipped
[0.362s] -- Detecting C compile features
[0.363s] -- Detecting C compile features - done
[0.369s] -- Detecting CXX compiler ABI info
[0.523s] -- Detecting CXX compiler ABI info - done
[0.536s] -- Check for working CXX compiler: /usr/bin/c++ - skipped
[0.536s] -- Detecting CXX compile features
[0.537s] -- Detecting CXX compile features - done
[0.539s] [0mCurrent CPU archtecture: aarch64[0m
[1.167s] -- Found PythonLibs: /usr/lib/aarch64-linux-gnu/libpython3.10.so (found version "3.10.12") 
[1.170s] -- Found ament_cmake: 1.3.12 (/opt/ros/humble/share/ament_cmake/cmake)
[1.507s] -- Found Python3: /usr/bin/python3 (found version "3.10.12") found components: Interpreter 
[1.686s] -- Found rclcpp: 16.0.15 (/opt/ros/humble/share/rclcpp/cmake)
[1.751s] -- Found rosidl_generator_c: 3.1.7 (/opt/ros/humble/share/rosidl_generator_c/cmake)
[1.760s] -- Found rosidl_adapter: 3.1.7 (/opt/ros/humble/share/rosidl_adapter/cmake)
[1.775s] -- Found rosidl_generator_cpp: 3.1.7 (/opt/ros/humble/share/rosidl_generator_cpp/cmake)
[1.798s] -- Using all available rosidl_typesupport_c: rosidl_typesupport_fastrtps_c;rosidl_typesupport_introspection_c
[1.829s] -- Using all available rosidl_typesupport_cpp: rosidl_typesupport_fastrtps_cpp;rosidl_typesupport_introspection_cpp
[1.912s] -- Found rmw_implementation_cmake: 6.1.2 (/opt/ros/humble/share/rmw_implementation_cmake/cmake)
[1.916s] -- Found rmw_fastrtps_cpp: 6.2.8 (/opt/ros/humble/share/rmw_fastrtps_cpp/cmake)
[2.080s] -- Found OpenSSL: /usr/lib/aarch64-linux-gnu/libcrypto.so (found version "3.0.2")  
[2.132s] -- Found FastRTPS: /opt/ros/humble/include  
[2.209s] -- Using RMW implementation 'rmw_fastrtps_cpp' as default
[2.224s] -- Looking for pthread.h
[2.362s] -- Looking for pthread.h - found
[2.363s] -- Performing Test CMAKE_HAVE_LIBC_PTHREAD
[2.498s] -- Performing Test CMAKE_HAVE_LIBC_PTHREAD - Success
[2.500s] -- Found Threads: TRUE  
[2.598s] -- Found rclcpp_components: 16.0.15 (/opt/ros/humble/share/rclcpp_components/cmake)
[2.649s] -- Found geometry_msgs: 4.9.0 (/opt/ros/humble/share/geometry_msgs/cmake)
[2.675s] -- Found nav_msgs: 4.9.0 (/opt/ros/humble/share/nav_msgs/cmake)
[2.708s] -- Found sensor_msgs: 4.9.0 (/opt/ros/humble/share/sensor_msgs/cmake)
[2.741s] -- Found std_srvs: 4.9.0 (/opt/ros/humble/share/std_srvs/cmake)
[2.759s] -- Found visualization_msgs: 4.9.0 (/opt/ros/humble/share/visualization_msgs/cmake)
[2.797s] -- Found pcl_ros: 2.4.5 (/opt/ros/humble/share/pcl_ros/cmake)
[2.876s] -- Checking for module 'eigen3'
[2.902s] --   Found eigen3, version 3.4.0
[2.968s] -- Found Eigen: /usr/include/eigen3 (Required is at least version "3.1") 
[2.969s] -- Eigen found (include: /usr/include/eigen3, version: 3.4.0)
[3.031s] -- Checking for module 'flann'
[3.059s] --   Found flann, version 1.9.1
[3.143s] -- Found FLANN: /usr/lib/aarch64-linux-gnu/libflann_cpp.so  
[3.143s] -- FLANN found (include: /usr/include, lib: /usr/lib/aarch64-linux-gnu/libflann_cpp.so)
[4.961s] -- Checking for module 'libusb-1.0'
[4.991s] --   Found libusb-1.0, version 1.0.25
[5.065s] -- Found libusb: /usr/lib/aarch64-linux-gnu/libusb-1.0.so  
[5.067s] -- OpenNI found (version: 1.5.4.0, include: /usr/include/ni, lib: /usr/lib/libOpenNI.so;libusb::libusb)
[5.185s] -- OpenNI2 found (version: 2.2.0.33, include: /usr/include/openni2, lib: /usr/lib/aarch64-linux-gnu/libOpenNI2.so;libusb::libusb)
[5.499s] -- Eigen found (include: /usr/include/eigen3, version: 3.4.0)
[5.513s] -- OpenNI found (version: 1.5.4.0, include: /usr/include/ni, lib: /usr/lib/libOpenNI.so;libusb::libusb)
[5.527s] -- OpenNI2 found (version: 2.2.0.33, include: /usr/include/openni2, lib: /usr/lib/aarch64-linux-gnu/libOpenNI2.so;libusb::libusb)
[5.815s] -- Found Qhull version 8.0.2
[6.115s] -- OpenNI found (version: 1.5.4.0, include: /usr/include/ni, lib: /usr/lib/libOpenNI.so;libusb::libusb)
[6.407s] -- Found PCL_COMMON: /usr/lib/aarch64-linux-gnu/libpcl_common.so  
[6.408s] -- Found PCL_KDTREE: /usr/lib/aarch64-linux-gnu/libpcl_kdtree.so  
[6.410s] -- Found PCL_OCTREE: /usr/lib/aarch64-linux-gnu/libpcl_octree.so  
[6.412s] -- Found PCL_SEARCH: /usr/lib/aarch64-linux-gnu/libpcl_search.so  
[6.414s] -- Found PCL_SAMPLE_CONSENSUS: /usr/lib/aarch64-linux-gnu/libpcl_sample_consensus.so  
[6.416s] -- Found PCL_FILTERS: /usr/lib/aarch64-linux-gnu/libpcl_filters.so  
[6.416s] -- Found PCL_2D: /usr/include/pcl-1.12  
[6.417s] -- Found PCL_GEOMETRY: /usr/include/pcl-1.12  
[6.419s] -- Found PCL_IO: /usr/lib/aarch64-linux-gnu/libpcl_io.so  
[6.421s] -- Found PCL_FEATURES: /usr/lib/aarch64-linux-gnu/libpcl_features.so  
[6.423s] -- Found PCL_ML: /usr/lib/aarch64-linux-gnu/libpcl_ml.so  
[6.424s] -- Found PCL_SEGMENTATION: /usr/lib/aarch64-linux-gnu/libpcl_segmentation.so  
[6.426s] -- Found PCL_VISUALIZATION: /usr/lib/aarch64-linux-gnu/libpcl_visualization.so  
[6.428s] -- Found PCL_SURFACE: /usr/lib/aarch64-linux-gnu/libpcl_surface.so  
[6.430s] -- Found PCL_REGISTRATION: /usr/lib/aarch64-linux-gnu/libpcl_registration.so  
[6.432s] -- Found PCL_KEYPOINTS: /usr/lib/aarch64-linux-gnu/libpcl_keypoints.so  
[6.434s] -- Found PCL_TRACKING: /usr/lib/aarch64-linux-gnu/libpcl_tracking.so  
[6.436s] -- Found PCL_RECOGNITION: /usr/lib/aarch64-linux-gnu/libpcl_recognition.so  
[6.438s] -- Found PCL_STEREO: /usr/lib/aarch64-linux-gnu/libpcl_stereo.so  
[6.439s] -- Found PCL_APPS: /usr/lib/aarch64-linux-gnu/libpcl_apps.so  
[6.441s] -- Found PCL_IN_HAND_SCANNER: /usr/include/pcl-1.12  
[6.442s] -- Found PCL_MODELER: /usr/include/pcl-1.12  
[6.442s] -- Found PCL_POINT_CLOUD_EDITOR: /usr/include/pcl-1.12  
[6.444s] -- Found PCL_OUTOFCORE: /usr/lib/aarch64-linux-gnu/libpcl_outofcore.so  
[6.446s] -- Found PCL_PEOPLE: /usr/lib/aarch64-linux-gnu/libpcl_people.so  
[6.496s] -- Found eigen3_cmake_module: 0.1.1 (/opt/ros/humble/share/eigen3_cmake_module/cmake)
[6.498s] -- Found Eigen3: TRUE (found version "3.4.0") 
[6.498s] -- Ensuring Eigen3 include directory is part of orocos-kdl CMake target
[6.634s] -- Found livox_ros_driver2: 1.0.0 (/home/atoz/ros2_ws/install/livox_ros_driver2/share/livox_ros_driver2/cmake)
[6.683s] -- Found rosidl_default_generators: 1.2.0 (/opt/ros/humble/share/rosidl_default_generators/cmake)
[6.703s] [33mCMake Warning (dev) at CMakeLists.txt:81 (find_package):
[6.703s]   Policy CMP0074 is not set: find_package uses <PackageName>_ROOT variables.
[6.703s]   Run "cmake --help-policy CMP0074" for policy details.  Use the cmake_policy
[6.703s]   command to set the policy and suppress this warning.
[6.703s] 
[6.703s]   CMake variable PCL_ROOT is set to:
[6.704s] 
[6.704s]     /usr
[6.704s] 
[6.704s]   For compatibility, CMake is ignoring the variable.
[6.704s] This warning is for project developers.  Use -Wno-dev to suppress it.
[6.704s] [0m
[6.719s] [0mEigen:/usr/include/eigen3[0m
[6.719s] -- PCL: /usr/include/pcl-1.12
[7.272s] -- Found ament_cmake_ros: 0.10.0 (/opt/ros/humble/share/ament_cmake_ros/cmake)
[7.959s] -- Using all available rosidl_typesupport_c: rosidl_typesupport_fastrtps_c;rosidl_typesupport_introspection_c
[8.230s] -- Using all available rosidl_typesupport_cpp: rosidl_typesupport_fastrtps_cpp;rosidl_typesupport_introspection_cpp
[8.281s] -- Found PythonInterp: /usr/bin/python3 (found suitable version "3.10.12", minimum required is "3.6") 
[8.284s] -- Found python_cmake_module: 0.10.0 (/opt/ros/humble/share/python_cmake_module/cmake)
[8.335s] -- Found PythonLibs: /usr/lib/aarch64-linux-gnu/libpython3.10.so (found suitable version "3.10.12", minimum required is "3.5") 
[8.335s] -- Using PYTHON_EXECUTABLE: /usr/bin/python3
[8.335s] -- Using PYTHON_INCLUDE_DIRS: /usr/include/python3.10
[8.335s] -- Using PYTHON_LIBRARIES: /usr/lib/aarch64-linux-gnu/libpython3.10.so
[8.382s] -- Found PythonExtra: .so  
[8.497s] -- Configuring done
[8.651s] -- Generating done
[8.657s] [33mCMake Warning:
[8.657s]   Manually-specified variables were not used by the project:
[8.657s] 
[8.658s]     HUMBLE_ROS
[8.658s]     ROS_EDITION
[8.658s] 
[8.658s] [0m
[8.697s] -- Build files have been written to: /home/atoz/ros2_ws/build/fast_lio
[8.758s] Invoked command in '/home/atoz/ros2_ws/build/fast_lio' returned '0': CMAKE_PREFIX_PATH=/home/atoz/ros2_ws/install/livox_ros_driver2:/home/atoz/ros2_ws/install/fast_lio:/home/atoz/ros2_ws/install/pwm_ctrl:/home/atoz/ros2_ws/install/my_octomap:/opt/ros/humble LD_LIBRARY_PATH=/home/atoz/ros2_ws/install/livox_ros_driver2/lib:/home/atoz/ros2_ws/install/livox_sdk2/lib:/home/atoz/ros2_ws/install/fast_lio/lib:/opt/ros/humble/opt/rviz_ogre_vendor/lib:/opt/ros/humble/lib/aarch64-linux-gnu:/opt/ros/humble/lib /usr/bin/cmake /home/atoz/ros2_ws/src/FAST_LIO_ROS2 -DROS_EDITION=ROS2 -DHUMBLE_ROS=humble -DCMAKE_INSTALL_PREFIX=/home/atoz/ros2_ws/install/fast_lio
[8.761s] Invoking command in '/home/atoz/ros2_ws/build/fast_lio': CMAKE_PREFIX_PATH=/home/atoz/ros2_ws/install/livox_ros_driver2:/home/atoz/ros2_ws/install/fast_lio:/home/atoz/ros2_ws/install/pwm_ctrl:/home/atoz/ros2_ws/install/my_octomap:/opt/ros/humble LD_LIBRARY_PATH=/home/atoz/ros2_ws/install/livox_ros_driver2/lib:/home/atoz/ros2_ws/install/livox_sdk2/lib:/home/atoz/ros2_ws/install/fast_lio/lib:/opt/ros/humble/opt/rviz_ogre_vendor/lib:/opt/ros/humble/lib/aarch64-linux-gnu:/opt/ros/humble/lib /usr/bin/cmake --build /home/atoz/ros2_ws/build/fast_lio -- -j8 -l8
[8.847s] [  2%] [34m[1mGenerating C code for ROS interfaces[0m
[8.866s] [  5%] [34m[1mGenerating C++ code for ROS interfaces[0m
[8.883s] [  5%] Built target ament_cmake_python_copy_fast_lio
[9.396s] running egg_info
[9.397s] creating fast_lio.egg-info
[9.398s] writing fast_lio.egg-info/PKG-INFO
[9.398s] writing dependency_links to fast_lio.egg-info/dependency_links.txt
[9.399s] writing top-level names to fast_lio.egg-info/top_level.txt
[9.399s] writing manifest file 'fast_lio.egg-info/SOURCES.txt'
[9.403s] reading manifest file 'fast_lio.egg-info/SOURCES.txt'
[9.404s] writing manifest file 'fast_lio.egg-info/SOURCES.txt'
[9.487s] [  5%] Built target ament_cmake_python_build_fast_lio_egg
[9.553s] [  8%] [32mBuilding C object CMakeFiles/fast_lio__rosidl_generator_c.dir/rosidl_generator_c/fast_lio/msg/detail/pose6_d__functions.c.o[0m
[9.555s] [  8%] Built target fast_lio__cpp
[9.574s] [ 17%] [34m[1mGenerating C++ type support for eProsima Fast-RTPS[0m
[9.575s] [ 17%] [34m[1mGenerating C++ introspection for ROS interfaces[0m
[9.575s] [ 17%] [34m[1mGenerating C++ type support dispatch for ROS interfaces[0m
[9.782s] [ 20%] [32m[1mLinking C shared library libfast_lio__rosidl_generator_c.so[0m
[9.860s] [ 20%] Built target fast_lio__rosidl_generator_c
[9.880s] [ 25%] [34m[1mGenerating C introspection for ROS interfaces[0m
[9.880s] [ 25%] [34m[1mGenerating C type support for eProsima Fast-RTPS[0m
[9.885s] [ 28%] [34m[1mGenerating C type support dispatch for ROS interfaces[0m
[10.219s] [ 31%] [32mBuilding CXX object CMakeFiles/fast_lio__rosidl_typesupport_cpp.dir/rosidl_typesupport_cpp/fast_lio/msg/pose6_d__type_support.cpp.o[0m
[10.256s] [ 34%] [32mBuilding CXX object CMakeFiles/fast_lio__rosidl_typesupport_introspection_cpp.dir/rosidl_typesupport_introspection_cpp/fast_lio/msg/detail/pose6_d__type_support.cpp.o[0m
[10.275s] [ 37%] [32mBuilding CXX object CMakeFiles/fast_lio__rosidl_typesupport_fastrtps_cpp.dir/rosidl_typesupport_fastrtps_cpp/fast_lio/msg/detail/dds_fastrtps/pose6_d__type_support.cpp.o[0m
[10.581s] [ 40%] [32mBuilding CXX object CMakeFiles/fast_lio__rosidl_typesupport_fastrtps_c.dir/rosidl_typesupport_fastrtps_c/fast_lio/msg/detail/pose6_d__type_support_c.cpp.o[0m
[10.650s] [ 42%] [32mBuilding CXX object CMakeFiles/fast_lio__rosidl_typesupport_c.dir/rosidl_typesupport_c/fast_lio/msg/pose6_d__type_support.cpp.o[0m
[10.653s] [ 45%] [32mBuilding C object CMakeFiles/fast_lio__rosidl_typesupport_introspection_c.dir/rosidl_typesupport_introspection_c/fast_lio/msg/detail/pose6_d__type_support.c.o[0m
[10.720s] [ 48%] [32m[1mLinking CXX shared library libfast_lio__rosidl_typesupport_c.so[0m
[10.803s] [ 48%] Built target fast_lio__rosidl_typesupport_c
[10.810s] [ 51%] [32m[1mLinking C shared library libfast_lio__rosidl_typesupport_introspection_c.so[0m
[10.869s] [ 54%] [32m[1mLinking CXX shared library libfast_lio__rosidl_typesupport_cpp.so[0m
[10.869s] [ 54%] Built target fast_lio__rosidl_typesupport_introspection_c
[10.950s] [ 54%] Built target fast_lio__rosidl_typesupport_cpp
[10.994s] [ 60%] [32mBuilding CXX object CMakeFiles/fastlio_mapping.dir/src/laserMapping.cpp.o[0m
[10.994s] [ 60%] [32mBuilding CXX object CMakeFiles/fastlio_mapping.dir/include/ikd-Tree/ikd_Tree.cpp.o[0m
[10.995s] [ 62%] [32mBuilding CXX object CMakeFiles/fastlio_mapping.dir/src/preprocess.cpp.o[0m
[11.251s] [ 65%] [32m[1mLinking CXX shared library libfast_lio__rosidl_typesupport_introspection_cpp.so[0m
[11.329s] [ 65%] Built target fast_lio__rosidl_typesupport_introspection_cpp
[11.420s] [ 68%] [32m[1mLinking CXX shared library libfast_lio__rosidl_typesupport_fastrtps_cpp.so[0m
[11.441s] [ 71%] [32m[1mLinking CXX shared library libfast_lio__rosidl_typesupport_fastrtps_c.so[0m
[11.608s] [ 71%] Built target fast_lio__rosidl_typesupport_fastrtps_c
[11.629s] [ 71%] Built target fast_lio__rosidl_typesupport_fastrtps_cpp
[11.667s] [ 71%] Built target fast_lio
[11.706s] [ 74%] [34m[1mGenerating Python code for ROS interfaces[0m
[12.678s] [ 74%] Built target fast_lio__py
[12.719s] [ 77%] [32mBuilding C object CMakeFiles/fast_lio__rosidl_generator_py.dir/rosidl_generator_py/fast_lio/msg/_pose6_d_s.c.o[0m
[13.038s] [ 80%] [32m[1mLinking C shared library rosidl_generator_py/fast_lio/libfast_lio__rosidl_generator_py.so[0m
[13.115s] [ 80%] Built target fast_lio__rosidl_generator_py
[13.157s] [ 85%] [32mBuilding C object CMakeFiles/fast_lio__rosidl_typesupport_fastrtps_c__pyext.dir/rosidl_generator_py/fast_lio/_fast_lio_s.ep.rosidl_typesupport_fastrtps_c.c.o[0m
[13.158s] [ 85%] [32mBuilding C object CMakeFiles/fast_lio__rosidl_typesupport_c__pyext.dir/rosidl_generator_py/fast_lio/_fast_lio_s.ep.rosidl_typesupport_c.c.o[0m
[13.166s] [ 88%] [32mBuilding C object CMakeFiles/fast_lio__rosidl_typesupport_introspection_c__pyext.dir/rosidl_generator_py/fast_lio/_fast_lio_s.ep.rosidl_typesupport_introspection_c.c.o[0m
[13.411s] [ 94%] [32m[1mLinking C shared library rosidl_generator_py/fast_lio/fast_lio_s__rosidl_typesupport_c.cpython-310-aarch64-linux-gnu.so[0m
[13.412s] [ 94%] [32m[1mLinking C shared library rosidl_generator_py/fast_lio/fast_lio_s__rosidl_typesupport_fastrtps_c.cpython-310-aarch64-linux-gnu.so[0m
[13.417s] [ 97%] [32m[1mLinking C shared library rosidl_generator_py/fast_lio/fast_lio_s__rosidl_typesupport_introspection_c.cpython-310-aarch64-linux-gnu.so[0m
[13.481s] [ 97%] Built target fast_lio__rosidl_typesupport_c__pyext
[13.493s] [ 97%] Built target fast_lio__rosidl_typesupport_fastrtps_c__pyext
[13.498s] [ 97%] Built target fast_lio__rosidl_typesupport_introspection_c__pyext
[26.774s] In file included from [01m[K/usr/include/boost/smart_ptr/detail/sp_thread_sleep.hpp:22[m[K,
[26.775s]                  from [01m[K/usr/include/boost/smart_ptr/detail/yield_k.hpp:23[m[K,
[26.775s]                  from [01m[K/usr/include/boost/smart_ptr/detail/spinlock_gcc_atomic.hpp:14[m[K,
[26.775s]                  from [01m[K/usr/include/boost/smart_ptr/detail/spinlock.hpp:42[m[K,
[26.775s]                  from [01m[K/usr/include/boost/smart_ptr/detail/spinlock_pool.hpp:25[m[K,
[26.775s]                  from [01m[K/usr/include/boost/smart_ptr/shared_ptr.hpp:29[m[K,
[26.775s]                  from [01m[K/usr/include/boost/shared_ptr.hpp:17[m[K,
[26.776s]                  from [01m[K/usr/include/boost/date_time/microsec_time_clock.hpp:18[m[K,
[26.776s]                  from [01m[K/usr/include/boost/interprocess/detail/posix_time_types_wrk.hpp:31[m[K,
[26.776s]                  from [01m[K/usr/include/boost/interprocess/detail/os_thread_functions.hpp:36[m[K,
[26.776s]                  from [01m[K/usr/include/boost/interprocess/sync/file_lock.hpp:26[m[K,
[26.776s]                  from [01m[K/usr/include/pcl-1.12/pcl/io/pcd_io.h:46[m[K,
[26.776s]                  from [01m[K/opt/ros/humble/include/pcl_conversions/pcl_conversions/pcl_conversions.h:73[m[K,
[26.776s]                  from [01m[K/home/atoz/ros2_ws/src/FAST_LIO_ROS2/src/IMU_Processing.hpp:18[m[K,
[26.776s]                  from [01m[K/home/atoz/ros2_ws/src/FAST_LIO_ROS2/src/laserMapping.cpp:47[m[K:
[26.777s] [01m[K/usr/include/boost/bind.hpp:36:1:[m[K [01;36m[Knote: [m[K‘[01m[K#pragma message: The practice of declaring the Bind placeholders (_1, _2, ...) in the global namespace is deprecated. Please use <boost/bind/bind.hpp> + using namespace boost::placeholders, or define BOOST_BIND_GLOBAL_PLACEHOLDERS to retain the current behavior.[m[K’
[26.777s]    36 | [01;36m[KBOOST_PRAGMA_MESSAGE[m[K(
[26.777s]       | [01;36m[K^~~~~~~~~~~~~~~~~~~~[m[K
[41.183s] In file included from [01m[K/home/atoz/ros2_ws/src/FAST_LIO_ROS2/include/IKFoM_toolkit/esekfom/../mtk/types/SOn.hpp:83[m[K,
[41.183s]                  from [01m[K/home/atoz/ros2_ws/src/FAST_LIO_ROS2/include/IKFoM_toolkit/esekfom/esekfom.hpp:49[m[K,
[41.183s]                  from [01m[K/home/atoz/ros2_ws/src/FAST_LIO_ROS2/include/use-ikfom.hpp:4[m[K,
[41.183s]                  from [01m[K/home/atoz/ros2_ws/src/FAST_LIO_ROS2/src/IMU_Processing.hpp:22[m[K,
[41.184s]                  from [01m[K/home/atoz/ros2_ws/src/FAST_LIO_ROS2/src/laserMapping.cpp:47[m[K:
[41.184s] /home/atoz/ros2_ws/src/FAST_LIO_ROS2/include/IKFoM_toolkit/esekfom/../mtk/types/../src/mtkmath.hpp: In instantiation of ‘[01m[Kstd::pair<_FIter, _FIter> MTK::cos_sinc_sqrt(const scalar&) [with scalar = double][m[K’:
[41.184s] [01m[K/home/atoz/ros2_ws/src/FAST_LIO_ROS2/include/IKFoM_toolkit/esekfom/../mtk/types/../src/mtkmath.hpp:252:52:[m[K   required from ‘[01m[Kscalar MTK::exp(MTK::vectview<scalar, dim>, MTK::vectview<const scalar, dim>, const scalar&) [with scalar = double; int n = 3][m[K’
[41.184s] [01m[K/home/atoz/ros2_ws/src/FAST_LIO_ROS2/include/IKFoM_toolkit/esekfom/../mtk/types/S2.hpp:140:32:[m[K   required from ‘[01m[Kvoid MTK::S2<_scalar, den, num, S2_typ>::boxplus(MTK::vectview<const _scalar, 2>, MTK::S2<_scalar, den, num, S2_typ>::scalar) [with _scalar = double; int den = 98090; int num = 10000; int S2_typ = 1; MTK::S2<_scalar, den, num, S2_typ>::scalar = double][m[K’
[41.184s] [01m[K/home/atoz/ros2_ws/src/FAST_LIO_ROS2/include/use-ikfom.hpp:12:1:[m[K   required from here
[41.184s] [01m[K/home/atoz/ros2_ws/src/FAST_LIO_ROS2/include/IKFoM_toolkit/esekfom/../mtk/types/../src/mtkmath.hpp:143:27:[m[K [01;36m[Knote: [m[Kparameter passing for argument of type ‘[01m[Kstd::pair<double, double>[m[K’ when C++17 is enabled changed to match C++14 ]8;;https://gcc.gnu.org/gcc-10/changes.html#empty_basein GCC 10.1]8;;
[41.184s]   143 | std::pair<scalar, scalar> [01;36m[Kcos_sinc_sqrt[m[K(const scalar &x2){
[41.184s]       |                           [01;36m[K^~~~~~~~~~~~~[m[K
[180.927s] [100%] [32m[1mLinking CXX executable fastlio_mapping[0m
[183.821s] [100%] Built target fastlio_mapping
[183.849s] Invoked command in '/home/atoz/ros2_ws/build/fast_lio' returned '0': CMAKE_PREFIX_PATH=/home/atoz/ros2_ws/install/livox_ros_driver2:/home/atoz/ros2_ws/install/fast_lio:/home/atoz/ros2_ws/install/pwm_ctrl:/home/atoz/ros2_ws/install/my_octomap:/opt/ros/humble LD_LIBRARY_PATH=/home/atoz/ros2_ws/install/livox_ros_driver2/lib:/home/atoz/ros2_ws/install/livox_sdk2/lib:/home/atoz/ros2_ws/install/fast_lio/lib:/opt/ros/humble/opt/rviz_ogre_vendor/lib:/opt/ros/humble/lib/aarch64-linux-gnu:/opt/ros/humble/lib /usr/bin/cmake --build /home/atoz/ros2_ws/build/fast_lio -- -j8 -l8
[183.855s] Invoking command in '/home/atoz/ros2_ws/build/fast_lio': CMAKE_PREFIX_PATH=/home/atoz/ros2_ws/install/livox_ros_driver2:/home/atoz/ros2_ws/install/fast_lio:/home/atoz/ros2_ws/install/pwm_ctrl:/home/atoz/ros2_ws/install/my_octomap:/opt/ros/humble LD_LIBRARY_PATH=/home/atoz/ros2_ws/install/livox_ros_driver2/lib:/home/atoz/ros2_ws/install/livox_sdk2/lib:/home/atoz/ros2_ws/install/fast_lio/lib:/opt/ros/humble/opt/rviz_ogre_vendor/lib:/opt/ros/humble/lib/aarch64-linux-gnu:/opt/ros/humble/lib /usr/bin/cmake --install /home/atoz/ros2_ws/build/fast_lio
[183.871s] -- Install configuration: "Release"
[183.871s] -- Installing: /home/atoz/ros2_ws/install/fast_lio/share/ament_index/resource_index/rosidl_interfaces/fast_lio
[183.871s] -- Installing: /home/atoz/ros2_ws/install/fast_lio/include/fast_lio/fast_lio
[183.871s] -- Installing: /home/atoz/ros2_ws/install/fast_lio/include/fast_lio/fast_lio/msg
[183.872s] -- Installing: /home/atoz/ros2_ws/install/fast_lio/include/fast_lio/fast_lio/msg/rosidl_generator_c__visibility_control.h
[183.872s] -- Installing: /home/atoz/ros2_ws/install/fast_lio/include/fast_lio/fast_lio/msg/detail
[183.872s] -- Installing: /home/atoz/ros2_ws/install/fast_lio/include/fast_lio/fast_lio/msg/detail/pose6_d__functions.h
[183.872s] -- Installing: /home/atoz/ros2_ws/install/fast_lio/include/fast_lio/fast_lio/msg/detail/pose6_d__functions.c
[183.872s] -- Installing: /home/atoz/ros2_ws/install/fast_lio/include/fast_lio/fast_lio/msg/detail/pose6_d__type_support.h
[183.872s] -- Installing: /home/atoz/ros2_ws/install/fast_lio/include/fast_lio/fast_lio/msg/detail/pose6_d__struct.h
[183.873s] -- Installing: /home/atoz/ros2_ws/install/fast_lio/include/fast_lio/fast_lio/msg/pose6_d.h
[183.873s] -- Installing: /home/atoz/ros2_ws/install/fast_lio/share/fast_lio/environment/library_path.sh
[183.873s] -- Installing: /home/atoz/ros2_ws/install/fast_lio/share/fast_lio/environment/library_path.dsv
[183.874s] -- Installing: /home/atoz/ros2_ws/install/fast_lio/lib/libfast_lio__rosidl_generator_c.so
[183.874s] -- Set runtime path of "/home/atoz/ros2_ws/install/fast_lio/lib/libfast_lio__rosidl_generator_c.so" to ""
[183.875s] -- Up-to-date: /home/atoz/ros2_ws/install/fast_lio/include/fast_lio/fast_lio
[183.875s] -- Up-to-date: /home/atoz/ros2_ws/install/fast_lio/include/fast_lio/fast_lio/msg
[183.875s] -- Installing: /home/atoz/ros2_ws/install/fast_lio/include/fast_lio/fast_lio/msg/rosidl_typesupport_fastrtps_c__visibility_control.h
[183.875s] -- Up-to-date: /home/atoz/ros2_ws/install/fast_lio/include/fast_lio/fast_lio/msg/detail
[183.875s] -- Installing: /home/atoz/ros2_ws/install/fast_lio/include/fast_lio/fast_lio/msg/detail/pose6_d__rosidl_typesupport_fastrtps_c.h
[183.875s] -- Installing: /home/atoz/ros2_ws/install/fast_lio/lib/libfast_lio__rosidl_typesupport_fastrtps_c.so
[183.876s] -- Set runtime path of "/home/atoz/ros2_ws/install/fast_lio/lib/libfast_lio__rosidl_typesupport_fastrtps_c.so" to ""
[183.876s] -- Up-to-date: /home/atoz/ros2_ws/install/fast_lio/include/fast_lio/fast_lio
[183.876s] -- Up-to-date: /home/atoz/ros2_ws/install/fast_lio/include/fast_lio/fast_lio/msg
[183.876s] -- Up-to-date: /home/atoz/ros2_ws/install/fast_lio/include/fast_lio/fast_lio/msg/detail
[183.876s] -- Installing: /home/atoz/ros2_ws/install/fast_lio/include/fast_lio/fast_lio/msg/detail/pose6_d__struct.hpp
[183.877s] -- Installing: /home/atoz/ros2_ws/install/fast_lio/include/fast_lio/fast_lio/msg/detail/pose6_d__builder.hpp
[183.877s] -- Installing: /home/atoz/ros2_ws/install/fast_lio/include/fast_lio/fast_lio/msg/detail/pose6_d__traits.hpp
[183.877s] -- Installing: /home/atoz/ros2_ws/install/fast_lio/include/fast_lio/fast_lio/msg/detail/pose6_d__type_support.hpp
[183.877s] -- Installing: /home/atoz/ros2_ws/install/fast_lio/include/fast_lio/fast_lio/msg/rosidl_generator_cpp__visibility_control.hpp
[183.877s] -- Installing: /home/atoz/ros2_ws/install/fast_lio/include/fast_lio/fast_lio/msg/pose6_d.hpp
[183.877s] -- Up-to-date: /home/atoz/ros2_ws/install/fast_lio/include/fast_lio/fast_lio
[183.878s] -- Up-to-date: /home/atoz/ros2_ws/install/fast_lio/include/fast_lio/fast_lio/msg
[183.878s] -- Installing: /home/atoz/ros2_ws/install/fast_lio/include/fast_lio/fast_lio/msg/rosidl_typesupport_fastrtps_cpp__visibility_control.h
[183.878s] -- Up-to-date: /home/atoz/ros2_ws/install/fast_lio/include/fast_lio/fast_lio/msg/detail
[183.878s] -- Installing: /home/atoz/ros2_ws/install/fast_lio/include/fast_lio/fast_lio/msg/detail/dds_fastrtps
[183.878s] -- Installing: /home/atoz/ros2_ws/install/fast_lio/include/fast_lio/fast_lio/msg/detail/pose6_d__rosidl_typesupport_fastrtps_cpp.hpp
[183.878s] -- Installing: /home/atoz/ros2_ws/install/fast_lio/lib/libfast_lio__rosidl_typesupport_fastrtps_cpp.so
[183.879s] -- Set runtime path of "/home/atoz/ros2_ws/install/fast_lio/lib/libfast_lio__rosidl_typesupport_fastrtps_cpp.so" to ""
[183.879s] -- Up-to-date: /home/atoz/ros2_ws/install/fast_lio/include/fast_lio/fast_lio
[183.879s] -- Up-to-date: /home/atoz/ros2_ws/install/fast_lio/include/fast_lio/fast_lio/msg
[183.879s] -- Installing: /home/atoz/ros2_ws/install/fast_lio/include/fast_lio/fast_lio/msg/rosidl_typesupport_introspection_c__visibility_control.h
[183.879s] -- Up-to-date: /home/atoz/ros2_ws/install/fast_lio/include/fast_lio/fast_lio/msg/detail
[183.880s] -- Installing: /home/atoz/ros2_ws/install/fast_lio/include/fast_lio/fast_lio/msg/detail/pose6_d__type_support.c
[183.880s] -- Installing: /home/atoz/ros2_ws/install/fast_lio/include/fast_lio/fast_lio/msg/detail/pose6_d__rosidl_typesupport_introspection_c.h
[183.880s] -- Installing: /home/atoz/ros2_ws/install/fast_lio/lib/libfast_lio__rosidl_typesupport_introspection_c.so
[183.880s] -- Set runtime path of "/home/atoz/ros2_ws/install/fast_lio/lib/libfast_lio__rosidl_typesupport_introspection_c.so" to ""
[183.880s] -- Installing: /home/atoz/ros2_ws/install/fast_lio/lib/libfast_lio__rosidl_typesupport_c.so
[183.881s] -- Set runtime path of "/home/atoz/ros2_ws/install/fast_lio/lib/libfast_lio__rosidl_typesupport_c.so" to ""
[183.881s] -- Up-to-date: /home/atoz/ros2_ws/install/fast_lio/include/fast_lio/fast_lio
[183.881s] -- Up-to-date: /home/atoz/ros2_ws/install/fast_lio/include/fast_lio/fast_lio/msg
[183.881s] -- Up-to-date: /home/atoz/ros2_ws/install/fast_lio/include/fast_lio/fast_lio/msg/detail
[183.882s] -- Installing: /home/atoz/ros2_ws/install/fast_lio/include/fast_lio/fast_lio/msg/detail/pose6_d__type_support.cpp
[183.882s] -- Installing: /home/atoz/ros2_ws/install/fast_lio/include/fast_lio/fast_lio/msg/detail/pose6_d__rosidl_typesupport_introspection_cpp.hpp
[183.882s] -- Installing: /home/atoz/ros2_ws/install/fast_lio/lib/libfast_lio__rosidl_typesupport_introspection_cpp.so
[183.882s] -- Set runtime path of "/home/atoz/ros2_ws/install/fast_lio/lib/libfast_lio__rosidl_typesupport_introspection_cpp.so" to ""
[183.882s] -- Installing: /home/atoz/ros2_ws/install/fast_lio/lib/libfast_lio__rosidl_typesupport_cpp.so
[183.883s] -- Set runtime path of "/home/atoz/ros2_ws/install/fast_lio/lib/libfast_lio__rosidl_typesupport_cpp.so" to ""
[183.883s] -- Installing: /home/atoz/ros2_ws/install/fast_lio/share/fast_lio/environment/pythonpath.sh
[183.883s] -- Installing: /home/atoz/ros2_ws/install/fast_lio/share/fast_lio/environment/pythonpath.dsv
[183.883s] -- Installing: /home/atoz/ros2_ws/install/fast_lio/local/lib/python3.10/dist-packages/fast_lio-0.0.0-py3.10.egg-info
[183.884s] -- Installing: /home/atoz/ros2_ws/install/fast_lio/local/lib/python3.10/dist-packages/fast_lio-0.0.0-py3.10.egg-info/dependency_links.txt
[183.884s] -- Installing: /home/atoz/ros2_ws/install/fast_lio/local/lib/python3.10/dist-packages/fast_lio-0.0.0-py3.10.egg-info/top_level.txt
[183.884s] -- Installing: /home/atoz/ros2_ws/install/fast_lio/local/lib/python3.10/dist-packages/fast_lio-0.0.0-py3.10.egg-info/PKG-INFO
[183.884s] -- Installing: /home/atoz/ros2_ws/install/fast_lio/local/lib/python3.10/dist-packages/fast_lio-0.0.0-py3.10.egg-info/SOURCES.txt
[183.885s] -- Installing: /home/atoz/ros2_ws/install/fast_lio/local/lib/python3.10/dist-packages/fast_lio
[183.885s] -- Installing: /home/atoz/ros2_ws/install/fast_lio/local/lib/python3.10/dist-packages/fast_lio/_fast_lio_s.ep.rosidl_typesupport_introspection_c.c
[183.885s] -- Installing: /home/atoz/ros2_ws/install/fast_lio/local/lib/python3.10/dist-packages/fast_lio/msg
[183.885s] -- Installing: /home/atoz/ros2_ws/install/fast_lio/local/lib/python3.10/dist-packages/fast_lio/msg/__init__.py
[183.885s] -- Installing: /home/atoz/ros2_ws/install/fast_lio/local/lib/python3.10/dist-packages/fast_lio/msg/_pose6_d.py
[183.886s] -- Installing: /home/atoz/ros2_ws/install/fast_lio/local/lib/python3.10/dist-packages/fast_lio/msg/_pose6_d_s.c
[183.886s] -- Installing: /home/atoz/ros2_ws/install/fast_lio/local/lib/python3.10/dist-packages/fast_lio/__init__.py
[183.886s] -- Installing: /home/atoz/ros2_ws/install/fast_lio/local/lib/python3.10/dist-packages/fast_lio/fast_lio_s__rosidl_typesupport_fastrtps_c.cpython-310-aarch64-linux-gnu.so
[183.886s] -- Installing: /home/atoz/ros2_ws/install/fast_lio/local/lib/python3.10/dist-packages/fast_lio/fast_lio_s__rosidl_typesupport_c.cpython-310-aarch64-linux-gnu.so
[183.886s] -- Installing: /home/atoz/ros2_ws/install/fast_lio/local/lib/python3.10/dist-packages/fast_lio/fast_lio_s__rosidl_typesupport_introspection_c.cpython-310-aarch64-linux-gnu.so
[183.887s] -- Installing: /home/atoz/ros2_ws/install/fast_lio/local/lib/python3.10/dist-packages/fast_lio/_fast_lio_s.ep.rosidl_typesupport_fastrtps_c.c
[183.887s] -- Installing: /home/atoz/ros2_ws/install/fast_lio/local/lib/python3.10/dist-packages/fast_lio/libfast_lio__rosidl_generator_py.so
[183.887s] -- Installing: /home/atoz/ros2_ws/install/fast_lio/local/lib/python3.10/dist-packages/fast_lio/_fast_lio_s.ep.rosidl_typesupport_c.c
[183.960s] Listing '/home/atoz/ros2_ws/install/fast_lio/local/lib/python3.10/dist-packages/fast_lio'...
[183.960s] Compiling '/home/atoz/ros2_ws/install/fast_lio/local/lib/python3.10/dist-packages/fast_lio/__init__.py'...
[183.961s] Listing '/home/atoz/ros2_ws/install/fast_lio/local/lib/python3.10/dist-packages/fast_lio/msg'...
[183.961s] Compiling '/home/atoz/ros2_ws/install/fast_lio/local/lib/python3.10/dist-packages/fast_lio/msg/__init__.py'...
[183.961s] Compiling '/home/atoz/ros2_ws/install/fast_lio/local/lib/python3.10/dist-packages/fast_lio/msg/_pose6_d.py'...
[183.971s] -- Installing: /home/atoz/ros2_ws/install/fast_lio/local/lib/python3.10/dist-packages/fast_lio/fast_lio_s__rosidl_typesupport_fastrtps_c.cpython-310-aarch64-linux-gnu.so
[183.972s] -- Set runtime path of "/home/atoz/ros2_ws/install/fast_lio/local/lib/python3.10/dist-packages/fast_lio/fast_lio_s__rosidl_typesupport_fastrtps_c.cpython-310-aarch64-linux-gnu.so" to ""
[183.972s] -- Installing: /home/atoz/ros2_ws/install/fast_lio/local/lib/python3.10/dist-packages/fast_lio/fast_lio_s__rosidl_typesupport_introspection_c.cpython-310-aarch64-linux-gnu.so
[183.973s] -- Set runtime path of "/home/atoz/ros2_ws/install/fast_lio/local/lib/python3.10/dist-packages/fast_lio/fast_lio_s__rosidl_typesupport_introspection_c.cpython-310-aarch64-linux-gnu.so" to ""
[183.973s] -- Installing: /home/atoz/ros2_ws/install/fast_lio/local/lib/python3.10/dist-packages/fast_lio/fast_lio_s__rosidl_typesupport_c.cpython-310-aarch64-linux-gnu.so
[183.973s] -- Set runtime path of "/home/atoz/ros2_ws/install/fast_lio/local/lib/python3.10/dist-packages/fast_lio/fast_lio_s__rosidl_typesupport_c.cpython-310-aarch64-linux-gnu.so" to ""
[183.974s] -- Installing: /home/atoz/ros2_ws/install/fast_lio/lib/libfast_lio__rosidl_generator_py.so
[183.974s] -- Set runtime path of "/home/atoz/ros2_ws/install/fast_lio/lib/libfast_lio__rosidl_generator_py.so" to ""
[183.974s] -- Installing: /home/atoz/ros2_ws/install/fast_lio/share/fast_lio/msg/Pose6D.idl
[183.975s] -- Installing: /home/atoz/ros2_ws/install/fast_lio/share/fast_lio/msg/Pose6D.msg
[183.975s] -- Installing: /home/atoz/ros2_ws/install/fast_lio/lib/fast_lio/fastlio_mapping
[183.980s] -- Set runtime path of "/home/atoz/ros2_ws/install/fast_lio/lib/fast_lio/fastlio_mapping" to ""
[183.980s] -- Installing: /home/atoz/ros2_ws/install/fast_lio/share/fast_lio/config
[183.981s] -- Installing: /home/atoz/ros2_ws/install/fast_lio/share/fast_lio/config/velodyne.yaml
[183.981s] -- Installing: /home/atoz/ros2_ws/install/fast_lio/share/fast_lio/config/horizon.yaml
[183.981s] -- Installing: /home/atoz/ros2_ws/install/fast_lio/share/fast_lio/config/ouster64.yaml
[183.982s] -- Installing: /home/atoz/ros2_ws/install/fast_lio/share/fast_lio/config/mid360.yaml
[183.982s] -- Installing: /home/atoz/ros2_ws/install/fast_lio/share/fast_lio/config/avia.yaml
[183.982s] -- Installing: /home/atoz/ros2_ws/install/fast_lio/share/fast_lio/launch
[183.982s] -- Installing: /home/atoz/ros2_ws/install/fast_lio/share/fast_lio/launch/mapping.launch.py
[183.983s] -- Installing: /home/atoz/ros2_ws/install/fast_lio/share/fast_lio/launch/gdb_debug_example.launch
[183.983s] -- Installing: /home/atoz/ros2_ws/install/fast_lio/share/fast_lio/rviz
[183.983s] -- Installing: /home/atoz/ros2_ws/install/fast_lio/share/fast_lio/rviz/fastlio.rviz
[183.984s] -- Installing: /home/atoz/ros2_ws/install/fast_lio/share/ament_index/resource_index/package_run_dependencies/fast_lio
[183.984s] -- Installing: /home/atoz/ros2_ws/install/fast_lio/share/ament_index/resource_index/parent_prefix_path/fast_lio
[183.984s] -- Installing: /home/atoz/ros2_ws/install/fast_lio/share/fast_lio/environment/ament_prefix_path.sh
[183.984s] -- Installing: /home/atoz/ros2_ws/install/fast_lio/share/fast_lio/environment/ament_prefix_path.dsv
[183.985s] -- Installing: /home/atoz/ros2_ws/install/fast_lio/share/fast_lio/environment/path.sh
[183.985s] -- Installing: /home/atoz/ros2_ws/install/fast_lio/share/fast_lio/environment/path.dsv
[183.985s] -- Installing: /home/atoz/ros2_ws/install/fast_lio/share/fast_lio/local_setup.bash
[183.986s] -- Installing: /home/atoz/ros2_ws/install/fast_lio/share/fast_lio/local_setup.sh
[183.986s] -- Installing: /home/atoz/ros2_ws/install/fast_lio/share/fast_lio/local_setup.zsh
[183.986s] -- Installing: /home/atoz/ros2_ws/install/fast_lio/share/fast_lio/local_setup.dsv
[183.986s] -- Installing: /home/atoz/ros2_ws/install/fast_lio/share/fast_lio/package.dsv
[183.987s] -- Installing: /home/atoz/ros2_ws/install/fast_lio/share/ament_index/resource_index/packages/fast_lio
[183.987s] -- Installing: /home/atoz/ros2_ws/install/fast_lio/share/fast_lio/cmake/export_fast_lio__rosidl_generator_cExport.cmake
[183.987s] -- Installing: /home/atoz/ros2_ws/install/fast_lio/share/fast_lio/cmake/export_fast_lio__rosidl_generator_cExport-release.cmake
[183.988s] -- Installing: /home/atoz/ros2_ws/install/fast_lio/share/fast_lio/cmake/export_fast_lio__rosidl_typesupport_fastrtps_cExport.cmake
[183.988s] -- Installing: /home/atoz/ros2_ws/install/fast_lio/share/fast_lio/cmake/export_fast_lio__rosidl_typesupport_fastrtps_cExport-release.cmake
[183.988s] -- Installing: /home/atoz/ros2_ws/install/fast_lio/share/fast_lio/cmake/export_fast_lio__rosidl_generator_cppExport.cmake
[183.988s] -- Installing: /home/atoz/ros2_ws/install/fast_lio/share/fast_lio/cmake/export_fast_lio__rosidl_typesupport_fastrtps_cppExport.cmake
[183.989s] -- Installing: /home/atoz/ros2_ws/install/fast_lio/share/fast_lio/cmake/export_fast_lio__rosidl_typesupport_fastrtps_cppExport-release.cmake
[183.989s] -- Installing: /home/atoz/ros2_ws/install/fast_lio/share/fast_lio/cmake/fast_lio__rosidl_typesupport_introspection_cExport.cmake
[183.989s] -- Installing: /home/atoz/ros2_ws/install/fast_lio/share/fast_lio/cmake/fast_lio__rosidl_typesupport_introspection_cExport-release.cmake
[183.989s] -- Installing: /home/atoz/ros2_ws/install/fast_lio/share/fast_lio/cmake/fast_lio__rosidl_typesupport_cExport.cmake
[183.990s] -- Installing: /home/atoz/ros2_ws/install/fast_lio/share/fast_lio/cmake/fast_lio__rosidl_typesupport_cExport-release.cmake
[183.990s] -- Installing: /home/atoz/ros2_ws/install/fast_lio/share/fast_lio/cmake/fast_lio__rosidl_typesupport_introspection_cppExport.cmake
[183.990s] -- Installing: /home/atoz/ros2_ws/install/fast_lio/share/fast_lio/cmake/fast_lio__rosidl_typesupport_introspection_cppExport-release.cmake
[183.991s] -- Installing: /home/atoz/ros2_ws/install/fast_lio/share/fast_lio/cmake/fast_lio__rosidl_typesupport_cppExport.cmake
[183.991s] -- Installing: /home/atoz/ros2_ws/install/fast_lio/share/fast_lio/cmake/fast_lio__rosidl_typesupport_cppExport-release.cmake
[183.991s] -- Installing: /home/atoz/ros2_ws/install/fast_lio/share/fast_lio/cmake/export_fast_lio__rosidl_generator_pyExport.cmake
[183.991s] -- Installing: /home/atoz/ros2_ws/install/fast_lio/share/fast_lio/cmake/export_fast_lio__rosidl_generator_pyExport-release.cmake
[183.992s] -- Installing: /home/atoz/ros2_ws/install/fast_lio/share/fast_lio/cmake/rosidl_cmake-extras.cmake
[183.992s] -- Installing: /home/atoz/ros2_ws/install/fast_lio/share/fast_lio/cmake/ament_cmake_export_include_directories-extras.cmake
[183.992s] -- Installing: /home/atoz/ros2_ws/install/fast_lio/share/fast_lio/cmake/ament_cmake_export_libraries-extras.cmake
[183.993s] -- Installing: /home/atoz/ros2_ws/install/fast_lio/share/fast_lio/cmake/ament_cmake_export_targets-extras.cmake
[183.993s] -- Installing: /home/atoz/ros2_ws/install/fast_lio/share/fast_lio/cmake/rosidl_cmake_export_typesupport_targets-extras.cmake
[183.993s] -- Installing: /home/atoz/ros2_ws/install/fast_lio/share/fast_lio/cmake/ament_cmake_export_dependencies-extras.cmake
[183.993s] -- Installing: /home/atoz/ros2_ws/install/fast_lio/share/fast_lio/cmake/rosidl_cmake_export_typesupport_libraries-extras.cmake
[183.993s] -- Installing: /home/atoz/ros2_ws/install/fast_lio/share/fast_lio/cmake/fast_lioConfig.cmake
[183.994s] -- Installing: /home/atoz/ros2_ws/install/fast_lio/share/fast_lio/cmake/fast_lioConfig-version.cmake
[183.994s] -- Installing: /home/atoz/ros2_ws/install/fast_lio/share/fast_lio/package.xml
[184.000s] Invoked command in '/home/atoz/ros2_ws/build/fast_lio' returned '0': CMAKE_PREFIX_PATH=/home/atoz/ros2_ws/install/livox_ros_driver2:/home/atoz/ros2_ws/install/fast_lio:/home/atoz/ros2_ws/install/pwm_ctrl:/home/atoz/ros2_ws/install/my_octomap:/opt/ros/humble LD_LIBRARY_PATH=/home/atoz/ros2_ws/install/livox_ros_driver2/lib:/home/atoz/ros2_ws/install/livox_sdk2/lib:/home/atoz/ros2_ws/install/fast_lio/lib:/opt/ros/humble/opt/rviz_ogre_vendor/lib:/opt/ros/humble/lib/aarch64-linux-gnu:/opt/ros/humble/lib /usr/bin/cmake --install /home/atoz/ros2_ws/build/fast_lio
