running develop
running egg_info
creating pwm_ctrl.egg-info
writing pwm_ctrl.egg-info/PKG-INFO
writing dependency_links to pwm_ctrl.egg-info/dependency_links.txt
writing entry points to pwm_ctrl.egg-info/entry_points.txt
writing requirements to pwm_ctrl.egg-info/requires.txt
writing top-level names to pwm_ctrl.egg-info/top_level.txt
writing manifest file 'pwm_ctrl.egg-info/SOURCES.txt'
reading manifest file 'pwm_ctrl.egg-info/SOURCES.txt'
writing manifest file 'pwm_ctrl.egg-info/SOURCES.txt'
running build_ext
Creating /home/atoz/ros2_ws/install/pwm_ctrl/lib/python3.10/site-packages/pwm-ctrl.egg-link (link to .)
Installing servo_pwm_node script to /home/atoz/ros2_ws/install/pwm_ctrl/lib/pwm_ctrl

Installed /home/atoz/ros2_ws/build/pwm_ctrl
running symlink_data
creating /home/atoz/ros2_ws/install/pwm_ctrl/share/ament_index
creating /home/atoz/ros2_ws/install/pwm_ctrl/share/ament_index/resource_index
creating /home/atoz/ros2_ws/install/pwm_ctrl/share/ament_index/resource_index/packages
symbolically linking /home/atoz/ros2_ws/build/pwm_ctrl/resource/pwm_ctrl -> /home/atoz/ros2_ws/install/pwm_ctrl/share/ament_index/resource_index/packages
symbolically linking /home/atoz/ros2_ws/build/pwm_ctrl/package.xml -> /home/atoz/ros2_ws/install/pwm_ctrl/share/pwm_ctrl
