[1.150s] Invoking command in '/home/atoz/ros2_ws/build/pwm_ctrl': PYTHONPATH=/home/atoz/ros2_ws/build/pwm_ctrl/prefix_override:/usr/lib/python3/dist-packages/colcon_core/task/python/colcon_distutils_commands:/home/atoz/ros2_ws/install/pwm_ctrl/lib/python3.10/site-packages:${PYTHONPATH} /usr/bin/python3 -W ignore:setup.py install is deprecated -W ignore:easy_install command is deprecated setup.py develop --editable --build-directory /home/atoz/ros2_ws/build/pwm_ctrl/build --no-deps symlink_data
[1.648s] running develop
[1.948s] running egg_info
[1.949s] creating pwm_ctrl.egg-info
[1.949s] writing pwm_ctrl.egg-info/PKG-INFO
[1.949s] writing dependency_links to pwm_ctrl.egg-info/dependency_links.txt
[1.949s] writing entry points to pwm_ctrl.egg-info/entry_points.txt
[1.950s] writing requirements to pwm_ctrl.egg-info/requires.txt
[1.950s] writing top-level names to pwm_ctrl.egg-info/top_level.txt
[1.950s] writing manifest file 'pwm_ctrl.egg-info/SOURCES.txt'
[1.953s] reading manifest file 'pwm_ctrl.egg-info/SOURCES.txt'
[1.955s] writing manifest file 'pwm_ctrl.egg-info/SOURCES.txt'
[1.957s] running build_ext
[1.958s] Creating /home/atoz/ros2_ws/install/pwm_ctrl/lib/python3.10/site-packages/pwm-ctrl.egg-link (link to .)
[1.959s] Installing servo_pwm_node script to /home/atoz/ros2_ws/install/pwm_ctrl/lib/pwm_ctrl
[1.960s] 
[1.960s] Installed /home/atoz/ros2_ws/build/pwm_ctrl
[1.960s] running symlink_data
[1.960s] creating /home/atoz/ros2_ws/install/pwm_ctrl/share/ament_index
[1.961s] creating /home/atoz/ros2_ws/install/pwm_ctrl/share/ament_index/resource_index
[1.961s] creating /home/atoz/ros2_ws/install/pwm_ctrl/share/ament_index/resource_index/packages
[1.961s] symbolically linking /home/atoz/ros2_ws/build/pwm_ctrl/resource/pwm_ctrl -> /home/atoz/ros2_ws/install/pwm_ctrl/share/ament_index/resource_index/packages
[1.961s] symbolically linking /home/atoz/ros2_ws/build/pwm_ctrl/package.xml -> /home/atoz/ros2_ws/install/pwm_ctrl/share/pwm_ctrl
[2.038s] Invoked command in '/home/atoz/ros2_ws/build/pwm_ctrl' returned '0': PYTHONPATH=/home/atoz/ros2_ws/build/pwm_ctrl/prefix_override:/usr/lib/python3/dist-packages/colcon_core/task/python/colcon_distutils_commands:/home/atoz/ros2_ws/install/pwm_ctrl/lib/python3.10/site-packages:${PYTHONPATH} /usr/bin/python3 -W ignore:setup.py install is deprecated -W ignore:easy_install command is deprecated setup.py develop --editable --build-directory /home/atoz/ros2_ws/build/pwm_ctrl/build --no-deps symlink_data
