[0.347s] DEBUG:colcon:Command line arguments: ['/usr/bin/colcon', 'build']
[0.347s] DEBUG:colcon:Parsed command line arguments: Namespace(log_base=None, log_level=None, verb_name='build', build_base='build', install_base='install', merge_install=False, symlink_install=False, test_result_base=None, continue_on_error=False, executor='parallel', parallel_workers=8, event_handlers=None, ignore_user_meta=False, metas=['./colcon.meta'], base_paths=['.'], packages_ignore=None, packages_ignore_regex=None, paths=None, packages_up_to=None, packages_up_to_regex=None, packages_above=None, packages_above_and_dependencies=None, packages_above_depth=None, packages_select_by_dep=None, packages_skip_by_dep=None, packages_skip_up_to=None, packages_select_build_failed=False, packages_skip_build_finished=False, packages_select_test_failures=False, packages_skip_test_passed=False, packages_select=None, packages_skip=None, packages_select_regex=None, packages_skip_regex=None, packages_start=None, packages_end=None, allow_overriding=[], cmake_args=None, cmake_target=None, cmake_target_skip_unavailable=False, cmake_clean_cache=False, cmake_clean_first=False, cmake_force_configure=False, ament_cmake_args=None, catkin_cmake_args=None, catkin_skip_building_tests=False, verb_parser=<colcon_defaults.argument_parser.defaults.DefaultArgumentsDecorator object at 0xffffa64787f0>, verb_extension=<colcon_core.verb.build.BuildVerb object at 0xffffa6645c60>, main=<bound method BuildVerb.main of <colcon_core.verb.build.BuildVerb object at 0xffffa6645c60>>)
[0.752s] Level 1:colcon.colcon_core.package_discovery:discover_packages(colcon_meta) check parameters
[0.753s] Level 1:colcon.colcon_core.package_discovery:discover_packages(recursive) check parameters
[0.753s] Level 1:colcon.colcon_core.package_discovery:discover_packages(ignore) check parameters
[0.753s] Level 1:colcon.colcon_core.package_discovery:discover_packages(path) check parameters
[0.753s] Level 1:colcon.colcon_core.package_discovery:discover_packages(colcon_meta) discover
[0.753s] Level 1:colcon.colcon_core.package_discovery:discover_packages(recursive) discover
[0.753s] INFO:colcon.colcon_core.package_discovery:Crawling recursively for packages in '/home/atoz/ros2_ws'
[0.753s] Level 1:colcon.colcon_core.package_identification:_identify(.) by extensions ['ignore', 'ignore_ament_install']
[0.754s] Level 1:colcon.colcon_core.package_identification:_identify(.) by extension 'ignore'
[0.754s] Level 1:colcon.colcon_core.package_identification:_identify(.) by extension 'ignore_ament_install'
[0.754s] Level 1:colcon.colcon_core.package_identification:_identify(.) by extensions ['colcon_pkg']
[0.754s] Level 1:colcon.colcon_core.package_identification:_identify(.) by extension 'colcon_pkg'
[0.755s] Level 1:colcon.colcon_core.package_identification:_identify(.) by extensions ['colcon_meta']
[0.755s] Level 1:colcon.colcon_core.package_identification:_identify(.) by extension 'colcon_meta'
[0.755s] Level 1:colcon.colcon_core.package_identification:_identify(.) by extensions ['ros']
[0.755s] Level 1:colcon.colcon_core.package_identification:_identify(.) by extension 'ros'
[0.783s] Level 1:colcon.colcon_core.package_identification:_identify(.) by extensions ['cmake', 'python']
[0.784s] Level 1:colcon.colcon_core.package_identification:_identify(.) by extension 'cmake'
[0.784s] Level 1:colcon.colcon_core.package_identification:_identify(.) by extension 'python'
[0.784s] Level 1:colcon.colcon_core.package_identification:_identify(.) by extensions ['python_setup_py']
[0.784s] Level 1:colcon.colcon_core.package_identification:_identify(.) by extension 'python_setup_py'
[0.784s] Level 1:colcon.colcon_core.package_identification:_identify(build) by extensions ['ignore', 'ignore_ament_install']
[0.784s] Level 1:colcon.colcon_core.package_identification:_identify(build) by extension 'ignore'
[0.785s] Level 1:colcon.colcon_core.package_identification:_identify(build) ignored
[0.785s] Level 1:colcon.colcon_core.package_identification:_identify(install) by extensions ['ignore', 'ignore_ament_install']
[0.785s] Level 1:colcon.colcon_core.package_identification:_identify(install) by extension 'ignore'
[0.785s] Level 1:colcon.colcon_core.package_identification:_identify(install) ignored
[0.785s] Level 1:colcon.colcon_core.package_identification:_identify(log) by extensions ['ignore', 'ignore_ament_install']
[0.786s] Level 1:colcon.colcon_core.package_identification:_identify(log) by extension 'ignore'
[0.786s] Level 1:colcon.colcon_core.package_identification:_identify(log) ignored
[0.786s] Level 1:colcon.colcon_core.package_identification:_identify(src) by extensions ['ignore', 'ignore_ament_install']
[0.786s] Level 1:colcon.colcon_core.package_identification:_identify(src) by extension 'ignore'
[0.786s] Level 1:colcon.colcon_core.package_identification:_identify(src) by extension 'ignore_ament_install'
[0.787s] Level 1:colcon.colcon_core.package_identification:_identify(src) by extensions ['colcon_pkg']
[0.787s] Level 1:colcon.colcon_core.package_identification:_identify(src) by extension 'colcon_pkg'
[0.787s] Level 1:colcon.colcon_core.package_identification:_identify(src) by extensions ['colcon_meta']
[0.787s] Level 1:colcon.colcon_core.package_identification:_identify(src) by extension 'colcon_meta'
[0.787s] Level 1:colcon.colcon_core.package_identification:_identify(src) by extensions ['ros']
[0.787s] Level 1:colcon.colcon_core.package_identification:_identify(src) by extension 'ros'
[0.787s] Level 1:colcon.colcon_core.package_identification:_identify(src) by extensions ['cmake', 'python']
[0.787s] Level 1:colcon.colcon_core.package_identification:_identify(src) by extension 'cmake'
[0.787s] Level 1:colcon.colcon_core.package_identification:_identify(src) by extension 'python'
[0.787s] Level 1:colcon.colcon_core.package_identification:_identify(src) by extensions ['python_setup_py']
[0.787s] Level 1:colcon.colcon_core.package_identification:_identify(src) by extension 'python_setup_py'
[0.788s] Level 1:colcon.colcon_core.package_identification:_identify(src/pwm_ctrl) by extensions ['ignore', 'ignore_ament_install']
[0.788s] Level 1:colcon.colcon_core.package_identification:_identify(src/pwm_ctrl) by extension 'ignore'
[0.788s] Level 1:colcon.colcon_core.package_identification:_identify(src/pwm_ctrl) by extension 'ignore_ament_install'
[0.788s] Level 1:colcon.colcon_core.package_identification:_identify(src/pwm_ctrl) by extensions ['colcon_pkg']
[0.788s] Level 1:colcon.colcon_core.package_identification:_identify(src/pwm_ctrl) by extension 'colcon_pkg'
[0.788s] Level 1:colcon.colcon_core.package_identification:_identify(src/pwm_ctrl) by extensions ['colcon_meta']
[0.788s] Level 1:colcon.colcon_core.package_identification:_identify(src/pwm_ctrl) by extension 'colcon_meta'
[0.789s] Level 1:colcon.colcon_core.package_identification:_identify(src/pwm_ctrl) by extensions ['ros']
[0.789s] Level 1:colcon.colcon_core.package_identification:_identify(src/pwm_ctrl) by extension 'ros'
[0.795s] DEBUG:colcon.colcon_core.package_identification:Package 'src/pwm_ctrl' with type 'ros.ament_python' and name 'pwm_ctrl'
[0.795s] Level 1:colcon.colcon_core.package_discovery:discover_packages(recursive) using defaults
[0.795s] Level 1:colcon.colcon_core.package_discovery:discover_packages(ignore) discover
[0.795s] Level 1:colcon.colcon_core.package_discovery:discover_packages(ignore) using defaults
[0.795s] Level 1:colcon.colcon_core.package_discovery:discover_packages(path) discover
[0.795s] Level 1:colcon.colcon_core.package_discovery:discover_packages(path) using defaults
[0.843s] Level 1:colcon.colcon_core.package_discovery:discover_packages(prefix_path) check parameters
[0.844s] Level 1:colcon.colcon_core.package_discovery:discover_packages(prefix_path) discover
[0.850s] DEBUG:colcon.colcon_installed_package_information.package_discovery:Found 271 installed packages in /opt/ros/humble
[0.852s] Level 1:colcon.colcon_core.package_discovery:discover_packages(prefix_path) using defaults
[0.959s] Level 5:colcon.colcon_core.verb:set package 'pwm_ctrl' build argument 'cmake_args' from command line to 'None'
[0.959s] Level 5:colcon.colcon_core.verb:set package 'pwm_ctrl' build argument 'cmake_target' from command line to 'None'
[0.959s] Level 5:colcon.colcon_core.verb:set package 'pwm_ctrl' build argument 'cmake_target_skip_unavailable' from command line to 'False'
[0.959s] Level 5:colcon.colcon_core.verb:set package 'pwm_ctrl' build argument 'cmake_clean_cache' from command line to 'False'
[0.959s] Level 5:colcon.colcon_core.verb:set package 'pwm_ctrl' build argument 'cmake_clean_first' from command line to 'False'
[0.959s] Level 5:colcon.colcon_core.verb:set package 'pwm_ctrl' build argument 'cmake_force_configure' from command line to 'False'
[0.959s] Level 5:colcon.colcon_core.verb:set package 'pwm_ctrl' build argument 'ament_cmake_args' from command line to 'None'
[0.959s] Level 5:colcon.colcon_core.verb:set package 'pwm_ctrl' build argument 'catkin_cmake_args' from command line to 'None'
[0.959s] Level 5:colcon.colcon_core.verb:set package 'pwm_ctrl' build argument 'catkin_skip_building_tests' from command line to 'False'
[0.960s] DEBUG:colcon.colcon_core.verb:Building package 'pwm_ctrl' with the following arguments: {'ament_cmake_args': None, 'build_base': '/home/atoz/ros2_ws/build/pwm_ctrl', 'catkin_cmake_args': None, 'catkin_skip_building_tests': False, 'cmake_args': None, 'cmake_clean_cache': False, 'cmake_clean_first': False, 'cmake_force_configure': False, 'cmake_target': None, 'cmake_target_skip_unavailable': False, 'install_base': '/home/atoz/ros2_ws/install/pwm_ctrl', 'merge_install': False, 'path': '/home/atoz/ros2_ws/src/pwm_ctrl', 'symlink_install': False, 'test_result_base': None}
[0.960s] INFO:colcon.colcon_core.executor:Executing jobs using 'parallel' executor
[0.962s] DEBUG:colcon.colcon_parallel_executor.executor.parallel:run_until_complete
[0.963s] INFO:colcon.colcon_ros.task.ament_python.build:Building ROS package in '/home/atoz/ros2_ws/src/pwm_ctrl' with build type 'ament_python'
[0.963s] Level 1:colcon.colcon_core.shell:create_environment_hook('pwm_ctrl', 'ament_prefix_path')
[0.969s] INFO:colcon.colcon_core.plugin_system:Skipping extension 'colcon_core.shell.bat': Not used on non-Windows systems
[0.970s] INFO:colcon.colcon_core.shell:Creating environment hook '/home/atoz/ros2_ws/install/pwm_ctrl/share/pwm_ctrl/hook/ament_prefix_path.ps1'
[0.972s] INFO:colcon.colcon_core.shell:Creating environment descriptor '/home/atoz/ros2_ws/install/pwm_ctrl/share/pwm_ctrl/hook/ament_prefix_path.dsv'
[0.973s] INFO:colcon.colcon_core.shell:Creating environment hook '/home/atoz/ros2_ws/install/pwm_ctrl/share/pwm_ctrl/hook/ament_prefix_path.sh'
[0.975s] INFO:colcon.colcon_core.shell:Skip shell extension 'powershell' for command environment: Not usable outside of PowerShell
[0.975s] DEBUG:colcon.colcon_core.shell:Skip shell extension 'dsv' for command environment
[1.487s] INFO:colcon.colcon_core.task.python.build:Building Python package in '/home/atoz/ros2_ws/src/pwm_ctrl'
[1.488s] INFO:colcon.colcon_core.shell:Skip shell extension 'powershell' for command environment: Not usable outside of PowerShell
[1.488s] DEBUG:colcon.colcon_core.shell:Skip shell extension 'dsv' for command environment
[2.218s] DEBUG:colcon.colcon_core.event_handler.log_command:Invoking command in '/home/atoz/ros2_ws/src/pwm_ctrl': PYTHONPATH=/home/atoz/ros2_ws/build/pwm_ctrl/prefix_override:/usr/lib/python3/dist-packages/colcon_core/task/python/colcon_distutils_commands:/home/atoz/ros2_ws/install/pwm_ctrl/lib/python3.10/site-packages:${PYTHONPATH} /usr/bin/python3 -W ignore:setup.py install is deprecated -W ignore:easy_install command is deprecated setup.py egg_info --egg-base ../../build/pwm_ctrl build --build-base /home/atoz/ros2_ws/build/pwm_ctrl/build install --record /home/atoz/ros2_ws/build/pwm_ctrl/install.log --single-version-externally-managed install_data
[2.814s] DEBUG:colcon.colcon_core.event_handler.log_command:Invoked command in '/home/atoz/ros2_ws/src/pwm_ctrl' returned '0': PYTHONPATH=/home/atoz/ros2_ws/build/pwm_ctrl/prefix_override:/usr/lib/python3/dist-packages/colcon_core/task/python/colcon_distutils_commands:/home/atoz/ros2_ws/install/pwm_ctrl/lib/python3.10/site-packages:${PYTHONPATH} /usr/bin/python3 -W ignore:setup.py install is deprecated -W ignore:easy_install command is deprecated setup.py egg_info --egg-base ../../build/pwm_ctrl build --build-base /home/atoz/ros2_ws/build/pwm_ctrl/build install --record /home/atoz/ros2_ws/build/pwm_ctrl/install.log --single-version-externally-managed install_data
[2.824s] Level 1:colcon.colcon_core.environment:checking '/home/atoz/ros2_ws/install/pwm_ctrl' for CMake module files
[2.825s] Level 1:colcon.colcon_core.environment:checking '/home/atoz/ros2_ws/install/pwm_ctrl' for CMake config files
[2.827s] Level 1:colcon.colcon_core.environment:checking '/home/atoz/ros2_ws/install/pwm_ctrl/lib'
[2.827s] Level 1:colcon.colcon_core.environment:checking '/home/atoz/ros2_ws/install/pwm_ctrl/bin'
[2.827s] Level 1:colcon.colcon_core.environment:checking '/home/atoz/ros2_ws/install/pwm_ctrl/lib/pkgconfig/pwm_ctrl.pc'
[2.828s] Level 1:colcon.colcon_core.environment:checking '/home/atoz/ros2_ws/install/pwm_ctrl/lib/python3.10/site-packages'
[2.828s] Level 1:colcon.colcon_core.shell:create_environment_hook('pwm_ctrl', 'pythonpath')
[2.829s] INFO:colcon.colcon_core.shell:Creating environment hook '/home/atoz/ros2_ws/install/pwm_ctrl/share/pwm_ctrl/hook/pythonpath.ps1'
[2.830s] INFO:colcon.colcon_core.shell:Creating environment descriptor '/home/atoz/ros2_ws/install/pwm_ctrl/share/pwm_ctrl/hook/pythonpath.dsv'
[2.831s] INFO:colcon.colcon_core.shell:Creating environment hook '/home/atoz/ros2_ws/install/pwm_ctrl/share/pwm_ctrl/hook/pythonpath.sh'
[2.833s] Level 1:colcon.colcon_core.environment:checking '/home/atoz/ros2_ws/install/pwm_ctrl/bin'
[2.834s] Level 1:colcon.colcon_core.environment:create_environment_scripts_only(pwm_ctrl)
[2.835s] INFO:colcon.colcon_core.shell:Creating package script '/home/atoz/ros2_ws/install/pwm_ctrl/share/pwm_ctrl/package.ps1'
[2.838s] INFO:colcon.colcon_core.shell:Creating package descriptor '/home/atoz/ros2_ws/install/pwm_ctrl/share/pwm_ctrl/package.dsv'
[2.841s] INFO:colcon.colcon_core.shell:Creating package script '/home/atoz/ros2_ws/install/pwm_ctrl/share/pwm_ctrl/package.sh'
[2.843s] INFO:colcon.colcon_core.shell:Creating package script '/home/atoz/ros2_ws/install/pwm_ctrl/share/pwm_ctrl/package.bash'
[2.847s] INFO:colcon.colcon_core.shell:Creating package script '/home/atoz/ros2_ws/install/pwm_ctrl/share/pwm_ctrl/package.zsh'
[2.850s] Level 1:colcon.colcon_core.environment:create_file_with_runtime_dependencies(/home/atoz/ros2_ws/install/pwm_ctrl/share/colcon-core/packages/pwm_ctrl)
[2.851s] DEBUG:colcon.colcon_parallel_executor.executor.parallel:closing loop
[2.852s] DEBUG:colcon.colcon_parallel_executor.executor.parallel:loop closed
[2.852s] DEBUG:colcon.colcon_parallel_executor.executor.parallel:run_until_complete finished with '0'
[2.853s] DEBUG:colcon.colcon_core.event_reactor:joining thread
[2.871s] INFO:colcon.colcon_core.plugin_system:Skipping extension 'colcon_notification.desktop_notification.terminal_notifier': Not used on non-Darwin systems
[2.872s] INFO:colcon.colcon_core.plugin_system:Skipping extension 'colcon_notification.desktop_notification.win32': Not used on non-Windows systems
[2.872s] INFO:colcon.colcon_notification.desktop_notification:Sending desktop notification using 'notify2'
[2.936s] DEBUG:colcon.colcon_core.event_reactor:joined thread
[2.937s] INFO:colcon.colcon_core.shell:Creating prefix script '/home/atoz/ros2_ws/install/local_setup.ps1'
[2.941s] INFO:colcon.colcon_core.shell:Creating prefix util module '/home/atoz/ros2_ws/install/_local_setup_util_ps1.py'
[2.945s] INFO:colcon.colcon_core.shell:Creating prefix chain script '/home/atoz/ros2_ws/install/setup.ps1'
[2.949s] INFO:colcon.colcon_core.shell:Creating prefix script '/home/atoz/ros2_ws/install/local_setup.sh'
[2.951s] INFO:colcon.colcon_core.shell:Creating prefix util module '/home/atoz/ros2_ws/install/_local_setup_util_sh.py'
[2.952s] INFO:colcon.colcon_core.shell:Creating prefix chain script '/home/atoz/ros2_ws/install/setup.sh'
[2.955s] INFO:colcon.colcon_core.shell:Creating prefix script '/home/atoz/ros2_ws/install/local_setup.bash'
[2.957s] INFO:colcon.colcon_core.shell:Creating prefix chain script '/home/atoz/ros2_ws/install/setup.bash'
[2.960s] INFO:colcon.colcon_core.shell:Creating prefix script '/home/atoz/ros2_ws/install/local_setup.zsh'
[2.961s] INFO:colcon.colcon_core.shell:Creating prefix chain script '/home/atoz/ros2_ws/install/setup.zsh'
