[0.055s] Invoking command in '/home/atoz/ros2_ws/build/livox_sdk2': /usr/bin/cmake /home/atoz/ros2_ws/src/Livox-SDK2 -DCMAKE_INSTALL_PREFIX=/home/atoz/ros2_ws/install/livox_sdk2
[0.621s] -- main project dir: /home/atoz/ros2_ws/src/Livox-SDK2
[0.621s] -- main project dir: /home/atoz/ros2_ws/src/Livox-SDK2/samples
[0.621s] -- Configuring done
[0.621s] -- Generating done
[0.622s] -- Build files have been written to: /home/atoz/ros2_ws/build/livox_sdk2
[1.167s] Invoked command in '/home/atoz/ros2_ws/build/livox_sdk2' returned '0': /usr/bin/cmake /home/atoz/ros2_ws/src/Livox-SDK2 -DCMAKE_INSTALL_PREFIX=/home/atoz/ros2_ws/install/livox_sdk2
[1.171s] Invoking command in '/home/atoz/ros2_ws/build/livox_sdk2': /usr/bin/cmake --build /home/atoz/ros2_ws/build/livox_sdk2 -- -j8 -l8
[1.287s] [35m[1mConsolidate compiler generated dependencies of target livox_lidar_sdk_static[0m
[1.298s] [35m[1mConsolidate compiler generated dependencies of target livox_lidar_sdk_shared[0m
[1.397s] [ 42%] Built target livox_lidar_sdk_static
[1.401s] [ 84%] Built target livox_lidar_sdk_shared
[1.419s] [35m[1mConsolidate compiler generated dependencies of target logger[0m
[1.419s] [35m[1mConsolidate compiler generated dependencies of target livox_lidar_quick_start[0m
[1.429s] [35m[1mConsolidate compiler generated dependencies of target debug_point_cloud[0m
[1.436s] [35m[1mConsolidate compiler generated dependencies of target lidar_cmd_observer[0m
[1.441s] [35m[1mConsolidate compiler generated dependencies of target livox_lidar_rmc_time_sync[0m
[1.442s] [35m[1mConsolidate compiler generated dependencies of target multi_lidars_upgrade[0m
[1.462s] [ 87%] Built target lidar_cmd_observer
[1.463s] [ 89%] Built target logger
[1.465s] [ 91%] Built target livox_lidar_quick_start
[1.467s] [ 93%] Built target debug_point_cloud
[1.482s] [ 97%] Built target livox_lidar_rmc_time_sync
[1.485s] [100%] Built target multi_lidars_upgrade
[1.517s] Invoked command in '/home/atoz/ros2_ws/build/livox_sdk2' returned '0': /usr/bin/cmake --build /home/atoz/ros2_ws/build/livox_sdk2 -- -j8 -l8
[1.538s] Invoking command in '/home/atoz/ros2_ws/build/livox_sdk2': /usr/bin/cmake --install /home/atoz/ros2_ws/build/livox_sdk2
[1.555s] -- Install configuration: ""
[1.555s] -- Up-to-date: /home/atoz/ros2_ws/install/livox_sdk2/lib/liblivox_lidar_sdk_static.a
[1.555s] -- Up-to-date: /home/atoz/ros2_ws/install/livox_sdk2/include/livox_lidar_def.h
[1.556s] -- Up-to-date: /home/atoz/ros2_ws/install/livox_sdk2/include/livox_lidar_api.h
[1.556s] -- Up-to-date: /home/atoz/ros2_ws/install/livox_sdk2/include/livox_lidar_cfg.h
[1.556s] -- Up-to-date: /home/atoz/ros2_ws/install/livox_sdk2/lib/liblivox_lidar_sdk_shared.so
[1.561s] Invoked command in '/home/atoz/ros2_ws/build/livox_sdk2' returned '0': /usr/bin/cmake --install /home/atoz/ros2_ws/build/livox_sdk2
