[0.214s] DEBUG:colcon:Command line arguments: ['/usr/bin/colcon', 'build']
[0.214s] DEBUG:colcon:Parsed command line arguments: Namespace(log_base=None, log_level=None, verb_name='build', build_base='build', install_base='install', merge_install=False, symlink_install=False, test_result_base=None, continue_on_error=False, executor='parallel', parallel_workers=8, event_handlers=None, ignore_user_meta=False, metas=['./colcon.meta'], base_paths=['.'], packages_ignore=None, packages_ignore_regex=None, paths=None, packages_up_to=None, packages_up_to_regex=None, packages_above=None, packages_above_and_dependencies=None, packages_above_depth=None, packages_select_by_dep=None, packages_skip_by_dep=None, packages_skip_up_to=None, packages_select_build_failed=False, packages_skip_build_finished=False, packages_select_test_failures=False, packages_skip_test_passed=False, packages_select=None, packages_skip=None, packages_select_regex=None, packages_skip_regex=None, packages_start=None, packages_end=None, allow_overriding=[], cmake_args=None, cmake_target=None, cmake_target_skip_unavailable=False, cmake_clean_cache=False, cmake_clean_first=False, cmake_force_configure=False, ament_cmake_args=None, catkin_cmake_args=None, catkin_skip_building_tests=False, verb_parser=<colcon_defaults.argument_parser.defaults.DefaultArgumentsDecorator object at 0xffff93314a60>, verb_extension=<colcon_core.verb.build.BuildVerb object at 0xffff934e9db0>, main=<bound method BuildVerb.main of <colcon_core.verb.build.BuildVerb object at 0xffff934e9db0>>)
[0.546s] Level 1:colcon.colcon_core.package_discovery:discover_packages(colcon_meta) check parameters
[0.547s] Level 1:colcon.colcon_core.package_discovery:discover_packages(recursive) check parameters
[0.547s] Level 1:colcon.colcon_core.package_discovery:discover_packages(ignore) check parameters
[0.547s] Level 1:colcon.colcon_core.package_discovery:discover_packages(path) check parameters
[0.547s] Level 1:colcon.colcon_core.package_discovery:discover_packages(colcon_meta) discover
[0.547s] Level 1:colcon.colcon_core.package_discovery:discover_packages(recursive) discover
[0.547s] INFO:colcon.colcon_core.package_discovery:Crawling recursively for packages in '/home/atoz/ros2_ws'
[0.547s] Level 1:colcon.colcon_core.package_identification:_identify(.) by extensions ['ignore', 'ignore_ament_install']
[0.548s] Level 1:colcon.colcon_core.package_identification:_identify(.) by extension 'ignore'
[0.548s] Level 1:colcon.colcon_core.package_identification:_identify(.) by extension 'ignore_ament_install'
[0.548s] Level 1:colcon.colcon_core.package_identification:_identify(.) by extensions ['colcon_pkg']
[0.548s] Level 1:colcon.colcon_core.package_identification:_identify(.) by extension 'colcon_pkg'
[0.548s] Level 1:colcon.colcon_core.package_identification:_identify(.) by extensions ['colcon_meta']
[0.548s] Level 1:colcon.colcon_core.package_identification:_identify(.) by extension 'colcon_meta'
[0.548s] Level 1:colcon.colcon_core.package_identification:_identify(.) by extensions ['ros']
[0.548s] Level 1:colcon.colcon_core.package_identification:_identify(.) by extension 'ros'
[0.572s] Level 1:colcon.colcon_core.package_identification:_identify(.) by extensions ['cmake', 'python']
[0.572s] Level 1:colcon.colcon_core.package_identification:_identify(.) by extension 'cmake'
[0.572s] Level 1:colcon.colcon_core.package_identification:_identify(.) by extension 'python'
[0.572s] Level 1:colcon.colcon_core.package_identification:_identify(.) by extensions ['python_setup_py']
[0.572s] Level 1:colcon.colcon_core.package_identification:_identify(.) by extension 'python_setup_py'
[0.573s] Level 1:colcon.colcon_core.package_identification:_identify(build) by extensions ['ignore', 'ignore_ament_install']
[0.573s] Level 1:colcon.colcon_core.package_identification:_identify(build) by extension 'ignore'
[0.573s] Level 1:colcon.colcon_core.package_identification:_identify(build) ignored
[0.573s] Level 1:colcon.colcon_core.package_identification:_identify(install) by extensions ['ignore', 'ignore_ament_install']
[0.573s] Level 1:colcon.colcon_core.package_identification:_identify(install) by extension 'ignore'
[0.574s] Level 1:colcon.colcon_core.package_identification:_identify(install) ignored
[0.574s] Level 1:colcon.colcon_core.package_identification:_identify(log) by extensions ['ignore', 'ignore_ament_install']
[0.574s] Level 1:colcon.colcon_core.package_identification:_identify(log) by extension 'ignore'
[0.574s] Level 1:colcon.colcon_core.package_identification:_identify(log) ignored
[0.574s] Level 1:colcon.colcon_core.package_identification:_identify(src) by extensions ['ignore', 'ignore_ament_install']
[0.574s] Level 1:colcon.colcon_core.package_identification:_identify(src) by extension 'ignore'
[0.575s] Level 1:colcon.colcon_core.package_identification:_identify(src) by extension 'ignore_ament_install'
[0.575s] Level 1:colcon.colcon_core.package_identification:_identify(src) by extensions ['colcon_pkg']
[0.575s] Level 1:colcon.colcon_core.package_identification:_identify(src) by extension 'colcon_pkg'
[0.575s] Level 1:colcon.colcon_core.package_identification:_identify(src) by extensions ['colcon_meta']
[0.575s] Level 1:colcon.colcon_core.package_identification:_identify(src) by extension 'colcon_meta'
[0.575s] Level 1:colcon.colcon_core.package_identification:_identify(src) by extensions ['ros']
[0.575s] Level 1:colcon.colcon_core.package_identification:_identify(src) by extension 'ros'
[0.575s] Level 1:colcon.colcon_core.package_identification:_identify(src) by extensions ['cmake', 'python']
[0.575s] Level 1:colcon.colcon_core.package_identification:_identify(src) by extension 'cmake'
[0.575s] Level 1:colcon.colcon_core.package_identification:_identify(src) by extension 'python'
[0.575s] Level 1:colcon.colcon_core.package_identification:_identify(src) by extensions ['python_setup_py']
[0.576s] Level 1:colcon.colcon_core.package_identification:_identify(src) by extension 'python_setup_py'
[0.576s] Level 1:colcon.colcon_core.package_identification:_identify(src/FAST_LIO_ROS2) by extensions ['ignore', 'ignore_ament_install']
[0.576s] Level 1:colcon.colcon_core.package_identification:_identify(src/FAST_LIO_ROS2) by extension 'ignore'
[0.576s] Level 1:colcon.colcon_core.package_identification:_identify(src/FAST_LIO_ROS2) by extension 'ignore_ament_install'
[0.576s] Level 1:colcon.colcon_core.package_identification:_identify(src/FAST_LIO_ROS2) by extensions ['colcon_pkg']
[0.576s] Level 1:colcon.colcon_core.package_identification:_identify(src/FAST_LIO_ROS2) by extension 'colcon_pkg'
[0.576s] Level 1:colcon.colcon_core.package_identification:_identify(src/FAST_LIO_ROS2) by extensions ['colcon_meta']
[0.576s] Level 1:colcon.colcon_core.package_identification:_identify(src/FAST_LIO_ROS2) by extension 'colcon_meta'
[0.576s] Level 1:colcon.colcon_core.package_identification:_identify(src/FAST_LIO_ROS2) by extensions ['ros']
[0.576s] Level 1:colcon.colcon_core.package_identification:_identify(src/FAST_LIO_ROS2) by extension 'ros'
[0.583s] DEBUG:colcon.colcon_core.package_identification:Package 'src/FAST_LIO_ROS2' with type 'ros.ament_cmake' and name 'fast_lio'
[0.583s] Level 1:colcon.colcon_core.package_identification:_identify(src/Livox-SDK2) by extensions ['ignore', 'ignore_ament_install']
[0.583s] Level 1:colcon.colcon_core.package_identification:_identify(src/Livox-SDK2) by extension 'ignore'
[0.584s] Level 1:colcon.colcon_core.package_identification:_identify(src/Livox-SDK2) by extension 'ignore_ament_install'
[0.584s] Level 1:colcon.colcon_core.package_identification:_identify(src/Livox-SDK2) by extensions ['colcon_pkg']
[0.584s] Level 1:colcon.colcon_core.package_identification:_identify(src/Livox-SDK2) by extension 'colcon_pkg'
[0.584s] Level 1:colcon.colcon_core.package_identification:_identify(src/Livox-SDK2) by extensions ['colcon_meta']
[0.584s] Level 1:colcon.colcon_core.package_identification:_identify(src/Livox-SDK2) by extension 'colcon_meta'
[0.584s] Level 1:colcon.colcon_core.package_identification:_identify(src/Livox-SDK2) by extensions ['ros']
[0.584s] Level 1:colcon.colcon_core.package_identification:_identify(src/Livox-SDK2) by extension 'ros'
[0.584s] Level 1:colcon.colcon_core.package_identification:_identify(src/Livox-SDK2) by extensions ['cmake', 'python']
[0.584s] Level 1:colcon.colcon_core.package_identification:_identify(src/Livox-SDK2) by extension 'cmake'
[0.606s] Level 1:colcon.colcon_core.package_identification:_identify(src/Livox-SDK2) by extension 'python'
[0.606s] DEBUG:colcon.colcon_core.package_identification:Package 'src/Livox-SDK2' with type 'cmake' and name 'livox_sdk2'
[0.606s] Level 1:colcon.colcon_core.package_identification:_identify(src/livox_ros_driver2) by extensions ['ignore', 'ignore_ament_install']
[0.607s] Level 1:colcon.colcon_core.package_identification:_identify(src/livox_ros_driver2) by extension 'ignore'
[0.607s] Level 1:colcon.colcon_core.package_identification:_identify(src/livox_ros_driver2) by extension 'ignore_ament_install'
[0.607s] Level 1:colcon.colcon_core.package_identification:_identify(src/livox_ros_driver2) by extensions ['colcon_pkg']
[0.607s] Level 1:colcon.colcon_core.package_identification:_identify(src/livox_ros_driver2) by extension 'colcon_pkg'
[0.607s] Level 1:colcon.colcon_core.package_identification:_identify(src/livox_ros_driver2) by extensions ['colcon_meta']
[0.607s] Level 1:colcon.colcon_core.package_identification:_identify(src/livox_ros_driver2) by extension 'colcon_meta'
[0.607s] Level 1:colcon.colcon_core.package_identification:_identify(src/livox_ros_driver2) by extensions ['ros']
[0.607s] Level 1:colcon.colcon_core.package_identification:_identify(src/livox_ros_driver2) by extension 'ros'
[0.610s] DEBUG:colcon.colcon_core.package_identification:Package 'src/livox_ros_driver2' with type 'ros.ament_cmake' and name 'livox_ros_driver2'
[0.610s] Level 1:colcon.colcon_core.package_identification:_identify(src/my_octomap) by extensions ['ignore', 'ignore_ament_install']
[0.610s] Level 1:colcon.colcon_core.package_identification:_identify(src/my_octomap) by extension 'ignore'
[0.610s] Level 1:colcon.colcon_core.package_identification:_identify(src/my_octomap) by extension 'ignore_ament_install'
[0.610s] Level 1:colcon.colcon_core.package_identification:_identify(src/my_octomap) by extensions ['colcon_pkg']
[0.611s] Level 1:colcon.colcon_core.package_identification:_identify(src/my_octomap) by extension 'colcon_pkg'
[0.611s] Level 1:colcon.colcon_core.package_identification:_identify(src/my_octomap) by extensions ['colcon_meta']
[0.611s] Level 1:colcon.colcon_core.package_identification:_identify(src/my_octomap) by extension 'colcon_meta'
[0.611s] Level 1:colcon.colcon_core.package_identification:_identify(src/my_octomap) by extensions ['ros']
[0.611s] Level 1:colcon.colcon_core.package_identification:_identify(src/my_octomap) by extension 'ros'
[0.612s] DEBUG:colcon.colcon_core.package_identification:Package 'src/my_octomap' with type 'ros.ament_python' and name 'my_octomap'
[0.612s] Level 1:colcon.colcon_core.package_identification:_identify(src/octomap_mapping) by extensions ['ignore', 'ignore_ament_install']
[0.612s] Level 1:colcon.colcon_core.package_identification:_identify(src/octomap_mapping) by extension 'ignore'
[0.613s] Level 1:colcon.colcon_core.package_identification:_identify(src/octomap_mapping) by extension 'ignore_ament_install'
[0.613s] Level 1:colcon.colcon_core.package_identification:_identify(src/octomap_mapping) by extensions ['colcon_pkg']
[0.613s] Level 1:colcon.colcon_core.package_identification:_identify(src/octomap_mapping) by extension 'colcon_pkg'
[0.613s] Level 1:colcon.colcon_core.package_identification:_identify(src/octomap_mapping) by extensions ['colcon_meta']
[0.613s] Level 1:colcon.colcon_core.package_identification:_identify(src/octomap_mapping) by extension 'colcon_meta'
[0.613s] Level 1:colcon.colcon_core.package_identification:_identify(src/octomap_mapping) by extensions ['ros']
[0.613s] Level 1:colcon.colcon_core.package_identification:_identify(src/octomap_mapping) by extension 'ros'
[0.613s] Level 1:colcon.colcon_core.package_identification:_identify(src/octomap_mapping) by extensions ['cmake', 'python']
[0.613s] Level 1:colcon.colcon_core.package_identification:_identify(src/octomap_mapping) by extension 'cmake'
[0.614s] Level 1:colcon.colcon_core.package_identification:_identify(src/octomap_mapping) by extension 'python'
[0.614s] Level 1:colcon.colcon_core.package_identification:_identify(src/octomap_mapping) by extensions ['python_setup_py']
[0.614s] Level 1:colcon.colcon_core.package_identification:_identify(src/octomap_mapping) by extension 'python_setup_py'
[0.614s] Level 1:colcon.colcon_core.package_identification:_identify(src/octomap_mapping/octomap_mapping) by extensions ['ignore', 'ignore_ament_install']
[0.614s] Level 1:colcon.colcon_core.package_identification:_identify(src/octomap_mapping/octomap_mapping) by extension 'ignore'
[0.614s] Level 1:colcon.colcon_core.package_identification:_identify(src/octomap_mapping/octomap_mapping) by extension 'ignore_ament_install'
[0.614s] Level 1:colcon.colcon_core.package_identification:_identify(src/octomap_mapping/octomap_mapping) by extensions ['colcon_pkg']
[0.614s] Level 1:colcon.colcon_core.package_identification:_identify(src/octomap_mapping/octomap_mapping) by extension 'colcon_pkg'
[0.614s] Level 1:colcon.colcon_core.package_identification:_identify(src/octomap_mapping/octomap_mapping) by extensions ['colcon_meta']
[0.615s] Level 1:colcon.colcon_core.package_identification:_identify(src/octomap_mapping/octomap_mapping) by extension 'colcon_meta'
[0.615s] Level 1:colcon.colcon_core.package_identification:_identify(src/octomap_mapping/octomap_mapping) by extensions ['ros']
[0.615s] Level 1:colcon.colcon_core.package_identification:_identify(src/octomap_mapping/octomap_mapping) by extension 'ros'
[0.616s] DEBUG:colcon.colcon_core.package_identification:Package 'src/octomap_mapping/octomap_mapping' with type 'ros.ament_cmake' and name 'octomap_mapping'
[0.616s] Level 1:colcon.colcon_core.package_identification:_identify(src/octomap_mapping/octomap_server) by extensions ['ignore', 'ignore_ament_install']
[0.616s] Level 1:colcon.colcon_core.package_identification:_identify(src/octomap_mapping/octomap_server) by extension 'ignore'
[0.616s] Level 1:colcon.colcon_core.package_identification:_identify(src/octomap_mapping/octomap_server) by extension 'ignore_ament_install'
[0.616s] Level 1:colcon.colcon_core.package_identification:_identify(src/octomap_mapping/octomap_server) by extensions ['colcon_pkg']
[0.616s] Level 1:colcon.colcon_core.package_identification:_identify(src/octomap_mapping/octomap_server) by extension 'colcon_pkg'
[0.617s] Level 1:colcon.colcon_core.package_identification:_identify(src/octomap_mapping/octomap_server) by extensions ['colcon_meta']
[0.617s] Level 1:colcon.colcon_core.package_identification:_identify(src/octomap_mapping/octomap_server) by extension 'colcon_meta'
[0.617s] Level 1:colcon.colcon_core.package_identification:_identify(src/octomap_mapping/octomap_server) by extensions ['ros']
[0.617s] Level 1:colcon.colcon_core.package_identification:_identify(src/octomap_mapping/octomap_server) by extension 'ros'
[0.621s] DEBUG:colcon.colcon_core.package_identification:Package 'src/octomap_mapping/octomap_server' with type 'ros.ament_cmake' and name 'octomap_server'
[0.621s] Level 1:colcon.colcon_core.package_identification:_identify(src/pwm_ctrl) by extensions ['ignore', 'ignore_ament_install']
[0.621s] Level 1:colcon.colcon_core.package_identification:_identify(src/pwm_ctrl) by extension 'ignore'
[0.621s] Level 1:colcon.colcon_core.package_identification:_identify(src/pwm_ctrl) by extension 'ignore_ament_install'
[0.621s] Level 1:colcon.colcon_core.package_identification:_identify(src/pwm_ctrl) by extensions ['colcon_pkg']
[0.621s] Level 1:colcon.colcon_core.package_identification:_identify(src/pwm_ctrl) by extension 'colcon_pkg'
[0.621s] Level 1:colcon.colcon_core.package_identification:_identify(src/pwm_ctrl) by extensions ['colcon_meta']
[0.622s] Level 1:colcon.colcon_core.package_identification:_identify(src/pwm_ctrl) by extension 'colcon_meta'
[0.622s] Level 1:colcon.colcon_core.package_identification:_identify(src/pwm_ctrl) by extensions ['ros']
[0.622s] Level 1:colcon.colcon_core.package_identification:_identify(src/pwm_ctrl) by extension 'ros'
[0.623s] DEBUG:colcon.colcon_core.package_identification:Package 'src/pwm_ctrl' with type 'ros.ament_python' and name 'pwm_ctrl'
[0.623s] Level 1:colcon.colcon_core.package_discovery:discover_packages(recursive) using defaults
[0.623s] Level 1:colcon.colcon_core.package_discovery:discover_packages(ignore) discover
[0.623s] Level 1:colcon.colcon_core.package_discovery:discover_packages(ignore) using defaults
[0.623s] Level 1:colcon.colcon_core.package_discovery:discover_packages(path) discover
[0.623s] Level 1:colcon.colcon_core.package_discovery:discover_packages(path) using defaults
[0.666s] Level 1:colcon.colcon_core.package_discovery:discover_packages(prefix_path) check parameters
[0.667s] Level 1:colcon.colcon_core.package_discovery:discover_packages(prefix_path) discover
[0.699s] DEBUG:colcon.colcon_installed_package_information.package_discovery:Found 321 installed packages in /opt/ros/humble
[0.702s] Level 1:colcon.colcon_core.package_discovery:discover_packages(prefix_path) using defaults
[0.787s] Level 5:colcon.colcon_core.verb:set package 'livox_ros_driver2' build argument 'cmake_args' from command line to 'None'
[0.788s] Level 5:colcon.colcon_core.verb:set package 'livox_ros_driver2' build argument 'cmake_target' from command line to 'None'
[0.788s] Level 5:colcon.colcon_core.verb:set package 'livox_ros_driver2' build argument 'cmake_target_skip_unavailable' from command line to 'False'
[0.788s] Level 5:colcon.colcon_core.verb:set package 'livox_ros_driver2' build argument 'cmake_clean_cache' from command line to 'False'
[0.788s] Level 5:colcon.colcon_core.verb:set package 'livox_ros_driver2' build argument 'cmake_clean_first' from command line to 'False'
[0.788s] Level 5:colcon.colcon_core.verb:set package 'livox_ros_driver2' build argument 'cmake_force_configure' from command line to 'False'
[0.788s] Level 5:colcon.colcon_core.verb:set package 'livox_ros_driver2' build argument 'ament_cmake_args' from command line to 'None'
[0.788s] Level 5:colcon.colcon_core.verb:set package 'livox_ros_driver2' build argument 'catkin_cmake_args' from command line to 'None'
[0.788s] Level 5:colcon.colcon_core.verb:set package 'livox_ros_driver2' build argument 'catkin_skip_building_tests' from command line to 'False'
[0.788s] DEBUG:colcon.colcon_core.verb:Building package 'livox_ros_driver2' with the following arguments: {'ament_cmake_args': None, 'build_base': '/home/atoz/ros2_ws/build/livox_ros_driver2', 'catkin_cmake_args': None, 'catkin_skip_building_tests': False, 'cmake_args': None, 'cmake_clean_cache': False, 'cmake_clean_first': False, 'cmake_force_configure': False, 'cmake_target': None, 'cmake_target_skip_unavailable': False, 'install_base': '/home/atoz/ros2_ws/install/livox_ros_driver2', 'merge_install': False, 'path': '/home/atoz/ros2_ws/src/livox_ros_driver2', 'symlink_install': False, 'test_result_base': None}
[0.789s] Level 5:colcon.colcon_core.verb:set package 'livox_sdk2' build argument 'cmake_args' from command line to 'None'
[0.789s] Level 5:colcon.colcon_core.verb:set package 'livox_sdk2' build argument 'cmake_target' from command line to 'None'
[0.789s] Level 5:colcon.colcon_core.verb:set package 'livox_sdk2' build argument 'cmake_target_skip_unavailable' from command line to 'False'
[0.789s] Level 5:colcon.colcon_core.verb:set package 'livox_sdk2' build argument 'cmake_clean_cache' from command line to 'False'
[0.789s] Level 5:colcon.colcon_core.verb:set package 'livox_sdk2' build argument 'cmake_clean_first' from command line to 'False'
[0.789s] Level 5:colcon.colcon_core.verb:set package 'livox_sdk2' build argument 'cmake_force_configure' from command line to 'False'
[0.789s] Level 5:colcon.colcon_core.verb:set package 'livox_sdk2' build argument 'ament_cmake_args' from command line to 'None'
[0.789s] Level 5:colcon.colcon_core.verb:set package 'livox_sdk2' build argument 'catkin_cmake_args' from command line to 'None'
[0.789s] Level 5:colcon.colcon_core.verb:set package 'livox_sdk2' build argument 'catkin_skip_building_tests' from command line to 'False'
[0.789s] DEBUG:colcon.colcon_core.verb:Building package 'livox_sdk2' with the following arguments: {'ament_cmake_args': None, 'build_base': '/home/atoz/ros2_ws/build/livox_sdk2', 'catkin_cmake_args': None, 'catkin_skip_building_tests': False, 'cmake_args': None, 'cmake_clean_cache': False, 'cmake_clean_first': False, 'cmake_force_configure': False, 'cmake_target': None, 'cmake_target_skip_unavailable': False, 'install_base': '/home/atoz/ros2_ws/install/livox_sdk2', 'merge_install': False, 'path': '/home/atoz/ros2_ws/src/Livox-SDK2', 'symlink_install': False, 'test_result_base': None}
[0.790s] Level 5:colcon.colcon_core.verb:set package 'my_octomap' build argument 'cmake_args' from command line to 'None'
[0.790s] Level 5:colcon.colcon_core.verb:set package 'my_octomap' build argument 'cmake_target' from command line to 'None'
[0.790s] Level 5:colcon.colcon_core.verb:set package 'my_octomap' build argument 'cmake_target_skip_unavailable' from command line to 'False'
[0.790s] Level 5:colcon.colcon_core.verb:set package 'my_octomap' build argument 'cmake_clean_cache' from command line to 'False'
[0.790s] Level 5:colcon.colcon_core.verb:set package 'my_octomap' build argument 'cmake_clean_first' from command line to 'False'
[0.790s] Level 5:colcon.colcon_core.verb:set package 'my_octomap' build argument 'cmake_force_configure' from command line to 'False'
[0.790s] Level 5:colcon.colcon_core.verb:set package 'my_octomap' build argument 'ament_cmake_args' from command line to 'None'
[0.790s] Level 5:colcon.colcon_core.verb:set package 'my_octomap' build argument 'catkin_cmake_args' from command line to 'None'
[0.791s] Level 5:colcon.colcon_core.verb:set package 'my_octomap' build argument 'catkin_skip_building_tests' from command line to 'False'
[0.791s] DEBUG:colcon.colcon_core.verb:Building package 'my_octomap' with the following arguments: {'ament_cmake_args': None, 'build_base': '/home/atoz/ros2_ws/build/my_octomap', 'catkin_cmake_args': None, 'catkin_skip_building_tests': False, 'cmake_args': None, 'cmake_clean_cache': False, 'cmake_clean_first': False, 'cmake_force_configure': False, 'cmake_target': None, 'cmake_target_skip_unavailable': False, 'install_base': '/home/atoz/ros2_ws/install/my_octomap', 'merge_install': False, 'path': '/home/atoz/ros2_ws/src/my_octomap', 'symlink_install': False, 'test_result_base': None}
[0.791s] Level 5:colcon.colcon_core.verb:set package 'octomap_server' build argument 'cmake_args' from command line to 'None'
[0.791s] Level 5:colcon.colcon_core.verb:set package 'octomap_server' build argument 'cmake_target' from command line to 'None'
[0.791s] Level 5:colcon.colcon_core.verb:set package 'octomap_server' build argument 'cmake_target_skip_unavailable' from command line to 'False'
[0.791s] Level 5:colcon.colcon_core.verb:set package 'octomap_server' build argument 'cmake_clean_cache' from command line to 'False'
[0.791s] Level 5:colcon.colcon_core.verb:set package 'octomap_server' build argument 'cmake_clean_first' from command line to 'False'
[0.791s] Level 5:colcon.colcon_core.verb:set package 'octomap_server' build argument 'cmake_force_configure' from command line to 'False'
[0.791s] Level 5:colcon.colcon_core.verb:set package 'octomap_server' build argument 'ament_cmake_args' from command line to 'None'
[0.792s] Level 5:colcon.colcon_core.verb:set package 'octomap_server' build argument 'catkin_cmake_args' from command line to 'None'
[0.792s] Level 5:colcon.colcon_core.verb:set package 'octomap_server' build argument 'catkin_skip_building_tests' from command line to 'False'
[0.792s] DEBUG:colcon.colcon_core.verb:Building package 'octomap_server' with the following arguments: {'ament_cmake_args': None, 'build_base': '/home/atoz/ros2_ws/build/octomap_server', 'catkin_cmake_args': None, 'catkin_skip_building_tests': False, 'cmake_args': None, 'cmake_clean_cache': False, 'cmake_clean_first': False, 'cmake_force_configure': False, 'cmake_target': None, 'cmake_target_skip_unavailable': False, 'install_base': '/home/atoz/ros2_ws/install/octomap_server', 'merge_install': False, 'path': '/home/atoz/ros2_ws/src/octomap_mapping/octomap_server', 'symlink_install': False, 'test_result_base': None}
[0.792s] Level 5:colcon.colcon_core.verb:set package 'pwm_ctrl' build argument 'cmake_args' from command line to 'None'
[0.792s] Level 5:colcon.colcon_core.verb:set package 'pwm_ctrl' build argument 'cmake_target' from command line to 'None'
[0.792s] Level 5:colcon.colcon_core.verb:set package 'pwm_ctrl' build argument 'cmake_target_skip_unavailable' from command line to 'False'
[0.792s] Level 5:colcon.colcon_core.verb:set package 'pwm_ctrl' build argument 'cmake_clean_cache' from command line to 'False'
[0.792s] Level 5:colcon.colcon_core.verb:set package 'pwm_ctrl' build argument 'cmake_clean_first' from command line to 'False'
[0.793s] Level 5:colcon.colcon_core.verb:set package 'pwm_ctrl' build argument 'cmake_force_configure' from command line to 'False'
[0.793s] Level 5:colcon.colcon_core.verb:set package 'pwm_ctrl' build argument 'ament_cmake_args' from command line to 'None'
[0.793s] Level 5:colcon.colcon_core.verb:set package 'pwm_ctrl' build argument 'catkin_cmake_args' from command line to 'None'
[0.793s] Level 5:colcon.colcon_core.verb:set package 'pwm_ctrl' build argument 'catkin_skip_building_tests' from command line to 'False'
[0.793s] DEBUG:colcon.colcon_core.verb:Building package 'pwm_ctrl' with the following arguments: {'ament_cmake_args': None, 'build_base': '/home/atoz/ros2_ws/build/pwm_ctrl', 'catkin_cmake_args': None, 'catkin_skip_building_tests': False, 'cmake_args': None, 'cmake_clean_cache': False, 'cmake_clean_first': False, 'cmake_force_configure': False, 'cmake_target': None, 'cmake_target_skip_unavailable': False, 'install_base': '/home/atoz/ros2_ws/install/pwm_ctrl', 'merge_install': False, 'path': '/home/atoz/ros2_ws/src/pwm_ctrl', 'symlink_install': False, 'test_result_base': None}
[0.793s] Level 5:colcon.colcon_core.verb:set package 'fast_lio' build argument 'cmake_args' from command line to 'None'
[0.793s] Level 5:colcon.colcon_core.verb:set package 'fast_lio' build argument 'cmake_target' from command line to 'None'
[0.793s] Level 5:colcon.colcon_core.verb:set package 'fast_lio' build argument 'cmake_target_skip_unavailable' from command line to 'False'
[0.794s] Level 5:colcon.colcon_core.verb:set package 'fast_lio' build argument 'cmake_clean_cache' from command line to 'False'
[0.794s] Level 5:colcon.colcon_core.verb:set package 'fast_lio' build argument 'cmake_clean_first' from command line to 'False'
[0.794s] Level 5:colcon.colcon_core.verb:set package 'fast_lio' build argument 'cmake_force_configure' from command line to 'False'
[0.794s] Level 5:colcon.colcon_core.verb:set package 'fast_lio' build argument 'ament_cmake_args' from command line to 'None'
[0.794s] Level 5:colcon.colcon_core.verb:set package 'fast_lio' build argument 'catkin_cmake_args' from command line to 'None'
[0.794s] Level 5:colcon.colcon_core.verb:set package 'fast_lio' build argument 'catkin_skip_building_tests' from command line to 'False'
[0.794s] DEBUG:colcon.colcon_core.verb:Building package 'fast_lio' with the following arguments: {'ament_cmake_args': None, 'build_base': '/home/atoz/ros2_ws/build/fast_lio', 'catkin_cmake_args': None, 'catkin_skip_building_tests': False, 'cmake_args': None, 'cmake_clean_cache': False, 'cmake_clean_first': False, 'cmake_force_configure': False, 'cmake_target': None, 'cmake_target_skip_unavailable': False, 'install_base': '/home/atoz/ros2_ws/install/fast_lio', 'merge_install': False, 'path': '/home/atoz/ros2_ws/src/FAST_LIO_ROS2', 'symlink_install': False, 'test_result_base': None}
[0.794s] Level 5:colcon.colcon_core.verb:set package 'octomap_mapping' build argument 'cmake_args' from command line to 'None'
[0.794s] Level 5:colcon.colcon_core.verb:set package 'octomap_mapping' build argument 'cmake_target' from command line to 'None'
[0.795s] Level 5:colcon.colcon_core.verb:set package 'octomap_mapping' build argument 'cmake_target_skip_unavailable' from command line to 'False'
[0.795s] Level 5:colcon.colcon_core.verb:set package 'octomap_mapping' build argument 'cmake_clean_cache' from command line to 'False'
[0.795s] Level 5:colcon.colcon_core.verb:set package 'octomap_mapping' build argument 'cmake_clean_first' from command line to 'False'
[0.795s] Level 5:colcon.colcon_core.verb:set package 'octomap_mapping' build argument 'cmake_force_configure' from command line to 'False'
[0.795s] Level 5:colcon.colcon_core.verb:set package 'octomap_mapping' build argument 'ament_cmake_args' from command line to 'None'
[0.795s] Level 5:colcon.colcon_core.verb:set package 'octomap_mapping' build argument 'catkin_cmake_args' from command line to 'None'
[0.795s] Level 5:colcon.colcon_core.verb:set package 'octomap_mapping' build argument 'catkin_skip_building_tests' from command line to 'False'
[0.795s] DEBUG:colcon.colcon_core.verb:Building package 'octomap_mapping' with the following arguments: {'ament_cmake_args': None, 'build_base': '/home/atoz/ros2_ws/build/octomap_mapping', 'catkin_cmake_args': None, 'catkin_skip_building_tests': False, 'cmake_args': None, 'cmake_clean_cache': False, 'cmake_clean_first': False, 'cmake_force_configure': False, 'cmake_target': None, 'cmake_target_skip_unavailable': False, 'install_base': '/home/atoz/ros2_ws/install/octomap_mapping', 'merge_install': False, 'path': '/home/atoz/ros2_ws/src/octomap_mapping/octomap_mapping', 'symlink_install': False, 'test_result_base': None}
[0.795s] INFO:colcon.colcon_core.executor:Executing jobs using 'parallel' executor
[0.798s] DEBUG:colcon.colcon_parallel_executor.executor.parallel:run_until_complete
[0.798s] INFO:colcon.colcon_ros.task.ament_cmake.build:Building ROS package in '/home/atoz/ros2_ws/src/livox_ros_driver2' with build type 'ament_cmake'
[0.799s] INFO:colcon.colcon_cmake.task.cmake.build:Building CMake package in '/home/atoz/ros2_ws/src/livox_ros_driver2'
[0.803s] INFO:colcon.colcon_core.plugin_system:Skipping extension 'colcon_core.shell.bat': Not used on non-Windows systems
[0.804s] INFO:colcon.colcon_core.shell:Skip shell extension 'powershell' for command environment: Not usable outside of PowerShell
[0.804s] DEBUG:colcon.colcon_core.shell:Skip shell extension 'dsv' for command environment
[0.810s] INFO:colcon.colcon_ros.task.ament_cmake.build:Building ROS package in '/home/atoz/ros2_ws/src/octomap_mapping/octomap_server' with build type 'ament_cmake'
[0.810s] INFO:colcon.colcon_cmake.task.cmake.build:Building CMake package in '/home/atoz/ros2_ws/src/octomap_mapping/octomap_server'
[0.811s] INFO:colcon.colcon_core.shell:Skip shell extension 'powershell' for command environment: Not usable outside of PowerShell
[0.811s] DEBUG:colcon.colcon_core.shell:Skip shell extension 'dsv' for command environment
[0.816s] INFO:colcon.colcon_cmake.task.cmake.build:Building CMake package in '/home/atoz/ros2_ws/src/Livox-SDK2'
[0.817s] INFO:colcon.colcon_core.shell:Skip shell extension 'powershell' for command environment: Not usable outside of PowerShell
[0.817s] DEBUG:colcon.colcon_core.shell:Skip shell extension 'dsv' for command environment
[0.822s] INFO:colcon.colcon_ros.task.ament_python.build:Building ROS package in '/home/atoz/ros2_ws/src/my_octomap' with build type 'ament_python'
[0.823s] Level 1:colcon.colcon_core.shell:create_environment_hook('my_octomap', 'ament_prefix_path')
[0.823s] INFO:colcon.colcon_core.shell:Creating environment hook '/home/atoz/ros2_ws/install/my_octomap/share/my_octomap/hook/ament_prefix_path.ps1'
[0.825s] INFO:colcon.colcon_core.shell:Creating environment descriptor '/home/atoz/ros2_ws/install/my_octomap/share/my_octomap/hook/ament_prefix_path.dsv'
[0.826s] INFO:colcon.colcon_core.shell:Creating environment hook '/home/atoz/ros2_ws/install/my_octomap/share/my_octomap/hook/ament_prefix_path.sh'
[0.828s] INFO:colcon.colcon_core.shell:Skip shell extension 'powershell' for command environment: Not usable outside of PowerShell
[0.828s] DEBUG:colcon.colcon_core.shell:Skip shell extension 'dsv' for command environment
[0.833s] INFO:colcon.colcon_ros.task.ament_python.build:Building ROS package in '/home/atoz/ros2_ws/src/pwm_ctrl' with build type 'ament_python'
[0.834s] Level 1:colcon.colcon_core.shell:create_environment_hook('pwm_ctrl', 'ament_prefix_path')
[0.834s] INFO:colcon.colcon_core.shell:Creating environment hook '/home/atoz/ros2_ws/install/pwm_ctrl/share/pwm_ctrl/hook/ament_prefix_path.ps1'
[0.836s] INFO:colcon.colcon_core.shell:Creating environment descriptor '/home/atoz/ros2_ws/install/pwm_ctrl/share/pwm_ctrl/hook/ament_prefix_path.dsv'
[0.837s] INFO:colcon.colcon_core.shell:Creating environment hook '/home/atoz/ros2_ws/install/pwm_ctrl/share/pwm_ctrl/hook/ament_prefix_path.sh'
[0.838s] INFO:colcon.colcon_core.shell:Skip shell extension 'powershell' for command environment: Not usable outside of PowerShell
[0.838s] DEBUG:colcon.colcon_core.shell:Skip shell extension 'dsv' for command environment
[0.855s] DEBUG:colcon.colcon_core.event_handler.log_command:Invoking command in '/home/atoz/ros2_ws/build/livox_ros_driver2': CMAKE_PREFIX_PATH=/opt/ros/humble /usr/bin/cmake --build /home/atoz/ros2_ws/build/livox_ros_driver2 -- -j8 -l8
[0.863s] DEBUG:colcon.colcon_core.event_handler.log_command:Invoking command in '/home/atoz/ros2_ws/build/octomap_server': CMAKE_PREFIX_PATH=/opt/ros/humble /usr/bin/cmake --build /home/atoz/ros2_ws/build/octomap_server -- -j8 -l8
[0.867s] DEBUG:colcon.colcon_core.event_handler.log_command:Invoking command in '/home/atoz/ros2_ws/build/livox_sdk2': /usr/bin/cmake --build /home/atoz/ros2_ws/build/livox_sdk2 -- -j8 -l8
[1.425s] INFO:colcon.colcon_core.task.python.build:Building Python package in '/home/atoz/ros2_ws/src/my_octomap'
[1.426s] INFO:colcon.colcon_core.shell:Skip shell extension 'powershell' for command environment: Not usable outside of PowerShell
[1.426s] DEBUG:colcon.colcon_core.shell:Skip shell extension 'dsv' for command environment
[1.948s] INFO:colcon.colcon_core.task.python.build:Building Python package in '/home/atoz/ros2_ws/src/pwm_ctrl'
[1.949s] INFO:colcon.colcon_core.shell:Skip shell extension 'powershell' for command environment: Not usable outside of PowerShell
[1.949s] DEBUG:colcon.colcon_core.shell:Skip shell extension 'dsv' for command environment
[1.973s] DEBUG:colcon.colcon_core.event_handler.log_command:Invoked command in '/home/atoz/ros2_ws/build/livox_sdk2' returned '0': /usr/bin/cmake --build /home/atoz/ros2_ws/build/livox_sdk2 -- -j8 -l8
[1.985s] DEBUG:colcon.colcon_core.event_handler.log_command:Invoking command in '/home/atoz/ros2_ws/build/livox_sdk2': /usr/bin/cmake --install /home/atoz/ros2_ws/build/livox_sdk2
[1.987s] DEBUG:colcon.colcon_core.event_handler.log_command:Invoked command in '/home/atoz/ros2_ws/build/octomap_server' returned '0': CMAKE_PREFIX_PATH=/opt/ros/humble /usr/bin/cmake --build /home/atoz/ros2_ws/build/octomap_server -- -j8 -l8
[1.990s] DEBUG:colcon.colcon_core.event_handler.log_command:Invoking command in '/home/atoz/ros2_ws/build/octomap_server': CMAKE_PREFIX_PATH=/opt/ros/humble /usr/bin/cmake --install /home/atoz/ros2_ws/build/octomap_server
[1.991s] DEBUG:colcon.colcon_core.event_handler.log_command:Invoked command in '/home/atoz/ros2_ws/build/livox_ros_driver2' returned '0': CMAKE_PREFIX_PATH=/opt/ros/humble /usr/bin/cmake --build /home/atoz/ros2_ws/build/livox_ros_driver2 -- -j8 -l8
[1.994s] DEBUG:colcon.colcon_core.event_handler.log_command:Invoking command in '/home/atoz/ros2_ws/build/livox_ros_driver2': CMAKE_PREFIX_PATH=/opt/ros/humble /usr/bin/cmake --install /home/atoz/ros2_ws/build/livox_ros_driver2
[2.013s] Level 1:colcon.colcon_core.environment:create_environment_scripts_only(livox_sdk2)
[2.027s] Level 1:colcon.colcon_core.environment:checking '/home/atoz/ros2_ws/install/livox_sdk2' for CMake module files
[2.030s] Level 1:colcon.colcon_core.environment:checking '/home/atoz/ros2_ws/install/livox_sdk2' for CMake config files
[2.031s] Level 1:colcon.colcon_core.environment:checking '/home/atoz/ros2_ws/install/livox_sdk2/lib'
[2.032s] Level 1:colcon.colcon_core.shell:create_environment_hook('livox_sdk2', 'ld_library_path_lib')
[2.032s] INFO:colcon.colcon_core.shell:Creating environment hook '/home/atoz/ros2_ws/install/livox_sdk2/share/livox_sdk2/hook/ld_library_path_lib.ps1'
[2.035s] INFO:colcon.colcon_core.shell:Creating environment descriptor '/home/atoz/ros2_ws/install/livox_sdk2/share/livox_sdk2/hook/ld_library_path_lib.dsv'
[2.036s] INFO:colcon.colcon_core.shell:Creating environment hook '/home/atoz/ros2_ws/install/livox_sdk2/share/livox_sdk2/hook/ld_library_path_lib.sh'
[2.038s] Level 1:colcon.colcon_core.environment:checking '/home/atoz/ros2_ws/install/livox_sdk2/bin'
[2.039s] Level 1:colcon.colcon_core.environment:checking '/home/atoz/ros2_ws/install/livox_sdk2/lib/pkgconfig/livox_sdk2.pc'
[2.039s] Level 1:colcon.colcon_core.environment:checking '/home/atoz/ros2_ws/install/livox_sdk2/lib/python3.10/site-packages'
[2.040s] Level 1:colcon.colcon_core.environment:checking '/home/atoz/ros2_ws/install/livox_sdk2/bin'
[2.041s] INFO:colcon.colcon_core.shell:Creating package script '/home/atoz/ros2_ws/install/livox_sdk2/share/livox_sdk2/package.ps1'
[2.044s] INFO:colcon.colcon_core.shell:Creating package descriptor '/home/atoz/ros2_ws/install/livox_sdk2/share/livox_sdk2/package.dsv'
[2.046s] INFO:colcon.colcon_core.shell:Creating package script '/home/atoz/ros2_ws/install/livox_sdk2/share/livox_sdk2/package.sh'
[2.049s] INFO:colcon.colcon_core.shell:Creating package script '/home/atoz/ros2_ws/install/livox_sdk2/share/livox_sdk2/package.bash'
[2.052s] INFO:colcon.colcon_core.shell:Creating package script '/home/atoz/ros2_ws/install/livox_sdk2/share/livox_sdk2/package.zsh'
[2.054s] Level 1:colcon.colcon_core.environment:create_file_with_runtime_dependencies(/home/atoz/ros2_ws/install/livox_sdk2/share/colcon-core/packages/livox_sdk2)
[2.057s] Level 1:colcon.colcon_core.environment:create_environment_scripts_only(octomap_server)
[2.057s] Level 1:colcon.colcon_core.environment:checking '/home/atoz/ros2_ws/install/octomap_server' for CMake module files
[2.060s] DEBUG:colcon.colcon_core.event_handler.log_command:Invoked command in '/home/atoz/ros2_ws/build/livox_sdk2' returned '0': /usr/bin/cmake --install /home/atoz/ros2_ws/build/livox_sdk2
[2.062s] Level 1:colcon.colcon_core.environment:checking '/home/atoz/ros2_ws/install/octomap_server' for CMake config files
[2.065s] Level 1:colcon.colcon_core.shell:create_environment_hook('octomap_server', 'cmake_prefix_path')
[2.066s] INFO:colcon.colcon_core.shell:Creating environment hook '/home/atoz/ros2_ws/install/octomap_server/share/octomap_server/hook/cmake_prefix_path.ps1'
[2.068s] INFO:colcon.colcon_core.shell:Creating environment descriptor '/home/atoz/ros2_ws/install/octomap_server/share/octomap_server/hook/cmake_prefix_path.dsv'
[2.069s] INFO:colcon.colcon_core.shell:Creating environment hook '/home/atoz/ros2_ws/install/octomap_server/share/octomap_server/hook/cmake_prefix_path.sh'
[2.072s] Level 1:colcon.colcon_core.environment:checking '/home/atoz/ros2_ws/install/octomap_server/lib'
[2.072s] Level 1:colcon.colcon_core.shell:create_environment_hook('octomap_server', 'ld_library_path_lib')
[2.073s] INFO:colcon.colcon_core.shell:Creating environment hook '/home/atoz/ros2_ws/install/octomap_server/share/octomap_server/hook/ld_library_path_lib.ps1'
[2.075s] INFO:colcon.colcon_core.shell:Creating environment descriptor '/home/atoz/ros2_ws/install/octomap_server/share/octomap_server/hook/ld_library_path_lib.dsv'
[2.077s] INFO:colcon.colcon_core.shell:Creating environment hook '/home/atoz/ros2_ws/install/octomap_server/share/octomap_server/hook/ld_library_path_lib.sh'
[2.078s] DEBUG:colcon.colcon_core.event_handler.log_command:Invoked command in '/home/atoz/ros2_ws/build/octomap_server' returned '0': CMAKE_PREFIX_PATH=/opt/ros/humble /usr/bin/cmake --install /home/atoz/ros2_ws/build/octomap_server
[2.079s] Level 1:colcon.colcon_core.environment:checking '/home/atoz/ros2_ws/install/octomap_server/bin'
[2.079s] Level 1:colcon.colcon_core.environment:checking '/home/atoz/ros2_ws/install/octomap_server/lib/pkgconfig/octomap_server.pc'
[2.080s] Level 1:colcon.colcon_core.environment:checking '/home/atoz/ros2_ws/install/octomap_server/lib/python3.10/site-packages'
[2.081s] Level 1:colcon.colcon_core.environment:checking '/home/atoz/ros2_ws/install/octomap_server/bin'
[2.081s] INFO:colcon.colcon_core.shell:Creating package script '/home/atoz/ros2_ws/install/octomap_server/share/octomap_server/package.ps1'
[2.083s] INFO:colcon.colcon_core.shell:Creating package descriptor '/home/atoz/ros2_ws/install/octomap_server/share/octomap_server/package.dsv'
[2.084s] INFO:colcon.colcon_core.shell:Creating package script '/home/atoz/ros2_ws/install/octomap_server/share/octomap_server/package.sh'
[2.085s] INFO:colcon.colcon_core.shell:Creating package script '/home/atoz/ros2_ws/install/octomap_server/share/octomap_server/package.bash'
[2.086s] INFO:colcon.colcon_core.shell:Creating package script '/home/atoz/ros2_ws/install/octomap_server/share/octomap_server/package.zsh'
[2.087s] Level 1:colcon.colcon_core.environment:create_file_with_runtime_dependencies(/home/atoz/ros2_ws/install/octomap_server/share/colcon-core/packages/octomap_server)
[2.089s] Level 1:colcon.colcon_core.environment:create_environment_scripts_only(octomap_server)
[2.090s] Level 1:colcon.colcon_core.environment:checking '/home/atoz/ros2_ws/install/octomap_server' for CMake module files
[2.093s] Level 1:colcon.colcon_core.environment:checking '/home/atoz/ros2_ws/install/octomap_server' for CMake config files
[2.097s] Level 1:colcon.colcon_core.shell:create_environment_hook('octomap_server', 'cmake_prefix_path')
[2.098s] INFO:colcon.colcon_core.shell:Creating environment hook '/home/atoz/ros2_ws/install/octomap_server/share/octomap_server/hook/cmake_prefix_path.ps1'
[2.101s] INFO:colcon.colcon_core.shell:Creating environment descriptor '/home/atoz/ros2_ws/install/octomap_server/share/octomap_server/hook/cmake_prefix_path.dsv'
[2.102s] INFO:colcon.colcon_core.shell:Creating environment hook '/home/atoz/ros2_ws/install/octomap_server/share/octomap_server/hook/cmake_prefix_path.sh'
[2.106s] Level 1:colcon.colcon_core.environment:checking '/home/atoz/ros2_ws/install/octomap_server/lib'
[2.106s] Level 1:colcon.colcon_core.shell:create_environment_hook('octomap_server', 'ld_library_path_lib')
[2.107s] INFO:colcon.colcon_core.shell:Creating environment hook '/home/atoz/ros2_ws/install/octomap_server/share/octomap_server/hook/ld_library_path_lib.ps1'
[2.109s] INFO:colcon.colcon_core.shell:Creating environment descriptor '/home/atoz/ros2_ws/install/octomap_server/share/octomap_server/hook/ld_library_path_lib.dsv'
[2.110s] INFO:colcon.colcon_core.shell:Creating environment hook '/home/atoz/ros2_ws/install/octomap_server/share/octomap_server/hook/ld_library_path_lib.sh'
[2.112s] Level 1:colcon.colcon_core.environment:checking '/home/atoz/ros2_ws/install/octomap_server/bin'
[2.113s] Level 1:colcon.colcon_core.environment:checking '/home/atoz/ros2_ws/install/octomap_server/lib/pkgconfig/octomap_server.pc'
[2.113s] Level 1:colcon.colcon_core.environment:checking '/home/atoz/ros2_ws/install/octomap_server/lib/python3.10/site-packages'
[2.114s] Level 1:colcon.colcon_core.environment:checking '/home/atoz/ros2_ws/install/octomap_server/bin'
[2.115s] INFO:colcon.colcon_core.shell:Creating package script '/home/atoz/ros2_ws/install/octomap_server/share/octomap_server/package.ps1'
[2.117s] INFO:colcon.colcon_core.shell:Creating package descriptor '/home/atoz/ros2_ws/install/octomap_server/share/octomap_server/package.dsv'
[2.119s] INFO:colcon.colcon_core.shell:Creating package script '/home/atoz/ros2_ws/install/octomap_server/share/octomap_server/package.sh'
[2.122s] INFO:colcon.colcon_core.shell:Creating package script '/home/atoz/ros2_ws/install/octomap_server/share/octomap_server/package.bash'
[2.124s] INFO:colcon.colcon_core.shell:Creating package script '/home/atoz/ros2_ws/install/octomap_server/share/octomap_server/package.zsh'
[2.126s] Level 1:colcon.colcon_core.environment:create_file_with_runtime_dependencies(/home/atoz/ros2_ws/install/octomap_server/share/colcon-core/packages/octomap_server)
[2.127s] INFO:colcon.colcon_ros.task.ament_cmake.build:Building ROS package in '/home/atoz/ros2_ws/src/octomap_mapping/octomap_mapping' with build type 'ament_cmake'
[2.128s] INFO:colcon.colcon_cmake.task.cmake.build:Building CMake package in '/home/atoz/ros2_ws/src/octomap_mapping/octomap_mapping'
[2.128s] INFO:colcon.colcon_core.shell:Skip shell extension 'powershell' for command environment: Not usable outside of PowerShell
[2.129s] DEBUG:colcon.colcon_core.shell:Skip shell extension 'dsv' for command environment
[2.139s] Level 1:colcon.colcon_core.environment:create_environment_scripts_only(livox_ros_driver2)
[2.141s] Level 1:colcon.colcon_core.environment:checking '/home/atoz/ros2_ws/install/livox_ros_driver2' for CMake module files
[2.141s] DEBUG:colcon.colcon_core.event_handler.log_command:Invoked command in '/home/atoz/ros2_ws/build/livox_ros_driver2' returned '0': CMAKE_PREFIX_PATH=/opt/ros/humble /usr/bin/cmake --install /home/atoz/ros2_ws/build/livox_ros_driver2
[2.143s] Level 1:colcon.colcon_core.environment:checking '/home/atoz/ros2_ws/install/livox_ros_driver2' for CMake config files
[2.144s] Level 1:colcon.colcon_core.shell:create_environment_hook('livox_ros_driver2', 'cmake_prefix_path')
[2.145s] INFO:colcon.colcon_core.shell:Creating environment hook '/home/atoz/ros2_ws/install/livox_ros_driver2/share/livox_ros_driver2/hook/cmake_prefix_path.ps1'
[2.146s] INFO:colcon.colcon_core.shell:Creating environment descriptor '/home/atoz/ros2_ws/install/livox_ros_driver2/share/livox_ros_driver2/hook/cmake_prefix_path.dsv'
[2.147s] INFO:colcon.colcon_core.shell:Creating environment hook '/home/atoz/ros2_ws/install/livox_ros_driver2/share/livox_ros_driver2/hook/cmake_prefix_path.sh'
[2.148s] Level 1:colcon.colcon_core.environment:checking '/home/atoz/ros2_ws/install/livox_ros_driver2/lib'
[2.149s] Level 1:colcon.colcon_core.shell:create_environment_hook('livox_ros_driver2', 'ld_library_path_lib')
[2.149s] INFO:colcon.colcon_core.shell:Creating environment hook '/home/atoz/ros2_ws/install/livox_ros_driver2/share/livox_ros_driver2/hook/ld_library_path_lib.ps1'
[2.150s] INFO:colcon.colcon_core.shell:Creating environment descriptor '/home/atoz/ros2_ws/install/livox_ros_driver2/share/livox_ros_driver2/hook/ld_library_path_lib.dsv'
[2.151s] INFO:colcon.colcon_core.shell:Creating environment hook '/home/atoz/ros2_ws/install/livox_ros_driver2/share/livox_ros_driver2/hook/ld_library_path_lib.sh'
[2.152s] Level 1:colcon.colcon_core.environment:checking '/home/atoz/ros2_ws/install/livox_ros_driver2/bin'
[2.152s] Level 1:colcon.colcon_core.environment:checking '/home/atoz/ros2_ws/install/livox_ros_driver2/lib/pkgconfig/livox_ros_driver2.pc'
[2.153s] Level 1:colcon.colcon_core.environment:checking '/home/atoz/ros2_ws/install/livox_ros_driver2/lib/python3.10/site-packages'
[2.153s] Level 1:colcon.colcon_core.environment:checking '/home/atoz/ros2_ws/install/livox_ros_driver2/bin'
[2.154s] INFO:colcon.colcon_core.shell:Creating package script '/home/atoz/ros2_ws/install/livox_ros_driver2/share/livox_ros_driver2/package.ps1'
[2.155s] INFO:colcon.colcon_core.shell:Creating package descriptor '/home/atoz/ros2_ws/install/livox_ros_driver2/share/livox_ros_driver2/package.dsv'
[2.156s] INFO:colcon.colcon_core.shell:Creating package script '/home/atoz/ros2_ws/install/livox_ros_driver2/share/livox_ros_driver2/package.sh'
[2.157s] INFO:colcon.colcon_core.shell:Creating package script '/home/atoz/ros2_ws/install/livox_ros_driver2/share/livox_ros_driver2/package.bash'
[2.158s] INFO:colcon.colcon_core.shell:Creating package script '/home/atoz/ros2_ws/install/livox_ros_driver2/share/livox_ros_driver2/package.zsh'
[2.159s] Level 1:colcon.colcon_core.environment:create_file_with_runtime_dependencies(/home/atoz/ros2_ws/install/livox_ros_driver2/share/colcon-core/packages/livox_ros_driver2)
[2.160s] Level 1:colcon.colcon_core.environment:create_environment_scripts_only(livox_ros_driver2)
[2.161s] Level 1:colcon.colcon_core.environment:checking '/home/atoz/ros2_ws/install/livox_ros_driver2' for CMake module files
[2.162s] Level 1:colcon.colcon_core.environment:checking '/home/atoz/ros2_ws/install/livox_ros_driver2' for CMake config files
[2.163s] Level 1:colcon.colcon_core.shell:create_environment_hook('livox_ros_driver2', 'cmake_prefix_path')
[2.163s] INFO:colcon.colcon_core.shell:Creating environment hook '/home/atoz/ros2_ws/install/livox_ros_driver2/share/livox_ros_driver2/hook/cmake_prefix_path.ps1'
[2.164s] INFO:colcon.colcon_core.shell:Creating environment descriptor '/home/atoz/ros2_ws/install/livox_ros_driver2/share/livox_ros_driver2/hook/cmake_prefix_path.dsv'
[2.165s] INFO:colcon.colcon_core.shell:Creating environment hook '/home/atoz/ros2_ws/install/livox_ros_driver2/share/livox_ros_driver2/hook/cmake_prefix_path.sh'
[2.166s] Level 1:colcon.colcon_core.environment:checking '/home/atoz/ros2_ws/install/livox_ros_driver2/lib'
[2.166s] Level 1:colcon.colcon_core.shell:create_environment_hook('livox_ros_driver2', 'ld_library_path_lib')
[2.167s] INFO:colcon.colcon_core.shell:Creating environment hook '/home/atoz/ros2_ws/install/livox_ros_driver2/share/livox_ros_driver2/hook/ld_library_path_lib.ps1'
[2.168s] INFO:colcon.colcon_core.shell:Creating environment descriptor '/home/atoz/ros2_ws/install/livox_ros_driver2/share/livox_ros_driver2/hook/ld_library_path_lib.dsv'
[2.168s] INFO:colcon.colcon_core.shell:Creating environment hook '/home/atoz/ros2_ws/install/livox_ros_driver2/share/livox_ros_driver2/hook/ld_library_path_lib.sh'
[2.169s] Level 1:colcon.colcon_core.environment:checking '/home/atoz/ros2_ws/install/livox_ros_driver2/bin'
[2.170s] Level 1:colcon.colcon_core.environment:checking '/home/atoz/ros2_ws/install/livox_ros_driver2/lib/pkgconfig/livox_ros_driver2.pc'
[2.170s] Level 1:colcon.colcon_core.environment:checking '/home/atoz/ros2_ws/install/livox_ros_driver2/lib/python3.10/site-packages'
[2.170s] Level 1:colcon.colcon_core.environment:checking '/home/atoz/ros2_ws/install/livox_ros_driver2/bin'
[2.171s] INFO:colcon.colcon_core.shell:Creating package script '/home/atoz/ros2_ws/install/livox_ros_driver2/share/livox_ros_driver2/package.ps1'
[2.172s] INFO:colcon.colcon_core.shell:Creating package descriptor '/home/atoz/ros2_ws/install/livox_ros_driver2/share/livox_ros_driver2/package.dsv'
[2.173s] INFO:colcon.colcon_core.shell:Creating package script '/home/atoz/ros2_ws/install/livox_ros_driver2/share/livox_ros_driver2/package.sh'
[2.174s] INFO:colcon.colcon_core.shell:Creating package script '/home/atoz/ros2_ws/install/livox_ros_driver2/share/livox_ros_driver2/package.bash'
[2.176s] INFO:colcon.colcon_core.shell:Creating package script '/home/atoz/ros2_ws/install/livox_ros_driver2/share/livox_ros_driver2/package.zsh'
[2.177s] Level 1:colcon.colcon_core.environment:create_file_with_runtime_dependencies(/home/atoz/ros2_ws/install/livox_ros_driver2/share/colcon-core/packages/livox_ros_driver2)
[2.179s] INFO:colcon.colcon_ros.task.ament_cmake.build:Building ROS package in '/home/atoz/ros2_ws/src/FAST_LIO_ROS2' with build type 'ament_cmake'
[2.179s] INFO:colcon.colcon_cmake.task.cmake.build:Building CMake package in '/home/atoz/ros2_ws/src/FAST_LIO_ROS2'
[2.180s] INFO:colcon.colcon_core.shell:Skip shell extension 'powershell' for command environment: Not usable outside of PowerShell
[2.180s] DEBUG:colcon.colcon_core.shell:Skip shell extension 'dsv' for command environment
[2.192s] DEBUG:colcon.colcon_core.event_handler.log_command:Invoking command in '/home/atoz/ros2_ws/build/octomap_mapping': AMENT_PREFIX_PATH=/home/atoz/ros2_ws/install/octomap_server:${AMENT_PREFIX_PATH} CMAKE_PREFIX_PATH=/home/atoz/ros2_ws/install/octomap_server:/opt/ros/humble LD_LIBRARY_PATH=/home/atoz/ros2_ws/install/octomap_server/lib:${LD_LIBRARY_PATH} /usr/bin/cmake --build /home/atoz/ros2_ws/build/octomap_mapping -- -j8 -l8
[2.199s] DEBUG:colcon.colcon_core.event_handler.log_command:Invoking command in '/home/atoz/ros2_ws/build/fast_lio': AMENT_PREFIX_PATH=/home/atoz/ros2_ws/install/livox_ros_driver2:${AMENT_PREFIX_PATH} CMAKE_PREFIX_PATH=/home/atoz/ros2_ws/install/livox_ros_driver2:/opt/ros/humble LD_LIBRARY_PATH=/home/atoz/ros2_ws/install/livox_ros_driver2/lib:${LD_LIBRARY_PATH} PYTHONPATH=/home/atoz/ros2_ws/install/livox_ros_driver2/local/lib/python3.10/dist-packages:${PYTHONPATH} /usr/bin/cmake --build /home/atoz/ros2_ws/build/fast_lio -- -j8 -l8
[2.262s] DEBUG:colcon.colcon_core.event_handler.log_command:Invoked command in '/home/atoz/ros2_ws/build/octomap_mapping' returned '0': AMENT_PREFIX_PATH=/home/atoz/ros2_ws/install/octomap_server:${AMENT_PREFIX_PATH} CMAKE_PREFIX_PATH=/home/atoz/ros2_ws/install/octomap_server:/opt/ros/humble LD_LIBRARY_PATH=/home/atoz/ros2_ws/install/octomap_server/lib:${LD_LIBRARY_PATH} /usr/bin/cmake --build /home/atoz/ros2_ws/build/octomap_mapping -- -j8 -l8
[2.265s] DEBUG:colcon.colcon_core.event_handler.log_command:Invoking command in '/home/atoz/ros2_ws/build/octomap_mapping': AMENT_PREFIX_PATH=/home/atoz/ros2_ws/install/octomap_server:${AMENT_PREFIX_PATH} CMAKE_PREFIX_PATH=/home/atoz/ros2_ws/install/octomap_server:/opt/ros/humble LD_LIBRARY_PATH=/home/atoz/ros2_ws/install/octomap_server/lib:${LD_LIBRARY_PATH} /usr/bin/cmake --install /home/atoz/ros2_ws/build/octomap_mapping
[2.284s] Level 1:colcon.colcon_core.environment:create_environment_scripts_only(octomap_mapping)
[2.284s] Level 1:colcon.colcon_core.environment:checking '/home/atoz/ros2_ws/install/octomap_mapping' for CMake module files
[2.285s] Level 1:colcon.colcon_core.environment:checking '/home/atoz/ros2_ws/install/octomap_mapping' for CMake config files
[2.286s] Level 1:colcon.colcon_core.shell:create_environment_hook('octomap_mapping', 'cmake_prefix_path')
[2.286s] INFO:colcon.colcon_core.shell:Creating environment hook '/home/atoz/ros2_ws/install/octomap_mapping/share/octomap_mapping/hook/cmake_prefix_path.ps1'
[2.287s] DEBUG:colcon.colcon_core.event_handler.log_command:Invoked command in '/home/atoz/ros2_ws/build/octomap_mapping' returned '0': AMENT_PREFIX_PATH=/home/atoz/ros2_ws/install/octomap_server:${AMENT_PREFIX_PATH} CMAKE_PREFIX_PATH=/home/atoz/ros2_ws/install/octomap_server:/opt/ros/humble LD_LIBRARY_PATH=/home/atoz/ros2_ws/install/octomap_server/lib:${LD_LIBRARY_PATH} /usr/bin/cmake --install /home/atoz/ros2_ws/build/octomap_mapping
[2.289s] INFO:colcon.colcon_core.shell:Creating environment descriptor '/home/atoz/ros2_ws/install/octomap_mapping/share/octomap_mapping/hook/cmake_prefix_path.dsv'
[2.290s] INFO:colcon.colcon_core.shell:Creating environment hook '/home/atoz/ros2_ws/install/octomap_mapping/share/octomap_mapping/hook/cmake_prefix_path.sh'
[2.291s] Level 1:colcon.colcon_core.environment:checking '/home/atoz/ros2_ws/install/octomap_mapping/bin'
[2.291s] Level 1:colcon.colcon_core.environment:checking '/home/atoz/ros2_ws/install/octomap_mapping/lib/pkgconfig/octomap_mapping.pc'
[2.292s] Level 1:colcon.colcon_core.environment:checking '/home/atoz/ros2_ws/install/octomap_mapping/lib/python3.10/site-packages'
[2.292s] Level 1:colcon.colcon_core.environment:checking '/home/atoz/ros2_ws/install/octomap_mapping/bin'
[2.293s] INFO:colcon.colcon_core.shell:Creating package script '/home/atoz/ros2_ws/install/octomap_mapping/share/octomap_mapping/package.ps1'
[2.294s] INFO:colcon.colcon_core.shell:Creating package descriptor '/home/atoz/ros2_ws/install/octomap_mapping/share/octomap_mapping/package.dsv'
[2.295s] INFO:colcon.colcon_core.shell:Creating package script '/home/atoz/ros2_ws/install/octomap_mapping/share/octomap_mapping/package.sh'
[2.296s] INFO:colcon.colcon_core.shell:Creating package script '/home/atoz/ros2_ws/install/octomap_mapping/share/octomap_mapping/package.bash'
[2.297s] INFO:colcon.colcon_core.shell:Creating package script '/home/atoz/ros2_ws/install/octomap_mapping/share/octomap_mapping/package.zsh'
[2.298s] Level 1:colcon.colcon_core.environment:create_file_with_runtime_dependencies(/home/atoz/ros2_ws/install/octomap_mapping/share/colcon-core/packages/octomap_mapping)
[2.300s] Level 1:colcon.colcon_core.environment:create_environment_scripts_only(octomap_mapping)
[2.300s] Level 1:colcon.colcon_core.environment:checking '/home/atoz/ros2_ws/install/octomap_mapping' for CMake module files
[2.301s] Level 1:colcon.colcon_core.environment:checking '/home/atoz/ros2_ws/install/octomap_mapping' for CMake config files
[2.302s] Level 1:colcon.colcon_core.shell:create_environment_hook('octomap_mapping', 'cmake_prefix_path')
[2.302s] INFO:colcon.colcon_core.shell:Creating environment hook '/home/atoz/ros2_ws/install/octomap_mapping/share/octomap_mapping/hook/cmake_prefix_path.ps1'
[2.303s] INFO:colcon.colcon_core.shell:Creating environment descriptor '/home/atoz/ros2_ws/install/octomap_mapping/share/octomap_mapping/hook/cmake_prefix_path.dsv'
[2.304s] INFO:colcon.colcon_core.shell:Creating environment hook '/home/atoz/ros2_ws/install/octomap_mapping/share/octomap_mapping/hook/cmake_prefix_path.sh'
[2.306s] Level 1:colcon.colcon_core.environment:checking '/home/atoz/ros2_ws/install/octomap_mapping/bin'
[2.306s] Level 1:colcon.colcon_core.environment:checking '/home/atoz/ros2_ws/install/octomap_mapping/lib/pkgconfig/octomap_mapping.pc'
[2.306s] Level 1:colcon.colcon_core.environment:checking '/home/atoz/ros2_ws/install/octomap_mapping/lib/python3.10/site-packages'
[2.307s] Level 1:colcon.colcon_core.environment:checking '/home/atoz/ros2_ws/install/octomap_mapping/bin'
[2.307s] INFO:colcon.colcon_core.shell:Creating package script '/home/atoz/ros2_ws/install/octomap_mapping/share/octomap_mapping/package.ps1'
[2.309s] INFO:colcon.colcon_core.shell:Creating package descriptor '/home/atoz/ros2_ws/install/octomap_mapping/share/octomap_mapping/package.dsv'
[2.310s] INFO:colcon.colcon_core.shell:Creating package script '/home/atoz/ros2_ws/install/octomap_mapping/share/octomap_mapping/package.sh'
[2.311s] INFO:colcon.colcon_core.shell:Creating package script '/home/atoz/ros2_ws/install/octomap_mapping/share/octomap_mapping/package.bash'
[2.312s] INFO:colcon.colcon_core.shell:Creating package script '/home/atoz/ros2_ws/install/octomap_mapping/share/octomap_mapping/package.zsh'
[2.313s] Level 1:colcon.colcon_core.environment:create_file_with_runtime_dependencies(/home/atoz/ros2_ws/install/octomap_mapping/share/colcon-core/packages/octomap_mapping)
[2.728s] DEBUG:colcon.colcon_core.event_handler.log_command:Invoking command in '/home/atoz/ros2_ws/src/pwm_ctrl': PYTHONPATH=/home/atoz/ros2_ws/build/pwm_ctrl/prefix_override:/usr/lib/python3/dist-packages/colcon_core/task/python/colcon_distutils_commands:/home/atoz/ros2_ws/install/pwm_ctrl/lib/python3.10/site-packages:${PYTHONPATH} /usr/bin/python3 -W ignore:setup.py install is deprecated -W ignore:easy_install command is deprecated setup.py egg_info --egg-base ../../build/pwm_ctrl build --build-base /home/atoz/ros2_ws/build/pwm_ctrl/build install --record /home/atoz/ros2_ws/build/pwm_ctrl/install.log --single-version-externally-managed install_data
[2.756s] DEBUG:colcon.colcon_core.event_handler.log_command:Invoking command in '/home/atoz/ros2_ws/src/my_octomap': PYTHONPATH=/home/atoz/ros2_ws/build/my_octomap/prefix_override:/usr/lib/python3/dist-packages/colcon_core/task/python/colcon_distutils_commands:/home/atoz/ros2_ws/install/my_octomap/lib/python3.10/site-packages:${PYTHONPATH} /usr/bin/python3 -W ignore:setup.py install is deprecated -W ignore:easy_install command is deprecated setup.py egg_info --egg-base ../../build/my_octomap build --build-base /home/atoz/ros2_ws/build/my_octomap/build install --record /home/atoz/ros2_ws/build/my_octomap/install.log --single-version-externally-managed install_data
[2.966s] DEBUG:colcon.colcon_core.event_handler.log_command:Invoked command in '/home/atoz/ros2_ws/build/fast_lio' returned '0': AMENT_PREFIX_PATH=/home/atoz/ros2_ws/install/livox_ros_driver2:${AMENT_PREFIX_PATH} CMAKE_PREFIX_PATH=/home/atoz/ros2_ws/install/livox_ros_driver2:/opt/ros/humble LD_LIBRARY_PATH=/home/atoz/ros2_ws/install/livox_ros_driver2/lib:${LD_LIBRARY_PATH} PYTHONPATH=/home/atoz/ros2_ws/install/livox_ros_driver2/local/lib/python3.10/dist-packages:${PYTHONPATH} /usr/bin/cmake --build /home/atoz/ros2_ws/build/fast_lio -- -j8 -l8
[2.971s] DEBUG:colcon.colcon_core.event_handler.log_command:Invoking command in '/home/atoz/ros2_ws/build/fast_lio': AMENT_PREFIX_PATH=/home/atoz/ros2_ws/install/livox_ros_driver2:${AMENT_PREFIX_PATH} CMAKE_PREFIX_PATH=/home/atoz/ros2_ws/install/livox_ros_driver2:/opt/ros/humble LD_LIBRARY_PATH=/home/atoz/ros2_ws/install/livox_ros_driver2/lib:${LD_LIBRARY_PATH} PYTHONPATH=/home/atoz/ros2_ws/install/livox_ros_driver2/local/lib/python3.10/dist-packages:${PYTHONPATH} /usr/bin/cmake --install /home/atoz/ros2_ws/build/fast_lio
[3.075s] Level 1:colcon.colcon_core.environment:create_environment_scripts_only(fast_lio)
[3.076s] Level 1:colcon.colcon_core.environment:checking '/home/atoz/ros2_ws/install/fast_lio' for CMake module files
[3.077s] DEBUG:colcon.colcon_core.event_handler.log_command:Invoked command in '/home/atoz/ros2_ws/build/fast_lio' returned '0': AMENT_PREFIX_PATH=/home/atoz/ros2_ws/install/livox_ros_driver2:${AMENT_PREFIX_PATH} CMAKE_PREFIX_PATH=/home/atoz/ros2_ws/install/livox_ros_driver2:/opt/ros/humble LD_LIBRARY_PATH=/home/atoz/ros2_ws/install/livox_ros_driver2/lib:${LD_LIBRARY_PATH} PYTHONPATH=/home/atoz/ros2_ws/install/livox_ros_driver2/local/lib/python3.10/dist-packages:${PYTHONPATH} /usr/bin/cmake --install /home/atoz/ros2_ws/build/fast_lio
[3.078s] Level 1:colcon.colcon_core.environment:checking '/home/atoz/ros2_ws/install/fast_lio' for CMake config files
[3.079s] Level 1:colcon.colcon_core.shell:create_environment_hook('fast_lio', 'cmake_prefix_path')
[3.079s] INFO:colcon.colcon_core.shell:Creating environment hook '/home/atoz/ros2_ws/install/fast_lio/share/fast_lio/hook/cmake_prefix_path.ps1'
[3.081s] INFO:colcon.colcon_core.shell:Creating environment descriptor '/home/atoz/ros2_ws/install/fast_lio/share/fast_lio/hook/cmake_prefix_path.dsv'
[3.081s] INFO:colcon.colcon_core.shell:Creating environment hook '/home/atoz/ros2_ws/install/fast_lio/share/fast_lio/hook/cmake_prefix_path.sh'
[3.083s] Level 1:colcon.colcon_core.environment:checking '/home/atoz/ros2_ws/install/fast_lio/lib'
[3.083s] Level 1:colcon.colcon_core.shell:create_environment_hook('fast_lio', 'ld_library_path_lib')
[3.083s] INFO:colcon.colcon_core.shell:Creating environment hook '/home/atoz/ros2_ws/install/fast_lio/share/fast_lio/hook/ld_library_path_lib.ps1'
[3.084s] INFO:colcon.colcon_core.shell:Creating environment descriptor '/home/atoz/ros2_ws/install/fast_lio/share/fast_lio/hook/ld_library_path_lib.dsv'
[3.085s] INFO:colcon.colcon_core.shell:Creating environment hook '/home/atoz/ros2_ws/install/fast_lio/share/fast_lio/hook/ld_library_path_lib.sh'
[3.086s] Level 1:colcon.colcon_core.environment:checking '/home/atoz/ros2_ws/install/fast_lio/bin'
[3.086s] Level 1:colcon.colcon_core.environment:checking '/home/atoz/ros2_ws/install/fast_lio/lib/pkgconfig/fast_lio.pc'
[3.086s] Level 1:colcon.colcon_core.environment:checking '/home/atoz/ros2_ws/install/fast_lio/lib/python3.10/site-packages'
[3.087s] Level 1:colcon.colcon_core.environment:checking '/home/atoz/ros2_ws/install/fast_lio/bin'
[3.087s] INFO:colcon.colcon_core.shell:Creating package script '/home/atoz/ros2_ws/install/fast_lio/share/fast_lio/package.ps1'
[3.088s] INFO:colcon.colcon_core.shell:Creating package descriptor '/home/atoz/ros2_ws/install/fast_lio/share/fast_lio/package.dsv'
[3.089s] INFO:colcon.colcon_core.shell:Creating package script '/home/atoz/ros2_ws/install/fast_lio/share/fast_lio/package.sh'
[3.090s] INFO:colcon.colcon_core.shell:Creating package script '/home/atoz/ros2_ws/install/fast_lio/share/fast_lio/package.bash'
[3.091s] INFO:colcon.colcon_core.shell:Creating package script '/home/atoz/ros2_ws/install/fast_lio/share/fast_lio/package.zsh'
[3.092s] Level 1:colcon.colcon_core.environment:create_file_with_runtime_dependencies(/home/atoz/ros2_ws/install/fast_lio/share/colcon-core/packages/fast_lio)
[3.093s] Level 1:colcon.colcon_core.environment:create_environment_scripts_only(fast_lio)
[3.093s] Level 1:colcon.colcon_core.environment:checking '/home/atoz/ros2_ws/install/fast_lio' for CMake module files
[3.095s] Level 1:colcon.colcon_core.environment:checking '/home/atoz/ros2_ws/install/fast_lio' for CMake config files
[3.096s] Level 1:colcon.colcon_core.shell:create_environment_hook('fast_lio', 'cmake_prefix_path')
[3.097s] INFO:colcon.colcon_core.shell:Creating environment hook '/home/atoz/ros2_ws/install/fast_lio/share/fast_lio/hook/cmake_prefix_path.ps1'
[3.098s] INFO:colcon.colcon_core.shell:Creating environment descriptor '/home/atoz/ros2_ws/install/fast_lio/share/fast_lio/hook/cmake_prefix_path.dsv'
[3.098s] INFO:colcon.colcon_core.shell:Creating environment hook '/home/atoz/ros2_ws/install/fast_lio/share/fast_lio/hook/cmake_prefix_path.sh'
[3.099s] Level 1:colcon.colcon_core.environment:checking '/home/atoz/ros2_ws/install/fast_lio/lib'
[3.100s] Level 1:colcon.colcon_core.shell:create_environment_hook('fast_lio', 'ld_library_path_lib')
[3.100s] INFO:colcon.colcon_core.shell:Creating environment hook '/home/atoz/ros2_ws/install/fast_lio/share/fast_lio/hook/ld_library_path_lib.ps1'
[3.101s] INFO:colcon.colcon_core.shell:Creating environment descriptor '/home/atoz/ros2_ws/install/fast_lio/share/fast_lio/hook/ld_library_path_lib.dsv'
[3.102s] INFO:colcon.colcon_core.shell:Creating environment hook '/home/atoz/ros2_ws/install/fast_lio/share/fast_lio/hook/ld_library_path_lib.sh'
[3.103s] Level 1:colcon.colcon_core.environment:checking '/home/atoz/ros2_ws/install/fast_lio/bin'
[3.103s] Level 1:colcon.colcon_core.environment:checking '/home/atoz/ros2_ws/install/fast_lio/lib/pkgconfig/fast_lio.pc'
[3.103s] Level 1:colcon.colcon_core.environment:checking '/home/atoz/ros2_ws/install/fast_lio/lib/python3.10/site-packages'
[3.104s] Level 1:colcon.colcon_core.environment:checking '/home/atoz/ros2_ws/install/fast_lio/bin'
[3.104s] INFO:colcon.colcon_core.shell:Creating package script '/home/atoz/ros2_ws/install/fast_lio/share/fast_lio/package.ps1'
[3.105s] INFO:colcon.colcon_core.shell:Creating package descriptor '/home/atoz/ros2_ws/install/fast_lio/share/fast_lio/package.dsv'
[3.107s] INFO:colcon.colcon_core.shell:Creating package script '/home/atoz/ros2_ws/install/fast_lio/share/fast_lio/package.sh'
[3.108s] INFO:colcon.colcon_core.shell:Creating package script '/home/atoz/ros2_ws/install/fast_lio/share/fast_lio/package.bash'
[3.109s] INFO:colcon.colcon_core.shell:Creating package script '/home/atoz/ros2_ws/install/fast_lio/share/fast_lio/package.zsh'
[3.110s] Level 1:colcon.colcon_core.environment:create_file_with_runtime_dependencies(/home/atoz/ros2_ws/install/fast_lio/share/colcon-core/packages/fast_lio)
[3.349s] Level 1:colcon.colcon_core.environment:checking '/home/atoz/ros2_ws/install/pwm_ctrl' for CMake module files
[3.350s] DEBUG:colcon.colcon_core.event_handler.log_command:Invoked command in '/home/atoz/ros2_ws/src/pwm_ctrl' returned '0': PYTHONPATH=/home/atoz/ros2_ws/build/pwm_ctrl/prefix_override:/usr/lib/python3/dist-packages/colcon_core/task/python/colcon_distutils_commands:/home/atoz/ros2_ws/install/pwm_ctrl/lib/python3.10/site-packages:${PYTHONPATH} /usr/bin/python3 -W ignore:setup.py install is deprecated -W ignore:easy_install command is deprecated setup.py egg_info --egg-base ../../build/pwm_ctrl build --build-base /home/atoz/ros2_ws/build/pwm_ctrl/build install --record /home/atoz/ros2_ws/build/pwm_ctrl/install.log --single-version-externally-managed install_data
[3.351s] Level 1:colcon.colcon_core.environment:checking '/home/atoz/ros2_ws/install/pwm_ctrl' for CMake config files
[3.352s] Level 1:colcon.colcon_core.environment:checking '/home/atoz/ros2_ws/install/pwm_ctrl/lib'
[3.353s] Level 1:colcon.colcon_core.environment:checking '/home/atoz/ros2_ws/install/pwm_ctrl/bin'
[3.353s] Level 1:colcon.colcon_core.environment:checking '/home/atoz/ros2_ws/install/pwm_ctrl/lib/pkgconfig/pwm_ctrl.pc'
[3.353s] Level 1:colcon.colcon_core.environment:checking '/home/atoz/ros2_ws/install/pwm_ctrl/lib/python3.10/site-packages'
[3.353s] Level 1:colcon.colcon_core.shell:create_environment_hook('pwm_ctrl', 'pythonpath')
[3.354s] INFO:colcon.colcon_core.shell:Creating environment hook '/home/atoz/ros2_ws/install/pwm_ctrl/share/pwm_ctrl/hook/pythonpath.ps1'
[3.356s] INFO:colcon.colcon_core.shell:Creating environment descriptor '/home/atoz/ros2_ws/install/pwm_ctrl/share/pwm_ctrl/hook/pythonpath.dsv'
[3.357s] INFO:colcon.colcon_core.shell:Creating environment hook '/home/atoz/ros2_ws/install/pwm_ctrl/share/pwm_ctrl/hook/pythonpath.sh'
[3.358s] Level 1:colcon.colcon_core.environment:checking '/home/atoz/ros2_ws/install/pwm_ctrl/bin'
[3.358s] Level 1:colcon.colcon_core.environment:create_environment_scripts_only(pwm_ctrl)
[3.359s] INFO:colcon.colcon_core.shell:Creating package script '/home/atoz/ros2_ws/install/pwm_ctrl/share/pwm_ctrl/package.ps1'
[3.360s] INFO:colcon.colcon_core.shell:Creating package descriptor '/home/atoz/ros2_ws/install/pwm_ctrl/share/pwm_ctrl/package.dsv'
[3.361s] INFO:colcon.colcon_core.shell:Creating package script '/home/atoz/ros2_ws/install/pwm_ctrl/share/pwm_ctrl/package.sh'
[3.362s] INFO:colcon.colcon_core.shell:Creating package script '/home/atoz/ros2_ws/install/pwm_ctrl/share/pwm_ctrl/package.bash'
[3.363s] INFO:colcon.colcon_core.shell:Creating package script '/home/atoz/ros2_ws/install/pwm_ctrl/share/pwm_ctrl/package.zsh'
[3.364s] Level 1:colcon.colcon_core.environment:create_file_with_runtime_dependencies(/home/atoz/ros2_ws/install/pwm_ctrl/share/colcon-core/packages/pwm_ctrl)
[3.379s] Level 1:colcon.colcon_core.environment:checking '/home/atoz/ros2_ws/install/my_octomap' for CMake module files
[3.381s] DEBUG:colcon.colcon_core.event_handler.log_command:Invoked command in '/home/atoz/ros2_ws/src/my_octomap' returned '0': PYTHONPATH=/home/atoz/ros2_ws/build/my_octomap/prefix_override:/usr/lib/python3/dist-packages/colcon_core/task/python/colcon_distutils_commands:/home/atoz/ros2_ws/install/my_octomap/lib/python3.10/site-packages:${PYTHONPATH} /usr/bin/python3 -W ignore:setup.py install is deprecated -W ignore:easy_install command is deprecated setup.py egg_info --egg-base ../../build/my_octomap build --build-base /home/atoz/ros2_ws/build/my_octomap/build install --record /home/atoz/ros2_ws/build/my_octomap/install.log --single-version-externally-managed install_data
[3.382s] Level 1:colcon.colcon_core.environment:checking '/home/atoz/ros2_ws/install/my_octomap' for CMake config files
[3.384s] Level 1:colcon.colcon_core.environment:checking '/home/atoz/ros2_ws/install/my_octomap/lib'
[3.384s] Level 1:colcon.colcon_core.environment:checking '/home/atoz/ros2_ws/install/my_octomap/bin'
[3.384s] Level 1:colcon.colcon_core.environment:checking '/home/atoz/ros2_ws/install/my_octomap/lib/pkgconfig/my_octomap.pc'
[3.385s] Level 1:colcon.colcon_core.environment:checking '/home/atoz/ros2_ws/install/my_octomap/lib/python3.10/site-packages'
[3.385s] Level 1:colcon.colcon_core.shell:create_environment_hook('my_octomap', 'pythonpath')
[3.385s] INFO:colcon.colcon_core.shell:Creating environment hook '/home/atoz/ros2_ws/install/my_octomap/share/my_octomap/hook/pythonpath.ps1'
[3.386s] INFO:colcon.colcon_core.shell:Creating environment descriptor '/home/atoz/ros2_ws/install/my_octomap/share/my_octomap/hook/pythonpath.dsv'
[3.388s] INFO:colcon.colcon_core.shell:Creating environment hook '/home/atoz/ros2_ws/install/my_octomap/share/my_octomap/hook/pythonpath.sh'
[3.390s] Level 1:colcon.colcon_core.environment:checking '/home/atoz/ros2_ws/install/my_octomap/bin'
[3.390s] Level 1:colcon.colcon_core.environment:create_environment_scripts_only(my_octomap)
[3.390s] INFO:colcon.colcon_core.shell:Creating package script '/home/atoz/ros2_ws/install/my_octomap/share/my_octomap/package.ps1'
[3.391s] INFO:colcon.colcon_core.shell:Creating package descriptor '/home/atoz/ros2_ws/install/my_octomap/share/my_octomap/package.dsv'
[3.392s] INFO:colcon.colcon_core.shell:Creating package script '/home/atoz/ros2_ws/install/my_octomap/share/my_octomap/package.sh'
[3.394s] INFO:colcon.colcon_core.shell:Creating package script '/home/atoz/ros2_ws/install/my_octomap/share/my_octomap/package.bash'
[3.395s] INFO:colcon.colcon_core.shell:Creating package script '/home/atoz/ros2_ws/install/my_octomap/share/my_octomap/package.zsh'
[3.397s] Level 1:colcon.colcon_core.environment:create_file_with_runtime_dependencies(/home/atoz/ros2_ws/install/my_octomap/share/colcon-core/packages/my_octomap)
[3.398s] DEBUG:colcon.colcon_parallel_executor.executor.parallel:closing loop
[3.399s] DEBUG:colcon.colcon_parallel_executor.executor.parallel:loop closed
[3.399s] DEBUG:colcon.colcon_parallel_executor.executor.parallel:run_until_complete finished with '0'
[3.399s] DEBUG:colcon.colcon_core.event_reactor:joining thread
[3.417s] INFO:colcon.colcon_core.plugin_system:Skipping extension 'colcon_notification.desktop_notification.terminal_notifier': Not used on non-Darwin systems
[3.418s] INFO:colcon.colcon_core.plugin_system:Skipping extension 'colcon_notification.desktop_notification.win32': Not used on non-Windows systems
[3.418s] INFO:colcon.colcon_notification.desktop_notification:Sending desktop notification using 'notify2'
[3.478s] DEBUG:colcon.colcon_core.event_reactor:joined thread
[3.479s] INFO:colcon.colcon_core.shell:Creating prefix script '/home/atoz/ros2_ws/install/local_setup.ps1'
[3.483s] INFO:colcon.colcon_core.shell:Creating prefix util module '/home/atoz/ros2_ws/install/_local_setup_util_ps1.py'
[3.487s] INFO:colcon.colcon_core.shell:Creating prefix chain script '/home/atoz/ros2_ws/install/setup.ps1'
[3.490s] INFO:colcon.colcon_core.shell:Creating prefix script '/home/atoz/ros2_ws/install/local_setup.sh'
[3.491s] INFO:colcon.colcon_core.shell:Creating prefix util module '/home/atoz/ros2_ws/install/_local_setup_util_sh.py'
[3.493s] INFO:colcon.colcon_core.shell:Creating prefix chain script '/home/atoz/ros2_ws/install/setup.sh'
[3.496s] INFO:colcon.colcon_core.shell:Creating prefix script '/home/atoz/ros2_ws/install/local_setup.bash'
[3.497s] INFO:colcon.colcon_core.shell:Creating prefix chain script '/home/atoz/ros2_ws/install/setup.bash'
[3.500s] INFO:colcon.colcon_core.shell:Creating prefix script '/home/atoz/ros2_ws/install/local_setup.zsh'
[3.502s] INFO:colcon.colcon_core.shell:Creating prefix chain script '/home/atoz/ros2_ws/install/setup.zsh'
