[0.036s] Invoking command in '/home/atoz/ros2_ws/build/livox_sdk2': /usr/bin/cmake /home/atoz/ros2_ws/src/Livox-SDK2 -DROS_EDITION=ROS2 -DHUMBLE_ROS=humble -DCMAKE_INSTALL_PREFIX=/home/atoz/ros2_ws/install/livox_sdk2
[1.127s] -- The C compiler identification is GNU 11.4.0
[1.128s] -- The CXX compiler identification is GNU 11.4.0
[1.128s] -- Detecting C compiler ABI info
[1.129s] -- Detecting C compiler ABI info - done
[1.130s] -- Check for working C compiler: /usr/bin/cc - skipped
[1.131s] -- Detecting C compile features
[1.131s] -- Detecting C compile features - done
[1.132s] -- Detecting CXX compiler ABI info
[1.132s] -- Detecting CXX compiler ABI info - done
[1.133s] -- Check for working CXX compiler: /usr/bin/c++ - skipped
[1.134s] -- Detecting CXX compile features
[1.134s] -- Detecting CXX compile features - done
[1.134s] -- main project dir: /home/atoz/ros2_ws/src/Livox-SDK2
[1.135s] -- main project dir: /home/atoz/ros2_ws/src/Livox-SDK2/samples
[1.136s] -- Configuring done
[1.137s] -- Generating done
[1.137s] -- Build files have been written to: /home/atoz/ros2_ws/build/livox_sdk2
[1.137s] [33mCMake Warning:
[1.137s]   Manually-specified variables were not used by the project:
[1.137s] 
[1.138s]     HUMBLE_ROS
[1.138s]     ROS_EDITION
[1.138s] 
[1.138s] [0m
[1.138s] Invoked command in '/home/atoz/ros2_ws/build/livox_sdk2' returned '0': /usr/bin/cmake /home/atoz/ros2_ws/src/Livox-SDK2 -DROS_EDITION=ROS2 -DHUMBLE_ROS=humble -DCMAKE_INSTALL_PREFIX=/home/atoz/ros2_ws/install/livox_sdk2
[1.139s] Invoking command in '/home/atoz/ros2_ws/build/livox_sdk2': /usr/bin/cmake --build /home/atoz/ros2_ws/build/livox_sdk2 -- -j8 -l8
[1.214s] [  3%] [32mBuilding CXX object sdk_core/CMakeFiles/livox_lidar_sdk_shared.dir/__/3rdparty/FastCRC/FastCRCsw.cpp.o[0m
[1.214s] [  3%] [32mBuilding CXX object sdk_core/CMakeFiles/livox_lidar_sdk_shared.dir/device_manager.cpp.o[0m
[1.215s] [  4%] [32mBuilding CXX object sdk_core/CMakeFiles/livox_lidar_sdk_static.dir/__/3rdparty/FastCRC/FastCRCsw.cpp.o[0m
[1.215s] [  4%] [32mBuilding CXX object sdk_core/CMakeFiles/livox_lidar_sdk_shared.dir/livox_lidar_sdk.cpp.o[0m
[1.220s] [  6%] [32mBuilding CXX object sdk_core/CMakeFiles/livox_lidar_sdk_static.dir/livox_lidar_sdk.cpp.o[0m
[1.246s] [  7%] [32mBuilding CXX object sdk_core/CMakeFiles/livox_lidar_sdk_shared.dir/parse_cfg_file.cpp.o[0m
[1.259s] [  8%] [32mBuilding CXX object sdk_core/CMakeFiles/livox_lidar_sdk_shared.dir/params_check.cpp.o[0m
[1.262s] [  9%] [32mBuilding CXX object sdk_core/CMakeFiles/livox_lidar_sdk_static.dir/device_manager.cpp.o[0m
[1.448s] [ 10%] [32mBuilding CXX object sdk_core/CMakeFiles/livox_lidar_sdk_static.dir/params_check.cpp.o[0m
[1.465s] [ 12%] [32mBuilding CXX object sdk_core/CMakeFiles/livox_lidar_sdk_shared.dir/upgrade_manager.cpp.o[0m
[2.753s] [ 13%] [32mBuilding CXX object sdk_core/CMakeFiles/livox_lidar_sdk_static.dir/parse_cfg_file.cpp.o[0m
[8.363s] [ 14%] [32mBuilding CXX object sdk_core/CMakeFiles/livox_lidar_sdk_shared.dir/base/io_loop.cpp.o[0m
[8.594s] [ 15%] [32mBuilding CXX object sdk_core/CMakeFiles/livox_lidar_sdk_static.dir/upgrade_manager.cpp.o[0m
[8.707s] [ 16%] [32mBuilding CXX object sdk_core/CMakeFiles/livox_lidar_sdk_shared.dir/base/thread_base.cpp.o[0m
[8.973s] [ 18%] [32mBuilding CXX object sdk_core/CMakeFiles/livox_lidar_sdk_static.dir/base/io_loop.cpp.o[0m
[9.519s] [ 19%] [32mBuilding CXX object sdk_core/CMakeFiles/livox_lidar_sdk_shared.dir/base/io_thread.cpp.o[0m
[9.765s] [ 20%] [32mBuilding CXX object sdk_core/CMakeFiles/livox_lidar_sdk_static.dir/base/thread_base.cpp.o[0m
[9.775s] [ 21%] [32mBuilding CXX object sdk_core/CMakeFiles/livox_lidar_sdk_shared.dir/base/logging.cpp.o[0m
[10.804s] [ 22%] [32mBuilding CXX object sdk_core/CMakeFiles/livox_lidar_sdk_shared.dir/base/network/unix/network_util.cpp.o[0m
[10.810s] [ 24%] [32mBuilding CXX object sdk_core/CMakeFiles/livox_lidar_sdk_static.dir/base/io_thread.cpp.o[0m
[10.976s] [ 25%] [32mBuilding CXX object sdk_core/CMakeFiles/livox_lidar_sdk_static.dir/base/logging.cpp.o[0m
[11.261s] [ 26%] [32mBuilding CXX object sdk_core/CMakeFiles/livox_lidar_sdk_shared.dir/base/multiple_io/multiple_io_base.cpp.o[0m
[12.133s] [ 27%] [32mBuilding CXX object sdk_core/CMakeFiles/livox_lidar_sdk_shared.dir/base/multiple_io/multiple_io_epoll.cpp.o[0m
[12.171s] [ 28%] [32mBuilding CXX object sdk_core/CMakeFiles/livox_lidar_sdk_static.dir/base/network/unix/network_util.cpp.o[0m
[12.713s] [ 30%] [32mBuilding CXX object sdk_core/CMakeFiles/livox_lidar_sdk_static.dir/base/multiple_io/multiple_io_base.cpp.o[0m
[12.792s] [ 31%] [32mBuilding CXX object sdk_core/CMakeFiles/livox_lidar_sdk_static.dir/base/multiple_io/multiple_io_epoll.cpp.o[0m
[12.933s] [ 32%] [32mBuilding CXX object sdk_core/CMakeFiles/livox_lidar_sdk_shared.dir/base/multiple_io/multiple_io_poll.cpp.o[0m
[13.201s] [ 33%] [32mBuilding CXX object sdk_core/CMakeFiles/livox_lidar_sdk_shared.dir/base/multiple_io/multiple_io_select.cpp.o[0m
[13.517s] [ 34%] [32mBuilding CXX object sdk_core/CMakeFiles/livox_lidar_sdk_static.dir/base/multiple_io/multiple_io_poll.cpp.o[0m
[13.549s] [ 36%] [32mBuilding CXX object sdk_core/CMakeFiles/livox_lidar_sdk_shared.dir/base/multiple_io/multiple_io_kqueue.cpp.o[0m
[13.709s] [ 37%] [32mBuilding CXX object sdk_core/CMakeFiles/livox_lidar_sdk_shared.dir/base/wake_up/unix/wake_up_pipe.cpp.o[0m
[13.750s] [ 38%] [32mBuilding CXX object sdk_core/CMakeFiles/livox_lidar_sdk_static.dir/base/multiple_io/multiple_io_select.cpp.o[0m
[13.849s] [ 39%] [32mBuilding CXX object sdk_core/CMakeFiles/livox_lidar_sdk_shared.dir/comm/comm_port.cpp.o[0m
[14.013s] [ 40%] [32mBuilding CXX object sdk_core/CMakeFiles/livox_lidar_sdk_shared.dir/comm/sdk_protocol.cpp.o[0m
[14.151s] [ 42%] [32mBuilding CXX object sdk_core/CMakeFiles/livox_lidar_sdk_shared.dir/comm/generate_seq.cpp.o[0m
[14.152s] [ 43%] [32mBuilding CXX object sdk_core/CMakeFiles/livox_lidar_sdk_static.dir/base/multiple_io/multiple_io_kqueue.cpp.o[0m
[14.313s] [ 44%] [32mBuilding CXX object sdk_core/CMakeFiles/livox_lidar_sdk_static.dir/base/wake_up/unix/wake_up_pipe.cpp.o[0m
[14.497s] [ 45%] [32mBuilding CXX object sdk_core/CMakeFiles/livox_lidar_sdk_static.dir/comm/comm_port.cpp.o[0m
[14.557s] [ 46%] [32mBuilding CXX object sdk_core/CMakeFiles/livox_lidar_sdk_shared.dir/upgrade/firmware.cpp.o[0m
[14.625s] [ 48%] [32mBuilding CXX object sdk_core/CMakeFiles/livox_lidar_sdk_shared.dir/upgrade/livox_lidar_upgrader.cpp.o[0m
[14.753s] [ 49%] [32mBuilding CXX object sdk_core/CMakeFiles/livox_lidar_sdk_static.dir/comm/sdk_protocol.cpp.o[0m
[15.049s] [ 50%] [32mBuilding CXX object sdk_core/CMakeFiles/livox_lidar_sdk_static.dir/comm/generate_seq.cpp.o[0m
[15.096s] [ 51%] [32mBuilding CXX object sdk_core/CMakeFiles/livox_lidar_sdk_static.dir/upgrade/firmware.cpp.o[0m
[15.189s] [ 53%] [32mBuilding CXX object sdk_core/CMakeFiles/livox_lidar_sdk_shared.dir/logger_handler/logger_manager.cpp.o[0m
[15.618s] [ 54%] [32mBuilding CXX object sdk_core/CMakeFiles/livox_lidar_sdk_static.dir/upgrade/livox_lidar_upgrader.cpp.o[0m
[15.761s] [ 55%] [32mBuilding CXX object sdk_core/CMakeFiles/livox_lidar_sdk_static.dir/logger_handler/logger_manager.cpp.o[0m
[17.073s] [ 56%] [32mBuilding CXX object sdk_core/CMakeFiles/livox_lidar_sdk_shared.dir/logger_handler/logger_handler.cpp.o[0m
[17.185s] [ 57%] [32mBuilding CXX object sdk_core/CMakeFiles/livox_lidar_sdk_shared.dir/logger_handler/file_manager.cpp.o[0m
[17.585s] [ 59%] [32mBuilding CXX object sdk_core/CMakeFiles/livox_lidar_sdk_static.dir/logger_handler/logger_handler.cpp.o[0m
[18.501s] [ 60%] [32mBuilding CXX object sdk_core/CMakeFiles/livox_lidar_sdk_static.dir/logger_handler/file_manager.cpp.o[0m
[24.534s] [ 61%] [32mBuilding CXX object sdk_core/CMakeFiles/livox_lidar_sdk_static.dir/data_handler/data_handler.cpp.o[0m
[24.977s] [ 62%] [32mBuilding CXX object sdk_core/CMakeFiles/livox_lidar_sdk_shared.dir/data_handler/data_handler.cpp.o[0m
[25.433s] gmake[2]: *** [sdk_core/CMakeFiles/livox_lidar_sdk_static.dir/build.make:426: sdk_core/CMakeFiles/livox_lidar_sdk_static.dir/data_handler/data_handler.cpp.o] Interrupt
[25.433s] gmake[2]: *** [sdk_core/CMakeFiles/livox_lidar_sdk_static.dir/build.make:398: sdk_core/CMakeFiles/livox_lidar_sdk_static.dir/logger_handler/logger_handler.cpp.o] Interrupt
[25.433s] gmake[2]: *** [sdk_core/CMakeFiles/livox_lidar_sdk_shared.dir/build.make:426: sdk_core/CMakeFiles/livox_lidar_sdk_shared.dir/data_handler/data_handler.cpp.o] Interrupt
[25.437s] gmake[2]: *** [sdk_core/CMakeFiles/livox_lidar_sdk_shared.dir/build.make:384: sdk_core/CMakeFiles/livox_lidar_sdk_shared.dir/logger_handler/logger_manager.cpp.o] Interrupt
[25.437s] gmake[2]: *** [sdk_core/CMakeFiles/livox_lidar_sdk_shared.dir/build.make:398: sdk_core/CMakeFiles/livox_lidar_sdk_shared.dir/logger_handler/logger_handler.cpp.o] Interrupt
[25.437s] gmake[2]: *** [sdk_core/CMakeFiles/livox_lidar_sdk_shared.dir/build.make:412: sdk_core/CMakeFiles/livox_lidar_sdk_shared.dir/logger_handler/file_manager.cpp.o] Interrupt
[25.437s] gmake[1]: *** [CMakeFiles/Makefile2:249: sdk_core/CMakeFiles/livox_lidar_sdk_shared.dir/all] Interrupt
[25.439s] gmake[2]: *** [sdk_core/CMakeFiles/livox_lidar_sdk_static.dir/build.make:384: sdk_core/CMakeFiles/livox_lidar_sdk_static.dir/logger_handler/logger_manager.cpp.o] Interrupt
[25.440s] gmake[2]: *** [sdk_core/CMakeFiles/livox_lidar_sdk_static.dir/build.make:412: sdk_core/CMakeFiles/livox_lidar_sdk_static.dir/logger_handler/file_manager.cpp.o] Interrupt
[25.440s] gmake[1]: *** [CMakeFiles/Makefile2:223: sdk_core/CMakeFiles/livox_lidar_sdk_static.dir/all] Interrupt
[25.440s] gmake: *** [Makefile:136: all] Interrupt
[25.522s] Invoked command in '/home/atoz/ros2_ws/build/livox_sdk2' returned '-2': /usr/bin/cmake --build /home/atoz/ros2_ws/build/livox_sdk2 -- -j8 -l8
