[0.022s] Invoking command in '/home/atoz/ros2_ws/build/fast_lio': AMENT_PREFIX_PATH=/home/atoz/ros2_ws/install/livox_ros_driver2:${AMENT_PREFIX_PATH} CMAKE_PREFIX_PATH=/home/atoz/ros2_ws/install/livox_ros_driver2:/opt/ros/humble LD_LIBRARY_PATH=/home/atoz/ros2_ws/install/livox_ros_driver2/lib:${LD_LIBRARY_PATH} PYTHONPATH=/home/atoz/ros2_ws/install/livox_ros_driver2/local/lib/python3.10/dist-packages:${PYTHONPATH} /usr/bin/cmake --build /home/atoz/ros2_ws/build/fast_lio -- -j8 -l8
[0.136s] [  2%] Built target fast_lio__cpp
[0.141s] [ 11%] Built target fast_lio__rosidl_generator_c
[0.172s] [ 11%] Built target ament_cmake_python_copy_fast_lio
[0.185s] [ 28%] Built target fast_lio__rosidl_typesupport_fastrtps_cpp
[0.185s] [ 28%] Built target fast_lio__rosidl_typesupport_fastrtps_c
[0.188s] [ 37%] Built target fast_lio__rosidl_typesupport_cpp
[0.197s] [ 45%] Built target fast_lio__rosidl_typesupport_introspection_cpp
[0.201s] [ 54%] Built target fast_lio__rosidl_typesupport_c
[0.201s] [ 62%] Built target fast_lio__rosidl_typesupport_introspection_c
[0.252s] [ 62%] Built target fast_lio
[0.283s] [ 65%] [32mBuilding CXX object CMakeFiles/fastlio_mapping.dir/src/laserMapping.cpp.o[0m
[0.292s] [ 68%] Built target fast_lio__py
[0.336s] [ 74%] Built target fast_lio__rosidl_generator_py
[0.379s] [ 91%] Built target fast_lio__rosidl_typesupport_c__pyext
[0.380s] [ 91%] Built target fast_lio__rosidl_typesupport_introspection_c__pyext
[0.380s] [ 91%] Built target fast_lio__rosidl_typesupport_fastrtps_c__pyext
[0.701s] running egg_info
[0.703s] writing fast_lio.egg-info/PKG-INFO
[0.704s] writing dependency_links to fast_lio.egg-info/dependency_links.txt
[0.704s] writing top-level names to fast_lio.egg-info/top_level.txt
[0.710s] reading manifest file 'fast_lio.egg-info/SOURCES.txt'
[0.711s] writing manifest file 'fast_lio.egg-info/SOURCES.txt'
[0.789s] [ 91%] Built target ament_cmake_python_build_fast_lio_egg
[15.955s] In file included from [01m[K/usr/include/boost/smart_ptr/detail/sp_thread_sleep.hpp:22[m[K,
[15.955s]                  from [01m[K/usr/include/boost/smart_ptr/detail/yield_k.hpp:23[m[K,
[15.955s]                  from [01m[K/usr/include/boost/smart_ptr/detail/spinlock_gcc_atomic.hpp:14[m[K,
[15.956s]                  from [01m[K/usr/include/boost/smart_ptr/detail/spinlock.hpp:42[m[K,
[15.956s]                  from [01m[K/usr/include/boost/smart_ptr/detail/spinlock_pool.hpp:25[m[K,
[15.956s]                  from [01m[K/usr/include/boost/smart_ptr/shared_ptr.hpp:29[m[K,
[15.956s]                  from [01m[K/usr/include/boost/shared_ptr.hpp:17[m[K,
[15.956s]                  from [01m[K/usr/include/boost/date_time/microsec_time_clock.hpp:18[m[K,
[15.956s]                  from [01m[K/usr/include/boost/interprocess/detail/posix_time_types_wrk.hpp:31[m[K,
[15.956s]                  from [01m[K/usr/include/boost/interprocess/detail/os_thread_functions.hpp:36[m[K,
[15.956s]                  from [01m[K/usr/include/boost/interprocess/sync/file_lock.hpp:26[m[K,
[15.957s]                  from [01m[K/usr/include/pcl-1.12/pcl/io/pcd_io.h:46[m[K,
[15.957s]                  from [01m[K/opt/ros/humble/include/pcl_conversions/pcl_conversions/pcl_conversions.h:73[m[K,
[15.957s]                  from [01m[K/home/atoz/ros2_ws/src/FAST_LIO_ROS2/src/IMU_Processing.hpp:18[m[K,
[15.957s]                  from [01m[K/home/atoz/ros2_ws/src/FAST_LIO_ROS2/src/laserMapping.cpp:47[m[K:
[15.957s] [01m[K/usr/include/boost/bind.hpp:36:1:[m[K [01;36m[Knote: [m[K‘[01m[K#pragma message: The practice of declaring the Bind placeholders (_1, _2, ...) in the global namespace is deprecated. Please use <boost/bind/bind.hpp> + using namespace boost::placeholders, or define BOOST_BIND_GLOBAL_PLACEHOLDERS to retain the current behavior.[m[K’
[15.957s]    36 | [01;36m[KBOOST_PRAGMA_MESSAGE[m[K(
[15.957s]       | [01;36m[K^~~~~~~~~~~~~~~~~~~~[m[K
[31.329s] In file included from [01m[K/home/atoz/ros2_ws/src/FAST_LIO_ROS2/include/IKFoM_toolkit/esekfom/../mtk/types/SOn.hpp:83[m[K,
[31.330s]                  from [01m[K/home/atoz/ros2_ws/src/FAST_LIO_ROS2/include/IKFoM_toolkit/esekfom/esekfom.hpp:49[m[K,
[31.330s]                  from [01m[K/home/atoz/ros2_ws/src/FAST_LIO_ROS2/include/use-ikfom.hpp:4[m[K,
[31.330s]                  from [01m[K/home/atoz/ros2_ws/src/FAST_LIO_ROS2/src/IMU_Processing.hpp:22[m[K,
[31.330s]                  from [01m[K/home/atoz/ros2_ws/src/FAST_LIO_ROS2/src/laserMapping.cpp:47[m[K:
[31.330s] /home/atoz/ros2_ws/src/FAST_LIO_ROS2/include/IKFoM_toolkit/esekfom/../mtk/types/../src/mtkmath.hpp: In instantiation of ‘[01m[Kstd::pair<_FIter, _FIter> MTK::cos_sinc_sqrt(const scalar&) [with scalar = double][m[K’:
[31.331s] [01m[K/home/atoz/ros2_ws/src/FAST_LIO_ROS2/include/IKFoM_toolkit/esekfom/../mtk/types/../src/mtkmath.hpp:252:52:[m[K   required from ‘[01m[Kscalar MTK::exp(MTK::vectview<scalar, dim>, MTK::vectview<const scalar, dim>, const scalar&) [with scalar = double; int n = 3][m[K’
[31.331s] [01m[K/home/atoz/ros2_ws/src/FAST_LIO_ROS2/include/IKFoM_toolkit/esekfom/../mtk/types/S2.hpp:140:32:[m[K   required from ‘[01m[Kvoid MTK::S2<_scalar, den, num, S2_typ>::boxplus(MTK::vectview<const _scalar, 2>, MTK::S2<_scalar, den, num, S2_typ>::scalar) [with _scalar = double; int den = 98090; int num = 10000; int S2_typ = 1; MTK::S2<_scalar, den, num, S2_typ>::scalar = double][m[K’
[31.331s] [01m[K/home/atoz/ros2_ws/src/FAST_LIO_ROS2/include/use-ikfom.hpp:12:1:[m[K   required from here
[31.331s] [01m[K/home/atoz/ros2_ws/src/FAST_LIO_ROS2/include/IKFoM_toolkit/esekfom/../mtk/types/../src/mtkmath.hpp:143:27:[m[K [01;36m[Knote: [m[Kparameter passing for argument of type ‘[01m[Kstd::pair<double, double>[m[K’ when C++17 is enabled changed to match C++14 ]8;;https://gcc.gnu.org/gcc-10/changes.html#empty_basein GCC 10.1]8;;
[31.331s]   143 | std::pair<scalar, scalar> [01;36m[Kcos_sinc_sqrt[m[K(const scalar &x2){
[31.331s]       |                           [01;36m[K^~~~~~~~~~~~~[m[K
[183.236s] [ 94%] [32m[1mLinking CXX executable fastlio_mapping[0m
[186.501s] /usr/bin/ld: can not read symbols: file truncated
[186.501s] /usr/bin/ld: .eh_frame/.stab edit: file truncated
[186.527s] /usr/bin/ld: BFD (GNU Binutils for Ubuntu) 2.38 internal error, aborting at ../../bfd/merge.c:935 in _bfd_merged_section_offset
[186.527s] 
[186.527s] /usr/bin/ld: Please report this bug.
[186.527s] 
[186.546s] collect2: error: ld returned 1 exit status
[186.551s] gmake[2]: *** [CMakeFiles/fastlio_mapping.dir/build.make:480: fastlio_mapping] Error 1
[186.551s] gmake[2]: *** Deleting file 'fastlio_mapping'
[186.551s] gmake[1]: *** [CMakeFiles/Makefile2:593: CMakeFiles/fastlio_mapping.dir/all] Error 2
[186.552s] gmake: *** [Makefile:146: all] Error 2
[186.567s] Invoked command in '/home/atoz/ros2_ws/build/fast_lio' returned '2': AMENT_PREFIX_PATH=/home/atoz/ros2_ws/install/livox_ros_driver2:${AMENT_PREFIX_PATH} CMAKE_PREFIX_PATH=/home/atoz/ros2_ws/install/livox_ros_driver2:/opt/ros/humble LD_LIBRARY_PATH=/home/atoz/ros2_ws/install/livox_ros_driver2/lib:${LD_LIBRARY_PATH} PYTHONPATH=/home/atoz/ros2_ws/install/livox_ros_driver2/local/lib/python3.10/dist-packages:${PYTHONPATH} /usr/bin/cmake --build /home/atoz/ros2_ws/build/fast_lio -- -j8 -l8
