[0.042s] Invoking command in '/home/atoz/ros2_ws/build/livox_ros_driver2': /usr/bin/cmake /home/atoz/ros2_ws/src/livox_ros_driver2 -DROS_EDITION=ROS2 -DHUMBLE_ROS=humble -DCMAKE_INSTALL_PREFIX=/home/atoz/ros2_ws/install/livox_ros_driver2
[0.592s] -- The C compiler identification is GNU 11.4.0
[0.592s] -- The CXX compiler identification is GNU 11.4.0
[0.593s] -- Detecting C compiler ABI info
[0.594s] -- Detecting C compiler ABI info - done
[0.594s] -- Check for working C compiler: /usr/bin/cc - skipped
[0.594s] -- Detecting C compile features
[0.594s] -- Detecting C compile features - done
[0.594s] -- Detecting CXX compiler ABI info
[0.595s] -- Detecting CXX compiler ABI info - done
[0.595s] -- Check for working CXX compiler: /usr/bin/c++ - skipped
[0.595s] -- Detecting CXX compile features
[0.595s] -- Detecting CXX compile features - done
[0.595s] -- livox_ros_driver2 version: 1.2.4
[0.595s] -- Found ament_cmake_auto: 1.3.12 (/opt/ros/humble/share/ament_cmake_auto/cmake)
[0.895s] -- Found Python3: /usr/bin/python3 (found version "3.10.12") found components: Interpreter 
[1.088s] [0mCMake Error: File /home/atoz/ros2_ws/src/livox_ros_driver2/package.xml does not exist.[0m
[1.088s] [31mCMake Error at /opt/ros/humble/share/ament_cmake_core/cmake/core/stamp.cmake:24 (configure_file):
[1.089s]   configure_file Problem configuring file
[1.089s] Call Stack (most recent call first):
[1.089s]   /opt/ros/humble/share/ament_cmake_core/cmake/core/ament_package_xml.cmake:73 (stamp)
[1.089s]   /opt/ros/humble/share/ament_cmake_core/cmake/core/ament_package_xml.cmake:49 (_ament_package_xml)
[1.090s]   /opt/ros/humble/share/ament_cmake_auto/cmake/ament_auto_find_build_dependencies.cmake:42 (ament_package_xml)
[1.090s]   CMakeLists.txt:225 (ament_auto_find_build_dependencies)
[1.090s] 
[1.090s] [0m
[1.120s] -- Checking for module 'eigen3'
[1.145s] --   Found eigen3, version 3.4.0
[1.192s] -- Found Eigen: /usr/include/eigen3 (Required is at least version "3.1") 
[1.192s] -- Eigen found (include: /usr/include/eigen3, version: 3.4.0)
[1.215s] -- Found Boost: /usr/lib/aarch64-linux-gnu/cmake/Boost-1.74.0/BoostConfig.cmake (found suitable version "1.74.0", minimum required is "1.65.0") found components: system filesystem date_time iostreams serialization 
[1.243s] -- Checking for module 'flann'
[1.275s] --   Found flann, version 1.9.1
[1.579s] -- Found FLANN: /usr/lib/aarch64-linux-gnu/libflann_cpp.so  
[1.580s] -- FLANN found (include: /usr/include, lib: /usr/lib/aarch64-linux-gnu/libflann_cpp.so)
[1.714s] -- Looking for pthread.h
[2.153s] -- Looking for pthread.h - found
[2.153s] -- Performing Test CMAKE_HAVE_LIBC_PTHREAD
[2.613s] -- Performing Test CMAKE_HAVE_LIBC_PTHREAD - Success
[2.613s] -- Found Threads: TRUE  
[2.614s] -- Found GLEW: /usr/lib/aarch64-linux-gnu/libGLEW.so  
[2.656s] -- Found OpenGL: /usr/lib/aarch64-linux-gnu/libOpenGL.so  found components: OpenGL GLX 
[3.523s] -- Found MPI_C: /usr/lib/aarch64-linux-gnu/libmpi.so (found version "3.1") 
[3.524s] -- Found MPI: TRUE (found version "3.1") found components: C 
[3.530s] -- Found JsonCpp: /usr/lib/aarch64-linux-gnu/libjsoncpp.so (found suitable version "1.9.5", minimum required is "0.7.0") 
[3.562s] -- Found ZLIB: /usr/lib/aarch64-linux-gnu/libz.so (found version "1.2.11") 
[3.628s] -- Found PNG: /usr/lib/aarch64-linux-gnu/libpng.so (found version "1.6.37") 
[3.652s] -- Found Eigen3: /usr/include/eigen3 (found version "3.4.0") 
[4.243s] -- Found X11: /usr/include   
[4.243s] -- Looking for XOpenDisplay in /usr/lib/aarch64-linux-gnu/libX11.so;/usr/lib/aarch64-linux-gnu/libXext.so
[4.697s] -- Looking for XOpenDisplay in /usr/lib/aarch64-linux-gnu/libX11.so;/usr/lib/aarch64-linux-gnu/libXext.so - found
[4.697s] -- Looking for gethostbyname
[5.081s] -- Looking for gethostbyname - found
[5.081s] -- Looking for connect
[5.493s] -- Looking for connect - found
[5.493s] -- Looking for remove
[5.897s] -- Looking for remove - found
[5.897s] -- Looking for shmat
[6.273s] -- Looking for shmat - found
[6.273s] -- Looking for IceConnectionNumber in ICE
[6.457s] Invoked command in '/home/atoz/ros2_ws/build/livox_ros_driver2' returned '-2': /usr/bin/cmake /home/atoz/ros2_ws/src/livox_ros_driver2 -DROS_EDITION=ROS2 -DHUMBLE_ROS=humble -DCMAKE_INSTALL_PREFIX=/home/atoz/ros2_ws/install/livox_ros_driver2
