running egg_info
creating ../../build/my_octomap/my_octomap.egg-info
writing ../../build/my_octomap/my_octomap.egg-info/PKG-INFO
writing dependency_links to ../../build/my_octomap/my_octomap.egg-info/dependency_links.txt
writing entry points to ../../build/my_octomap/my_octomap.egg-info/entry_points.txt
writing requirements to ../../build/my_octomap/my_octomap.egg-info/requires.txt
writing top-level names to ../../build/my_octomap/my_octomap.egg-info/top_level.txt
writing manifest file '../../build/my_octomap/my_octomap.egg-info/SOURCES.txt'
reading manifest file '../../build/my_octomap/my_octomap.egg-info/SOURCES.txt'
writing manifest file '../../build/my_octomap/my_octomap.egg-info/SOURCES.txt'
running build
running build_py
creating /home/atoz/ros2_ws/build/my_octomap/build
creating /home/atoz/ros2_ws/build/my_octomap/build/lib
creating /home/atoz/ros2_ws/build/my_octomap/build/lib/my_octomap
copying my_octomap/__init__.py -> /home/atoz/ros2_ws/build/my_octomap/build/lib/my_octomap
running install
running install_lib
creating /home/atoz/ros2_ws/install/my_octomap/lib/python3.10/site-packages/my_octomap
copying /home/atoz/ros2_ws/build/my_octomap/build/lib/my_octomap/__init__.py -> /home/atoz/ros2_ws/install/my_octomap/lib/python3.10/site-packages/my_octomap
byte-compiling /home/atoz/ros2_ws/install/my_octomap/lib/python3.10/site-packages/my_octomap/__init__.py to __init__.cpython-310.pyc
running install_data
creating /home/atoz/ros2_ws/install/my_octomap/share/ament_index
creating /home/atoz/ros2_ws/install/my_octomap/share/ament_index/resource_index
creating /home/atoz/ros2_ws/install/my_octomap/share/ament_index/resource_index/packages
copying resource/my_octomap -> /home/atoz/ros2_ws/install/my_octomap/share/ament_index/resource_index/packages
copying package.xml -> /home/atoz/ros2_ws/install/my_octomap/share/my_octomap
creating /home/atoz/ros2_ws/install/my_octomap/share/my_octomap/launch
copying launch/my_octomap.launch.py -> /home/atoz/ros2_ws/install/my_octomap/share/my_octomap/launch
creating /home/atoz/ros2_ws/install/my_octomap/share/my_octomap/config
copying config/nav2_params.yaml -> /home/atoz/ros2_ws/install/my_octomap/share/my_octomap/config
running install_egg_info
Copying ../../build/my_octomap/my_octomap.egg-info to /home/atoz/ros2_ws/install/my_octomap/lib/python3.10/site-packages/my_octomap-0.0.0-py3.10.egg-info
running install_scripts
writing list of installed files to '/home/atoz/ros2_ws/build/my_octomap/install.log'
