[3.642s] Invoking command in '/home/atoz/ros2_ws/src/my_octomap': PYTHONPATH=/home/atoz/ros2_ws/build/my_octomap/prefix_override:/usr/lib/python3/dist-packages/colcon_core/task/python/colcon_distutils_commands:/home/atoz/ros2_ws/install/my_octomap/lib/python3.10/site-packages:${PYTHONPATH} /usr/bin/python3 -W ignore:setup.py install is deprecated -W ignore:easy_install command is deprecated setup.py egg_info --egg-base ../../build/my_octomap build --build-base /home/atoz/ros2_ws/build/my_octomap/build install --record /home/atoz/ros2_ws/build/my_octomap/install.log --single-version-externally-managed install_data
[4.513s] running egg_info
[4.517s] creating ../../build/my_octomap/my_octomap.egg-info
[4.521s] writing ../../build/my_octomap/my_octomap.egg-info/PKG-INFO
[4.526s] writing dependency_links to ../../build/my_octomap/my_octomap.egg-info/dependency_links.txt
[4.529s] writing entry points to ../../build/my_octomap/my_octomap.egg-info/entry_points.txt
[4.530s] writing requirements to ../../build/my_octomap/my_octomap.egg-info/requires.txt
[4.530s] writing top-level names to ../../build/my_octomap/my_octomap.egg-info/top_level.txt
[4.534s] writing manifest file '../../build/my_octomap/my_octomap.egg-info/SOURCES.txt'
[4.551s] reading manifest file '../../build/my_octomap/my_octomap.egg-info/SOURCES.txt'
[4.553s] writing manifest file '../../build/my_octomap/my_octomap.egg-info/SOURCES.txt'
[4.553s] running build
[4.554s] running build_py
[4.554s] creating /home/atoz/ros2_ws/build/my_octomap/build
[4.556s] creating /home/atoz/ros2_ws/build/my_octomap/build/lib
[4.560s] creating /home/atoz/ros2_ws/build/my_octomap/build/lib/my_octomap
[4.560s] copying my_octomap/__init__.py -> /home/atoz/ros2_ws/build/my_octomap/build/lib/my_octomap
[4.562s] running install
[4.563s] running install_lib
[4.570s] creating /home/atoz/ros2_ws/install/my_octomap/lib/python3.10/site-packages/my_octomap
[4.571s] copying /home/atoz/ros2_ws/build/my_octomap/build/lib/my_octomap/__init__.py -> /home/atoz/ros2_ws/install/my_octomap/lib/python3.10/site-packages/my_octomap
[4.572s] byte-compiling /home/atoz/ros2_ws/install/my_octomap/lib/python3.10/site-packages/my_octomap/__init__.py to __init__.cpython-310.pyc
[4.572s] running install_data
[4.573s] creating /home/atoz/ros2_ws/install/my_octomap/share/ament_index
[4.573s] creating /home/atoz/ros2_ws/install/my_octomap/share/ament_index/resource_index
[4.573s] creating /home/atoz/ros2_ws/install/my_octomap/share/ament_index/resource_index/packages
[4.573s] copying resource/my_octomap -> /home/atoz/ros2_ws/install/my_octomap/share/ament_index/resource_index/packages
[4.574s] copying package.xml -> /home/atoz/ros2_ws/install/my_octomap/share/my_octomap
[4.574s] creating /home/atoz/ros2_ws/install/my_octomap/share/my_octomap/launch
[4.574s] copying launch/my_octomap.launch.py -> /home/atoz/ros2_ws/install/my_octomap/share/my_octomap/launch
[4.574s] creating /home/atoz/ros2_ws/install/my_octomap/share/my_octomap/config
[4.574s] copying config/nav2_params.yaml -> /home/atoz/ros2_ws/install/my_octomap/share/my_octomap/config
[4.576s] running install_egg_info
[4.581s] Copying ../../build/my_octomap/my_octomap.egg-info to /home/atoz/ros2_ws/install/my_octomap/lib/python3.10/site-packages/my_octomap-0.0.0-py3.10.egg-info
[4.583s] running install_scripts
[4.654s] writing list of installed files to '/home/atoz/ros2_ws/build/my_octomap/install.log'
[4.796s] Invoked command in '/home/atoz/ros2_ws/src/my_octomap' returned '0': PYTHONPATH=/home/atoz/ros2_ws/build/my_octomap/prefix_override:/usr/lib/python3/dist-packages/colcon_core/task/python/colcon_distutils_commands:/home/atoz/ros2_ws/install/my_octomap/lib/python3.10/site-packages:${PYTHONPATH} /usr/bin/python3 -W ignore:setup.py install is deprecated -W ignore:easy_install command is deprecated setup.py egg_info --egg-base ../../build/my_octomap build --build-base /home/atoz/ros2_ws/build/my_octomap/build install --record /home/atoz/ros2_ws/build/my_octomap/install.log --single-version-externally-managed install_data
