[1.991s] Invoking command in '/home/atoz/ros2_ws/src/my_octomap': PYTHONPATH=/home/atoz/ros2_ws/build/my_octomap/prefix_override:/usr/lib/python3/dist-packages/colcon_core/task/python/colcon_distutils_commands:/home/atoz/ros2_ws/install/my_octomap/lib/python3.10/site-packages:${PYTHONPATH} /usr/bin/python3 -W ignore:setup.py install is deprecated -W ignore:easy_install command is deprecated setup.py egg_info --egg-base ../../build/my_octomap build --build-base /home/atoz/ros2_ws/build/my_octomap/build install --record /home/atoz/ros2_ws/build/my_octomap/install.log --single-version-externally-managed install_data
[2.487s] running egg_info
[2.488s] writing ../../build/my_octomap/my_octomap.egg-info/PKG-INFO
[2.489s] writing dependency_links to ../../build/my_octomap/my_octomap.egg-info/dependency_links.txt
[2.489s] writing entry points to ../../build/my_octomap/my_octomap.egg-info/entry_points.txt
[2.490s] writing requirements to ../../build/my_octomap/my_octomap.egg-info/requires.txt
[2.490s] writing top-level names to ../../build/my_octomap/my_octomap.egg-info/top_level.txt
[2.494s] reading manifest file '../../build/my_octomap/my_octomap.egg-info/SOURCES.txt'
[2.495s] writing manifest file '../../build/my_octomap/my_octomap.egg-info/SOURCES.txt'
[2.496s] running build
[2.496s] running build_py
[2.496s] running install
[2.498s] running install_lib
[2.500s] running install_data
[2.500s] copying config/nav2_params.yaml -> /home/atoz/ros2_ws/install/my_octomap/share/my_octomap/config
[2.500s] running install_egg_info
[2.504s] removing '/home/atoz/ros2_ws/install/my_octomap/lib/python3.10/site-packages/my_octomap-0.0.0-py3.10.egg-info' (and everything under it)
[2.505s] Copying ../../build/my_octomap/my_octomap.egg-info to /home/atoz/ros2_ws/install/my_octomap/lib/python3.10/site-packages/my_octomap-0.0.0-py3.10.egg-info
[2.507s] running install_scripts
[2.551s] writing list of installed files to '/home/atoz/ros2_ws/build/my_octomap/install.log'
[2.620s] Invoked command in '/home/atoz/ros2_ws/src/my_octomap' returned '0': PYTHONPATH=/home/atoz/ros2_ws/build/my_octomap/prefix_override:/usr/lib/python3/dist-packages/colcon_core/task/python/colcon_distutils_commands:/home/atoz/ros2_ws/install/my_octomap/lib/python3.10/site-packages:${PYTHONPATH} /usr/bin/python3 -W ignore:setup.py install is deprecated -W ignore:easy_install command is deprecated setup.py egg_info --egg-base ../../build/my_octomap build --build-base /home/atoz/ros2_ws/build/my_octomap/build install --record /home/atoz/ros2_ws/build/my_octomap/install.log --single-version-externally-managed install_data
