[0.088s] Invoking command in '/home/atoz/ros2_ws/build/octomap_mapping': CMAKE_PREFIX_PATH=/home/atoz/ros2_ws/install/octomap_server:/home/atoz/ros2_ws/install/octomap_mapping:/home/atoz/ros2_ws/install/fast_lio:/home/atoz/ros2_ws/install/livox_ros_driver2:/home/atoz/ros2_ws/install/pwm_ctrl:/home/atoz/ros2_ws/install/my_octomap:/opt/ros/humble /usr/bin/cmake --build /home/atoz/ros2_ws/build/octomap_mapping -- -j8 -l8
[0.192s] Invoked command in '/home/atoz/ros2_ws/build/octomap_mapping' returned '0': CMAKE_PREFIX_PATH=/home/atoz/ros2_ws/install/octomap_server:/home/atoz/ros2_ws/install/octomap_mapping:/home/atoz/ros2_ws/install/fast_lio:/home/atoz/ros2_ws/install/livox_ros_driver2:/home/atoz/ros2_ws/install/pwm_ctrl:/home/atoz/ros2_ws/install/my_octomap:/opt/ros/humble /usr/bin/cmake --build /home/atoz/ros2_ws/build/octomap_mapping -- -j8 -l8
[0.193s] Invoking command in '/home/atoz/ros2_ws/build/octomap_mapping': CMAKE_PREFIX_PATH=/home/atoz/ros2_ws/install/octomap_server:/home/atoz/ros2_ws/install/octomap_mapping:/home/atoz/ros2_ws/install/fast_lio:/home/atoz/ros2_ws/install/livox_ros_driver2:/home/atoz/ros2_ws/install/pwm_ctrl:/home/atoz/ros2_ws/install/my_octomap:/opt/ros/humble /usr/bin/cmake --install /home/atoz/ros2_ws/build/octomap_mapping
[0.221s] -- Install configuration: ""
[0.223s] -- Up-to-date: /home/atoz/ros2_ws/install/octomap_mapping/share/ament_index/resource_index/package_run_dependencies/octomap_mapping
[0.223s] -- Up-to-date: /home/atoz/ros2_ws/install/octomap_mapping/share/ament_index/resource_index/parent_prefix_path/octomap_mapping
[0.224s] -- Up-to-date: /home/atoz/ros2_ws/install/octomap_mapping/share/octomap_mapping/environment/ament_prefix_path.sh
[0.225s] -- Up-to-date: /home/atoz/ros2_ws/install/octomap_mapping/share/octomap_mapping/environment/ament_prefix_path.dsv
[0.225s] -- Up-to-date: /home/atoz/ros2_ws/install/octomap_mapping/share/octomap_mapping/environment/path.sh
[0.226s] -- Up-to-date: /home/atoz/ros2_ws/install/octomap_mapping/share/octomap_mapping/environment/path.dsv
[0.227s] -- Up-to-date: /home/atoz/ros2_ws/install/octomap_mapping/share/octomap_mapping/local_setup.bash
[0.228s] -- Up-to-date: /home/atoz/ros2_ws/install/octomap_mapping/share/octomap_mapping/local_setup.sh
[0.229s] -- Up-to-date: /home/atoz/ros2_ws/install/octomap_mapping/share/octomap_mapping/local_setup.zsh
[0.229s] -- Up-to-date: /home/atoz/ros2_ws/install/octomap_mapping/share/octomap_mapping/local_setup.dsv
[0.229s] -- Installing: /home/atoz/ros2_ws/install/octomap_mapping/share/octomap_mapping/package.dsv
[0.230s] -- Up-to-date: /home/atoz/ros2_ws/install/octomap_mapping/share/ament_index/resource_index/packages/octomap_mapping
[0.231s] -- Up-to-date: /home/atoz/ros2_ws/install/octomap_mapping/share/octomap_mapping/cmake/octomap_mappingConfig.cmake
[0.231s] -- Up-to-date: /home/atoz/ros2_ws/install/octomap_mapping/share/octomap_mapping/cmake/octomap_mappingConfig-version.cmake
[0.231s] -- Up-to-date: /home/atoz/ros2_ws/install/octomap_mapping/share/octomap_mapping/package.xml
[0.238s] Invoked command in '/home/atoz/ros2_ws/build/octomap_mapping' returned '0': CMAKE_PREFIX_PATH=/home/atoz/ros2_ws/install/octomap_server:/home/atoz/ros2_ws/install/octomap_mapping:/home/atoz/ros2_ws/install/fast_lio:/home/atoz/ros2_ws/install/livox_ros_driver2:/home/atoz/ros2_ws/install/pwm_ctrl:/home/atoz/ros2_ws/install/my_octomap:/opt/ros/humble /usr/bin/cmake --install /home/atoz/ros2_ws/build/octomap_mapping
