[0.013s] Invoking command in '/home/atoz/ros2_ws/build/fast_lio': AMENT_PREFIX_PATH=/home/atoz/ros2_ws/install/livox_ros_driver2:${AMENT_PREFIX_PATH} CMAKE_PREFIX_PATH=/home/atoz/ros2_ws/install/livox_ros_driver2:/opt/ros/humble LD_LIBRARY_PATH=/home/atoz/ros2_ws/install/livox_ros_driver2/lib:${LD_LIBRARY_PATH} PYTHONPATH=/home/atoz/ros2_ws/install/livox_ros_driver2/local/lib/python3.10/dist-packages:${PYTHONPATH} /usr/bin/cmake /home/atoz/ros2_ws/src/FAST_LIO_ROS2 -DROS_EDITION=ROS2 -DHUMBLE_ROS=humble -DCMAKE_INSTALL_PREFIX=/home/atoz/ros2_ws/install/fast_lio
[0.153s] -- The C compiler identification is GNU 11.4.0
[0.273s] -- The CXX compiler identification is GNU 11.4.0
[0.289s] -- Detecting C compiler ABI info
[0.436s] -- Detecting C compiler ABI info - done
[0.449s] -- Check for working C compiler: /usr/bin/cc - skipped
[0.449s] -- Detecting C compile features
[0.450s] -- Detecting C compile features - done
[0.456s] -- Detecting CXX compiler ABI info
[0.642s] -- Detecting CXX compiler ABI info - done
[0.646s] -- Check for working CXX compiler: /usr/bin/c++ - skipped
[0.647s] -- Detecting CXX compile features
[0.648s] -- Detecting CXX compile features - done
[0.651s] [0mCurrent CPU archtecture: aarch64[0m
[1.360s] -- Found PythonLibs: /usr/lib/aarch64-linux-gnu/libpython3.10.so (found version "3.10.12") 
[1.363s] -- Found ament_cmake: 1.3.12 (/opt/ros/humble/share/ament_cmake/cmake)
[1.708s] -- Found Python3: /usr/bin/python3 (found version "3.10.12") found components: Interpreter 
[1.903s] -- Found rclcpp: 16.0.15 (/opt/ros/humble/share/rclcpp/cmake)
[1.971s] -- Found rosidl_generator_c: 3.1.7 (/opt/ros/humble/share/rosidl_generator_c/cmake)
[1.980s] -- Found rosidl_adapter: 3.1.7 (/opt/ros/humble/share/rosidl_adapter/cmake)
[1.996s] -- Found rosidl_generator_cpp: 3.1.7 (/opt/ros/humble/share/rosidl_generator_cpp/cmake)
[2.020s] -- Using all available rosidl_typesupport_c: rosidl_typesupport_fastrtps_c;rosidl_typesupport_introspection_c
[2.051s] -- Using all available rosidl_typesupport_cpp: rosidl_typesupport_fastrtps_cpp;rosidl_typesupport_introspection_cpp
[2.135s] -- Found rmw_implementation_cmake: 6.1.2 (/opt/ros/humble/share/rmw_implementation_cmake/cmake)
[2.140s] -- Found rmw_fastrtps_cpp: 6.2.8 (/opt/ros/humble/share/rmw_fastrtps_cpp/cmake)
[2.314s] -- Found OpenSSL: /usr/lib/aarch64-linux-gnu/libcrypto.so (found version "3.0.2")  
[2.366s] -- Found FastRTPS: /opt/ros/humble/include  
[2.446s] -- Using RMW implementation 'rmw_fastrtps_cpp' as default
[2.462s] -- Looking for pthread.h
[2.611s] -- Looking for pthread.h - found
[2.611s] -- Performing Test CMAKE_HAVE_LIBC_PTHREAD
[2.759s] -- Performing Test CMAKE_HAVE_LIBC_PTHREAD - Success
[2.761s] -- Found Threads: TRUE  
[2.863s] -- Found rclcpp_components: 16.0.15 (/opt/ros/humble/share/rclcpp_components/cmake)
[2.915s] -- Found geometry_msgs: 4.9.0 (/opt/ros/humble/share/geometry_msgs/cmake)
[2.941s] -- Found nav_msgs: 4.9.0 (/opt/ros/humble/share/nav_msgs/cmake)
[2.975s] -- Found sensor_msgs: 4.9.0 (/opt/ros/humble/share/sensor_msgs/cmake)
[3.009s] -- Found std_srvs: 4.9.0 (/opt/ros/humble/share/std_srvs/cmake)
[3.028s] -- Found visualization_msgs: 4.9.0 (/opt/ros/humble/share/visualization_msgs/cmake)
[3.066s] -- Found pcl_ros: 2.4.5 (/opt/ros/humble/share/pcl_ros/cmake)
[3.151s] -- Checking for module 'eigen3'
[3.180s] --   Found eigen3, version 3.4.0
[3.247s] -- Found Eigen: /usr/include/eigen3 (Required is at least version "3.1") 
[3.247s] -- Eigen found (include: /usr/include/eigen3, version: 3.4.0)
[3.307s] -- Checking for module 'flann'
[3.333s] --   Found flann, version 1.9.1
[3.407s] -- Found FLANN: /usr/lib/aarch64-linux-gnu/libflann_cpp.so  
[3.407s] -- FLANN found (include: /usr/include, lib: /usr/lib/aarch64-linux-gnu/libflann_cpp.so)
[5.247s] -- Checking for module 'libusb-1.0'
[5.272s] --   Found libusb-1.0, version 1.0.25
[5.335s] -- Found libusb: /usr/lib/aarch64-linux-gnu/libusb-1.0.so  
[5.336s] -- OpenNI found (version: 1.5.4.0, include: /usr/include/ni, lib: /usr/lib/libOpenNI.so;libusb::libusb)
[5.437s] -- OpenNI2 found (version: 2.2.0.33, include: /usr/include/openni2, lib: /usr/lib/aarch64-linux-gnu/libOpenNI2.so;libusb::libusb)
[5.743s] -- Eigen found (include: /usr/include/eigen3, version: 3.4.0)
[5.757s] -- OpenNI found (version: 1.5.4.0, include: /usr/include/ni, lib: /usr/lib/libOpenNI.so;libusb::libusb)
[5.771s] -- OpenNI2 found (version: 2.2.0.33, include: /usr/include/openni2, lib: /usr/lib/aarch64-linux-gnu/libOpenNI2.so;libusb::libusb)
[6.074s] -- Found Qhull version 8.0.2
[6.370s] -- OpenNI found (version: 1.5.4.0, include: /usr/include/ni, lib: /usr/lib/libOpenNI.so;libusb::libusb)
[6.645s] -- Found PCL_COMMON: /usr/lib/aarch64-linux-gnu/libpcl_common.so  
[6.647s] -- Found PCL_KDTREE: /usr/lib/aarch64-linux-gnu/libpcl_kdtree.so  
[6.648s] -- Found PCL_OCTREE: /usr/lib/aarch64-linux-gnu/libpcl_octree.so  
[6.650s] -- Found PCL_SEARCH: /usr/lib/aarch64-linux-gnu/libpcl_search.so  
[6.651s] -- Found PCL_SAMPLE_CONSENSUS: /usr/lib/aarch64-linux-gnu/libpcl_sample_consensus.so  
[6.653s] -- Found PCL_FILTERS: /usr/lib/aarch64-linux-gnu/libpcl_filters.so  
[6.654s] -- Found PCL_2D: /usr/include/pcl-1.12  
[6.654s] -- Found PCL_GEOMETRY: /usr/include/pcl-1.12  
[6.656s] -- Found PCL_IO: /usr/lib/aarch64-linux-gnu/libpcl_io.so  
[6.658s] -- Found PCL_FEATURES: /usr/lib/aarch64-linux-gnu/libpcl_features.so  
[6.659s] -- Found PCL_ML: /usr/lib/aarch64-linux-gnu/libpcl_ml.so  
[6.661s] -- Found PCL_SEGMENTATION: /usr/lib/aarch64-linux-gnu/libpcl_segmentation.so  
[6.663s] -- Found PCL_VISUALIZATION: /usr/lib/aarch64-linux-gnu/libpcl_visualization.so  
[6.664s] -- Found PCL_SURFACE: /usr/lib/aarch64-linux-gnu/libpcl_surface.so  
[6.666s] -- Found PCL_REGISTRATION: /usr/lib/aarch64-linux-gnu/libpcl_registration.so  
[6.668s] -- Found PCL_KEYPOINTS: /usr/lib/aarch64-linux-gnu/libpcl_keypoints.so  
[6.669s] -- Found PCL_TRACKING: /usr/lib/aarch64-linux-gnu/libpcl_tracking.so  
[6.671s] -- Found PCL_RECOGNITION: /usr/lib/aarch64-linux-gnu/libpcl_recognition.so  
[6.673s] -- Found PCL_STEREO: /usr/lib/aarch64-linux-gnu/libpcl_stereo.so  
[6.674s] -- Found PCL_APPS: /usr/lib/aarch64-linux-gnu/libpcl_apps.so  
[6.676s] -- Found PCL_IN_HAND_SCANNER: /usr/include/pcl-1.12  
[6.677s] -- Found PCL_MODELER: /usr/include/pcl-1.12  
[6.677s] -- Found PCL_POINT_CLOUD_EDITOR: /usr/include/pcl-1.12  
[6.679s] -- Found PCL_OUTOFCORE: /usr/lib/aarch64-linux-gnu/libpcl_outofcore.so  
[6.681s] -- Found PCL_PEOPLE: /usr/lib/aarch64-linux-gnu/libpcl_people.so  
[6.736s] -- Found eigen3_cmake_module: 0.1.1 (/opt/ros/humble/share/eigen3_cmake_module/cmake)
[6.739s] -- Found Eigen3: TRUE (found version "3.4.0") 
[6.739s] -- Ensuring Eigen3 include directory is part of orocos-kdl CMake target
[6.894s] -- Found livox_ros_driver2: 1.0.0 (/home/atoz/ros2_ws/install/livox_ros_driver2/share/livox_ros_driver2/cmake)
[6.943s] -- Found rosidl_default_generators: 1.2.0 (/opt/ros/humble/share/rosidl_default_generators/cmake)
[6.963s] [33mCMake Warning (dev) at CMakeLists.txt:81 (find_package):
[6.963s]   Policy CMP0074 is not set: find_package uses <PackageName>_ROOT variables.
[6.963s]   Run "cmake --help-policy CMP0074" for policy details.  Use the cmake_policy
[6.963s]   command to set the policy and suppress this warning.
[6.963s] 
[6.964s]   CMake variable PCL_ROOT is set to:
[6.964s] 
[6.964s]     /usr
[6.964s] 
[6.964s]   For compatibility, CMake is ignoring the variable.
[6.964s] This warning is for project developers.  Use -Wno-dev to suppress it.
[6.964s] [0m
[6.978s] -- PCL: /usr/include/pcl-1.12
[6.978s] [0mEigen:/usr/include/eigen3[0m
[7.537s] -- Found ament_cmake_ros: 0.10.0 (/opt/ros/humble/share/ament_cmake_ros/cmake)
[8.248s] -- Using all available rosidl_typesupport_c: rosidl_typesupport_fastrtps_c;rosidl_typesupport_introspection_c
[8.517s] -- Using all available rosidl_typesupport_cpp: rosidl_typesupport_fastrtps_cpp;rosidl_typesupport_introspection_cpp
[8.566s] -- Found PythonInterp: /usr/bin/python3 (found suitable version "3.10.12", minimum required is "3.6") 
[8.568s] -- Found python_cmake_module: 0.10.0 (/opt/ros/humble/share/python_cmake_module/cmake)
[8.615s] -- Found PythonLibs: /usr/lib/aarch64-linux-gnu/libpython3.10.so (found suitable version "3.10.12", minimum required is "3.5") 
[8.615s] -- Using PYTHON_EXECUTABLE: /usr/bin/python3
[8.615s] -- Using PYTHON_INCLUDE_DIRS: /usr/include/python3.10
[8.615s] -- Using PYTHON_LIBRARIES: /usr/lib/aarch64-linux-gnu/libpython3.10.so
[8.663s] -- Found PythonExtra: .so  
[8.767s] -- Configuring done
[8.918s] -- Generating done
[8.925s] [33mCMake Warning:
[8.925s]   Manually-specified variables were not used by the project:
[8.925s] 
[8.925s]     HUMBLE_ROS
[8.925s]     ROS_EDITION
[8.925s] 
[8.925s] [0m
[8.963s] -- Build files have been written to: /home/atoz/ros2_ws/build/fast_lio
[9.031s] Invoked command in '/home/atoz/ros2_ws/build/fast_lio' returned '0': AMENT_PREFIX_PATH=/home/atoz/ros2_ws/install/livox_ros_driver2:${AMENT_PREFIX_PATH} CMAKE_PREFIX_PATH=/home/atoz/ros2_ws/install/livox_ros_driver2:/opt/ros/humble LD_LIBRARY_PATH=/home/atoz/ros2_ws/install/livox_ros_driver2/lib:${LD_LIBRARY_PATH} PYTHONPATH=/home/atoz/ros2_ws/install/livox_ros_driver2/local/lib/python3.10/dist-packages:${PYTHONPATH} /usr/bin/cmake /home/atoz/ros2_ws/src/FAST_LIO_ROS2 -DROS_EDITION=ROS2 -DHUMBLE_ROS=humble -DCMAKE_INSTALL_PREFIX=/home/atoz/ros2_ws/install/fast_lio
[9.035s] Invoking command in '/home/atoz/ros2_ws/build/fast_lio': AMENT_PREFIX_PATH=/home/atoz/ros2_ws/install/livox_ros_driver2:${AMENT_PREFIX_PATH} CMAKE_PREFIX_PATH=/home/atoz/ros2_ws/install/livox_ros_driver2:/opt/ros/humble LD_LIBRARY_PATH=/home/atoz/ros2_ws/install/livox_ros_driver2/lib:${LD_LIBRARY_PATH} PYTHONPATH=/home/atoz/ros2_ws/install/livox_ros_driver2/local/lib/python3.10/dist-packages:${PYTHONPATH} /usr/bin/cmake --build /home/atoz/ros2_ws/build/fast_lio -- -j8 -l8
[9.118s] [  2%] [34m[1mGenerating C code for ROS interfaces[0m
[9.138s] [  5%] [34m[1mGenerating C++ code for ROS interfaces[0m
[9.157s] [  5%] Built target ament_cmake_python_copy_fast_lio
[9.689s] running egg_info
[9.691s] creating fast_lio.egg-info
[9.691s] writing fast_lio.egg-info/PKG-INFO
[9.691s] writing dependency_links to fast_lio.egg-info/dependency_links.txt
[9.692s] writing top-level names to fast_lio.egg-info/top_level.txt
[9.692s] writing manifest file 'fast_lio.egg-info/SOURCES.txt'
[9.696s] reading manifest file 'fast_lio.egg-info/SOURCES.txt'
[9.697s] writing manifest file 'fast_lio.egg-info/SOURCES.txt'
[9.785s] [  5%] Built target ament_cmake_python_build_fast_lio_egg
[9.802s] [  5%] Built target fast_lio__cpp
[9.807s] [  8%] [32mBuilding C object CMakeFiles/fast_lio__rosidl_generator_c.dir/rosidl_generator_c/fast_lio/msg/detail/pose6_d__functions.c.o[0m
[9.820s] [ 17%] [34m[1mGenerating C++ introspection for ROS interfaces[0m
[9.820s] [ 17%] [34m[1mGenerating C++ type support for eProsima Fast-RTPS[0m
[9.821s] [ 17%] [34m[1mGenerating C++ type support dispatch for ROS interfaces[0m
[10.041s] [ 20%] [32m[1mLinking C shared library libfast_lio__rosidl_generator_c.so[0m
[10.105s] [ 20%] Built target fast_lio__rosidl_generator_c
[10.124s] [ 28%] [34m[1mGenerating C type support for eProsima Fast-RTPS[0m
[10.124s] [ 28%] [34m[1mGenerating C introspection for ROS interfaces[0m
[10.125s] [ 28%] [34m[1mGenerating C type support dispatch for ROS interfaces[0m
[10.425s] [ 31%] [32mBuilding CXX object CMakeFiles/fast_lio__rosidl_typesupport_cpp.dir/rosidl_typesupport_cpp/fast_lio/msg/pose6_d__type_support.cpp.o[0m
[10.466s] [ 34%] [32mBuilding CXX object CMakeFiles/fast_lio__rosidl_typesupport_introspection_cpp.dir/rosidl_typesupport_introspection_cpp/fast_lio/msg/detail/pose6_d__type_support.cpp.o[0m
[10.466s] [ 37%] [32mBuilding CXX object CMakeFiles/fast_lio__rosidl_typesupport_fastrtps_cpp.dir/rosidl_typesupport_fastrtps_cpp/fast_lio/msg/detail/dds_fastrtps/pose6_d__type_support.cpp.o[0m
[10.770s] [ 40%] [32mBuilding CXX object CMakeFiles/fast_lio__rosidl_typesupport_c.dir/rosidl_typesupport_c/fast_lio/msg/pose6_d__type_support.cpp.o[0m
[10.789s] [ 45%] [32mBuilding CXX object CMakeFiles/fast_lio__rosidl_typesupport_fastrtps_c.dir/rosidl_typesupport_fastrtps_c/fast_lio/msg/detail/pose6_d__type_support_c.cpp.o[0m
[10.789s] [ 45%] [32mBuilding C object CMakeFiles/fast_lio__rosidl_typesupport_introspection_c.dir/rosidl_typesupport_introspection_c/fast_lio/msg/detail/pose6_d__type_support.c.o[0m
[10.838s] [ 48%] [32m[1mLinking CXX shared library libfast_lio__rosidl_typesupport_c.so[0m
[10.914s] [ 48%] Built target fast_lio__rosidl_typesupport_c
[10.937s] [ 51%] [32m[1mLinking C shared library libfast_lio__rosidl_typesupport_introspection_c.so[0m
[10.998s] [ 51%] Built target fast_lio__rosidl_typesupport_introspection_c
[11.061s] [ 54%] [32m[1mLinking CXX shared library libfast_lio__rosidl_typesupport_cpp.so[0m
[11.134s] [ 54%] Built target fast_lio__rosidl_typesupport_cpp
[11.182s] [ 62%] [32mBuilding CXX object CMakeFiles/fastlio_mapping.dir/src/laserMapping.cpp.o[0m
[11.182s] [ 62%] [32mBuilding CXX object CMakeFiles/fastlio_mapping.dir/include/ikd-Tree/ikd_Tree.cpp.o[0m
[11.182s] [ 62%] [32mBuilding CXX object CMakeFiles/fastlio_mapping.dir/src/preprocess.cpp.o[0m
[11.416s] [ 65%] [32m[1mLinking CXX shared library libfast_lio__rosidl_typesupport_fastrtps_cpp.so[0m
[11.432s] [ 68%] [32m[1mLinking CXX shared library libfast_lio__rosidl_typesupport_introspection_cpp.so[0m
[11.512s] [ 68%] Built target fast_lio__rosidl_typesupport_introspection_cpp
[11.580s] [ 68%] Built target fast_lio__rosidl_typesupport_fastrtps_cpp
[11.598s] [ 71%] [32m[1mLinking CXX shared library libfast_lio__rosidl_typesupport_fastrtps_c.so[0m
[11.746s] [ 71%] Built target fast_lio__rosidl_typesupport_fastrtps_c
[11.782s] [ 71%] Built target fast_lio
[11.817s] [ 74%] [34m[1mGenerating Python code for ROS interfaces[0m
[12.713s] [ 74%] Built target fast_lio__py
[12.751s] [ 77%] [32mBuilding C object CMakeFiles/fast_lio__rosidl_generator_py.dir/rosidl_generator_py/fast_lio/msg/_pose6_d_s.c.o[0m
[13.057s] [ 80%] [32m[1mLinking C shared library rosidl_generator_py/fast_lio/libfast_lio__rosidl_generator_py.so[0m
[13.126s] [ 80%] Built target fast_lio__rosidl_generator_py
[13.165s] [ 88%] [32mBuilding C object CMakeFiles/fast_lio__rosidl_typesupport_c__pyext.dir/rosidl_generator_py/fast_lio/_fast_lio_s.ep.rosidl_typesupport_c.c.o[0m
[13.165s] [ 88%] [32mBuilding C object CMakeFiles/fast_lio__rosidl_typesupport_introspection_c__pyext.dir/rosidl_generator_py/fast_lio/_fast_lio_s.ep.rosidl_typesupport_introspection_c.c.o[0m
[13.165s] [ 88%] [32mBuilding C object CMakeFiles/fast_lio__rosidl_typesupport_fastrtps_c__pyext.dir/rosidl_generator_py/fast_lio/_fast_lio_s.ep.rosidl_typesupport_fastrtps_c.c.o[0m
[13.405s] [ 91%] [32m[1mLinking C shared library rosidl_generator_py/fast_lio/fast_lio_s__rosidl_typesupport_c.cpython-310-aarch64-linux-gnu.so[0m
[13.407s] [ 94%] [32m[1mLinking C shared library rosidl_generator_py/fast_lio/fast_lio_s__rosidl_typesupport_introspection_c.cpython-310-aarch64-linux-gnu.so[0m
[13.411s] [ 97%] [32m[1mLinking C shared library rosidl_generator_py/fast_lio/fast_lio_s__rosidl_typesupport_fastrtps_c.cpython-310-aarch64-linux-gnu.so[0m
[13.468s] [ 97%] Built target fast_lio__rosidl_typesupport_c__pyext
[13.471s] [ 97%] Built target fast_lio__rosidl_typesupport_introspection_c__pyext
[13.475s] [ 97%] Built target fast_lio__rosidl_typesupport_fastrtps_c__pyext
[26.579s] In file included from [01m[K/usr/include/boost/smart_ptr/detail/sp_thread_sleep.hpp:22[m[K,
[26.579s]                  from [01m[K/usr/include/boost/smart_ptr/detail/yield_k.hpp:23[m[K,
[26.580s]                  from [01m[K/usr/include/boost/smart_ptr/detail/spinlock_gcc_atomic.hpp:14[m[K,
[26.580s]                  from [01m[K/usr/include/boost/smart_ptr/detail/spinlock.hpp:42[m[K,
[26.580s]                  from [01m[K/usr/include/boost/smart_ptr/detail/spinlock_pool.hpp:25[m[K,
[26.580s]                  from [01m[K/usr/include/boost/smart_ptr/shared_ptr.hpp:29[m[K,
[26.580s]                  from [01m[K/usr/include/boost/shared_ptr.hpp:17[m[K,
[26.580s]                  from [01m[K/usr/include/boost/date_time/microsec_time_clock.hpp:18[m[K,
[26.580s]                  from [01m[K/usr/include/boost/interprocess/detail/posix_time_types_wrk.hpp:31[m[K,
[26.580s]                  from [01m[K/usr/include/boost/interprocess/detail/os_thread_functions.hpp:36[m[K,
[26.581s]                  from [01m[K/usr/include/boost/interprocess/sync/file_lock.hpp:26[m[K,
[26.581s]                  from [01m[K/usr/include/pcl-1.12/pcl/io/pcd_io.h:46[m[K,
[26.581s]                  from [01m[K/opt/ros/humble/include/pcl_conversions/pcl_conversions/pcl_conversions.h:73[m[K,
[26.581s]                  from [01m[K/home/atoz/ros2_ws/src/FAST_LIO_ROS2/src/IMU_Processing.hpp:18[m[K,
[26.581s]                  from [01m[K/home/atoz/ros2_ws/src/FAST_LIO_ROS2/src/laserMapping.cpp:47[m[K:
[26.581s] [01m[K/usr/include/boost/bind.hpp:36:1:[m[K [01;36m[Knote: [m[K‘[01m[K#pragma message: The practice of declaring the Bind placeholders (_1, _2, ...) in the global namespace is deprecated. Please use <boost/bind/bind.hpp> + using namespace boost::placeholders, or define BOOST_BIND_GLOBAL_PLACEHOLDERS to retain the current behavior.[m[K’
[26.581s]    36 | [01;36m[KBOOST_PRAGMA_MESSAGE[m[K(
[26.581s]       | [01;36m[K^~~~~~~~~~~~~~~~~~~~[m[K
[40.154s] In file included from [01m[K/home/atoz/ros2_ws/src/FAST_LIO_ROS2/include/IKFoM_toolkit/esekfom/../mtk/types/SOn.hpp:83[m[K,
[40.154s]                  from [01m[K/home/atoz/ros2_ws/src/FAST_LIO_ROS2/include/IKFoM_toolkit/esekfom/esekfom.hpp:49[m[K,
[40.154s]                  from [01m[K/home/atoz/ros2_ws/src/FAST_LIO_ROS2/include/use-ikfom.hpp:4[m[K,
[40.155s]                  from [01m[K/home/atoz/ros2_ws/src/FAST_LIO_ROS2/src/IMU_Processing.hpp:22[m[K,
[40.155s]                  from [01m[K/home/atoz/ros2_ws/src/FAST_LIO_ROS2/src/laserMapping.cpp:47[m[K:
[40.155s] /home/atoz/ros2_ws/src/FAST_LIO_ROS2/include/IKFoM_toolkit/esekfom/../mtk/types/../src/mtkmath.hpp: In instantiation of ‘[01m[Kstd::pair<_FIter, _FIter> MTK::cos_sinc_sqrt(const scalar&) [with scalar = double][m[K’:
[40.155s] [01m[K/home/atoz/ros2_ws/src/FAST_LIO_ROS2/include/IKFoM_toolkit/esekfom/../mtk/types/../src/mtkmath.hpp:252:52:[m[K   required from ‘[01m[Kscalar MTK::exp(MTK::vectview<scalar, dim>, MTK::vectview<const scalar, dim>, const scalar&) [with scalar = double; int n = 3][m[K’
[40.155s] [01m[K/home/atoz/ros2_ws/src/FAST_LIO_ROS2/include/IKFoM_toolkit/esekfom/../mtk/types/S2.hpp:140:32:[m[K   required from ‘[01m[Kvoid MTK::S2<_scalar, den, num, S2_typ>::boxplus(MTK::vectview<const _scalar, 2>, MTK::S2<_scalar, den, num, S2_typ>::scalar) [with _scalar = double; int den = 98090; int num = 10000; int S2_typ = 1; MTK::S2<_scalar, den, num, S2_typ>::scalar = double][m[K’
[40.156s] [01m[K/home/atoz/ros2_ws/src/FAST_LIO_ROS2/include/use-ikfom.hpp:12:1:[m[K   required from here
[40.156s] [01m[K/home/atoz/ros2_ws/src/FAST_LIO_ROS2/include/IKFoM_toolkit/esekfom/../mtk/types/../src/mtkmath.hpp:143:27:[m[K [01;36m[Knote: [m[Kparameter passing for argument of type ‘[01m[Kstd::pair<double, double>[m[K’ when C++17 is enabled changed to match C++14 ]8;;https://gcc.gnu.org/gcc-10/changes.html#empty_basein GCC 10.1]8;;
[40.156s]   143 | std::pair<scalar, scalar> [01;36m[Kcos_sinc_sqrt[m[K(const scalar &x2){
[40.156s]       |                           [01;36m[K^~~~~~~~~~~~~[m[K
[170.480s] [100%] [32m[1mLinking CXX executable fastlio_mapping[0m
[173.388s] [100%] Built target fastlio_mapping
[173.416s] Invoked command in '/home/atoz/ros2_ws/build/fast_lio' returned '0': AMENT_PREFIX_PATH=/home/atoz/ros2_ws/install/livox_ros_driver2:${AMENT_PREFIX_PATH} CMAKE_PREFIX_PATH=/home/atoz/ros2_ws/install/livox_ros_driver2:/opt/ros/humble LD_LIBRARY_PATH=/home/atoz/ros2_ws/install/livox_ros_driver2/lib:${LD_LIBRARY_PATH} PYTHONPATH=/home/atoz/ros2_ws/install/livox_ros_driver2/local/lib/python3.10/dist-packages:${PYTHONPATH} /usr/bin/cmake --build /home/atoz/ros2_ws/build/fast_lio -- -j8 -l8
[173.422s] Invoking command in '/home/atoz/ros2_ws/build/fast_lio': AMENT_PREFIX_PATH=/home/atoz/ros2_ws/install/livox_ros_driver2:${AMENT_PREFIX_PATH} CMAKE_PREFIX_PATH=/home/atoz/ros2_ws/install/livox_ros_driver2:/opt/ros/humble LD_LIBRARY_PATH=/home/atoz/ros2_ws/install/livox_ros_driver2/lib:${LD_LIBRARY_PATH} PYTHONPATH=/home/atoz/ros2_ws/install/livox_ros_driver2/local/lib/python3.10/dist-packages:${PYTHONPATH} /usr/bin/cmake --install /home/atoz/ros2_ws/build/fast_lio
[173.437s] -- Install configuration: "Release"
[173.438s] -- Installing: /home/atoz/ros2_ws/install/fast_lio/share/ament_index/resource_index/rosidl_interfaces/fast_lio
[173.438s] -- Installing: /home/atoz/ros2_ws/install/fast_lio/include/fast_lio/fast_lio
[173.438s] -- Installing: /home/atoz/ros2_ws/install/fast_lio/include/fast_lio/fast_lio/msg
[173.438s] -- Installing: /home/atoz/ros2_ws/install/fast_lio/include/fast_lio/fast_lio/msg/rosidl_generator_c__visibility_control.h
[173.439s] -- Installing: /home/atoz/ros2_ws/install/fast_lio/include/fast_lio/fast_lio/msg/detail
[173.439s] -- Installing: /home/atoz/ros2_ws/install/fast_lio/include/fast_lio/fast_lio/msg/detail/pose6_d__functions.h
[173.439s] -- Installing: /home/atoz/ros2_ws/install/fast_lio/include/fast_lio/fast_lio/msg/detail/pose6_d__functions.c
[173.439s] -- Installing: /home/atoz/ros2_ws/install/fast_lio/include/fast_lio/fast_lio/msg/detail/pose6_d__type_support.h
[173.439s] -- Installing: /home/atoz/ros2_ws/install/fast_lio/include/fast_lio/fast_lio/msg/detail/pose6_d__struct.h
[173.440s] -- Installing: /home/atoz/ros2_ws/install/fast_lio/include/fast_lio/fast_lio/msg/pose6_d.h
[173.440s] -- Installing: /home/atoz/ros2_ws/install/fast_lio/share/fast_lio/environment/library_path.sh
[173.440s] -- Installing: /home/atoz/ros2_ws/install/fast_lio/share/fast_lio/environment/library_path.dsv
[173.441s] -- Installing: /home/atoz/ros2_ws/install/fast_lio/lib/libfast_lio__rosidl_generator_c.so
[173.441s] -- Set runtime path of "/home/atoz/ros2_ws/install/fast_lio/lib/libfast_lio__rosidl_generator_c.so" to ""
[173.441s] -- Up-to-date: /home/atoz/ros2_ws/install/fast_lio/include/fast_lio/fast_lio
[173.442s] -- Up-to-date: /home/atoz/ros2_ws/install/fast_lio/include/fast_lio/fast_lio/msg
[173.442s] -- Installing: /home/atoz/ros2_ws/install/fast_lio/include/fast_lio/fast_lio/msg/rosidl_typesupport_fastrtps_c__visibility_control.h
[173.442s] -- Up-to-date: /home/atoz/ros2_ws/install/fast_lio/include/fast_lio/fast_lio/msg/detail
[173.442s] -- Installing: /home/atoz/ros2_ws/install/fast_lio/include/fast_lio/fast_lio/msg/detail/pose6_d__rosidl_typesupport_fastrtps_c.h
[173.442s] -- Installing: /home/atoz/ros2_ws/install/fast_lio/lib/libfast_lio__rosidl_typesupport_fastrtps_c.so
[173.443s] -- Set runtime path of "/home/atoz/ros2_ws/install/fast_lio/lib/libfast_lio__rosidl_typesupport_fastrtps_c.so" to ""
[173.443s] -- Up-to-date: /home/atoz/ros2_ws/install/fast_lio/include/fast_lio/fast_lio
[173.443s] -- Up-to-date: /home/atoz/ros2_ws/install/fast_lio/include/fast_lio/fast_lio/msg
[173.443s] -- Up-to-date: /home/atoz/ros2_ws/install/fast_lio/include/fast_lio/fast_lio/msg/detail
[173.443s] -- Installing: /home/atoz/ros2_ws/install/fast_lio/include/fast_lio/fast_lio/msg/detail/pose6_d__struct.hpp
[173.443s] -- Installing: /home/atoz/ros2_ws/install/fast_lio/include/fast_lio/fast_lio/msg/detail/pose6_d__builder.hpp
[173.444s] -- Installing: /home/atoz/ros2_ws/install/fast_lio/include/fast_lio/fast_lio/msg/detail/pose6_d__traits.hpp
[173.444s] -- Installing: /home/atoz/ros2_ws/install/fast_lio/include/fast_lio/fast_lio/msg/detail/pose6_d__type_support.hpp
[173.444s] -- Installing: /home/atoz/ros2_ws/install/fast_lio/include/fast_lio/fast_lio/msg/rosidl_generator_cpp__visibility_control.hpp
[173.444s] -- Installing: /home/atoz/ros2_ws/install/fast_lio/include/fast_lio/fast_lio/msg/pose6_d.hpp
[173.444s] -- Up-to-date: /home/atoz/ros2_ws/install/fast_lio/include/fast_lio/fast_lio
[173.445s] -- Up-to-date: /home/atoz/ros2_ws/install/fast_lio/include/fast_lio/fast_lio/msg
[173.445s] -- Installing: /home/atoz/ros2_ws/install/fast_lio/include/fast_lio/fast_lio/msg/rosidl_typesupport_fastrtps_cpp__visibility_control.h
[173.445s] -- Up-to-date: /home/atoz/ros2_ws/install/fast_lio/include/fast_lio/fast_lio/msg/detail
[173.445s] -- Installing: /home/atoz/ros2_ws/install/fast_lio/include/fast_lio/fast_lio/msg/detail/dds_fastrtps
[173.445s] -- Installing: /home/atoz/ros2_ws/install/fast_lio/include/fast_lio/fast_lio/msg/detail/pose6_d__rosidl_typesupport_fastrtps_cpp.hpp
[173.445s] -- Installing: /home/atoz/ros2_ws/install/fast_lio/lib/libfast_lio__rosidl_typesupport_fastrtps_cpp.so
[173.446s] -- Set runtime path of "/home/atoz/ros2_ws/install/fast_lio/lib/libfast_lio__rosidl_typesupport_fastrtps_cpp.so" to ""
[173.446s] -- Up-to-date: /home/atoz/ros2_ws/install/fast_lio/include/fast_lio/fast_lio
[173.446s] -- Up-to-date: /home/atoz/ros2_ws/install/fast_lio/include/fast_lio/fast_lio/msg
[173.446s] -- Installing: /home/atoz/ros2_ws/install/fast_lio/include/fast_lio/fast_lio/msg/rosidl_typesupport_introspection_c__visibility_control.h
[173.446s] -- Up-to-date: /home/atoz/ros2_ws/install/fast_lio/include/fast_lio/fast_lio/msg/detail
[173.447s] -- Installing: /home/atoz/ros2_ws/install/fast_lio/include/fast_lio/fast_lio/msg/detail/pose6_d__type_support.c
[173.447s] -- Installing: /home/atoz/ros2_ws/install/fast_lio/include/fast_lio/fast_lio/msg/detail/pose6_d__rosidl_typesupport_introspection_c.h
[173.447s] -- Installing: /home/atoz/ros2_ws/install/fast_lio/lib/libfast_lio__rosidl_typesupport_introspection_c.so
[173.447s] -- Set runtime path of "/home/atoz/ros2_ws/install/fast_lio/lib/libfast_lio__rosidl_typesupport_introspection_c.so" to ""
[173.447s] -- Installing: /home/atoz/ros2_ws/install/fast_lio/lib/libfast_lio__rosidl_typesupport_c.so
[173.448s] -- Set runtime path of "/home/atoz/ros2_ws/install/fast_lio/lib/libfast_lio__rosidl_typesupport_c.so" to ""
[173.448s] -- Up-to-date: /home/atoz/ros2_ws/install/fast_lio/include/fast_lio/fast_lio
[173.448s] -- Up-to-date: /home/atoz/ros2_ws/install/fast_lio/include/fast_lio/fast_lio/msg
[173.448s] -- Up-to-date: /home/atoz/ros2_ws/install/fast_lio/include/fast_lio/fast_lio/msg/detail
[173.449s] -- Installing: /home/atoz/ros2_ws/install/fast_lio/include/fast_lio/fast_lio/msg/detail/pose6_d__type_support.cpp
[173.449s] -- Installing: /home/atoz/ros2_ws/install/fast_lio/include/fast_lio/fast_lio/msg/detail/pose6_d__rosidl_typesupport_introspection_cpp.hpp
[173.449s] -- Installing: /home/atoz/ros2_ws/install/fast_lio/lib/libfast_lio__rosidl_typesupport_introspection_cpp.so
[173.449s] -- Set runtime path of "/home/atoz/ros2_ws/install/fast_lio/lib/libfast_lio__rosidl_typesupport_introspection_cpp.so" to ""
[173.449s] -- Installing: /home/atoz/ros2_ws/install/fast_lio/lib/libfast_lio__rosidl_typesupport_cpp.so
[173.450s] -- Set runtime path of "/home/atoz/ros2_ws/install/fast_lio/lib/libfast_lio__rosidl_typesupport_cpp.so" to ""
[173.450s] -- Installing: /home/atoz/ros2_ws/install/fast_lio/share/fast_lio/environment/pythonpath.sh
[173.450s] -- Installing: /home/atoz/ros2_ws/install/fast_lio/share/fast_lio/environment/pythonpath.dsv
[173.450s] -- Installing: /home/atoz/ros2_ws/install/fast_lio/local/lib/python3.10/dist-packages/fast_lio-0.0.0-py3.10.egg-info
[173.451s] -- Installing: /home/atoz/ros2_ws/install/fast_lio/local/lib/python3.10/dist-packages/fast_lio-0.0.0-py3.10.egg-info/dependency_links.txt
[173.451s] -- Installing: /home/atoz/ros2_ws/install/fast_lio/local/lib/python3.10/dist-packages/fast_lio-0.0.0-py3.10.egg-info/top_level.txt
[173.451s] -- Installing: /home/atoz/ros2_ws/install/fast_lio/local/lib/python3.10/dist-packages/fast_lio-0.0.0-py3.10.egg-info/PKG-INFO
[173.451s] -- Installing: /home/atoz/ros2_ws/install/fast_lio/local/lib/python3.10/dist-packages/fast_lio-0.0.0-py3.10.egg-info/SOURCES.txt
[173.452s] -- Installing: /home/atoz/ros2_ws/install/fast_lio/local/lib/python3.10/dist-packages/fast_lio
[173.452s] -- Installing: /home/atoz/ros2_ws/install/fast_lio/local/lib/python3.10/dist-packages/fast_lio/_fast_lio_s.ep.rosidl_typesupport_introspection_c.c
[173.452s] -- Installing: /home/atoz/ros2_ws/install/fast_lio/local/lib/python3.10/dist-packages/fast_lio/msg
[173.452s] -- Installing: /home/atoz/ros2_ws/install/fast_lio/local/lib/python3.10/dist-packages/fast_lio/msg/__init__.py
[173.452s] -- Installing: /home/atoz/ros2_ws/install/fast_lio/local/lib/python3.10/dist-packages/fast_lio/msg/_pose6_d.py
[173.453s] -- Installing: /home/atoz/ros2_ws/install/fast_lio/local/lib/python3.10/dist-packages/fast_lio/msg/_pose6_d_s.c
[173.453s] -- Installing: /home/atoz/ros2_ws/install/fast_lio/local/lib/python3.10/dist-packages/fast_lio/__init__.py
[173.453s] -- Installing: /home/atoz/ros2_ws/install/fast_lio/local/lib/python3.10/dist-packages/fast_lio/fast_lio_s__rosidl_typesupport_fastrtps_c.cpython-310-aarch64-linux-gnu.so
[173.453s] -- Installing: /home/atoz/ros2_ws/install/fast_lio/local/lib/python3.10/dist-packages/fast_lio/fast_lio_s__rosidl_typesupport_c.cpython-310-aarch64-linux-gnu.so
[173.454s] -- Installing: /home/atoz/ros2_ws/install/fast_lio/local/lib/python3.10/dist-packages/fast_lio/fast_lio_s__rosidl_typesupport_introspection_c.cpython-310-aarch64-linux-gnu.so
[173.454s] -- Installing: /home/atoz/ros2_ws/install/fast_lio/local/lib/python3.10/dist-packages/fast_lio/_fast_lio_s.ep.rosidl_typesupport_fastrtps_c.c
[173.454s] -- Installing: /home/atoz/ros2_ws/install/fast_lio/local/lib/python3.10/dist-packages/fast_lio/libfast_lio__rosidl_generator_py.so
[173.454s] -- Installing: /home/atoz/ros2_ws/install/fast_lio/local/lib/python3.10/dist-packages/fast_lio/_fast_lio_s.ep.rosidl_typesupport_c.c
[173.523s] Listing '/home/atoz/ros2_ws/install/fast_lio/local/lib/python3.10/dist-packages/fast_lio'...
[173.523s] Compiling '/home/atoz/ros2_ws/install/fast_lio/local/lib/python3.10/dist-packages/fast_lio/__init__.py'...
[173.524s] Listing '/home/atoz/ros2_ws/install/fast_lio/local/lib/python3.10/dist-packages/fast_lio/msg'...
[173.524s] Compiling '/home/atoz/ros2_ws/install/fast_lio/local/lib/python3.10/dist-packages/fast_lio/msg/__init__.py'...
[173.524s] Compiling '/home/atoz/ros2_ws/install/fast_lio/local/lib/python3.10/dist-packages/fast_lio/msg/_pose6_d.py'...
[173.534s] -- Installing: /home/atoz/ros2_ws/install/fast_lio/local/lib/python3.10/dist-packages/fast_lio/fast_lio_s__rosidl_typesupport_fastrtps_c.cpython-310-aarch64-linux-gnu.so
[173.535s] -- Set runtime path of "/home/atoz/ros2_ws/install/fast_lio/local/lib/python3.10/dist-packages/fast_lio/fast_lio_s__rosidl_typesupport_fastrtps_c.cpython-310-aarch64-linux-gnu.so" to ""
[173.535s] -- Installing: /home/atoz/ros2_ws/install/fast_lio/local/lib/python3.10/dist-packages/fast_lio/fast_lio_s__rosidl_typesupport_introspection_c.cpython-310-aarch64-linux-gnu.so
[173.535s] -- Set runtime path of "/home/atoz/ros2_ws/install/fast_lio/local/lib/python3.10/dist-packages/fast_lio/fast_lio_s__rosidl_typesupport_introspection_c.cpython-310-aarch64-linux-gnu.so" to ""
[173.536s] -- Installing: /home/atoz/ros2_ws/install/fast_lio/local/lib/python3.10/dist-packages/fast_lio/fast_lio_s__rosidl_typesupport_c.cpython-310-aarch64-linux-gnu.so
[173.537s] -- Set runtime path of "/home/atoz/ros2_ws/install/fast_lio/local/lib/python3.10/dist-packages/fast_lio/fast_lio_s__rosidl_typesupport_c.cpython-310-aarch64-linux-gnu.so" to ""
[173.537s] -- Installing: /home/atoz/ros2_ws/install/fast_lio/lib/libfast_lio__rosidl_generator_py.so
[173.537s] -- Set runtime path of "/home/atoz/ros2_ws/install/fast_lio/lib/libfast_lio__rosidl_generator_py.so" to ""
[173.538s] -- Installing: /home/atoz/ros2_ws/install/fast_lio/share/fast_lio/msg/Pose6D.idl
[173.538s] -- Installing: /home/atoz/ros2_ws/install/fast_lio/share/fast_lio/msg/Pose6D.msg
[173.538s] -- Installing: /home/atoz/ros2_ws/install/fast_lio/lib/fast_lio/fastlio_mapping
[173.543s] -- Set runtime path of "/home/atoz/ros2_ws/install/fast_lio/lib/fast_lio/fastlio_mapping" to ""
[173.543s] -- Installing: /home/atoz/ros2_ws/install/fast_lio/share/fast_lio/config
[173.544s] -- Installing: /home/atoz/ros2_ws/install/fast_lio/share/fast_lio/config/velodyne.yaml
[173.544s] -- Installing: /home/atoz/ros2_ws/install/fast_lio/share/fast_lio/config/horizon.yaml
[173.544s] -- Installing: /home/atoz/ros2_ws/install/fast_lio/share/fast_lio/config/ouster64.yaml
[173.545s] -- Installing: /home/atoz/ros2_ws/install/fast_lio/share/fast_lio/config/mid360.yaml
[173.545s] -- Installing: /home/atoz/ros2_ws/install/fast_lio/share/fast_lio/config/avia.yaml
[173.545s] -- Installing: /home/atoz/ros2_ws/install/fast_lio/share/fast_lio/launch
[173.546s] -- Installing: /home/atoz/ros2_ws/install/fast_lio/share/fast_lio/launch/mapping.launch.py
[173.546s] -- Installing: /home/atoz/ros2_ws/install/fast_lio/share/fast_lio/launch/gdb_debug_example.launch
[173.546s] -- Installing: /home/atoz/ros2_ws/install/fast_lio/share/fast_lio/rviz
[173.546s] -- Installing: /home/atoz/ros2_ws/install/fast_lio/share/fast_lio/rviz/fastlio.rviz
[173.547s] -- Installing: /home/atoz/ros2_ws/install/fast_lio/share/ament_index/resource_index/package_run_dependencies/fast_lio
[173.547s] -- Installing: /home/atoz/ros2_ws/install/fast_lio/share/ament_index/resource_index/parent_prefix_path/fast_lio
[173.547s] -- Installing: /home/atoz/ros2_ws/install/fast_lio/share/fast_lio/environment/ament_prefix_path.sh
[173.548s] -- Installing: /home/atoz/ros2_ws/install/fast_lio/share/fast_lio/environment/ament_prefix_path.dsv
[173.548s] -- Installing: /home/atoz/ros2_ws/install/fast_lio/share/fast_lio/environment/path.sh
[173.548s] -- Installing: /home/atoz/ros2_ws/install/fast_lio/share/fast_lio/environment/path.dsv
[173.548s] -- Installing: /home/atoz/ros2_ws/install/fast_lio/share/fast_lio/local_setup.bash
[173.549s] -- Installing: /home/atoz/ros2_ws/install/fast_lio/share/fast_lio/local_setup.sh
[173.549s] -- Installing: /home/atoz/ros2_ws/install/fast_lio/share/fast_lio/local_setup.zsh
[173.549s] -- Installing: /home/atoz/ros2_ws/install/fast_lio/share/fast_lio/local_setup.dsv
[173.550s] -- Installing: /home/atoz/ros2_ws/install/fast_lio/share/fast_lio/package.dsv
[173.550s] -- Installing: /home/atoz/ros2_ws/install/fast_lio/share/ament_index/resource_index/packages/fast_lio
[173.550s] -- Installing: /home/atoz/ros2_ws/install/fast_lio/share/fast_lio/cmake/export_fast_lio__rosidl_generator_cExport.cmake
[173.550s] -- Installing: /home/atoz/ros2_ws/install/fast_lio/share/fast_lio/cmake/export_fast_lio__rosidl_generator_cExport-release.cmake
[173.551s] -- Installing: /home/atoz/ros2_ws/install/fast_lio/share/fast_lio/cmake/export_fast_lio__rosidl_typesupport_fastrtps_cExport.cmake
[173.551s] -- Installing: /home/atoz/ros2_ws/install/fast_lio/share/fast_lio/cmake/export_fast_lio__rosidl_typesupport_fastrtps_cExport-release.cmake
[173.551s] -- Installing: /home/atoz/ros2_ws/install/fast_lio/share/fast_lio/cmake/export_fast_lio__rosidl_generator_cppExport.cmake
[173.551s] -- Installing: /home/atoz/ros2_ws/install/fast_lio/share/fast_lio/cmake/export_fast_lio__rosidl_typesupport_fastrtps_cppExport.cmake
[173.552s] -- Installing: /home/atoz/ros2_ws/install/fast_lio/share/fast_lio/cmake/export_fast_lio__rosidl_typesupport_fastrtps_cppExport-release.cmake
[173.552s] -- Installing: /home/atoz/ros2_ws/install/fast_lio/share/fast_lio/cmake/fast_lio__rosidl_typesupport_introspection_cExport.cmake
[173.552s] -- Installing: /home/atoz/ros2_ws/install/fast_lio/share/fast_lio/cmake/fast_lio__rosidl_typesupport_introspection_cExport-release.cmake
[173.553s] -- Installing: /home/atoz/ros2_ws/install/fast_lio/share/fast_lio/cmake/fast_lio__rosidl_typesupport_cExport.cmake
[173.553s] -- Installing: /home/atoz/ros2_ws/install/fast_lio/share/fast_lio/cmake/fast_lio__rosidl_typesupport_cExport-release.cmake
[173.553s] -- Installing: /home/atoz/ros2_ws/install/fast_lio/share/fast_lio/cmake/fast_lio__rosidl_typesupport_introspection_cppExport.cmake
[173.553s] -- Installing: /home/atoz/ros2_ws/install/fast_lio/share/fast_lio/cmake/fast_lio__rosidl_typesupport_introspection_cppExport-release.cmake
[173.554s] -- Installing: /home/atoz/ros2_ws/install/fast_lio/share/fast_lio/cmake/fast_lio__rosidl_typesupport_cppExport.cmake
[173.554s] -- Installing: /home/atoz/ros2_ws/install/fast_lio/share/fast_lio/cmake/fast_lio__rosidl_typesupport_cppExport-release.cmake
[173.554s] -- Installing: /home/atoz/ros2_ws/install/fast_lio/share/fast_lio/cmake/export_fast_lio__rosidl_generator_pyExport.cmake
[173.555s] -- Installing: /home/atoz/ros2_ws/install/fast_lio/share/fast_lio/cmake/export_fast_lio__rosidl_generator_pyExport-release.cmake
[173.555s] -- Installing: /home/atoz/ros2_ws/install/fast_lio/share/fast_lio/cmake/rosidl_cmake-extras.cmake
[173.555s] -- Installing: /home/atoz/ros2_ws/install/fast_lio/share/fast_lio/cmake/ament_cmake_export_include_directories-extras.cmake
[173.555s] -- Installing: /home/atoz/ros2_ws/install/fast_lio/share/fast_lio/cmake/ament_cmake_export_libraries-extras.cmake
[173.555s] -- Installing: /home/atoz/ros2_ws/install/fast_lio/share/fast_lio/cmake/ament_cmake_export_targets-extras.cmake
[173.555s] -- Installing: /home/atoz/ros2_ws/install/fast_lio/share/fast_lio/cmake/rosidl_cmake_export_typesupport_targets-extras.cmake
[173.556s] -- Installing: /home/atoz/ros2_ws/install/fast_lio/share/fast_lio/cmake/ament_cmake_export_dependencies-extras.cmake
[173.556s] -- Installing: /home/atoz/ros2_ws/install/fast_lio/share/fast_lio/cmake/rosidl_cmake_export_typesupport_libraries-extras.cmake
[173.556s] -- Installing: /home/atoz/ros2_ws/install/fast_lio/share/fast_lio/cmake/fast_lioConfig.cmake
[173.556s] -- Installing: /home/atoz/ros2_ws/install/fast_lio/share/fast_lio/cmake/fast_lioConfig-version.cmake
[173.556s] -- Installing: /home/atoz/ros2_ws/install/fast_lio/share/fast_lio/package.xml
[173.561s] Invoked command in '/home/atoz/ros2_ws/build/fast_lio' returned '0': AMENT_PREFIX_PATH=/home/atoz/ros2_ws/install/livox_ros_driver2:${AMENT_PREFIX_PATH} CMAKE_PREFIX_PATH=/home/atoz/ros2_ws/install/livox_ros_driver2:/opt/ros/humble LD_LIBRARY_PATH=/home/atoz/ros2_ws/install/livox_ros_driver2/lib:${LD_LIBRARY_PATH} PYTHONPATH=/home/atoz/ros2_ws/install/livox_ros_driver2/local/lib/python3.10/dist-packages:${PYTHONPATH} /usr/bin/cmake --install /home/atoz/ros2_ws/build/fast_lio
