[2.109s] Invoking command in '/home/atoz/ros2_ws/src/pwm_ctrl': PYTHONPATH=/home/atoz/ros2_ws/build/pwm_ctrl/prefix_override:/usr/lib/python3/dist-packages/colcon_core/task/python/colcon_distutils_commands:/home/atoz/ros2_ws/install/pwm_ctrl/lib/python3.10/site-packages:${PYTHONPATH} /usr/bin/python3 -W ignore:setup.py install is deprecated -W ignore:easy_install command is deprecated setup.py egg_info --egg-base ../../build/pwm_ctrl build --build-base /home/atoz/ros2_ws/build/pwm_ctrl/build install --record /home/atoz/ros2_ws/build/pwm_ctrl/install.log --single-version-externally-managed install_data
[3.002s] running egg_info
[3.004s] creating ../../build/pwm_ctrl/pwm_ctrl.egg-info
[3.005s] writing ../../build/pwm_ctrl/pwm_ctrl.egg-info/PKG-INFO
[3.006s] writing dependency_links to ../../build/pwm_ctrl/pwm_ctrl.egg-info/dependency_links.txt
[3.007s] writing entry points to ../../build/pwm_ctrl/pwm_ctrl.egg-info/entry_points.txt
[3.008s] writing requirements to ../../build/pwm_ctrl/pwm_ctrl.egg-info/requires.txt
[3.009s] writing top-level names to ../../build/pwm_ctrl/pwm_ctrl.egg-info/top_level.txt
[3.010s] writing manifest file '../../build/pwm_ctrl/pwm_ctrl.egg-info/SOURCES.txt'
[3.016s] reading manifest file '../../build/pwm_ctrl/pwm_ctrl.egg-info/SOURCES.txt'
[3.018s] writing manifest file '../../build/pwm_ctrl/pwm_ctrl.egg-info/SOURCES.txt'
[3.019s] running build
[3.020s] running build_py
[3.021s] creating /home/atoz/ros2_ws/build/pwm_ctrl/build
[3.021s] creating /home/atoz/ros2_ws/build/pwm_ctrl/build/lib
[3.022s] creating /home/atoz/ros2_ws/build/pwm_ctrl/build/lib/pwm_ctrl
[3.022s] copying pwm_ctrl/__init__.py -> /home/atoz/ros2_ws/build/pwm_ctrl/build/lib/pwm_ctrl
[3.023s] copying pwm_ctrl/servo_pwm_node.py -> /home/atoz/ros2_ws/build/pwm_ctrl/build/lib/pwm_ctrl
[3.024s] running install
[3.026s] running install_lib
[3.029s] creating /home/atoz/ros2_ws/install/pwm_ctrl/lib/python3.10/site-packages/pwm_ctrl
[3.029s] copying /home/atoz/ros2_ws/build/pwm_ctrl/build/lib/pwm_ctrl/__init__.py -> /home/atoz/ros2_ws/install/pwm_ctrl/lib/python3.10/site-packages/pwm_ctrl
[3.030s] copying /home/atoz/ros2_ws/build/pwm_ctrl/build/lib/pwm_ctrl/servo_pwm_node.py -> /home/atoz/ros2_ws/install/pwm_ctrl/lib/python3.10/site-packages/pwm_ctrl
[3.032s] byte-compiling /home/atoz/ros2_ws/install/pwm_ctrl/lib/python3.10/site-packages/pwm_ctrl/__init__.py to __init__.cpython-310.pyc
[3.034s] byte-compiling /home/atoz/ros2_ws/install/pwm_ctrl/lib/python3.10/site-packages/pwm_ctrl/servo_pwm_node.py to servo_pwm_node.cpython-310.pyc
[3.040s] running install_data
[3.040s] creating /home/atoz/ros2_ws/install/pwm_ctrl/share/ament_index
[3.041s] creating /home/atoz/ros2_ws/install/pwm_ctrl/share/ament_index/resource_index
[3.042s] creating /home/atoz/ros2_ws/install/pwm_ctrl/share/ament_index/resource_index/packages
[3.042s] copying resource/pwm_ctrl -> /home/atoz/ros2_ws/install/pwm_ctrl/share/ament_index/resource_index/packages
[3.043s] copying package.xml -> /home/atoz/ros2_ws/install/pwm_ctrl/share/pwm_ctrl
[3.044s] creating /home/atoz/ros2_ws/install/pwm_ctrl/share/pwm_ctrl/launch
[3.044s] copying launch/servo_pwm.launch.py -> /home/atoz/ros2_ws/install/pwm_ctrl/share/pwm_ctrl/launch
[3.045s] running install_egg_info
[3.051s] Copying ../../build/pwm_ctrl/pwm_ctrl.egg-info to /home/atoz/ros2_ws/install/pwm_ctrl/lib/python3.10/site-packages/pwm_ctrl-0.0.1-py3.10.egg-info
[3.054s] running install_scripts
[3.154s] Installing servo_pwm_node script to /home/atoz/ros2_ws/install/pwm_ctrl/lib/pwm_ctrl
[3.157s] writing list of installed files to '/home/atoz/ros2_ws/build/pwm_ctrl/install.log'
[3.272s] Invoked command in '/home/atoz/ros2_ws/src/pwm_ctrl' returned '0': PYTHONPATH=/home/atoz/ros2_ws/build/pwm_ctrl/prefix_override:/usr/lib/python3/dist-packages/colcon_core/task/python/colcon_distutils_commands:/home/atoz/ros2_ws/install/pwm_ctrl/lib/python3.10/site-packages:${PYTHONPATH} /usr/bin/python3 -W ignore:setup.py install is deprecated -W ignore:easy_install command is deprecated setup.py egg_info --egg-base ../../build/pwm_ctrl build --build-base /home/atoz/ros2_ws/build/pwm_ctrl/build install --record /home/atoz/ros2_ws/build/pwm_ctrl/install.log --single-version-externally-managed install_data
