[0.021s] Invoking command in '/home/atoz/ros2_ws/build/octomap_mapping': AMENT_PREFIX_PATH=/home/atoz/ros2_ws/install/octomap_server:${AMENT_PREFIX_PATH} CMAKE_PREFIX_PATH=/home/atoz/ros2_ws/install/octomap_server:/opt/ros/humble LD_LIBRARY_PATH=/home/atoz/ros2_ws/install/octomap_server/lib:${LD_LIBRARY_PATH} /usr/bin/cmake /home/atoz/ros2_ws/src/octomap_mapping/octomap_mapping -DCMAKE_INSTALL_PREFIX=/home/atoz/ros2_ws/install/octomap_mapping
[0.047s] -- Found ament_cmake: 1.3.12 (/opt/ros/humble/share/ament_cmake/cmake)
[0.337s] -- Found ament_lint_auto: 0.12.14 (/opt/ros/humble/share/ament_lint_auto/cmake)
[0.483s] -- Added test 'copyright' to check source files copyright and LICENSE
[0.485s] -- Added test 'lint_cmake' to check CMake code style
[0.486s] -- Added test 'xmllint' to check XML markup files
[0.487s] -- Configuring done
[0.493s] -- Generating done
[0.497s] -- Build files have been written to: /home/atoz/ros2_ws/build/octomap_mapping
[0.504s] Invoked command in '/home/atoz/ros2_ws/build/octomap_mapping' returned '0': AMENT_PREFIX_PATH=/home/atoz/ros2_ws/install/octomap_server:${AMENT_PREFIX_PATH} CMAKE_PREFIX_PATH=/home/atoz/ros2_ws/install/octomap_server:/opt/ros/humble LD_LIBRARY_PATH=/home/atoz/ros2_ws/install/octomap_server/lib:${LD_LIBRARY_PATH} /usr/bin/cmake /home/atoz/ros2_ws/src/octomap_mapping/octomap_mapping -DCMAKE_INSTALL_PREFIX=/home/atoz/ros2_ws/install/octomap_mapping
[0.509s] Invoking command in '/home/atoz/ros2_ws/build/octomap_mapping': AMENT_PREFIX_PATH=/home/atoz/ros2_ws/install/octomap_server:${AMENT_PREFIX_PATH} CMAKE_PREFIX_PATH=/home/atoz/ros2_ws/install/octomap_server:/opt/ros/humble LD_LIBRARY_PATH=/home/atoz/ros2_ws/install/octomap_server/lib:${LD_LIBRARY_PATH} /usr/bin/cmake --build /home/atoz/ros2_ws/build/octomap_mapping -- -j8 -l8
[0.582s] Invoked command in '/home/atoz/ros2_ws/build/octomap_mapping' returned '0': AMENT_PREFIX_PATH=/home/atoz/ros2_ws/install/octomap_server:${AMENT_PREFIX_PATH} CMAKE_PREFIX_PATH=/home/atoz/ros2_ws/install/octomap_server:/opt/ros/humble LD_LIBRARY_PATH=/home/atoz/ros2_ws/install/octomap_server/lib:${LD_LIBRARY_PATH} /usr/bin/cmake --build /home/atoz/ros2_ws/build/octomap_mapping -- -j8 -l8
[0.586s] Invoking command in '/home/atoz/ros2_ws/build/octomap_mapping': AMENT_PREFIX_PATH=/home/atoz/ros2_ws/install/octomap_server:${AMENT_PREFIX_PATH} CMAKE_PREFIX_PATH=/home/atoz/ros2_ws/install/octomap_server:/opt/ros/humble LD_LIBRARY_PATH=/home/atoz/ros2_ws/install/octomap_server/lib:${LD_LIBRARY_PATH} /usr/bin/cmake --install /home/atoz/ros2_ws/build/octomap_mapping
[0.601s] -- Install configuration: ""
[0.602s] -- Up-to-date: /home/atoz/ros2_ws/install/octomap_mapping/share/ament_index/resource_index/package_run_dependencies/octomap_mapping
[0.602s] -- Up-to-date: /home/atoz/ros2_ws/install/octomap_mapping/share/ament_index/resource_index/parent_prefix_path/octomap_mapping
[0.602s] -- Up-to-date: /home/atoz/ros2_ws/install/octomap_mapping/share/octomap_mapping/environment/ament_prefix_path.sh
[0.602s] -- Installing: /home/atoz/ros2_ws/install/octomap_mapping/share/octomap_mapping/environment/ament_prefix_path.dsv
[0.603s] -- Up-to-date: /home/atoz/ros2_ws/install/octomap_mapping/share/octomap_mapping/environment/path.sh
[0.603s] -- Installing: /home/atoz/ros2_ws/install/octomap_mapping/share/octomap_mapping/environment/path.dsv
[0.603s] -- Up-to-date: /home/atoz/ros2_ws/install/octomap_mapping/share/octomap_mapping/local_setup.bash
[0.603s] -- Up-to-date: /home/atoz/ros2_ws/install/octomap_mapping/share/octomap_mapping/local_setup.sh
[0.603s] -- Up-to-date: /home/atoz/ros2_ws/install/octomap_mapping/share/octomap_mapping/local_setup.zsh
[0.603s] -- Installing: /home/atoz/ros2_ws/install/octomap_mapping/share/octomap_mapping/local_setup.dsv
[0.604s] -- Installing: /home/atoz/ros2_ws/install/octomap_mapping/share/octomap_mapping/package.dsv
[0.604s] -- Up-to-date: /home/atoz/ros2_ws/install/octomap_mapping/share/ament_index/resource_index/packages/octomap_mapping
[0.604s] -- Up-to-date: /home/atoz/ros2_ws/install/octomap_mapping/share/octomap_mapping/cmake/octomap_mappingConfig.cmake
[0.604s] -- Up-to-date: /home/atoz/ros2_ws/install/octomap_mapping/share/octomap_mapping/cmake/octomap_mappingConfig-version.cmake
[0.604s] -- Up-to-date: /home/atoz/ros2_ws/install/octomap_mapping/share/octomap_mapping/package.xml
[0.608s] Invoked command in '/home/atoz/ros2_ws/build/octomap_mapping' returned '0': AMENT_PREFIX_PATH=/home/atoz/ros2_ws/install/octomap_server:${AMENT_PREFIX_PATH} CMAKE_PREFIX_PATH=/home/atoz/ros2_ws/install/octomap_server:/opt/ros/humble LD_LIBRARY_PATH=/home/atoz/ros2_ws/install/octomap_server/lib:${LD_LIBRARY_PATH} /usr/bin/cmake --install /home/atoz/ros2_ws/build/octomap_mapping
