[2.139s] Invoking command in '/home/atoz/ros2_ws/src/octomap': PYTHONPATH=/home/atoz/ros2_ws/build/octomap/prefix_override:/usr/lib/python3/dist-packages/colcon_core/task/python/colcon_distutils_commands:/home/atoz/ros2_ws/install/octomap/lib/python3.10/site-packages:${PYTHONPATH} /usr/bin/python3 -W ignore:setup.py install is deprecated -W ignore:easy_install command is deprecated setup.py egg_info --egg-base ../../build/octomap build --build-base /home/atoz/ros2_ws/build/octomap/build install --record /home/atoz/ros2_ws/build/octomap/install.log --single-version-externally-managed install_data
[2.888s] running egg_info
[2.904s] creating ../../build/octomap/octomap.egg-info
[2.905s] writing ../../build/octomap/octomap.egg-info/PKG-INFO
[2.905s] writing dependency_links to ../../build/octomap/octomap.egg-info/dependency_links.txt
[2.906s] writing entry points to ../../build/octomap/octomap.egg-info/entry_points.txt
[2.906s] writing requirements to ../../build/octomap/octomap.egg-info/requires.txt
[2.907s] writing top-level names to ../../build/octomap/octomap.egg-info/top_level.txt
[2.907s] writing manifest file '../../build/octomap/octomap.egg-info/SOURCES.txt'
[2.911s] reading manifest file '../../build/octomap/octomap.egg-info/SOURCES.txt'
[2.913s] writing manifest file '../../build/octomap/octomap.egg-info/SOURCES.txt'
[2.913s] running build
[2.914s] running build_py
[2.914s] creating /home/atoz/ros2_ws/build/octomap/build
[2.927s] creating /home/atoz/ros2_ws/build/octomap/build/lib
[2.927s] creating /home/atoz/ros2_ws/build/octomap/build/lib/octomap
[2.927s] copying octomap/__init__.py -> /home/atoz/ros2_ws/build/octomap/build/lib/octomap
[2.928s] running install
[2.929s] running install_lib
[2.931s] creating /home/atoz/ros2_ws/install/octomap/lib/python3.10/site-packages/octomap
[2.932s] copying /home/atoz/ros2_ws/build/octomap/build/lib/octomap/__init__.py -> /home/atoz/ros2_ws/install/octomap/lib/python3.10/site-packages/octomap
[2.933s] byte-compiling /home/atoz/ros2_ws/install/octomap/lib/python3.10/site-packages/octomap/__init__.py to __init__.cpython-310.pyc
[2.935s] running install_data
[2.935s] creating /home/atoz/ros2_ws/install/octomap/share/ament_index
[2.936s] creating /home/atoz/ros2_ws/install/octomap/share/ament_index/resource_index
[2.936s] creating /home/atoz/ros2_ws/install/octomap/share/ament_index/resource_index/packages
[2.937s] copying resource/octomap -> /home/atoz/ros2_ws/install/octomap/share/ament_index/resource_index/packages
[2.938s] copying package.xml -> /home/atoz/ros2_ws/install/octomap/share/octomap
[2.938s] running install_egg_info
[2.944s] Copying ../../build/octomap/octomap.egg-info to /home/atoz/ros2_ws/install/octomap/lib/python3.10/site-packages/octomap-0.0.0-py3.10.egg-info
[2.951s] running install_scripts
[3.061s] writing list of installed files to '/home/atoz/ros2_ws/build/octomap/install.log'
[3.258s] Invoked command in '/home/atoz/ros2_ws/src/octomap' returned '0': PYTHONPATH=/home/atoz/ros2_ws/build/octomap/prefix_override:/usr/lib/python3/dist-packages/colcon_core/task/python/colcon_distutils_commands:/home/atoz/ros2_ws/install/octomap/lib/python3.10/site-packages:${PYTHONPATH} /usr/bin/python3 -W ignore:setup.py install is deprecated -W ignore:easy_install command is deprecated setup.py egg_info --egg-base ../../build/octomap build --build-base /home/atoz/ros2_ws/build/octomap/build install --record /home/atoz/ros2_ws/build/octomap/install.log --single-version-externally-managed install_data
