[2.200s] Invoking command in '/home/atoz/ros2_ws/src/my_octomap': PYTHONPATH=/home/atoz/ros2_ws/build/my_octomap/prefix_override:/usr/lib/python3/dist-packages/colcon_core/task/python/colcon_distutils_commands:/home/atoz/ros2_ws/install/my_octomap/lib/python3.10/site-packages:${PYTHONPATH} /usr/bin/python3 -W ignore:setup.py install is deprecated -W ignore:easy_install command is deprecated setup.py egg_info --egg-base ../../build/my_octomap build --build-base /home/atoz/ros2_ws/build/my_octomap/build install --record /home/atoz/ros2_ws/build/my_octomap/install.log --single-version-externally-managed install_data
[2.720s] running egg_info
[2.722s] writing ../../build/my_octomap/my_octomap.egg-info/PKG-INFO
[2.722s] writing dependency_links to ../../build/my_octomap/my_octomap.egg-info/dependency_links.txt
[2.723s] writing entry points to ../../build/my_octomap/my_octomap.egg-info/entry_points.txt
[2.723s] writing requirements to ../../build/my_octomap/my_octomap.egg-info/requires.txt
[2.723s] writing top-level names to ../../build/my_octomap/my_octomap.egg-info/top_level.txt
[2.727s] reading manifest file '../../build/my_octomap/my_octomap.egg-info/SOURCES.txt'
[2.729s] writing manifest file '../../build/my_octomap/my_octomap.egg-info/SOURCES.txt'
[2.729s] running build
[2.729s] running build_py
[2.730s] running install
[2.731s] running install_lib
[2.734s] running install_data
[2.734s] running install_egg_info
[2.739s] removing '/home/atoz/ros2_ws/install/my_octomap/lib/python3.10/site-packages/my_octomap-0.0.0-py3.10.egg-info' (and everything under it)
[2.739s] Copying ../../build/my_octomap/my_octomap.egg-info to /home/atoz/ros2_ws/install/my_octomap/lib/python3.10/site-packages/my_octomap-0.0.0-py3.10.egg-info
[2.742s] running install_scripts
[2.791s] writing list of installed files to '/home/atoz/ros2_ws/build/my_octomap/install.log'
[2.908s] Invoked command in '/home/atoz/ros2_ws/src/my_octomap' returned '0': PYTHONPATH=/home/atoz/ros2_ws/build/my_octomap/prefix_override:/usr/lib/python3/dist-packages/colcon_core/task/python/colcon_distutils_commands:/home/atoz/ros2_ws/install/my_octomap/lib/python3.10/site-packages:${PYTHONPATH} /usr/bin/python3 -W ignore:setup.py install is deprecated -W ignore:easy_install command is deprecated setup.py egg_info --egg-base ../../build/my_octomap build --build-base /home/atoz/ros2_ws/build/my_octomap/build install --record /home/atoz/ros2_ws/build/my_octomap/install.log --single-version-externally-managed install_data
