[2.010s] Invoking command in '/home/atoz/ros2_ws/src/octomap': PYTHONPATH=/home/atoz/ros2_ws/build/octomap/prefix_override:/usr/lib/python3/dist-packages/colcon_core/task/python/colcon_distutils_commands:/home/atoz/ros2_ws/install/octomap/lib/python3.10/site-packages:${PYTHONPATH} /usr/bin/python3 -W ignore:setup.py install is deprecated -W ignore:easy_install command is deprecated setup.py egg_info --egg-base ../../build/octomap build --build-base /home/atoz/ros2_ws/build/octomap/build install --record /home/atoz/ros2_ws/build/octomap/install.log --single-version-externally-managed install_data
[2.863s] running egg_info
[2.865s] creating ../../build/octomap/octomap.egg-info
[2.865s] writing ../../build/octomap/octomap.egg-info/PKG-INFO
[2.866s] writing dependency_links to ../../build/octomap/octomap.egg-info/dependency_links.txt
[2.866s] writing entry points to ../../build/octomap/octomap.egg-info/entry_points.txt
[2.867s] writing requirements to ../../build/octomap/octomap.egg-info/requires.txt
[2.867s] writing top-level names to ../../build/octomap/octomap.egg-info/top_level.txt
[2.867s] writing manifest file '../../build/octomap/octomap.egg-info/SOURCES.txt'
[2.872s] reading manifest file '../../build/octomap/octomap.egg-info/SOURCES.txt'
[2.874s] writing manifest file '../../build/octomap/octomap.egg-info/SOURCES.txt'
[2.874s] running build
[2.874s] running build_py
[2.875s] creating /home/atoz/ros2_ws/build/octomap/build
[2.875s] creating /home/atoz/ros2_ws/build/octomap/build/lib
[2.875s] creating /home/atoz/ros2_ws/build/octomap/build/lib/octomap
[2.875s] copying octomap/__init__.py -> /home/atoz/ros2_ws/build/octomap/build/lib/octomap
[2.875s] running install
[2.877s] running install_lib
[2.879s] creating /home/atoz/ros2_ws/install/octomap/lib/python3.10/site-packages/octomap
[2.880s] copying /home/atoz/ros2_ws/build/octomap/build/lib/octomap/__init__.py -> /home/atoz/ros2_ws/install/octomap/lib/python3.10/site-packages/octomap
[2.883s] byte-compiling /home/atoz/ros2_ws/install/octomap/lib/python3.10/site-packages/octomap/__init__.py to __init__.cpython-310.pyc
[2.884s] running install_data
[2.885s] creating /home/atoz/ros2_ws/install/octomap/share/ament_index
[2.885s] creating /home/atoz/ros2_ws/install/octomap/share/ament_index/resource_index
[2.886s] creating /home/atoz/ros2_ws/install/octomap/share/ament_index/resource_index/packages
[2.886s] copying resource/octomap -> /home/atoz/ros2_ws/install/octomap/share/ament_index/resource_index/packages
[2.887s] copying package.xml -> /home/atoz/ros2_ws/install/octomap/share/octomap
[2.888s] running install_egg_info
[2.895s] Copying ../../build/octomap/octomap.egg-info to /home/atoz/ros2_ws/install/octomap/lib/python3.10/site-packages/octomap-0.0.0-py3.10.egg-info
[2.901s] running install_scripts
[2.959s] writing list of installed files to '/home/atoz/ros2_ws/build/octomap/install.log'
[3.073s] Invoked command in '/home/atoz/ros2_ws/src/octomap' returned '0': PYTHONPATH=/home/atoz/ros2_ws/build/octomap/prefix_override:/usr/lib/python3/dist-packages/colcon_core/task/python/colcon_distutils_commands:/home/atoz/ros2_ws/install/octomap/lib/python3.10/site-packages:${PYTHONPATH} /usr/bin/python3 -W ignore:setup.py install is deprecated -W ignore:easy_install command is deprecated setup.py egg_info --egg-base ../../build/octomap build --build-base /home/atoz/ros2_ws/build/octomap/build install --record /home/atoz/ros2_ws/build/octomap/install.log --single-version-externally-managed install_data
