[0.063s] Invoking command in '/home/atoz/ros2_ws/build/octomap_server': CMAKE_PREFIX_PATH=/opt/ros/humble /usr/bin/cmake /home/atoz/ros2_ws/src/octomap_mapping/octomap_server -DROS_EDITION=ROS2 -DHUMBLE_ROS=humble -DCMAKE_INSTALL_PREFIX=/home/atoz/ros2_ws/install/octomap_server
[2.460s] -- The C compiler identification is GNU 11.4.0
[2.461s] -- The CXX compiler identification is GNU 11.4.0
[2.461s] -- Detecting C compiler ABI info
[2.461s] -- Detecting C compiler ABI info - done
[2.461s] -- Check for working C compiler: /usr/bin/cc - skipped
[2.461s] -- Detecting C compile features
[2.461s] -- Detecting C compile features - done
[2.461s] -- Detecting CXX compiler ABI info
[2.461s] -- Detecting CXX compiler ABI info - done
[2.462s] -- Check for working CXX compiler: /usr/bin/c++ - skipped
[2.462s] -- Detecting CXX compile features
[2.462s] -- Detecting CXX compile features - done
[2.462s] -- Checking for module 'eigen3'
[2.462s] --   Found eigen3, version 3.4.0
[2.462s] -- Found Eigen: /usr/include/eigen3 (Required is at least version "3.1") 
[2.462s] -- Eigen found (include: /usr/include/eigen3, version: 3.4.0)
[2.462s] -- Found Boost: /usr/lib/aarch64-linux-gnu/cmake/Boost-1.74.0/BoostConfig.cmake (found suitable version "1.74.0", minimum required is "1.65.0") found components: system filesystem date_time iostreams serialization 
[2.463s] -- Checking for module 'flann'
[2.463s] --   Found flann, version 1.9.1
[2.463s] -- Found FLANN: /usr/lib/aarch64-linux-gnu/libflann_cpp.so  
[2.464s] -- FLANN found (include: /usr/include, lib: /usr/lib/aarch64-linux-gnu/libflann_cpp.so)
[2.464s] -- Looking for pthread.h
[2.465s] -- Looking for pthread.h - found
[2.465s] -- Performing Test CMAKE_HAVE_LIBC_PTHREAD
[2.465s] -- Performing Test CMAKE_HAVE_LIBC_PTHREAD - Success
[2.466s] -- Found Threads: TRUE  
[2.466s] -- Found GLEW: /usr/lib/aarch64-linux-gnu/libGLEW.so  
[2.466s] -- Found OpenGL: /usr/lib/aarch64-linux-gnu/libOpenGL.so  found components: OpenGL GLX 
[2.467s] -- Found MPI_C: /usr/lib/aarch64-linux-gnu/libmpi.so (found version "3.1") 
[2.468s] -- Found MPI: TRUE (found version "3.1") found components: C 
[2.468s] -- Found JsonCpp: /usr/lib/aarch64-linux-gnu/libjsoncpp.so (found suitable version "1.9.5", minimum required is "0.7.0") 
[2.468s] -- Found ZLIB: /usr/lib/aarch64-linux-gnu/libz.so (found version "1.2.11") 
[2.469s] -- Found PNG: /usr/lib/aarch64-linux-gnu/libpng.so (found version "1.6.37") 
[2.469s] -- Found Eigen3: /usr/include/eigen3 (found version "3.4.0") 
[2.470s] -- Found X11: /usr/include   
[2.470s] -- Looking for XOpenDisplay in /usr/lib/aarch64-linux-gnu/libX11.so;/usr/lib/aarch64-linux-gnu/libXext.so
[2.470s] -- Looking for XOpenDisplay in /usr/lib/aarch64-linux-gnu/libX11.so;/usr/lib/aarch64-linux-gnu/libXext.so - found
[2.471s] -- Looking for gethostbyname
[2.471s] -- Looking for gethostbyname - found
[2.471s] -- Looking for connect
[2.471s] -- Looking for connect - found
[2.471s] -- Looking for remove
[2.472s] -- Looking for remove - found
[2.472s] -- Looking for shmat
[2.472s] -- Looking for shmat - found
[2.472s] -- Looking for IceConnectionNumber in ICE
[2.539s] -- Looking for IceConnectionNumber in ICE - found
[2.920s] -- Found EXPAT: /usr/lib/aarch64-linux-gnu/libexpat.so (found version "2.4.7") 
[2.924s] -- Found double-conversion: /usr/lib/aarch64-linux-gnu/libdouble-conversion.so  
[2.929s] -- Found LZ4: /usr/lib/aarch64-linux-gnu/liblz4.so (found version "1.9.3") 
[2.936s] -- Found LZMA: /usr/lib/aarch64-linux-gnu/liblzma.so (found version "5.2.5") 
[3.028s] -- Found JPEG: /usr/lib/aarch64-linux-gnu/libjpeg.so (found version "80") 
[3.054s] -- Found TIFF: /usr/lib/aarch64-linux-gnu/libtiff.so (found version "4.3.0")  
[3.062s] -- Found Freetype: /usr/lib/aarch64-linux-gnu/libfreetype.so (found version "2.11.1") 
[3.090s] -- Found utf8cpp: /usr/include/utf8cpp  
[3.457s] -- Checking for module 'libusb-1.0'
[3.555s] --   Found libusb-1.0, version 1.0.25
[3.821s] -- Found libusb: /usr/lib/aarch64-linux-gnu/libusb-1.0.so  
[3.825s] -- Found OpenNI: /usr/lib/libOpenNI.so;libusb::libusb (found version "1.5.4.0") 
[3.826s] -- OpenNI found (version: 1.5.4.0, include: /usr/include/ni, lib: /usr/lib/libOpenNI.so;libusb::libusb)
[4.228s] -- Found OpenNI2: /usr/lib/aarch64-linux-gnu/libOpenNI2.so;libusb::libusb (found version "2.2.0.33") 
[4.228s] -- OpenNI2 found (version: 2.2.0.33, include: /usr/include/openni2, lib: /usr/lib/aarch64-linux-gnu/libOpenNI2.so;libusb::libusb)
[4.228s] [0m** WARNING ** io features related to pcap will be disabled[0m
[5.159s] -- Eigen found (include: /usr/include/eigen3, version: 3.4.0)
[5.197s] -- OpenNI found (version: 1.5.4.0, include: /usr/include/ni, lib: /usr/lib/libOpenNI.so;libusb::libusb)
[5.228s] -- OpenNI2 found (version: 2.2.0.33, include: /usr/include/openni2, lib: /usr/lib/aarch64-linux-gnu/libOpenNI2.so;libusb::libusb)
[5.905s] -- Found Qhull version 8.0.2
[6.310s] -- OpenNI found (version: 1.5.4.0, include: /usr/include/ni, lib: /usr/lib/libOpenNI.so;libusb::libusb)
[6.707s] -- looking for PCL_COMMON
[6.710s] -- Found PCL_COMMON: /usr/lib/aarch64-linux-gnu/libpcl_common.so  
[6.710s] -- looking for PCL_KDTREE
[6.712s] -- Found PCL_KDTREE: /usr/lib/aarch64-linux-gnu/libpcl_kdtree.so  
[6.712s] -- looking for PCL_OCTREE
[6.714s] -- Found PCL_OCTREE: /usr/lib/aarch64-linux-gnu/libpcl_octree.so  
[6.715s] -- looking for PCL_SEARCH
[6.717s] -- Found PCL_SEARCH: /usr/lib/aarch64-linux-gnu/libpcl_search.so  
[6.717s] -- looking for PCL_SAMPLE_CONSENSUS
[6.719s] -- Found PCL_SAMPLE_CONSENSUS: /usr/lib/aarch64-linux-gnu/libpcl_sample_consensus.so  
[6.719s] -- looking for PCL_FILTERS
[6.722s] -- Found PCL_FILTERS: /usr/lib/aarch64-linux-gnu/libpcl_filters.so  
[6.722s] -- looking for PCL_2D
[6.722s] -- Found PCL_2D: /usr/include/pcl-1.12  
[6.723s] -- looking for PCL_GEOMETRY
[6.723s] -- Found PCL_GEOMETRY: /usr/include/pcl-1.12  
[6.723s] -- looking for PCL_IO
[6.725s] -- Found PCL_IO: /usr/lib/aarch64-linux-gnu/libpcl_io.so  
[6.726s] -- looking for PCL_FEATURES
[6.728s] -- Found PCL_FEATURES: /usr/lib/aarch64-linux-gnu/libpcl_features.so  
[6.728s] -- looking for PCL_ML
[6.730s] -- Found PCL_ML: /usr/lib/aarch64-linux-gnu/libpcl_ml.so  
[6.731s] -- looking for PCL_SEGMENTATION
[6.732s] -- Found PCL_SEGMENTATION: /usr/lib/aarch64-linux-gnu/libpcl_segmentation.so  
[6.733s] -- looking for PCL_VISUALIZATION
[6.735s] -- Found PCL_VISUALIZATION: /usr/lib/aarch64-linux-gnu/libpcl_visualization.so  
[6.736s] -- looking for PCL_SURFACE
[6.737s] -- Found PCL_SURFACE: /usr/lib/aarch64-linux-gnu/libpcl_surface.so  
[6.738s] -- looking for PCL_REGISTRATION
[6.740s] -- Found PCL_REGISTRATION: /usr/lib/aarch64-linux-gnu/libpcl_registration.so  
[6.740s] -- looking for PCL_KEYPOINTS
[6.742s] -- Found PCL_KEYPOINTS: /usr/lib/aarch64-linux-gnu/libpcl_keypoints.so  
[6.742s] -- looking for PCL_TRACKING
[6.744s] -- Found PCL_TRACKING: /usr/lib/aarch64-linux-gnu/libpcl_tracking.so  
[6.745s] -- looking for PCL_RECOGNITION
[6.747s] -- Found PCL_RECOGNITION: /usr/lib/aarch64-linux-gnu/libpcl_recognition.so  
[6.747s] -- looking for PCL_STEREO
[6.749s] -- Found PCL_STEREO: /usr/lib/aarch64-linux-gnu/libpcl_stereo.so  
[6.750s] -- looking for PCL_APPS
[6.752s] -- Found PCL_APPS: /usr/lib/aarch64-linux-gnu/libpcl_apps.so  
[6.753s] -- looking for PCL_IN_HAND_SCANNER
[6.753s] -- Found PCL_IN_HAND_SCANNER: /usr/include/pcl-1.12  
[6.753s] -- looking for PCL_MODELER
[6.754s] -- Found PCL_MODELER: /usr/include/pcl-1.12  
[6.754s] -- looking for PCL_POINT_CLOUD_EDITOR
[6.755s] -- Found PCL_POINT_CLOUD_EDITOR: /usr/include/pcl-1.12  
[6.755s] -- looking for PCL_OUTOFCORE
[6.757s] -- Found PCL_OUTOFCORE: /usr/lib/aarch64-linux-gnu/libpcl_outofcore.so  
[6.757s] -- looking for PCL_PEOPLE
[6.759s] -- Found PCL_PEOPLE: /usr/lib/aarch64-linux-gnu/libpcl_people.so  
[6.761s] -- Found PCL: pcl_common;pcl_kdtree;pcl_octree;pcl_search;pcl_sample_consensus;pcl_filters;pcl_io;pcl_features;pcl_ml;pcl_segmentation;pcl_visualization;pcl_surface;pcl_registration;pcl_keypoints;pcl_tracking;pcl_recognition;pcl_stereo;pcl_apps;pcl_outofcore;pcl_people;Boost::system;Boost::filesystem;Boost::date_time;Boost::iostreams;Boost::serialization;/usr/lib/libOpenNI.so;libusb::libusb;/usr/lib/aarch64-linux-gnu/libOpenNI2.so;libusb::libusb;VTK::ChartsCore;VTK::CommonColor;VTK::CommonComputationalGeometry;VTK::CommonCore;VTK::CommonDataModel;VTK::CommonExecutionModel;VTK::CommonMath;VTK::CommonMisc;VTK::CommonTransforms;VTK::FiltersCore;VTK::FiltersExtraction;VTK::FiltersGeneral;VTK::FiltersGeometry;VTK::FiltersModeling;VTK::FiltersSources;VTK::ImagingCore;VTK::ImagingSources;VTK::InteractionImage;VTK::InteractionStyle;VTK::InteractionWidgets;VTK::IOCore;VTK::IOGeometry;VTK::IOImage;VTK::IOLegacy;VTK::IOPLY;VTK::RenderingAnnotation;VTK::RenderingCore;VTK::RenderingContext2D;VTK::RenderingLOD;VTK::RenderingFreeType;VTK::ViewsCore;VTK::ViewsContext2D;VTK::RenderingOpenGL2;VTK::GUISupportQt;FLANN::FLANN;QHULL::QHULL  
[6.765s] -- Found ament_cmake_auto: 1.3.12 (/opt/ros/humble/share/ament_cmake_auto/cmake)
[7.280s] -- Found Python3: /usr/bin/python3 (found version "3.10.12") found components: Interpreter 
[7.906s] -- Found rosidl_generator_c: 3.1.7 (/opt/ros/humble/share/rosidl_generator_c/cmake)
[7.920s] -- Found rosidl_adapter: 3.1.7 (/opt/ros/humble/share/rosidl_adapter/cmake)
[7.937s] -- Found rosidl_generator_cpp: 3.1.7 (/opt/ros/humble/share/rosidl_generator_cpp/cmake)
[7.971s] -- Using all available rosidl_typesupport_c: rosidl_typesupport_fastrtps_c;rosidl_typesupport_introspection_c
[8.013s] -- Using all available rosidl_typesupport_cpp: rosidl_typesupport_fastrtps_cpp;rosidl_typesupport_introspection_cpp
[8.252s] -- Found rmw_implementation_cmake: 6.1.2 (/opt/ros/humble/share/rmw_implementation_cmake/cmake)
[8.262s] -- Found rmw_fastrtps_cpp: 6.2.8 (/opt/ros/humble/share/rmw_fastrtps_cpp/cmake)
[8.530s] -- Found OpenSSL: /usr/lib/aarch64-linux-gnu/libcrypto.so (found version "3.0.2")  
[8.621s] -- Found FastRTPS: /opt/ros/humble/include  
[8.725s] -- Using RMW implementation 'rmw_fastrtps_cpp' as default
[9.212s] -- Found eigen3_cmake_module: 0.1.1 (/opt/ros/humble/share/eigen3_cmake_module/cmake)
[9.216s] -- Found Eigen3: TRUE (found version "3.4.0") 
[9.216s] -- Ensuring Eigen3 include directory is part of orocos-kdl CMake target
[9.702s] -- Found ament_lint_auto: 0.12.14 (/opt/ros/humble/share/ament_lint_auto/cmake)
[9.735s] [0mIn this package, headers install destination is set to `include` by ament_auto_package. It is recommended to install `include/octomap_server` instead and will be the default behavior of ament_auto_package from ROS 2 Kilted Kaiju. On distributions before Kilted, ament_auto_package behaves the same way when you use USE_SCOPED_HEADER_INSTALL_DIR option.[0m
[9.744s] -- Added test 'copyright' to check source files copyright and LICENSE
[9.748s] -- Added test 'cppcheck' to perform static code analysis on C / C++ code
[9.753s] -- Configured cppcheck include dirs: /home/atoz/ros2_ws/src/octomap_mapping/octomap_server/include
[9.754s] -- Configured cppcheck exclude dirs and/or files: 
[9.758s] -- Added test 'cpplint' to check C / C++ code against the Google style
[9.759s] -- Configured cpplint exclude dirs and/or files: 
[9.761s] -- Added test 'flake8' to check Python code syntax and style conventions
[9.763s] -- Added test 'lint_cmake' to check CMake code style
[9.766s] -- Added test 'pep257' to check Python code against some of the docstring style conventions in PEP 257
[9.769s] -- Added test 'uncrustify' to check C / C++ code style
[9.770s] -- Configured uncrustify additional arguments: 
[9.772s] -- Added test 'xmllint' to check XML markup files
[9.779s] -- Configuring done
[10.480s] -- Generating done
[10.489s] [33mCMake Warning:
[10.489s]   Manually-specified variables were not used by the project:
[10.490s] 
[10.490s]     HUMBLE_ROS
[10.490s]     ROS_EDITION
[10.490s] 
[10.491s] [0m
[10.615s] -- Build files have been written to: /home/atoz/ros2_ws/build/octomap_server
[10.707s] Invoked command in '/home/atoz/ros2_ws/build/octomap_server' returned '0': CMAKE_PREFIX_PATH=/opt/ros/humble /usr/bin/cmake /home/atoz/ros2_ws/src/octomap_mapping/octomap_server -DROS_EDITION=ROS2 -DHUMBLE_ROS=humble -DCMAKE_INSTALL_PREFIX=/home/atoz/ros2_ws/install/octomap_server
[10.708s] Invoking command in '/home/atoz/ros2_ws/build/octomap_server': CMAKE_PREFIX_PATH=/opt/ros/humble /usr/bin/cmake --build /home/atoz/ros2_ws/build/octomap_server -- -j8 -l8
[11.016s] [  3%] [32mBuilding CXX object CMakeFiles/octomap_server_static.dir/src/octomap_server_static.cpp.o[0m
[11.027s] [  7%] [32mBuilding CXX object CMakeFiles/octomap_server_node.dir/rclcpp_components/node_main_octomap_server_node.cpp.o[0m
[11.044s] [ 11%] [32mBuilding CXX object CMakeFiles/octomap_server_static_node.dir/rclcpp_components/node_main_octomap_server_static_node.cpp.o[0m
[11.055s] [ 15%] [32mBuilding CXX object CMakeFiles/tracking_octomap_server_node.dir/rclcpp_components/node_main_tracking_octomap_server_node.cpp.o[0m
[11.055s] [ 19%] [32mBuilding CXX object CMakeFiles/octomap_server_multilayer_node.dir/rclcpp_components/node_main_octomap_server_multilayer_node.cpp.o[0m
[11.096s] [ 23%] [32mBuilding CXX object CMakeFiles/color_octomap_server_node.dir/rclcpp_components/node_main_color_octomap_server_node.cpp.o[0m
[11.191s] [ 26%] [32mBuilding CXX object CMakeFiles/octomap_saver_node.dir/rclcpp_components/node_main_octomap_saver_node.cpp.o[0m
[30.145s] [ 30%] [32m[1mLinking CXX executable octomap_server_node[0m
[30.271s] [ 34%] [32m[1mLinking CXX executable color_octomap_server_node[0m
[30.913s] [ 38%] [32m[1mLinking CXX executable octomap_server_static_node[0m
[31.039s] [ 42%] [32m[1mLinking CXX executable tracking_octomap_server_node[0m
[31.048s] [ 42%] Built target octomap_server_node
[31.277s] [ 42%] Built target color_octomap_server_node
[31.700s] [ 46%] [32m[1mLinking CXX executable octomap_saver_node[0m
[31.834s] [ 46%] Built target octomap_server_static_node
[31.845s] [ 46%] Built target tracking_octomap_server_node
[32.521s] [ 46%] Built target octomap_saver_node
[32.657s] [ 50%] [32m[1mLinking CXX executable octomap_server_multilayer_node[0m
[33.482s] [ 50%] Built target octomap_server_multilayer_node
[38.896s] [ 53%] [32m[1mLinking CXX shared library liboctomap_server_static.so[0m
[40.081s] [ 53%] Built target octomap_server_static
[40.126s] [ 57%] [32mBuilding CXX object CMakeFiles/octomap_server.dir/src/octomap_server.cpp.o[0m
[92.193s] [ 61%] [32m[1mLinking CXX shared library liboctomap_server.so[0m
[97.087s] [ 61%] Built target octomap_server
[97.130s] [ 69%] [32mBuilding CXX object CMakeFiles/octomap_server_multilayer.dir/src/octomap_server_multilayer.cpp.o[0m
[97.130s] [ 69%] [32mBuilding CXX object CMakeFiles/octomap_server_multilayer.dir/src/octomap_server.cpp.o[0m
[143.809s] [ 73%] [32m[1mLinking CXX shared library liboctomap_server_multilayer.so[0m
[149.402s] [ 73%] Built target octomap_server_multilayer
[149.443s] [ 80%] [32mBuilding CXX object CMakeFiles/tracking_octomap_server.dir/src/octomap_server.cpp.o[0m
[149.443s] [ 80%] [32mBuilding CXX object CMakeFiles/tracking_octomap_server.dir/src/tracking_octomap_server.cpp.o[0m
[195.969s] [ 84%] [32m[1mLinking CXX shared library libtracking_octomap_server.so[0m
[201.617s] [ 84%] Built target tracking_octomap_server
[201.659s] [ 88%] [32mBuilding CXX object CMakeFiles/color_octomap_server.dir/src/octomap_server.cpp.o[0m
[250.297s] [ 92%] [32m[1mLinking CXX shared library libcolor_octomap_server.so[0m
[255.607s] [ 92%] Built target color_octomap_server
[255.651s] [ 96%] [32mBuilding CXX object CMakeFiles/octomap_saver.dir/src/octomap_saver.cpp.o[0m
[265.265s] [100%] [32m[1mLinking CXX shared library liboctomap_saver.so[0m
[266.326s] [100%] Built target octomap_saver
[266.350s] Invoked command in '/home/atoz/ros2_ws/build/octomap_server' returned '0': CMAKE_PREFIX_PATH=/opt/ros/humble /usr/bin/cmake --build /home/atoz/ros2_ws/build/octomap_server -- -j8 -l8
[266.356s] Invoking command in '/home/atoz/ros2_ws/build/octomap_server': CMAKE_PREFIX_PATH=/opt/ros/humble /usr/bin/cmake --install /home/atoz/ros2_ws/build/octomap_server
[266.370s] -- Install configuration: ""
[266.371s] -- Installing: /home/atoz/ros2_ws/install/octomap_server/lib/octomap_server/octomap_server_static_node
[266.372s] -- Set runtime path of "/home/atoz/ros2_ws/install/octomap_server/lib/octomap_server/octomap_server_static_node" to ""
[266.372s] -- Installing: /home/atoz/ros2_ws/install/octomap_server/lib/octomap_server/octomap_server_node
[266.373s] -- Set runtime path of "/home/atoz/ros2_ws/install/octomap_server/lib/octomap_server/octomap_server_node" to ""
[266.373s] -- Installing: /home/atoz/ros2_ws/install/octomap_server/lib/octomap_server/octomap_server_multilayer_node
[266.374s] -- Set runtime path of "/home/atoz/ros2_ws/install/octomap_server/lib/octomap_server/octomap_server_multilayer_node" to ""
[266.375s] -- Installing: /home/atoz/ros2_ws/install/octomap_server/lib/octomap_server/tracking_octomap_server_node
[266.375s] -- Set runtime path of "/home/atoz/ros2_ws/install/octomap_server/lib/octomap_server/tracking_octomap_server_node" to ""
[266.376s] -- Installing: /home/atoz/ros2_ws/install/octomap_server/lib/octomap_server/color_octomap_server_node
[266.377s] -- Set runtime path of "/home/atoz/ros2_ws/install/octomap_server/lib/octomap_server/color_octomap_server_node" to ""
[266.377s] -- Installing: /home/atoz/ros2_ws/install/octomap_server/lib/octomap_server/octomap_saver_node
[266.378s] -- Set runtime path of "/home/atoz/ros2_ws/install/octomap_server/lib/octomap_server/octomap_saver_node" to ""
[266.378s] -- Installing: /home/atoz/ros2_ws/install/octomap_server/include
[266.378s] -- Installing: /home/atoz/ros2_ws/install/octomap_server/include/octomap_server
[266.378s] -- Installing: /home/atoz/ros2_ws/install/octomap_server/include/octomap_server/octomap_server.hpp
[266.379s] -- Installing: /home/atoz/ros2_ws/install/octomap_server/include/octomap_server/octomap_server_static.hpp
[266.379s] -- Installing: /home/atoz/ros2_ws/install/octomap_server/include/octomap_server/octomap_server_multilayer.hpp
[266.379s] -- Installing: /home/atoz/ros2_ws/install/octomap_server/include/octomap_server/tracking_octomap_server.hpp
[266.379s] -- Installing: /home/atoz/ros2_ws/install/octomap_server/share/octomap_server/environment/library_path.sh
[266.379s] -- Installing: /home/atoz/ros2_ws/install/octomap_server/share/octomap_server/environment/library_path.dsv
[266.380s] -- Installing: /home/atoz/ros2_ws/install/octomap_server/lib/liboctomap_server_static.so
[266.382s] -- Set runtime path of "/home/atoz/ros2_ws/install/octomap_server/lib/liboctomap_server_static.so" to ""
[266.383s] -- Installing: /home/atoz/ros2_ws/install/octomap_server/lib/liboctomap_server.so
[266.405s] -- Set runtime path of "/home/atoz/ros2_ws/install/octomap_server/lib/liboctomap_server.so" to ""
[266.406s] -- Installing: /home/atoz/ros2_ws/install/octomap_server/lib/liboctomap_server_multilayer.so
[266.428s] -- Set runtime path of "/home/atoz/ros2_ws/install/octomap_server/lib/liboctomap_server_multilayer.so" to ""
[266.428s] -- Installing: /home/atoz/ros2_ws/install/octomap_server/lib/libtracking_octomap_server.so
[266.451s] -- Set runtime path of "/home/atoz/ros2_ws/install/octomap_server/lib/libtracking_octomap_server.so" to ""
[266.452s] -- Installing: /home/atoz/ros2_ws/install/octomap_server/lib/libcolor_octomap_server.so
[266.473s] -- Set runtime path of "/home/atoz/ros2_ws/install/octomap_server/lib/libcolor_octomap_server.so" to ""
[266.474s] -- Installing: /home/atoz/ros2_ws/install/octomap_server/lib/liboctomap_saver.so
[266.476s] -- Set runtime path of "/home/atoz/ros2_ws/install/octomap_server/lib/liboctomap_saver.so" to ""
[266.477s] -- Installing: /home/atoz/ros2_ws/install/octomap_server/share/octomap_server/launch
[266.477s] -- Installing: /home/atoz/ros2_ws/install/octomap_server/share/octomap_server/launch/octomap_mapping.launch.xml
[266.477s] -- Installing: /home/atoz/ros2_ws/install/octomap_server/share/octomap_server/launch/octomap_tracking_server.launch.xml
[266.478s] -- Installing: /home/atoz/ros2_ws/install/octomap_server/share/octomap_server/launch/octomap_tracking_client.launch.xml
[266.478s] -- Installing: /home/atoz/ros2_ws/install/octomap_server/share/octomap_server/params
[266.478s] -- Installing: /home/atoz/ros2_ws/install/octomap_server/share/octomap_server/params/default.yaml
[266.478s] -- Installing: /home/atoz/ros2_ws/install/octomap_server/share/ament_index/resource_index/package_run_dependencies/octomap_server
[266.479s] -- Installing: /home/atoz/ros2_ws/install/octomap_server/share/ament_index/resource_index/parent_prefix_path/octomap_server
[266.479s] -- Installing: /home/atoz/ros2_ws/install/octomap_server/share/octomap_server/environment/ament_prefix_path.sh
[266.479s] -- Installing: /home/atoz/ros2_ws/install/octomap_server/share/octomap_server/environment/ament_prefix_path.dsv
[266.480s] -- Installing: /home/atoz/ros2_ws/install/octomap_server/share/octomap_server/environment/path.sh
[266.480s] -- Installing: /home/atoz/ros2_ws/install/octomap_server/share/octomap_server/environment/path.dsv
[266.480s] -- Installing: /home/atoz/ros2_ws/install/octomap_server/share/octomap_server/local_setup.bash
[266.480s] -- Installing: /home/atoz/ros2_ws/install/octomap_server/share/octomap_server/local_setup.sh
[266.481s] -- Installing: /home/atoz/ros2_ws/install/octomap_server/share/octomap_server/local_setup.zsh
[266.481s] -- Installing: /home/atoz/ros2_ws/install/octomap_server/share/octomap_server/local_setup.dsv
[266.481s] -- Installing: /home/atoz/ros2_ws/install/octomap_server/share/octomap_server/package.dsv
[266.481s] -- Installing: /home/atoz/ros2_ws/install/octomap_server/share/ament_index/resource_index/packages/octomap_server
[266.482s] -- Installing: /home/atoz/ros2_ws/install/octomap_server/share/ament_index/resource_index/rclcpp_components/octomap_server
[266.482s] -- Installing: /home/atoz/ros2_ws/install/octomap_server/share/octomap_server/cmake/ament_cmake_export_dependencies-extras.cmake
[266.482s] -- Installing: /home/atoz/ros2_ws/install/octomap_server/share/octomap_server/cmake/ament_cmake_export_include_directories-extras.cmake
[266.483s] -- Installing: /home/atoz/ros2_ws/install/octomap_server/share/octomap_server/cmake/ament_cmake_export_libraries-extras.cmake
[266.483s] -- Installing: /home/atoz/ros2_ws/install/octomap_server/share/octomap_server/cmake/octomap_serverConfig.cmake
[266.483s] -- Installing: /home/atoz/ros2_ws/install/octomap_server/share/octomap_server/cmake/octomap_serverConfig-version.cmake
[266.483s] -- Installing: /home/atoz/ros2_ws/install/octomap_server/share/octomap_server/package.xml
[266.483s] -- Installing: /home/atoz/ros2_ws/install/octomap_server/lib/octomap_server/octomap_eraser_cli.py
[266.489s] Invoked command in '/home/atoz/ros2_ws/build/octomap_server' returned '0': CMAKE_PREFIX_PATH=/opt/ros/humble /usr/bin/cmake --install /home/atoz/ros2_ws/build/octomap_server
