[2.394s] Invoking command in '/home/atoz/ros2_ws/src/my_octomap': PYTHONPATH=/home/atoz/ros2_ws/build/my_octomap/prefix_override:/usr/lib/python3/dist-packages/colcon_core/task/python/colcon_distutils_commands:/home/atoz/ros2_ws/install/my_octomap/lib/python3.10/site-packages:${PYTHONPATH} /usr/bin/python3 -W ignore:setup.py install is deprecated -W ignore:easy_install command is deprecated setup.py egg_info --egg-base ../../build/my_octomap build --build-base /home/atoz/ros2_ws/build/my_octomap/build install --record /home/atoz/ros2_ws/build/my_octomap/install.log --single-version-externally-managed install_data
[3.234s] running egg_info
[3.235s] creating ../../build/my_octomap/my_octomap.egg-info
[3.236s] writing ../../build/my_octomap/my_octomap.egg-info/PKG-INFO
[3.236s] writing dependency_links to ../../build/my_octomap/my_octomap.egg-info/dependency_links.txt
[3.237s] writing entry points to ../../build/my_octomap/my_octomap.egg-info/entry_points.txt
[3.237s] writing requirements to ../../build/my_octomap/my_octomap.egg-info/requires.txt
[3.237s] writing top-level names to ../../build/my_octomap/my_octomap.egg-info/top_level.txt
[3.238s] writing manifest file '../../build/my_octomap/my_octomap.egg-info/SOURCES.txt'
[3.247s] reading manifest file '../../build/my_octomap/my_octomap.egg-info/SOURCES.txt'
[3.253s] writing manifest file '../../build/my_octomap/my_octomap.egg-info/SOURCES.txt'
[3.253s] running build
[3.254s] running build_py
[3.264s] creating /home/atoz/ros2_ws/build/my_octomap/build
[3.264s] creating /home/atoz/ros2_ws/build/my_octomap/build/lib
[3.265s] creating /home/atoz/ros2_ws/build/my_octomap/build/lib/my_octomap
[3.265s] copying my_octomap/__init__.py -> /home/atoz/ros2_ws/build/my_octomap/build/lib/my_octomap
[3.265s] running install
[3.273s] running install_lib
[3.288s] creating /home/atoz/ros2_ws/install/my_octomap/lib/python3.10/site-packages/my_octomap
[3.288s] copying /home/atoz/ros2_ws/build/my_octomap/build/lib/my_octomap/__init__.py -> /home/atoz/ros2_ws/install/my_octomap/lib/python3.10/site-packages/my_octomap
[3.293s] byte-compiling /home/atoz/ros2_ws/install/my_octomap/lib/python3.10/site-packages/my_octomap/__init__.py to __init__.cpython-310.pyc
[3.294s] running install_data
[3.298s] creating /home/atoz/ros2_ws/install/my_octomap/share/ament_index
[3.299s] creating /home/atoz/ros2_ws/install/my_octomap/share/ament_index/resource_index
[3.299s] creating /home/atoz/ros2_ws/install/my_octomap/share/ament_index/resource_index/packages
[3.299s] copying resource/my_octomap -> /home/atoz/ros2_ws/install/my_octomap/share/ament_index/resource_index/packages
[3.299s] copying package.xml -> /home/atoz/ros2_ws/install/my_octomap/share/my_octomap
[3.304s] creating /home/atoz/ros2_ws/install/my_octomap/share/my_octomap/launch
[3.305s] copying launch/my_octomap.launch.py -> /home/atoz/ros2_ws/install/my_octomap/share/my_octomap/launch
[3.307s] creating /home/atoz/ros2_ws/install/my_octomap/share/my_octomap/config
[3.310s] copying config/nav2_params.yaml -> /home/atoz/ros2_ws/install/my_octomap/share/my_octomap/config
[3.310s] running install_egg_info
[3.338s] Copying ../../build/my_octomap/my_octomap.egg-info to /home/atoz/ros2_ws/install/my_octomap/lib/python3.10/site-packages/my_octomap-0.0.0-py3.10.egg-info
[3.340s] running install_scripts
[3.428s] writing list of installed files to '/home/atoz/ros2_ws/build/my_octomap/install.log'
[3.765s] Invoked command in '/home/atoz/ros2_ws/src/my_octomap' returned '0': PYTHONPATH=/home/atoz/ros2_ws/build/my_octomap/prefix_override:/usr/lib/python3/dist-packages/colcon_core/task/python/colcon_distutils_commands:/home/atoz/ros2_ws/install/my_octomap/lib/python3.10/site-packages:${PYTHONPATH} /usr/bin/python3 -W ignore:setup.py install is deprecated -W ignore:easy_install command is deprecated setup.py egg_info --egg-base ../../build/my_octomap build --build-base /home/atoz/ros2_ws/build/my_octomap/build install --record /home/atoz/ros2_ws/build/my_octomap/install.log --single-version-externally-managed install_data
