[3.937s] Invoking command in '/home/atoz/ros2_ws/src/gps_goal_sender': PYTHONPATH=/home/atoz/ros2_ws/build/gps_goal_sender/prefix_override:/usr/lib/python3/dist-packages/colcon_core/task/python/colcon_distutils_commands:/home/atoz/ros2_ws/install/gps_goal_sender/lib/python3.10/site-packages:${PYTHONPATH} /usr/bin/python3 -W ignore:setup.py install is deprecated -W ignore:easy_install command is deprecated setup.py egg_info --egg-base ../../build/gps_goal_sender build --build-base /home/atoz/ros2_ws/build/gps_goal_sender/build install --record /home/atoz/ros2_ws/build/gps_goal_sender/install.log --single-version-externally-managed install_data
[5.048s] running egg_info
[5.050s] creating ../../build/gps_goal_sender/gps_goal_sender.egg-info
[5.050s] writing ../../build/gps_goal_sender/gps_goal_sender.egg-info/PKG-INFO
[5.051s] writing dependency_links to ../../build/gps_goal_sender/gps_goal_sender.egg-info/dependency_links.txt
[5.051s] writing entry points to ../../build/gps_goal_sender/gps_goal_sender.egg-info/entry_points.txt
[5.052s] writing requirements to ../../build/gps_goal_sender/gps_goal_sender.egg-info/requires.txt
[5.052s] writing top-level names to ../../build/gps_goal_sender/gps_goal_sender.egg-info/top_level.txt
[5.052s] writing manifest file '../../build/gps_goal_sender/gps_goal_sender.egg-info/SOURCES.txt'
[5.057s] reading manifest file '../../build/gps_goal_sender/gps_goal_sender.egg-info/SOURCES.txt'
[5.059s] writing manifest file '../../build/gps_goal_sender/gps_goal_sender.egg-info/SOURCES.txt'
[5.059s] running build
[5.060s] running build_py
[5.064s] creating /home/atoz/ros2_ws/build/gps_goal_sender/build
[5.065s] creating /home/atoz/ros2_ws/build/gps_goal_sender/build/lib
[5.065s] creating /home/atoz/ros2_ws/build/gps_goal_sender/build/lib/gps_goal_sender
[5.065s] copying gps_goal_sender/__init__.py -> /home/atoz/ros2_ws/build/gps_goal_sender/build/lib/gps_goal_sender
[5.065s] copying gps_goal_sender/send_nav_goal.py -> /home/atoz/ros2_ws/build/gps_goal_sender/build/lib/gps_goal_sender
[5.065s] running install
[5.066s] running install_lib
[5.069s] creating /home/atoz/ros2_ws/install/gps_goal_sender/lib/python3.10/site-packages/gps_goal_sender
[5.069s] copying /home/atoz/ros2_ws/build/gps_goal_sender/build/lib/gps_goal_sender/__init__.py -> /home/atoz/ros2_ws/install/gps_goal_sender/lib/python3.10/site-packages/gps_goal_sender
[5.069s] copying /home/atoz/ros2_ws/build/gps_goal_sender/build/lib/gps_goal_sender/send_nav_goal.py -> /home/atoz/ros2_ws/install/gps_goal_sender/lib/python3.10/site-packages/gps_goal_sender
[5.071s] byte-compiling /home/atoz/ros2_ws/install/gps_goal_sender/lib/python3.10/site-packages/gps_goal_sender/__init__.py to __init__.cpython-310.pyc
[5.084s] byte-compiling /home/atoz/ros2_ws/install/gps_goal_sender/lib/python3.10/site-packages/gps_goal_sender/send_nav_goal.py to send_nav_goal.cpython-310.pyc
[5.087s] running install_data
[5.087s] creating /home/atoz/ros2_ws/install/gps_goal_sender/share/ament_index
[5.087s] creating /home/atoz/ros2_ws/install/gps_goal_sender/share/ament_index/resource_index
[5.088s] creating /home/atoz/ros2_ws/install/gps_goal_sender/share/ament_index/resource_index/packages
[5.088s] copying resource/gps_goal_sender -> /home/atoz/ros2_ws/install/gps_goal_sender/share/ament_index/resource_index/packages
[5.088s] copying package.xml -> /home/atoz/ros2_ws/install/gps_goal_sender/share/gps_goal_sender
[5.088s] creating /home/atoz/ros2_ws/install/gps_goal_sender/share/gps_goal_sender/config
[5.088s] copying gps_goal_sender/config/datum.yaml -> /home/atoz/ros2_ws/install/gps_goal_sender/share/gps_goal_sender/config
[5.088s] creating /home/atoz/ros2_ws/install/gps_goal_sender/share/gps_goal_sender/launch
[5.089s] copying launch/gps_goal_sender.launch.py -> /home/atoz/ros2_ws/install/gps_goal_sender/share/gps_goal_sender/launch
[5.089s] running install_egg_info
[5.094s] Copying ../../build/gps_goal_sender/gps_goal_sender.egg-info to /home/atoz/ros2_ws/install/gps_goal_sender/lib/python3.10/site-packages/gps_goal_sender-0.0.1-py3.10.egg-info
[5.096s] running install_scripts
[5.153s] Installing send_nav_goal script to /home/atoz/ros2_ws/install/gps_goal_sender/bin
[5.154s] writing list of installed files to '/home/atoz/ros2_ws/build/gps_goal_sender/install.log'
[5.317s] Invoked command in '/home/atoz/ros2_ws/src/gps_goal_sender' returned '0': PYTHONPATH=/home/atoz/ros2_ws/build/gps_goal_sender/prefix_override:/usr/lib/python3/dist-packages/colcon_core/task/python/colcon_distutils_commands:/home/atoz/ros2_ws/install/gps_goal_sender/lib/python3.10/site-packages:${PYTHONPATH} /usr/bin/python3 -W ignore:setup.py install is deprecated -W ignore:easy_install command is deprecated setup.py egg_info --egg-base ../../build/gps_goal_sender build --build-base /home/atoz/ros2_ws/build/gps_goal_sender/build install --record /home/atoz/ros2_ws/build/gps_goal_sender/install.log --single-version-externally-managed install_data
