[0.216s] DEBUG:colcon:Command line arguments: ['/usr/bin/colcon', 'build']
[0.216s] DEBUG:colcon:Parsed command line arguments: Namespace(log_base=None, log_level=None, verb_name='build', build_base='build', install_base='install', merge_install=False, symlink_install=False, test_result_base=None, continue_on_error=False, executor='parallel', parallel_workers=8, event_handlers=None, ignore_user_meta=False, metas=['./colcon.meta'], base_paths=['.'], packages_ignore=None, packages_ignore_regex=None, paths=None, packages_up_to=None, packages_up_to_regex=None, packages_above=None, packages_above_and_dependencies=None, packages_above_depth=None, packages_select_by_dep=None, packages_skip_by_dep=None, packages_skip_up_to=None, packages_select_build_failed=False, packages_skip_build_finished=False, packages_select_test_failures=False, packages_skip_test_passed=False, packages_select=None, packages_skip=None, packages_select_regex=None, packages_skip_regex=None, packages_start=None, packages_end=None, allow_overriding=[], cmake_args=None, cmake_target=None, cmake_target_skip_unavailable=False, cmake_clean_cache=False, cmake_clean_first=False, cmake_force_configure=False, ament_cmake_args=None, catkin_cmake_args=None, catkin_skip_building_tests=False, verb_parser=<colcon_defaults.argument_parser.defaults.DefaultArgumentsDecorator object at 0xffff9a234a60>, verb_extension=<colcon_core.verb.build.BuildVerb object at 0xffff9a405db0>, main=<bound method BuildVerb.main of <colcon_core.verb.build.BuildVerb object at 0xffff9a405db0>>)
[0.549s] Level 1:colcon.colcon_core.package_discovery:discover_packages(colcon_meta) check parameters
[0.549s] Level 1:colcon.colcon_core.package_discovery:discover_packages(recursive) check parameters
[0.550s] Level 1:colcon.colcon_core.package_discovery:discover_packages(ignore) check parameters
[0.550s] Level 1:colcon.colcon_core.package_discovery:discover_packages(path) check parameters
[0.550s] Level 1:colcon.colcon_core.package_discovery:discover_packages(colcon_meta) discover
[0.550s] Level 1:colcon.colcon_core.package_discovery:discover_packages(recursive) discover
[0.550s] INFO:colcon.colcon_core.package_discovery:Crawling recursively for packages in '/home/atoz/ros2_ws'
[0.550s] Level 1:colcon.colcon_core.package_identification:_identify(.) by extensions ['ignore', 'ignore_ament_install']
[0.550s] Level 1:colcon.colcon_core.package_identification:_identify(.) by extension 'ignore'
[0.551s] Level 1:colcon.colcon_core.package_identification:_identify(.) by extension 'ignore_ament_install'
[0.551s] Level 1:colcon.colcon_core.package_identification:_identify(.) by extensions ['colcon_pkg']
[0.551s] Level 1:colcon.colcon_core.package_identification:_identify(.) by extension 'colcon_pkg'
[0.551s] Level 1:colcon.colcon_core.package_identification:_identify(.) by extensions ['colcon_meta']
[0.551s] Level 1:colcon.colcon_core.package_identification:_identify(.) by extension 'colcon_meta'
[0.551s] Level 1:colcon.colcon_core.package_identification:_identify(.) by extensions ['ros']
[0.551s] Level 1:colcon.colcon_core.package_identification:_identify(.) by extension 'ros'
[0.578s] Level 1:colcon.colcon_core.package_identification:_identify(.) by extensions ['cmake', 'python']
[0.578s] Level 1:colcon.colcon_core.package_identification:_identify(.) by extension 'cmake'
[0.578s] Level 1:colcon.colcon_core.package_identification:_identify(.) by extension 'python'
[0.578s] Level 1:colcon.colcon_core.package_identification:_identify(.) by extensions ['python_setup_py']
[0.578s] Level 1:colcon.colcon_core.package_identification:_identify(.) by extension 'python_setup_py'
[0.579s] Level 1:colcon.colcon_core.package_identification:_identify(build) by extensions ['ignore', 'ignore_ament_install']
[0.579s] Level 1:colcon.colcon_core.package_identification:_identify(build) by extension 'ignore'
[0.579s] Level 1:colcon.colcon_core.package_identification:_identify(build) ignored
[0.579s] Level 1:colcon.colcon_core.package_identification:_identify(install) by extensions ['ignore', 'ignore_ament_install']
[0.579s] Level 1:colcon.colcon_core.package_identification:_identify(install) by extension 'ignore'
[0.580s] Level 1:colcon.colcon_core.package_identification:_identify(install) ignored
[0.580s] Level 1:colcon.colcon_core.package_identification:_identify(log) by extensions ['ignore', 'ignore_ament_install']
[0.580s] Level 1:colcon.colcon_core.package_identification:_identify(log) by extension 'ignore'
[0.580s] Level 1:colcon.colcon_core.package_identification:_identify(log) ignored
[0.580s] Level 1:colcon.colcon_core.package_identification:_identify(src) by extensions ['ignore', 'ignore_ament_install']
[0.580s] Level 1:colcon.colcon_core.package_identification:_identify(src) by extension 'ignore'
[0.581s] Level 1:colcon.colcon_core.package_identification:_identify(src) by extension 'ignore_ament_install'
[0.581s] Level 1:colcon.colcon_core.package_identification:_identify(src) by extensions ['colcon_pkg']
[0.581s] Level 1:colcon.colcon_core.package_identification:_identify(src) by extension 'colcon_pkg'
[0.581s] Level 1:colcon.colcon_core.package_identification:_identify(src) by extensions ['colcon_meta']
[0.581s] Level 1:colcon.colcon_core.package_identification:_identify(src) by extension 'colcon_meta'
[0.581s] Level 1:colcon.colcon_core.package_identification:_identify(src) by extensions ['ros']
[0.581s] Level 1:colcon.colcon_core.package_identification:_identify(src) by extension 'ros'
[0.581s] Level 1:colcon.colcon_core.package_identification:_identify(src) by extensions ['cmake', 'python']
[0.581s] Level 1:colcon.colcon_core.package_identification:_identify(src) by extension 'cmake'
[0.581s] Level 1:colcon.colcon_core.package_identification:_identify(src) by extension 'python'
[0.582s] Level 1:colcon.colcon_core.package_identification:_identify(src) by extensions ['python_setup_py']
[0.582s] Level 1:colcon.colcon_core.package_identification:_identify(src) by extension 'python_setup_py'
[0.582s] Level 1:colcon.colcon_core.package_identification:_identify(src/FAST_LIO_ROS2) by extensions ['ignore', 'ignore_ament_install']
[0.582s] Level 1:colcon.colcon_core.package_identification:_identify(src/FAST_LIO_ROS2) by extension 'ignore'
[0.582s] Level 1:colcon.colcon_core.package_identification:_identify(src/FAST_LIO_ROS2) by extension 'ignore_ament_install'
[0.582s] Level 1:colcon.colcon_core.package_identification:_identify(src/FAST_LIO_ROS2) by extensions ['colcon_pkg']
[0.582s] Level 1:colcon.colcon_core.package_identification:_identify(src/FAST_LIO_ROS2) by extension 'colcon_pkg'
[0.582s] Level 1:colcon.colcon_core.package_identification:_identify(src/FAST_LIO_ROS2) by extensions ['colcon_meta']
[0.582s] Level 1:colcon.colcon_core.package_identification:_identify(src/FAST_LIO_ROS2) by extension 'colcon_meta'
[0.583s] Level 1:colcon.colcon_core.package_identification:_identify(src/FAST_LIO_ROS2) by extensions ['ros']
[0.583s] Level 1:colcon.colcon_core.package_identification:_identify(src/FAST_LIO_ROS2) by extension 'ros'
[0.589s] DEBUG:colcon.colcon_core.package_identification:Package 'src/FAST_LIO_ROS2' with type 'ros.ament_cmake' and name 'fast_lio'
[0.589s] Level 1:colcon.colcon_core.package_identification:_identify(src/Livox-SDK2) by extensions ['ignore', 'ignore_ament_install']
[0.590s] Level 1:colcon.colcon_core.package_identification:_identify(src/Livox-SDK2) by extension 'ignore'
[0.590s] Level 1:colcon.colcon_core.package_identification:_identify(src/Livox-SDK2) by extension 'ignore_ament_install'
[0.590s] Level 1:colcon.colcon_core.package_identification:_identify(src/Livox-SDK2) by extensions ['colcon_pkg']
[0.590s] Level 1:colcon.colcon_core.package_identification:_identify(src/Livox-SDK2) by extension 'colcon_pkg'
[0.590s] Level 1:colcon.colcon_core.package_identification:_identify(src/Livox-SDK2) by extensions ['colcon_meta']
[0.591s] Level 1:colcon.colcon_core.package_identification:_identify(src/Livox-SDK2) by extension 'colcon_meta'
[0.591s] Level 1:colcon.colcon_core.package_identification:_identify(src/Livox-SDK2) by extensions ['ros']
[0.591s] Level 1:colcon.colcon_core.package_identification:_identify(src/Livox-SDK2) by extension 'ros'
[0.591s] Level 1:colcon.colcon_core.package_identification:_identify(src/Livox-SDK2) by extensions ['cmake', 'python']
[0.591s] Level 1:colcon.colcon_core.package_identification:_identify(src/Livox-SDK2) by extension 'cmake'
[0.613s] Level 1:colcon.colcon_core.package_identification:_identify(src/Livox-SDK2) by extension 'python'
[0.613s] DEBUG:colcon.colcon_core.package_identification:Package 'src/Livox-SDK2' with type 'cmake' and name 'livox_sdk2'
[0.613s] Level 1:colcon.colcon_core.package_identification:_identify(src/livox_ros_driver2) by extensions ['ignore', 'ignore_ament_install']
[0.614s] Level 1:colcon.colcon_core.package_identification:_identify(src/livox_ros_driver2) by extension 'ignore'
[0.614s] Level 1:colcon.colcon_core.package_identification:_identify(src/livox_ros_driver2) by extension 'ignore_ament_install'
[0.614s] Level 1:colcon.colcon_core.package_identification:_identify(src/livox_ros_driver2) by extensions ['colcon_pkg']
[0.614s] Level 1:colcon.colcon_core.package_identification:_identify(src/livox_ros_driver2) by extension 'colcon_pkg'
[0.614s] Level 1:colcon.colcon_core.package_identification:_identify(src/livox_ros_driver2) by extensions ['colcon_meta']
[0.614s] Level 1:colcon.colcon_core.package_identification:_identify(src/livox_ros_driver2) by extension 'colcon_meta'
[0.614s] Level 1:colcon.colcon_core.package_identification:_identify(src/livox_ros_driver2) by extensions ['ros']
[0.614s] Level 1:colcon.colcon_core.package_identification:_identify(src/livox_ros_driver2) by extension 'ros'
[0.617s] DEBUG:colcon.colcon_core.package_identification:Package 'src/livox_ros_driver2' with type 'ros.ament_cmake' and name 'livox_ros_driver2'
[0.617s] Level 1:colcon.colcon_core.package_identification:_identify(src/my_octomap) by extensions ['ignore', 'ignore_ament_install']
[0.617s] Level 1:colcon.colcon_core.package_identification:_identify(src/my_octomap) by extension 'ignore'
[0.617s] Level 1:colcon.colcon_core.package_identification:_identify(src/my_octomap) by extension 'ignore_ament_install'
[0.618s] Level 1:colcon.colcon_core.package_identification:_identify(src/my_octomap) by extensions ['colcon_pkg']
[0.618s] Level 1:colcon.colcon_core.package_identification:_identify(src/my_octomap) by extension 'colcon_pkg'
[0.618s] Level 1:colcon.colcon_core.package_identification:_identify(src/my_octomap) by extensions ['colcon_meta']
[0.618s] Level 1:colcon.colcon_core.package_identification:_identify(src/my_octomap) by extension 'colcon_meta'
[0.618s] Level 1:colcon.colcon_core.package_identification:_identify(src/my_octomap) by extensions ['ros']
[0.618s] Level 1:colcon.colcon_core.package_identification:_identify(src/my_octomap) by extension 'ros'
[0.619s] DEBUG:colcon.colcon_core.package_identification:Package 'src/my_octomap' with type 'ros.ament_python' and name 'my_octomap'
[0.620s] Level 1:colcon.colcon_core.package_identification:_identify(src/octomap_mapping) by extensions ['ignore', 'ignore_ament_install']
[0.620s] Level 1:colcon.colcon_core.package_identification:_identify(src/octomap_mapping) by extension 'ignore'
[0.620s] Level 1:colcon.colcon_core.package_identification:_identify(src/octomap_mapping) by extension 'ignore_ament_install'
[0.620s] Level 1:colcon.colcon_core.package_identification:_identify(src/octomap_mapping) by extensions ['colcon_pkg']
[0.620s] Level 1:colcon.colcon_core.package_identification:_identify(src/octomap_mapping) by extension 'colcon_pkg'
[0.620s] Level 1:colcon.colcon_core.package_identification:_identify(src/octomap_mapping) by extensions ['colcon_meta']
[0.620s] Level 1:colcon.colcon_core.package_identification:_identify(src/octomap_mapping) by extension 'colcon_meta'
[0.620s] Level 1:colcon.colcon_core.package_identification:_identify(src/octomap_mapping) by extensions ['ros']
[0.620s] Level 1:colcon.colcon_core.package_identification:_identify(src/octomap_mapping) by extension 'ros'
[0.621s] Level 1:colcon.colcon_core.package_identification:_identify(src/octomap_mapping) by extensions ['cmake', 'python']
[0.621s] Level 1:colcon.colcon_core.package_identification:_identify(src/octomap_mapping) by extension 'cmake'
[0.621s] Level 1:colcon.colcon_core.package_identification:_identify(src/octomap_mapping) by extension 'python'
[0.621s] Level 1:colcon.colcon_core.package_identification:_identify(src/octomap_mapping) by extensions ['python_setup_py']
[0.621s] Level 1:colcon.colcon_core.package_identification:_identify(src/octomap_mapping) by extension 'python_setup_py'
[0.621s] Level 1:colcon.colcon_core.package_identification:_identify(src/octomap_mapping/octomap_mapping) by extensions ['ignore', 'ignore_ament_install']
[0.621s] Level 1:colcon.colcon_core.package_identification:_identify(src/octomap_mapping/octomap_mapping) by extension 'ignore'
[0.621s] Level 1:colcon.colcon_core.package_identification:_identify(src/octomap_mapping/octomap_mapping) by extension 'ignore_ament_install'
[0.622s] Level 1:colcon.colcon_core.package_identification:_identify(src/octomap_mapping/octomap_mapping) by extensions ['colcon_pkg']
[0.622s] Level 1:colcon.colcon_core.package_identification:_identify(src/octomap_mapping/octomap_mapping) by extension 'colcon_pkg'
[0.622s] Level 1:colcon.colcon_core.package_identification:_identify(src/octomap_mapping/octomap_mapping) by extensions ['colcon_meta']
[0.622s] Level 1:colcon.colcon_core.package_identification:_identify(src/octomap_mapping/octomap_mapping) by extension 'colcon_meta'
[0.622s] Level 1:colcon.colcon_core.package_identification:_identify(src/octomap_mapping/octomap_mapping) by extensions ['ros']
[0.622s] Level 1:colcon.colcon_core.package_identification:_identify(src/octomap_mapping/octomap_mapping) by extension 'ros'
[0.623s] DEBUG:colcon.colcon_core.package_identification:Package 'src/octomap_mapping/octomap_mapping' with type 'ros.ament_cmake' and name 'octomap_mapping'
[0.623s] Level 1:colcon.colcon_core.package_identification:_identify(src/octomap_mapping/octomap_server) by extensions ['ignore', 'ignore_ament_install']
[0.623s] Level 1:colcon.colcon_core.package_identification:_identify(src/octomap_mapping/octomap_server) by extension 'ignore'
[0.624s] Level 1:colcon.colcon_core.package_identification:_identify(src/octomap_mapping/octomap_server) by extension 'ignore_ament_install'
[0.624s] Level 1:colcon.colcon_core.package_identification:_identify(src/octomap_mapping/octomap_server) by extensions ['colcon_pkg']
[0.624s] Level 1:colcon.colcon_core.package_identification:_identify(src/octomap_mapping/octomap_server) by extension 'colcon_pkg'
[0.624s] Level 1:colcon.colcon_core.package_identification:_identify(src/octomap_mapping/octomap_server) by extensions ['colcon_meta']
[0.624s] Level 1:colcon.colcon_core.package_identification:_identify(src/octomap_mapping/octomap_server) by extension 'colcon_meta'
[0.624s] Level 1:colcon.colcon_core.package_identification:_identify(src/octomap_mapping/octomap_server) by extensions ['ros']
[0.624s] Level 1:colcon.colcon_core.package_identification:_identify(src/octomap_mapping/octomap_server) by extension 'ros'
[0.628s] DEBUG:colcon.colcon_core.package_identification:Package 'src/octomap_mapping/octomap_server' with type 'ros.ament_cmake' and name 'octomap_server'
[0.628s] Level 1:colcon.colcon_core.package_identification:_identify(src/pwm_ctrl) by extensions ['ignore', 'ignore_ament_install']
[0.628s] Level 1:colcon.colcon_core.package_identification:_identify(src/pwm_ctrl) by extension 'ignore'
[0.628s] Level 1:colcon.colcon_core.package_identification:_identify(src/pwm_ctrl) by extension 'ignore_ament_install'
[0.629s] Level 1:colcon.colcon_core.package_identification:_identify(src/pwm_ctrl) by extensions ['colcon_pkg']
[0.629s] Level 1:colcon.colcon_core.package_identification:_identify(src/pwm_ctrl) by extension 'colcon_pkg'
[0.629s] Level 1:colcon.colcon_core.package_identification:_identify(src/pwm_ctrl) by extensions ['colcon_meta']
[0.629s] Level 1:colcon.colcon_core.package_identification:_identify(src/pwm_ctrl) by extension 'colcon_meta'
[0.629s] Level 1:colcon.colcon_core.package_identification:_identify(src/pwm_ctrl) by extensions ['ros']
[0.629s] Level 1:colcon.colcon_core.package_identification:_identify(src/pwm_ctrl) by extension 'ros'
[0.630s] DEBUG:colcon.colcon_core.package_identification:Package 'src/pwm_ctrl' with type 'ros.ament_python' and name 'pwm_ctrl'
[0.630s] Level 1:colcon.colcon_core.package_discovery:discover_packages(recursive) using defaults
[0.630s] Level 1:colcon.colcon_core.package_discovery:discover_packages(ignore) discover
[0.630s] Level 1:colcon.colcon_core.package_discovery:discover_packages(ignore) using defaults
[0.631s] Level 1:colcon.colcon_core.package_discovery:discover_packages(path) discover
[0.631s] Level 1:colcon.colcon_core.package_discovery:discover_packages(path) using defaults
[0.675s] Level 1:colcon.colcon_core.package_discovery:discover_packages(prefix_path) check parameters
[0.675s] Level 1:colcon.colcon_core.package_discovery:discover_packages(prefix_path) discover
[0.712s] DEBUG:colcon.colcon_installed_package_information.package_discovery:Found 321 installed packages in /opt/ros/humble
[0.715s] Level 1:colcon.colcon_core.package_discovery:discover_packages(prefix_path) using defaults
[0.803s] Level 5:colcon.colcon_core.verb:set package 'livox_ros_driver2' build argument 'cmake_args' from command line to 'None'
[0.803s] Level 5:colcon.colcon_core.verb:set package 'livox_ros_driver2' build argument 'cmake_target' from command line to 'None'
[0.804s] Level 5:colcon.colcon_core.verb:set package 'livox_ros_driver2' build argument 'cmake_target_skip_unavailable' from command line to 'False'
[0.804s] Level 5:colcon.colcon_core.verb:set package 'livox_ros_driver2' build argument 'cmake_clean_cache' from command line to 'False'
[0.804s] Level 5:colcon.colcon_core.verb:set package 'livox_ros_driver2' build argument 'cmake_clean_first' from command line to 'False'
[0.804s] Level 5:colcon.colcon_core.verb:set package 'livox_ros_driver2' build argument 'cmake_force_configure' from command line to 'False'
[0.804s] Level 5:colcon.colcon_core.verb:set package 'livox_ros_driver2' build argument 'ament_cmake_args' from command line to 'None'
[0.804s] Level 5:colcon.colcon_core.verb:set package 'livox_ros_driver2' build argument 'catkin_cmake_args' from command line to 'None'
[0.804s] Level 5:colcon.colcon_core.verb:set package 'livox_ros_driver2' build argument 'catkin_skip_building_tests' from command line to 'False'
[0.804s] DEBUG:colcon.colcon_core.verb:Building package 'livox_ros_driver2' with the following arguments: {'ament_cmake_args': None, 'build_base': '/home/atoz/ros2_ws/build/livox_ros_driver2', 'catkin_cmake_args': None, 'catkin_skip_building_tests': False, 'cmake_args': None, 'cmake_clean_cache': False, 'cmake_clean_first': False, 'cmake_force_configure': False, 'cmake_target': None, 'cmake_target_skip_unavailable': False, 'install_base': '/home/atoz/ros2_ws/install/livox_ros_driver2', 'merge_install': False, 'path': '/home/atoz/ros2_ws/src/livox_ros_driver2', 'symlink_install': False, 'test_result_base': None}
[0.805s] Level 5:colcon.colcon_core.verb:set package 'livox_sdk2' build argument 'cmake_args' from command line to 'None'
[0.805s] Level 5:colcon.colcon_core.verb:set package 'livox_sdk2' build argument 'cmake_target' from command line to 'None'
[0.805s] Level 5:colcon.colcon_core.verb:set package 'livox_sdk2' build argument 'cmake_target_skip_unavailable' from command line to 'False'
[0.805s] Level 5:colcon.colcon_core.verb:set package 'livox_sdk2' build argument 'cmake_clean_cache' from command line to 'False'
[0.805s] Level 5:colcon.colcon_core.verb:set package 'livox_sdk2' build argument 'cmake_clean_first' from command line to 'False'
[0.805s] Level 5:colcon.colcon_core.verb:set package 'livox_sdk2' build argument 'cmake_force_configure' from command line to 'False'
[0.805s] Level 5:colcon.colcon_core.verb:set package 'livox_sdk2' build argument 'ament_cmake_args' from command line to 'None'
[0.805s] Level 5:colcon.colcon_core.verb:set package 'livox_sdk2' build argument 'catkin_cmake_args' from command line to 'None'
[0.805s] Level 5:colcon.colcon_core.verb:set package 'livox_sdk2' build argument 'catkin_skip_building_tests' from command line to 'False'
[0.805s] DEBUG:colcon.colcon_core.verb:Building package 'livox_sdk2' with the following arguments: {'ament_cmake_args': None, 'build_base': '/home/atoz/ros2_ws/build/livox_sdk2', 'catkin_cmake_args': None, 'catkin_skip_building_tests': False, 'cmake_args': None, 'cmake_clean_cache': False, 'cmake_clean_first': False, 'cmake_force_configure': False, 'cmake_target': None, 'cmake_target_skip_unavailable': False, 'install_base': '/home/atoz/ros2_ws/install/livox_sdk2', 'merge_install': False, 'path': '/home/atoz/ros2_ws/src/Livox-SDK2', 'symlink_install': False, 'test_result_base': None}
[0.806s] Level 5:colcon.colcon_core.verb:set package 'my_octomap' build argument 'cmake_args' from command line to 'None'
[0.806s] Level 5:colcon.colcon_core.verb:set package 'my_octomap' build argument 'cmake_target' from command line to 'None'
[0.806s] Level 5:colcon.colcon_core.verb:set package 'my_octomap' build argument 'cmake_target_skip_unavailable' from command line to 'False'
[0.806s] Level 5:colcon.colcon_core.verb:set package 'my_octomap' build argument 'cmake_clean_cache' from command line to 'False'
[0.806s] Level 5:colcon.colcon_core.verb:set package 'my_octomap' build argument 'cmake_clean_first' from command line to 'False'
[0.806s] Level 5:colcon.colcon_core.verb:set package 'my_octomap' build argument 'cmake_force_configure' from command line to 'False'
[0.806s] Level 5:colcon.colcon_core.verb:set package 'my_octomap' build argument 'ament_cmake_args' from command line to 'None'
[0.806s] Level 5:colcon.colcon_core.verb:set package 'my_octomap' build argument 'catkin_cmake_args' from command line to 'None'
[0.806s] Level 5:colcon.colcon_core.verb:set package 'my_octomap' build argument 'catkin_skip_building_tests' from command line to 'False'
[0.806s] DEBUG:colcon.colcon_core.verb:Building package 'my_octomap' with the following arguments: {'ament_cmake_args': None, 'build_base': '/home/atoz/ros2_ws/build/my_octomap', 'catkin_cmake_args': None, 'catkin_skip_building_tests': False, 'cmake_args': None, 'cmake_clean_cache': False, 'cmake_clean_first': False, 'cmake_force_configure': False, 'cmake_target': None, 'cmake_target_skip_unavailable': False, 'install_base': '/home/atoz/ros2_ws/install/my_octomap', 'merge_install': False, 'path': '/home/atoz/ros2_ws/src/my_octomap', 'symlink_install': False, 'test_result_base': None}
[0.807s] Level 5:colcon.colcon_core.verb:set package 'octomap_server' build argument 'cmake_args' from command line to 'None'
[0.807s] Level 5:colcon.colcon_core.verb:set package 'octomap_server' build argument 'cmake_target' from command line to 'None'
[0.807s] Level 5:colcon.colcon_core.verb:set package 'octomap_server' build argument 'cmake_target_skip_unavailable' from command line to 'False'
[0.807s] Level 5:colcon.colcon_core.verb:set package 'octomap_server' build argument 'cmake_clean_cache' from command line to 'False'
[0.807s] Level 5:colcon.colcon_core.verb:set package 'octomap_server' build argument 'cmake_clean_first' from command line to 'False'
[0.807s] Level 5:colcon.colcon_core.verb:set package 'octomap_server' build argument 'cmake_force_configure' from command line to 'False'
[0.807s] Level 5:colcon.colcon_core.verb:set package 'octomap_server' build argument 'ament_cmake_args' from command line to 'None'
[0.807s] Level 5:colcon.colcon_core.verb:set package 'octomap_server' build argument 'catkin_cmake_args' from command line to 'None'
[0.807s] Level 5:colcon.colcon_core.verb:set package 'octomap_server' build argument 'catkin_skip_building_tests' from command line to 'False'
[0.807s] DEBUG:colcon.colcon_core.verb:Building package 'octomap_server' with the following arguments: {'ament_cmake_args': None, 'build_base': '/home/atoz/ros2_ws/build/octomap_server', 'catkin_cmake_args': None, 'catkin_skip_building_tests': False, 'cmake_args': None, 'cmake_clean_cache': False, 'cmake_clean_first': False, 'cmake_force_configure': False, 'cmake_target': None, 'cmake_target_skip_unavailable': False, 'install_base': '/home/atoz/ros2_ws/install/octomap_server', 'merge_install': False, 'path': '/home/atoz/ros2_ws/src/octomap_mapping/octomap_server', 'symlink_install': False, 'test_result_base': None}
[0.808s] Level 5:colcon.colcon_core.verb:set package 'pwm_ctrl' build argument 'cmake_args' from command line to 'None'
[0.808s] Level 5:colcon.colcon_core.verb:set package 'pwm_ctrl' build argument 'cmake_target' from command line to 'None'
[0.808s] Level 5:colcon.colcon_core.verb:set package 'pwm_ctrl' build argument 'cmake_target_skip_unavailable' from command line to 'False'
[0.808s] Level 5:colcon.colcon_core.verb:set package 'pwm_ctrl' build argument 'cmake_clean_cache' from command line to 'False'
[0.808s] Level 5:colcon.colcon_core.verb:set package 'pwm_ctrl' build argument 'cmake_clean_first' from command line to 'False'
[0.808s] Level 5:colcon.colcon_core.verb:set package 'pwm_ctrl' build argument 'cmake_force_configure' from command line to 'False'
[0.808s] Level 5:colcon.colcon_core.verb:set package 'pwm_ctrl' build argument 'ament_cmake_args' from command line to 'None'
[0.808s] Level 5:colcon.colcon_core.verb:set package 'pwm_ctrl' build argument 'catkin_cmake_args' from command line to 'None'
[0.809s] Level 5:colcon.colcon_core.verb:set package 'pwm_ctrl' build argument 'catkin_skip_building_tests' from command line to 'False'
[0.809s] DEBUG:colcon.colcon_core.verb:Building package 'pwm_ctrl' with the following arguments: {'ament_cmake_args': None, 'build_base': '/home/atoz/ros2_ws/build/pwm_ctrl', 'catkin_cmake_args': None, 'catkin_skip_building_tests': False, 'cmake_args': None, 'cmake_clean_cache': False, 'cmake_clean_first': False, 'cmake_force_configure': False, 'cmake_target': None, 'cmake_target_skip_unavailable': False, 'install_base': '/home/atoz/ros2_ws/install/pwm_ctrl', 'merge_install': False, 'path': '/home/atoz/ros2_ws/src/pwm_ctrl', 'symlink_install': False, 'test_result_base': None}
[0.809s] Level 5:colcon.colcon_core.verb:set package 'fast_lio' build argument 'cmake_args' from command line to 'None'
[0.809s] Level 5:colcon.colcon_core.verb:set package 'fast_lio' build argument 'cmake_target' from command line to 'None'
[0.809s] Level 5:colcon.colcon_core.verb:set package 'fast_lio' build argument 'cmake_target_skip_unavailable' from command line to 'False'
[0.809s] Level 5:colcon.colcon_core.verb:set package 'fast_lio' build argument 'cmake_clean_cache' from command line to 'False'
[0.809s] Level 5:colcon.colcon_core.verb:set package 'fast_lio' build argument 'cmake_clean_first' from command line to 'False'
[0.809s] Level 5:colcon.colcon_core.verb:set package 'fast_lio' build argument 'cmake_force_configure' from command line to 'False'
[0.810s] Level 5:colcon.colcon_core.verb:set package 'fast_lio' build argument 'ament_cmake_args' from command line to 'None'
[0.810s] Level 5:colcon.colcon_core.verb:set package 'fast_lio' build argument 'catkin_cmake_args' from command line to 'None'
[0.810s] Level 5:colcon.colcon_core.verb:set package 'fast_lio' build argument 'catkin_skip_building_tests' from command line to 'False'
[0.810s] DEBUG:colcon.colcon_core.verb:Building package 'fast_lio' with the following arguments: {'ament_cmake_args': None, 'build_base': '/home/atoz/ros2_ws/build/fast_lio', 'catkin_cmake_args': None, 'catkin_skip_building_tests': False, 'cmake_args': None, 'cmake_clean_cache': False, 'cmake_clean_first': False, 'cmake_force_configure': False, 'cmake_target': None, 'cmake_target_skip_unavailable': False, 'install_base': '/home/atoz/ros2_ws/install/fast_lio', 'merge_install': False, 'path': '/home/atoz/ros2_ws/src/FAST_LIO_ROS2', 'symlink_install': False, 'test_result_base': None}
[0.810s] Level 5:colcon.colcon_core.verb:set package 'octomap_mapping' build argument 'cmake_args' from command line to 'None'
[0.810s] Level 5:colcon.colcon_core.verb:set package 'octomap_mapping' build argument 'cmake_target' from command line to 'None'
[0.810s] Level 5:colcon.colcon_core.verb:set package 'octomap_mapping' build argument 'cmake_target_skip_unavailable' from command line to 'False'
[0.810s] Level 5:colcon.colcon_core.verb:set package 'octomap_mapping' build argument 'cmake_clean_cache' from command line to 'False'
[0.811s] Level 5:colcon.colcon_core.verb:set package 'octomap_mapping' build argument 'cmake_clean_first' from command line to 'False'
[0.811s] Level 5:colcon.colcon_core.verb:set package 'octomap_mapping' build argument 'cmake_force_configure' from command line to 'False'
[0.811s] Level 5:colcon.colcon_core.verb:set package 'octomap_mapping' build argument 'ament_cmake_args' from command line to 'None'
[0.811s] Level 5:colcon.colcon_core.verb:set package 'octomap_mapping' build argument 'catkin_cmake_args' from command line to 'None'
[0.811s] Level 5:colcon.colcon_core.verb:set package 'octomap_mapping' build argument 'catkin_skip_building_tests' from command line to 'False'
[0.811s] DEBUG:colcon.colcon_core.verb:Building package 'octomap_mapping' with the following arguments: {'ament_cmake_args': None, 'build_base': '/home/atoz/ros2_ws/build/octomap_mapping', 'catkin_cmake_args': None, 'catkin_skip_building_tests': False, 'cmake_args': None, 'cmake_clean_cache': False, 'cmake_clean_first': False, 'cmake_force_configure': False, 'cmake_target': None, 'cmake_target_skip_unavailable': False, 'install_base': '/home/atoz/ros2_ws/install/octomap_mapping', 'merge_install': False, 'path': '/home/atoz/ros2_ws/src/octomap_mapping/octomap_mapping', 'symlink_install': False, 'test_result_base': None}
[0.811s] INFO:colcon.colcon_core.executor:Executing jobs using 'parallel' executor
[0.813s] DEBUG:colcon.colcon_parallel_executor.executor.parallel:run_until_complete
[0.814s] INFO:colcon.colcon_ros.task.ament_cmake.build:Building ROS package in '/home/atoz/ros2_ws/src/livox_ros_driver2' with build type 'ament_cmake'
[0.814s] INFO:colcon.colcon_cmake.task.cmake.build:Building CMake package in '/home/atoz/ros2_ws/src/livox_ros_driver2'
[0.819s] INFO:colcon.colcon_core.plugin_system:Skipping extension 'colcon_core.shell.bat': Not used on non-Windows systems
[0.819s] INFO:colcon.colcon_core.shell:Skip shell extension 'powershell' for command environment: Not usable outside of PowerShell
[0.819s] DEBUG:colcon.colcon_core.shell:Skip shell extension 'dsv' for command environment
[0.825s] INFO:colcon.colcon_ros.task.ament_cmake.build:Building ROS package in '/home/atoz/ros2_ws/src/octomap_mapping/octomap_server' with build type 'ament_cmake'
[0.825s] INFO:colcon.colcon_cmake.task.cmake.build:Building CMake package in '/home/atoz/ros2_ws/src/octomap_mapping/octomap_server'
[0.826s] INFO:colcon.colcon_core.shell:Skip shell extension 'powershell' for command environment: Not usable outside of PowerShell
[0.826s] DEBUG:colcon.colcon_core.shell:Skip shell extension 'dsv' for command environment
[0.831s] INFO:colcon.colcon_cmake.task.cmake.build:Building CMake package in '/home/atoz/ros2_ws/src/Livox-SDK2'
[0.832s] INFO:colcon.colcon_core.shell:Skip shell extension 'powershell' for command environment: Not usable outside of PowerShell
[0.832s] DEBUG:colcon.colcon_core.shell:Skip shell extension 'dsv' for command environment
[0.837s] INFO:colcon.colcon_ros.task.ament_python.build:Building ROS package in '/home/atoz/ros2_ws/src/my_octomap' with build type 'ament_python'
[0.838s] Level 1:colcon.colcon_core.shell:create_environment_hook('my_octomap', 'ament_prefix_path')
[0.838s] INFO:colcon.colcon_core.shell:Creating environment hook '/home/atoz/ros2_ws/install/my_octomap/share/my_octomap/hook/ament_prefix_path.ps1'
[0.840s] INFO:colcon.colcon_core.shell:Creating environment descriptor '/home/atoz/ros2_ws/install/my_octomap/share/my_octomap/hook/ament_prefix_path.dsv'
[0.841s] INFO:colcon.colcon_core.shell:Creating environment hook '/home/atoz/ros2_ws/install/my_octomap/share/my_octomap/hook/ament_prefix_path.sh'
[0.842s] INFO:colcon.colcon_core.shell:Skip shell extension 'powershell' for command environment: Not usable outside of PowerShell
[0.843s] DEBUG:colcon.colcon_core.shell:Skip shell extension 'dsv' for command environment
[0.848s] INFO:colcon.colcon_ros.task.ament_python.build:Building ROS package in '/home/atoz/ros2_ws/src/pwm_ctrl' with build type 'ament_python'
[0.848s] Level 1:colcon.colcon_core.shell:create_environment_hook('pwm_ctrl', 'ament_prefix_path')
[0.849s] INFO:colcon.colcon_core.shell:Creating environment hook '/home/atoz/ros2_ws/install/pwm_ctrl/share/pwm_ctrl/hook/ament_prefix_path.ps1'
[0.850s] INFO:colcon.colcon_core.shell:Creating environment descriptor '/home/atoz/ros2_ws/install/pwm_ctrl/share/pwm_ctrl/hook/ament_prefix_path.dsv'
[0.851s] INFO:colcon.colcon_core.shell:Creating environment hook '/home/atoz/ros2_ws/install/pwm_ctrl/share/pwm_ctrl/hook/ament_prefix_path.sh'
[0.852s] INFO:colcon.colcon_core.shell:Skip shell extension 'powershell' for command environment: Not usable outside of PowerShell
[0.852s] DEBUG:colcon.colcon_core.shell:Skip shell extension 'dsv' for command environment
[0.870s] DEBUG:colcon.colcon_core.event_handler.log_command:Invoking command in '/home/atoz/ros2_ws/build/livox_ros_driver2': CMAKE_PREFIX_PATH=/opt/ros/humble /usr/bin/cmake --build /home/atoz/ros2_ws/build/livox_ros_driver2 -- -j8 -l8
[0.880s] DEBUG:colcon.colcon_core.event_handler.log_command:Invoking command in '/home/atoz/ros2_ws/build/octomap_server': CMAKE_PREFIX_PATH=/opt/ros/humble /usr/bin/cmake --build /home/atoz/ros2_ws/build/octomap_server -- -j8 -l8
[0.886s] DEBUG:colcon.colcon_core.event_handler.log_command:Invoking command in '/home/atoz/ros2_ws/build/livox_sdk2': /usr/bin/cmake --build /home/atoz/ros2_ws/build/livox_sdk2 -- -j8 -l8
[1.477s] INFO:colcon.colcon_core.task.python.build:Building Python package in '/home/atoz/ros2_ws/src/my_octomap'
[1.478s] INFO:colcon.colcon_core.shell:Skip shell extension 'powershell' for command environment: Not usable outside of PowerShell
[1.478s] DEBUG:colcon.colcon_core.shell:Skip shell extension 'dsv' for command environment
[2.053s] INFO:colcon.colcon_core.task.python.build:Building Python package in '/home/atoz/ros2_ws/src/pwm_ctrl'
[2.054s] INFO:colcon.colcon_core.shell:Skip shell extension 'powershell' for command environment: Not usable outside of PowerShell
[2.054s] DEBUG:colcon.colcon_core.shell:Skip shell extension 'dsv' for command environment
[2.064s] DEBUG:colcon.colcon_core.event_handler.log_command:Invoked command in '/home/atoz/ros2_ws/build/livox_sdk2' returned '0': /usr/bin/cmake --build /home/atoz/ros2_ws/build/livox_sdk2 -- -j8 -l8
[2.085s] DEBUG:colcon.colcon_core.event_handler.log_command:Invoking command in '/home/atoz/ros2_ws/build/livox_sdk2': /usr/bin/cmake --install /home/atoz/ros2_ws/build/livox_sdk2
[2.093s] DEBUG:colcon.colcon_core.event_handler.log_command:Invoked command in '/home/atoz/ros2_ws/build/octomap_server' returned '0': CMAKE_PREFIX_PATH=/opt/ros/humble /usr/bin/cmake --build /home/atoz/ros2_ws/build/octomap_server -- -j8 -l8
[2.097s] DEBUG:colcon.colcon_core.event_handler.log_command:Invoking command in '/home/atoz/ros2_ws/build/octomap_server': CMAKE_PREFIX_PATH=/opt/ros/humble /usr/bin/cmake --install /home/atoz/ros2_ws/build/octomap_server
[2.099s] DEBUG:colcon.colcon_core.event_handler.log_command:Invoked command in '/home/atoz/ros2_ws/build/livox_ros_driver2' returned '0': CMAKE_PREFIX_PATH=/opt/ros/humble /usr/bin/cmake --build /home/atoz/ros2_ws/build/livox_ros_driver2 -- -j8 -l8
[2.108s] DEBUG:colcon.colcon_core.event_handler.log_command:Invoking command in '/home/atoz/ros2_ws/build/livox_ros_driver2': CMAKE_PREFIX_PATH=/opt/ros/humble /usr/bin/cmake --install /home/atoz/ros2_ws/build/livox_ros_driver2
[2.114s] Level 1:colcon.colcon_core.environment:create_environment_scripts_only(livox_sdk2)
[2.117s] DEBUG:colcon.colcon_core.event_handler.log_command:Invoked command in '/home/atoz/ros2_ws/build/livox_sdk2' returned '0': /usr/bin/cmake --install /home/atoz/ros2_ws/build/livox_sdk2
[2.130s] Level 1:colcon.colcon_core.environment:checking '/home/atoz/ros2_ws/install/livox_sdk2' for CMake module files
[2.132s] Level 1:colcon.colcon_core.environment:checking '/home/atoz/ros2_ws/install/livox_sdk2' for CMake config files
[2.135s] Level 1:colcon.colcon_core.environment:checking '/home/atoz/ros2_ws/install/livox_sdk2/lib'
[2.135s] Level 1:colcon.colcon_core.shell:create_environment_hook('livox_sdk2', 'ld_library_path_lib')
[2.136s] INFO:colcon.colcon_core.shell:Creating environment hook '/home/atoz/ros2_ws/install/livox_sdk2/share/livox_sdk2/hook/ld_library_path_lib.ps1'
[2.139s] INFO:colcon.colcon_core.shell:Creating environment descriptor '/home/atoz/ros2_ws/install/livox_sdk2/share/livox_sdk2/hook/ld_library_path_lib.dsv'
[2.140s] INFO:colcon.colcon_core.shell:Creating environment hook '/home/atoz/ros2_ws/install/livox_sdk2/share/livox_sdk2/hook/ld_library_path_lib.sh'
[2.142s] Level 1:colcon.colcon_core.environment:checking '/home/atoz/ros2_ws/install/livox_sdk2/bin'
[2.142s] Level 1:colcon.colcon_core.environment:checking '/home/atoz/ros2_ws/install/livox_sdk2/lib/pkgconfig/livox_sdk2.pc'
[2.143s] Level 1:colcon.colcon_core.environment:checking '/home/atoz/ros2_ws/install/livox_sdk2/lib/python3.10/site-packages'
[2.143s] Level 1:colcon.colcon_core.environment:checking '/home/atoz/ros2_ws/install/livox_sdk2/bin'
[2.144s] INFO:colcon.colcon_core.shell:Creating package script '/home/atoz/ros2_ws/install/livox_sdk2/share/livox_sdk2/package.ps1'
[2.146s] INFO:colcon.colcon_core.shell:Creating package descriptor '/home/atoz/ros2_ws/install/livox_sdk2/share/livox_sdk2/package.dsv'
[2.148s] INFO:colcon.colcon_core.shell:Creating package script '/home/atoz/ros2_ws/install/livox_sdk2/share/livox_sdk2/package.sh'
[2.150s] INFO:colcon.colcon_core.shell:Creating package script '/home/atoz/ros2_ws/install/livox_sdk2/share/livox_sdk2/package.bash'
[2.152s] INFO:colcon.colcon_core.shell:Creating package script '/home/atoz/ros2_ws/install/livox_sdk2/share/livox_sdk2/package.zsh'
[2.156s] Level 1:colcon.colcon_core.environment:create_file_with_runtime_dependencies(/home/atoz/ros2_ws/install/livox_sdk2/share/colcon-core/packages/livox_sdk2)
[2.160s] Level 1:colcon.colcon_core.environment:create_environment_scripts_only(octomap_server)
[2.161s] Level 1:colcon.colcon_core.environment:checking '/home/atoz/ros2_ws/install/octomap_server' for CMake module files
[2.165s] Level 1:colcon.colcon_core.environment:checking '/home/atoz/ros2_ws/install/octomap_server' for CMake config files
[2.168s] Level 1:colcon.colcon_core.shell:create_environment_hook('octomap_server', 'cmake_prefix_path')
[2.169s] INFO:colcon.colcon_core.shell:Creating environment hook '/home/atoz/ros2_ws/install/octomap_server/share/octomap_server/hook/cmake_prefix_path.ps1'
[2.171s] INFO:colcon.colcon_core.shell:Creating environment descriptor '/home/atoz/ros2_ws/install/octomap_server/share/octomap_server/hook/cmake_prefix_path.dsv'
[2.174s] INFO:colcon.colcon_core.shell:Creating environment hook '/home/atoz/ros2_ws/install/octomap_server/share/octomap_server/hook/cmake_prefix_path.sh'
[2.176s] Level 1:colcon.colcon_core.environment:checking '/home/atoz/ros2_ws/install/octomap_server/lib'
[2.177s] Level 1:colcon.colcon_core.shell:create_environment_hook('octomap_server', 'ld_library_path_lib')
[2.178s] INFO:colcon.colcon_core.shell:Creating environment hook '/home/atoz/ros2_ws/install/octomap_server/share/octomap_server/hook/ld_library_path_lib.ps1'
[2.181s] INFO:colcon.colcon_core.shell:Creating environment descriptor '/home/atoz/ros2_ws/install/octomap_server/share/octomap_server/hook/ld_library_path_lib.dsv'
[2.182s] DEBUG:colcon.colcon_core.event_handler.log_command:Invoked command in '/home/atoz/ros2_ws/build/octomap_server' returned '0': CMAKE_PREFIX_PATH=/opt/ros/humble /usr/bin/cmake --install /home/atoz/ros2_ws/build/octomap_server
[2.183s] INFO:colcon.colcon_core.shell:Creating environment hook '/home/atoz/ros2_ws/install/octomap_server/share/octomap_server/hook/ld_library_path_lib.sh'
[2.184s] Level 1:colcon.colcon_core.environment:checking '/home/atoz/ros2_ws/install/octomap_server/bin'
[2.185s] Level 1:colcon.colcon_core.environment:checking '/home/atoz/ros2_ws/install/octomap_server/lib/pkgconfig/octomap_server.pc'
[2.185s] Level 1:colcon.colcon_core.environment:checking '/home/atoz/ros2_ws/install/octomap_server/lib/python3.10/site-packages'
[2.186s] Level 1:colcon.colcon_core.environment:checking '/home/atoz/ros2_ws/install/octomap_server/bin'
[2.187s] INFO:colcon.colcon_core.shell:Creating package script '/home/atoz/ros2_ws/install/octomap_server/share/octomap_server/package.ps1'
[2.189s] INFO:colcon.colcon_core.shell:Creating package descriptor '/home/atoz/ros2_ws/install/octomap_server/share/octomap_server/package.dsv'
[2.190s] INFO:colcon.colcon_core.shell:Creating package script '/home/atoz/ros2_ws/install/octomap_server/share/octomap_server/package.sh'
[2.192s] INFO:colcon.colcon_core.shell:Creating package script '/home/atoz/ros2_ws/install/octomap_server/share/octomap_server/package.bash'
[2.194s] INFO:colcon.colcon_core.shell:Creating package script '/home/atoz/ros2_ws/install/octomap_server/share/octomap_server/package.zsh'
[2.195s] Level 1:colcon.colcon_core.environment:create_file_with_runtime_dependencies(/home/atoz/ros2_ws/install/octomap_server/share/colcon-core/packages/octomap_server)
[2.197s] Level 1:colcon.colcon_core.environment:create_environment_scripts_only(octomap_server)
[2.198s] Level 1:colcon.colcon_core.environment:checking '/home/atoz/ros2_ws/install/octomap_server' for CMake module files
[2.199s] Level 1:colcon.colcon_core.environment:checking '/home/atoz/ros2_ws/install/octomap_server' for CMake config files
[2.200s] Level 1:colcon.colcon_core.shell:create_environment_hook('octomap_server', 'cmake_prefix_path')
[2.201s] INFO:colcon.colcon_core.shell:Creating environment hook '/home/atoz/ros2_ws/install/octomap_server/share/octomap_server/hook/cmake_prefix_path.ps1'
[2.203s] INFO:colcon.colcon_core.shell:Creating environment descriptor '/home/atoz/ros2_ws/install/octomap_server/share/octomap_server/hook/cmake_prefix_path.dsv'
[2.204s] INFO:colcon.colcon_core.shell:Creating environment hook '/home/atoz/ros2_ws/install/octomap_server/share/octomap_server/hook/cmake_prefix_path.sh'
[2.206s] Level 1:colcon.colcon_core.environment:checking '/home/atoz/ros2_ws/install/octomap_server/lib'
[2.207s] Level 1:colcon.colcon_core.shell:create_environment_hook('octomap_server', 'ld_library_path_lib')
[2.208s] INFO:colcon.colcon_core.shell:Creating environment hook '/home/atoz/ros2_ws/install/octomap_server/share/octomap_server/hook/ld_library_path_lib.ps1'
[2.211s] INFO:colcon.colcon_core.shell:Creating environment descriptor '/home/atoz/ros2_ws/install/octomap_server/share/octomap_server/hook/ld_library_path_lib.dsv'
[2.214s] INFO:colcon.colcon_core.shell:Creating environment hook '/home/atoz/ros2_ws/install/octomap_server/share/octomap_server/hook/ld_library_path_lib.sh'
[2.217s] Level 1:colcon.colcon_core.environment:checking '/home/atoz/ros2_ws/install/octomap_server/bin'
[2.217s] Level 1:colcon.colcon_core.environment:checking '/home/atoz/ros2_ws/install/octomap_server/lib/pkgconfig/octomap_server.pc'
[2.218s] Level 1:colcon.colcon_core.environment:checking '/home/atoz/ros2_ws/install/octomap_server/lib/python3.10/site-packages'
[2.219s] Level 1:colcon.colcon_core.environment:checking '/home/atoz/ros2_ws/install/octomap_server/bin'
[2.220s] INFO:colcon.colcon_core.shell:Creating package script '/home/atoz/ros2_ws/install/octomap_server/share/octomap_server/package.ps1'
[2.223s] INFO:colcon.colcon_core.shell:Creating package descriptor '/home/atoz/ros2_ws/install/octomap_server/share/octomap_server/package.dsv'
[2.225s] INFO:colcon.colcon_core.shell:Creating package script '/home/atoz/ros2_ws/install/octomap_server/share/octomap_server/package.sh'
[2.226s] INFO:colcon.colcon_core.shell:Creating package script '/home/atoz/ros2_ws/install/octomap_server/share/octomap_server/package.bash'
[2.228s] INFO:colcon.colcon_core.shell:Creating package script '/home/atoz/ros2_ws/install/octomap_server/share/octomap_server/package.zsh'
[2.230s] Level 1:colcon.colcon_core.environment:create_file_with_runtime_dependencies(/home/atoz/ros2_ws/install/octomap_server/share/colcon-core/packages/octomap_server)
[2.231s] INFO:colcon.colcon_ros.task.ament_cmake.build:Building ROS package in '/home/atoz/ros2_ws/src/octomap_mapping/octomap_mapping' with build type 'ament_cmake'
[2.231s] INFO:colcon.colcon_cmake.task.cmake.build:Building CMake package in '/home/atoz/ros2_ws/src/octomap_mapping/octomap_mapping'
[2.232s] INFO:colcon.colcon_core.shell:Skip shell extension 'powershell' for command environment: Not usable outside of PowerShell
[2.232s] DEBUG:colcon.colcon_core.shell:Skip shell extension 'dsv' for command environment
[2.241s] Level 1:colcon.colcon_core.environment:create_environment_scripts_only(livox_ros_driver2)
[2.242s] Level 1:colcon.colcon_core.environment:checking '/home/atoz/ros2_ws/install/livox_ros_driver2' for CMake module files
[2.242s] DEBUG:colcon.colcon_core.event_handler.log_command:Invoked command in '/home/atoz/ros2_ws/build/livox_ros_driver2' returned '0': CMAKE_PREFIX_PATH=/opt/ros/humble /usr/bin/cmake --install /home/atoz/ros2_ws/build/livox_ros_driver2
[2.244s] Level 1:colcon.colcon_core.environment:checking '/home/atoz/ros2_ws/install/livox_ros_driver2' for CMake config files
[2.245s] Level 1:colcon.colcon_core.shell:create_environment_hook('livox_ros_driver2', 'cmake_prefix_path')
[2.246s] INFO:colcon.colcon_core.shell:Creating environment hook '/home/atoz/ros2_ws/install/livox_ros_driver2/share/livox_ros_driver2/hook/cmake_prefix_path.ps1'
[2.247s] INFO:colcon.colcon_core.shell:Creating environment descriptor '/home/atoz/ros2_ws/install/livox_ros_driver2/share/livox_ros_driver2/hook/cmake_prefix_path.dsv'
[2.248s] INFO:colcon.colcon_core.shell:Creating environment hook '/home/atoz/ros2_ws/install/livox_ros_driver2/share/livox_ros_driver2/hook/cmake_prefix_path.sh'
[2.249s] Level 1:colcon.colcon_core.environment:checking '/home/atoz/ros2_ws/install/livox_ros_driver2/lib'
[2.250s] Level 1:colcon.colcon_core.shell:create_environment_hook('livox_ros_driver2', 'ld_library_path_lib')
[2.250s] INFO:colcon.colcon_core.shell:Creating environment hook '/home/atoz/ros2_ws/install/livox_ros_driver2/share/livox_ros_driver2/hook/ld_library_path_lib.ps1'
[2.251s] INFO:colcon.colcon_core.shell:Creating environment descriptor '/home/atoz/ros2_ws/install/livox_ros_driver2/share/livox_ros_driver2/hook/ld_library_path_lib.dsv'
[2.252s] INFO:colcon.colcon_core.shell:Creating environment hook '/home/atoz/ros2_ws/install/livox_ros_driver2/share/livox_ros_driver2/hook/ld_library_path_lib.sh'
[2.253s] Level 1:colcon.colcon_core.environment:checking '/home/atoz/ros2_ws/install/livox_ros_driver2/bin'
[2.253s] Level 1:colcon.colcon_core.environment:checking '/home/atoz/ros2_ws/install/livox_ros_driver2/lib/pkgconfig/livox_ros_driver2.pc'
[2.254s] Level 1:colcon.colcon_core.environment:checking '/home/atoz/ros2_ws/install/livox_ros_driver2/lib/python3.10/site-packages'
[2.254s] Level 1:colcon.colcon_core.environment:checking '/home/atoz/ros2_ws/install/livox_ros_driver2/bin'
[2.255s] INFO:colcon.colcon_core.shell:Creating package script '/home/atoz/ros2_ws/install/livox_ros_driver2/share/livox_ros_driver2/package.ps1'
[2.256s] INFO:colcon.colcon_core.shell:Creating package descriptor '/home/atoz/ros2_ws/install/livox_ros_driver2/share/livox_ros_driver2/package.dsv'
[2.257s] INFO:colcon.colcon_core.shell:Creating package script '/home/atoz/ros2_ws/install/livox_ros_driver2/share/livox_ros_driver2/package.sh'
[2.258s] INFO:colcon.colcon_core.shell:Creating package script '/home/atoz/ros2_ws/install/livox_ros_driver2/share/livox_ros_driver2/package.bash'
[2.259s] INFO:colcon.colcon_core.shell:Creating package script '/home/atoz/ros2_ws/install/livox_ros_driver2/share/livox_ros_driver2/package.zsh'
[2.260s] Level 1:colcon.colcon_core.environment:create_file_with_runtime_dependencies(/home/atoz/ros2_ws/install/livox_ros_driver2/share/colcon-core/packages/livox_ros_driver2)
[2.262s] Level 1:colcon.colcon_core.environment:create_environment_scripts_only(livox_ros_driver2)
[2.262s] Level 1:colcon.colcon_core.environment:checking '/home/atoz/ros2_ws/install/livox_ros_driver2' for CMake module files
[2.263s] Level 1:colcon.colcon_core.environment:checking '/home/atoz/ros2_ws/install/livox_ros_driver2' for CMake config files
[2.264s] Level 1:colcon.colcon_core.shell:create_environment_hook('livox_ros_driver2', 'cmake_prefix_path')
[2.265s] INFO:colcon.colcon_core.shell:Creating environment hook '/home/atoz/ros2_ws/install/livox_ros_driver2/share/livox_ros_driver2/hook/cmake_prefix_path.ps1'
[2.267s] INFO:colcon.colcon_core.shell:Creating environment descriptor '/home/atoz/ros2_ws/install/livox_ros_driver2/share/livox_ros_driver2/hook/cmake_prefix_path.dsv'
[2.267s] INFO:colcon.colcon_core.shell:Creating environment hook '/home/atoz/ros2_ws/install/livox_ros_driver2/share/livox_ros_driver2/hook/cmake_prefix_path.sh'
[2.269s] Level 1:colcon.colcon_core.environment:checking '/home/atoz/ros2_ws/install/livox_ros_driver2/lib'
[2.269s] Level 1:colcon.colcon_core.shell:create_environment_hook('livox_ros_driver2', 'ld_library_path_lib')
[2.269s] INFO:colcon.colcon_core.shell:Creating environment hook '/home/atoz/ros2_ws/install/livox_ros_driver2/share/livox_ros_driver2/hook/ld_library_path_lib.ps1'
[2.270s] INFO:colcon.colcon_core.shell:Creating environment descriptor '/home/atoz/ros2_ws/install/livox_ros_driver2/share/livox_ros_driver2/hook/ld_library_path_lib.dsv'
[2.271s] INFO:colcon.colcon_core.shell:Creating environment hook '/home/atoz/ros2_ws/install/livox_ros_driver2/share/livox_ros_driver2/hook/ld_library_path_lib.sh'
[2.272s] Level 1:colcon.colcon_core.environment:checking '/home/atoz/ros2_ws/install/livox_ros_driver2/bin'
[2.272s] Level 1:colcon.colcon_core.environment:checking '/home/atoz/ros2_ws/install/livox_ros_driver2/lib/pkgconfig/livox_ros_driver2.pc'
[2.273s] Level 1:colcon.colcon_core.environment:checking '/home/atoz/ros2_ws/install/livox_ros_driver2/lib/python3.10/site-packages'
[2.273s] Level 1:colcon.colcon_core.environment:checking '/home/atoz/ros2_ws/install/livox_ros_driver2/bin'
[2.274s] INFO:colcon.colcon_core.shell:Creating package script '/home/atoz/ros2_ws/install/livox_ros_driver2/share/livox_ros_driver2/package.ps1'
[2.275s] INFO:colcon.colcon_core.shell:Creating package descriptor '/home/atoz/ros2_ws/install/livox_ros_driver2/share/livox_ros_driver2/package.dsv'
[2.277s] INFO:colcon.colcon_core.shell:Creating package script '/home/atoz/ros2_ws/install/livox_ros_driver2/share/livox_ros_driver2/package.sh'
[2.278s] INFO:colcon.colcon_core.shell:Creating package script '/home/atoz/ros2_ws/install/livox_ros_driver2/share/livox_ros_driver2/package.bash'
[2.279s] INFO:colcon.colcon_core.shell:Creating package script '/home/atoz/ros2_ws/install/livox_ros_driver2/share/livox_ros_driver2/package.zsh'
[2.280s] Level 1:colcon.colcon_core.environment:create_file_with_runtime_dependencies(/home/atoz/ros2_ws/install/livox_ros_driver2/share/colcon-core/packages/livox_ros_driver2)
[2.282s] INFO:colcon.colcon_ros.task.ament_cmake.build:Building ROS package in '/home/atoz/ros2_ws/src/FAST_LIO_ROS2' with build type 'ament_cmake'
[2.282s] INFO:colcon.colcon_cmake.task.cmake.build:Building CMake package in '/home/atoz/ros2_ws/src/FAST_LIO_ROS2'
[2.283s] INFO:colcon.colcon_core.shell:Skip shell extension 'powershell' for command environment: Not usable outside of PowerShell
[2.283s] DEBUG:colcon.colcon_core.shell:Skip shell extension 'dsv' for command environment
[2.295s] DEBUG:colcon.colcon_core.event_handler.log_command:Invoking command in '/home/atoz/ros2_ws/build/octomap_mapping': AMENT_PREFIX_PATH=/home/atoz/ros2_ws/install/octomap_server:${AMENT_PREFIX_PATH} CMAKE_PREFIX_PATH=/home/atoz/ros2_ws/install/octomap_server:/opt/ros/humble LD_LIBRARY_PATH=/home/atoz/ros2_ws/install/octomap_server/lib:${LD_LIBRARY_PATH} /usr/bin/cmake --build /home/atoz/ros2_ws/build/octomap_mapping -- -j8 -l8
[2.306s] DEBUG:colcon.colcon_core.event_handler.log_command:Invoking command in '/home/atoz/ros2_ws/build/fast_lio': AMENT_PREFIX_PATH=/home/atoz/ros2_ws/install/livox_ros_driver2:${AMENT_PREFIX_PATH} CMAKE_PREFIX_PATH=/home/atoz/ros2_ws/install/livox_ros_driver2:/opt/ros/humble LD_LIBRARY_PATH=/home/atoz/ros2_ws/install/livox_ros_driver2/lib:${LD_LIBRARY_PATH} PYTHONPATH=/home/atoz/ros2_ws/install/livox_ros_driver2/local/lib/python3.10/dist-packages:${PYTHONPATH} /usr/bin/cmake --build /home/atoz/ros2_ws/build/fast_lio -- -j8 -l8
[2.387s] DEBUG:colcon.colcon_core.event_handler.log_command:Invoked command in '/home/atoz/ros2_ws/build/octomap_mapping' returned '0': AMENT_PREFIX_PATH=/home/atoz/ros2_ws/install/octomap_server:${AMENT_PREFIX_PATH} CMAKE_PREFIX_PATH=/home/atoz/ros2_ws/install/octomap_server:/opt/ros/humble LD_LIBRARY_PATH=/home/atoz/ros2_ws/install/octomap_server/lib:${LD_LIBRARY_PATH} /usr/bin/cmake --build /home/atoz/ros2_ws/build/octomap_mapping -- -j8 -l8
[2.388s] DEBUG:colcon.colcon_core.event_handler.log_command:Invoking command in '/home/atoz/ros2_ws/build/octomap_mapping': AMENT_PREFIX_PATH=/home/atoz/ros2_ws/install/octomap_server:${AMENT_PREFIX_PATH} CMAKE_PREFIX_PATH=/home/atoz/ros2_ws/install/octomap_server:/opt/ros/humble LD_LIBRARY_PATH=/home/atoz/ros2_ws/install/octomap_server/lib:${LD_LIBRARY_PATH} /usr/bin/cmake --install /home/atoz/ros2_ws/build/octomap_mapping
[2.411s] Level 1:colcon.colcon_core.environment:create_environment_scripts_only(octomap_mapping)
[2.412s] Level 1:colcon.colcon_core.environment:checking '/home/atoz/ros2_ws/install/octomap_mapping' for CMake module files
[2.414s] Level 1:colcon.colcon_core.environment:checking '/home/atoz/ros2_ws/install/octomap_mapping' for CMake config files
[2.413s] DEBUG:colcon.colcon_core.event_handler.log_command:Invoked command in '/home/atoz/ros2_ws/build/octomap_mapping' returned '0': AMENT_PREFIX_PATH=/home/atoz/ros2_ws/install/octomap_server:${AMENT_PREFIX_PATH} CMAKE_PREFIX_PATH=/home/atoz/ros2_ws/install/octomap_server:/opt/ros/humble LD_LIBRARY_PATH=/home/atoz/ros2_ws/install/octomap_server/lib:${LD_LIBRARY_PATH} /usr/bin/cmake --install /home/atoz/ros2_ws/build/octomap_mapping
[2.415s] Level 1:colcon.colcon_core.shell:create_environment_hook('octomap_mapping', 'cmake_prefix_path')
[2.416s] INFO:colcon.colcon_core.shell:Creating environment hook '/home/atoz/ros2_ws/install/octomap_mapping/share/octomap_mapping/hook/cmake_prefix_path.ps1'
[2.418s] INFO:colcon.colcon_core.shell:Creating environment descriptor '/home/atoz/ros2_ws/install/octomap_mapping/share/octomap_mapping/hook/cmake_prefix_path.dsv'
[2.420s] INFO:colcon.colcon_core.shell:Creating environment hook '/home/atoz/ros2_ws/install/octomap_mapping/share/octomap_mapping/hook/cmake_prefix_path.sh'
[2.422s] Level 1:colcon.colcon_core.environment:checking '/home/atoz/ros2_ws/install/octomap_mapping/bin'
[2.423s] Level 1:colcon.colcon_core.environment:checking '/home/atoz/ros2_ws/install/octomap_mapping/lib/pkgconfig/octomap_mapping.pc'
[2.423s] Level 1:colcon.colcon_core.environment:checking '/home/atoz/ros2_ws/install/octomap_mapping/lib/python3.10/site-packages'
[2.424s] Level 1:colcon.colcon_core.environment:checking '/home/atoz/ros2_ws/install/octomap_mapping/bin'
[2.425s] INFO:colcon.colcon_core.shell:Creating package script '/home/atoz/ros2_ws/install/octomap_mapping/share/octomap_mapping/package.ps1'
[2.427s] INFO:colcon.colcon_core.shell:Creating package descriptor '/home/atoz/ros2_ws/install/octomap_mapping/share/octomap_mapping/package.dsv'
[2.428s] INFO:colcon.colcon_core.shell:Creating package script '/home/atoz/ros2_ws/install/octomap_mapping/share/octomap_mapping/package.sh'
[2.430s] INFO:colcon.colcon_core.shell:Creating package script '/home/atoz/ros2_ws/install/octomap_mapping/share/octomap_mapping/package.bash'
[2.431s] INFO:colcon.colcon_core.shell:Creating package script '/home/atoz/ros2_ws/install/octomap_mapping/share/octomap_mapping/package.zsh'
[2.433s] Level 1:colcon.colcon_core.environment:create_file_with_runtime_dependencies(/home/atoz/ros2_ws/install/octomap_mapping/share/colcon-core/packages/octomap_mapping)
[2.435s] Level 1:colcon.colcon_core.environment:create_environment_scripts_only(octomap_mapping)
[2.436s] Level 1:colcon.colcon_core.environment:checking '/home/atoz/ros2_ws/install/octomap_mapping' for CMake module files
[2.437s] Level 1:colcon.colcon_core.environment:checking '/home/atoz/ros2_ws/install/octomap_mapping' for CMake config files
[2.438s] Level 1:colcon.colcon_core.shell:create_environment_hook('octomap_mapping', 'cmake_prefix_path')
[2.439s] INFO:colcon.colcon_core.shell:Creating environment hook '/home/atoz/ros2_ws/install/octomap_mapping/share/octomap_mapping/hook/cmake_prefix_path.ps1'
[2.441s] INFO:colcon.colcon_core.shell:Creating environment descriptor '/home/atoz/ros2_ws/install/octomap_mapping/share/octomap_mapping/hook/cmake_prefix_path.dsv'
[2.443s] INFO:colcon.colcon_core.shell:Creating environment hook '/home/atoz/ros2_ws/install/octomap_mapping/share/octomap_mapping/hook/cmake_prefix_path.sh'
[2.445s] Level 1:colcon.colcon_core.environment:checking '/home/atoz/ros2_ws/install/octomap_mapping/bin'
[2.445s] Level 1:colcon.colcon_core.environment:checking '/home/atoz/ros2_ws/install/octomap_mapping/lib/pkgconfig/octomap_mapping.pc'
[2.446s] Level 1:colcon.colcon_core.environment:checking '/home/atoz/ros2_ws/install/octomap_mapping/lib/python3.10/site-packages'
[2.446s] Level 1:colcon.colcon_core.environment:checking '/home/atoz/ros2_ws/install/octomap_mapping/bin'
[2.447s] INFO:colcon.colcon_core.shell:Creating package script '/home/atoz/ros2_ws/install/octomap_mapping/share/octomap_mapping/package.ps1'
[2.451s] INFO:colcon.colcon_core.shell:Creating package descriptor '/home/atoz/ros2_ws/install/octomap_mapping/share/octomap_mapping/package.dsv'
[2.453s] INFO:colcon.colcon_core.shell:Creating package script '/home/atoz/ros2_ws/install/octomap_mapping/share/octomap_mapping/package.sh'
[2.454s] INFO:colcon.colcon_core.shell:Creating package script '/home/atoz/ros2_ws/install/octomap_mapping/share/octomap_mapping/package.bash'
[2.456s] INFO:colcon.colcon_core.shell:Creating package script '/home/atoz/ros2_ws/install/octomap_mapping/share/octomap_mapping/package.zsh'
[2.457s] Level 1:colcon.colcon_core.environment:create_file_with_runtime_dependencies(/home/atoz/ros2_ws/install/octomap_mapping/share/colcon-core/packages/octomap_mapping)
[2.855s] DEBUG:colcon.colcon_core.event_handler.log_command:Invoking command in '/home/atoz/ros2_ws/src/my_octomap': PYTHONPATH=/home/atoz/ros2_ws/build/my_octomap/prefix_override:/usr/lib/python3/dist-packages/colcon_core/task/python/colcon_distutils_commands:/home/atoz/ros2_ws/install/my_octomap/lib/python3.10/site-packages:${PYTHONPATH} /usr/bin/python3 -W ignore:setup.py install is deprecated -W ignore:easy_install command is deprecated setup.py egg_info --egg-base ../../build/my_octomap build --build-base /home/atoz/ros2_ws/build/my_octomap/build install --record /home/atoz/ros2_ws/build/my_octomap/install.log --single-version-externally-managed install_data
[2.862s] DEBUG:colcon.colcon_core.event_handler.log_command:Invoking command in '/home/atoz/ros2_ws/src/pwm_ctrl': PYTHONPATH=/home/atoz/ros2_ws/build/pwm_ctrl/prefix_override:/usr/lib/python3/dist-packages/colcon_core/task/python/colcon_distutils_commands:/home/atoz/ros2_ws/install/pwm_ctrl/lib/python3.10/site-packages:${PYTHONPATH} /usr/bin/python3 -W ignore:setup.py install is deprecated -W ignore:easy_install command is deprecated setup.py egg_info --egg-base ../../build/pwm_ctrl build --build-base /home/atoz/ros2_ws/build/pwm_ctrl/build install --record /home/atoz/ros2_ws/build/pwm_ctrl/install.log --single-version-externally-managed install_data
[3.104s] DEBUG:colcon.colcon_core.event_handler.log_command:Invoked command in '/home/atoz/ros2_ws/build/fast_lio' returned '0': AMENT_PREFIX_PATH=/home/atoz/ros2_ws/install/livox_ros_driver2:${AMENT_PREFIX_PATH} CMAKE_PREFIX_PATH=/home/atoz/ros2_ws/install/livox_ros_driver2:/opt/ros/humble LD_LIBRARY_PATH=/home/atoz/ros2_ws/install/livox_ros_driver2/lib:${LD_LIBRARY_PATH} PYTHONPATH=/home/atoz/ros2_ws/install/livox_ros_driver2/local/lib/python3.10/dist-packages:${PYTHONPATH} /usr/bin/cmake --build /home/atoz/ros2_ws/build/fast_lio -- -j8 -l8
[3.108s] DEBUG:colcon.colcon_core.event_handler.log_command:Invoking command in '/home/atoz/ros2_ws/build/fast_lio': AMENT_PREFIX_PATH=/home/atoz/ros2_ws/install/livox_ros_driver2:${AMENT_PREFIX_PATH} CMAKE_PREFIX_PATH=/home/atoz/ros2_ws/install/livox_ros_driver2:/opt/ros/humble LD_LIBRARY_PATH=/home/atoz/ros2_ws/install/livox_ros_driver2/lib:${LD_LIBRARY_PATH} PYTHONPATH=/home/atoz/ros2_ws/install/livox_ros_driver2/local/lib/python3.10/dist-packages:${PYTHONPATH} /usr/bin/cmake --install /home/atoz/ros2_ws/build/fast_lio
[3.217s] Level 1:colcon.colcon_core.environment:create_environment_scripts_only(fast_lio)
[3.218s] Level 1:colcon.colcon_core.environment:checking '/home/atoz/ros2_ws/install/fast_lio' for CMake module files
[3.219s] DEBUG:colcon.colcon_core.event_handler.log_command:Invoked command in '/home/atoz/ros2_ws/build/fast_lio' returned '0': AMENT_PREFIX_PATH=/home/atoz/ros2_ws/install/livox_ros_driver2:${AMENT_PREFIX_PATH} CMAKE_PREFIX_PATH=/home/atoz/ros2_ws/install/livox_ros_driver2:/opt/ros/humble LD_LIBRARY_PATH=/home/atoz/ros2_ws/install/livox_ros_driver2/lib:${LD_LIBRARY_PATH} PYTHONPATH=/home/atoz/ros2_ws/install/livox_ros_driver2/local/lib/python3.10/dist-packages:${PYTHONPATH} /usr/bin/cmake --install /home/atoz/ros2_ws/build/fast_lio
[3.220s] Level 1:colcon.colcon_core.environment:checking '/home/atoz/ros2_ws/install/fast_lio' for CMake config files
[3.221s] Level 1:colcon.colcon_core.shell:create_environment_hook('fast_lio', 'cmake_prefix_path')
[3.221s] INFO:colcon.colcon_core.shell:Creating environment hook '/home/atoz/ros2_ws/install/fast_lio/share/fast_lio/hook/cmake_prefix_path.ps1'
[3.222s] INFO:colcon.colcon_core.shell:Creating environment descriptor '/home/atoz/ros2_ws/install/fast_lio/share/fast_lio/hook/cmake_prefix_path.dsv'
[3.223s] INFO:colcon.colcon_core.shell:Creating environment hook '/home/atoz/ros2_ws/install/fast_lio/share/fast_lio/hook/cmake_prefix_path.sh'
[3.225s] Level 1:colcon.colcon_core.environment:checking '/home/atoz/ros2_ws/install/fast_lio/lib'
[3.225s] Level 1:colcon.colcon_core.shell:create_environment_hook('fast_lio', 'ld_library_path_lib')
[3.226s] INFO:colcon.colcon_core.shell:Creating environment hook '/home/atoz/ros2_ws/install/fast_lio/share/fast_lio/hook/ld_library_path_lib.ps1'
[3.227s] INFO:colcon.colcon_core.shell:Creating environment descriptor '/home/atoz/ros2_ws/install/fast_lio/share/fast_lio/hook/ld_library_path_lib.dsv'
[3.227s] INFO:colcon.colcon_core.shell:Creating environment hook '/home/atoz/ros2_ws/install/fast_lio/share/fast_lio/hook/ld_library_path_lib.sh'
[3.228s] Level 1:colcon.colcon_core.environment:checking '/home/atoz/ros2_ws/install/fast_lio/bin'
[3.228s] Level 1:colcon.colcon_core.environment:checking '/home/atoz/ros2_ws/install/fast_lio/lib/pkgconfig/fast_lio.pc'
[3.229s] Level 1:colcon.colcon_core.environment:checking '/home/atoz/ros2_ws/install/fast_lio/lib/python3.10/site-packages'
[3.229s] Level 1:colcon.colcon_core.environment:checking '/home/atoz/ros2_ws/install/fast_lio/bin'
[3.230s] INFO:colcon.colcon_core.shell:Creating package script '/home/atoz/ros2_ws/install/fast_lio/share/fast_lio/package.ps1'
[3.232s] INFO:colcon.colcon_core.shell:Creating package descriptor '/home/atoz/ros2_ws/install/fast_lio/share/fast_lio/package.dsv'
[3.233s] INFO:colcon.colcon_core.shell:Creating package script '/home/atoz/ros2_ws/install/fast_lio/share/fast_lio/package.sh'
[3.234s] INFO:colcon.colcon_core.shell:Creating package script '/home/atoz/ros2_ws/install/fast_lio/share/fast_lio/package.bash'
[3.235s] INFO:colcon.colcon_core.shell:Creating package script '/home/atoz/ros2_ws/install/fast_lio/share/fast_lio/package.zsh'
[3.236s] Level 1:colcon.colcon_core.environment:create_file_with_runtime_dependencies(/home/atoz/ros2_ws/install/fast_lio/share/colcon-core/packages/fast_lio)
[3.237s] Level 1:colcon.colcon_core.environment:create_environment_scripts_only(fast_lio)
[3.238s] Level 1:colcon.colcon_core.environment:checking '/home/atoz/ros2_ws/install/fast_lio' for CMake module files
[3.239s] Level 1:colcon.colcon_core.environment:checking '/home/atoz/ros2_ws/install/fast_lio' for CMake config files
[3.240s] Level 1:colcon.colcon_core.shell:create_environment_hook('fast_lio', 'cmake_prefix_path')
[3.241s] INFO:colcon.colcon_core.shell:Creating environment hook '/home/atoz/ros2_ws/install/fast_lio/share/fast_lio/hook/cmake_prefix_path.ps1'
[3.242s] INFO:colcon.colcon_core.shell:Creating environment descriptor '/home/atoz/ros2_ws/install/fast_lio/share/fast_lio/hook/cmake_prefix_path.dsv'
[3.242s] INFO:colcon.colcon_core.shell:Creating environment hook '/home/atoz/ros2_ws/install/fast_lio/share/fast_lio/hook/cmake_prefix_path.sh'
[3.244s] Level 1:colcon.colcon_core.environment:checking '/home/atoz/ros2_ws/install/fast_lio/lib'
[3.244s] Level 1:colcon.colcon_core.shell:create_environment_hook('fast_lio', 'ld_library_path_lib')
[3.244s] INFO:colcon.colcon_core.shell:Creating environment hook '/home/atoz/ros2_ws/install/fast_lio/share/fast_lio/hook/ld_library_path_lib.ps1'
[3.245s] INFO:colcon.colcon_core.shell:Creating environment descriptor '/home/atoz/ros2_ws/install/fast_lio/share/fast_lio/hook/ld_library_path_lib.dsv'
[3.246s] INFO:colcon.colcon_core.shell:Creating environment hook '/home/atoz/ros2_ws/install/fast_lio/share/fast_lio/hook/ld_library_path_lib.sh'
[3.247s] Level 1:colcon.colcon_core.environment:checking '/home/atoz/ros2_ws/install/fast_lio/bin'
[3.247s] Level 1:colcon.colcon_core.environment:checking '/home/atoz/ros2_ws/install/fast_lio/lib/pkgconfig/fast_lio.pc'
[3.247s] Level 1:colcon.colcon_core.environment:checking '/home/atoz/ros2_ws/install/fast_lio/lib/python3.10/site-packages'
[3.248s] Level 1:colcon.colcon_core.environment:checking '/home/atoz/ros2_ws/install/fast_lio/bin'
[3.248s] INFO:colcon.colcon_core.shell:Creating package script '/home/atoz/ros2_ws/install/fast_lio/share/fast_lio/package.ps1'
[3.250s] INFO:colcon.colcon_core.shell:Creating package descriptor '/home/atoz/ros2_ws/install/fast_lio/share/fast_lio/package.dsv'
[3.251s] INFO:colcon.colcon_core.shell:Creating package script '/home/atoz/ros2_ws/install/fast_lio/share/fast_lio/package.sh'
[3.252s] INFO:colcon.colcon_core.shell:Creating package script '/home/atoz/ros2_ws/install/fast_lio/share/fast_lio/package.bash'
[3.253s] INFO:colcon.colcon_core.shell:Creating package script '/home/atoz/ros2_ws/install/fast_lio/share/fast_lio/package.zsh'
[3.254s] Level 1:colcon.colcon_core.environment:create_file_with_runtime_dependencies(/home/atoz/ros2_ws/install/fast_lio/share/colcon-core/packages/fast_lio)
[3.493s] Level 1:colcon.colcon_core.environment:checking '/home/atoz/ros2_ws/install/my_octomap' for CMake module files
[3.495s] DEBUG:colcon.colcon_core.event_handler.log_command:Invoked command in '/home/atoz/ros2_ws/src/my_octomap' returned '0': PYTHONPATH=/home/atoz/ros2_ws/build/my_octomap/prefix_override:/usr/lib/python3/dist-packages/colcon_core/task/python/colcon_distutils_commands:/home/atoz/ros2_ws/install/my_octomap/lib/python3.10/site-packages:${PYTHONPATH} /usr/bin/python3 -W ignore:setup.py install is deprecated -W ignore:easy_install command is deprecated setup.py egg_info --egg-base ../../build/my_octomap build --build-base /home/atoz/ros2_ws/build/my_octomap/build install --record /home/atoz/ros2_ws/build/my_octomap/install.log --single-version-externally-managed install_data
[3.496s] Level 1:colcon.colcon_core.environment:checking '/home/atoz/ros2_ws/install/my_octomap' for CMake config files
[3.498s] Level 1:colcon.colcon_core.environment:checking '/home/atoz/ros2_ws/install/my_octomap/lib'
[3.499s] Level 1:colcon.colcon_core.environment:checking '/home/atoz/ros2_ws/install/my_octomap/bin'
[3.499s] Level 1:colcon.colcon_core.environment:checking '/home/atoz/ros2_ws/install/my_octomap/lib/pkgconfig/my_octomap.pc'
[3.500s] Level 1:colcon.colcon_core.environment:checking '/home/atoz/ros2_ws/install/my_octomap/lib/python3.10/site-packages'
[3.500s] Level 1:colcon.colcon_core.shell:create_environment_hook('my_octomap', 'pythonpath')
[3.501s] INFO:colcon.colcon_core.shell:Creating environment hook '/home/atoz/ros2_ws/install/my_octomap/share/my_octomap/hook/pythonpath.ps1'
[3.503s] INFO:colcon.colcon_core.shell:Creating environment descriptor '/home/atoz/ros2_ws/install/my_octomap/share/my_octomap/hook/pythonpath.dsv'
[3.504s] INFO:colcon.colcon_core.shell:Creating environment hook '/home/atoz/ros2_ws/install/my_octomap/share/my_octomap/hook/pythonpath.sh'
[3.506s] Level 1:colcon.colcon_core.environment:checking '/home/atoz/ros2_ws/install/my_octomap/bin'
[3.506s] Level 1:colcon.colcon_core.environment:create_environment_scripts_only(my_octomap)
[3.507s] INFO:colcon.colcon_core.shell:Creating package script '/home/atoz/ros2_ws/install/my_octomap/share/my_octomap/package.ps1'
[3.509s] INFO:colcon.colcon_core.shell:Creating package descriptor '/home/atoz/ros2_ws/install/my_octomap/share/my_octomap/package.dsv'
[3.511s] INFO:colcon.colcon_core.shell:Creating package script '/home/atoz/ros2_ws/install/my_octomap/share/my_octomap/package.sh'
[3.513s] INFO:colcon.colcon_core.shell:Creating package script '/home/atoz/ros2_ws/install/my_octomap/share/my_octomap/package.bash'
[3.514s] INFO:colcon.colcon_core.shell:Creating package script '/home/atoz/ros2_ws/install/my_octomap/share/my_octomap/package.zsh'
[3.516s] Level 1:colcon.colcon_core.environment:create_file_with_runtime_dependencies(/home/atoz/ros2_ws/install/my_octomap/share/colcon-core/packages/my_octomap)
[3.520s] Level 1:colcon.colcon_core.environment:checking '/home/atoz/ros2_ws/install/pwm_ctrl' for CMake module files
[3.522s] DEBUG:colcon.colcon_core.event_handler.log_command:Invoked command in '/home/atoz/ros2_ws/src/pwm_ctrl' returned '0': PYTHONPATH=/home/atoz/ros2_ws/build/pwm_ctrl/prefix_override:/usr/lib/python3/dist-packages/colcon_core/task/python/colcon_distutils_commands:/home/atoz/ros2_ws/install/pwm_ctrl/lib/python3.10/site-packages:${PYTHONPATH} /usr/bin/python3 -W ignore:setup.py install is deprecated -W ignore:easy_install command is deprecated setup.py egg_info --egg-base ../../build/pwm_ctrl build --build-base /home/atoz/ros2_ws/build/pwm_ctrl/build install --record /home/atoz/ros2_ws/build/pwm_ctrl/install.log --single-version-externally-managed install_data
[3.523s] Level 1:colcon.colcon_core.environment:checking '/home/atoz/ros2_ws/install/pwm_ctrl' for CMake config files
[3.526s] Level 1:colcon.colcon_core.environment:checking '/home/atoz/ros2_ws/install/pwm_ctrl/lib'
[3.526s] Level 1:colcon.colcon_core.environment:checking '/home/atoz/ros2_ws/install/pwm_ctrl/bin'
[3.526s] Level 1:colcon.colcon_core.environment:checking '/home/atoz/ros2_ws/install/pwm_ctrl/lib/pkgconfig/pwm_ctrl.pc'
[3.527s] Level 1:colcon.colcon_core.environment:checking '/home/atoz/ros2_ws/install/pwm_ctrl/lib/python3.10/site-packages'
[3.527s] Level 1:colcon.colcon_core.shell:create_environment_hook('pwm_ctrl', 'pythonpath')
[3.528s] INFO:colcon.colcon_core.shell:Creating environment hook '/home/atoz/ros2_ws/install/pwm_ctrl/share/pwm_ctrl/hook/pythonpath.ps1'
[3.530s] INFO:colcon.colcon_core.shell:Creating environment descriptor '/home/atoz/ros2_ws/install/pwm_ctrl/share/pwm_ctrl/hook/pythonpath.dsv'
[3.531s] INFO:colcon.colcon_core.shell:Creating environment hook '/home/atoz/ros2_ws/install/pwm_ctrl/share/pwm_ctrl/hook/pythonpath.sh'
[3.534s] Level 1:colcon.colcon_core.environment:checking '/home/atoz/ros2_ws/install/pwm_ctrl/bin'
[3.534s] Level 1:colcon.colcon_core.environment:create_environment_scripts_only(pwm_ctrl)
[3.535s] INFO:colcon.colcon_core.shell:Creating package script '/home/atoz/ros2_ws/install/pwm_ctrl/share/pwm_ctrl/package.ps1'
[3.537s] INFO:colcon.colcon_core.shell:Creating package descriptor '/home/atoz/ros2_ws/install/pwm_ctrl/share/pwm_ctrl/package.dsv'
[3.539s] INFO:colcon.colcon_core.shell:Creating package script '/home/atoz/ros2_ws/install/pwm_ctrl/share/pwm_ctrl/package.sh'
[3.541s] INFO:colcon.colcon_core.shell:Creating package script '/home/atoz/ros2_ws/install/pwm_ctrl/share/pwm_ctrl/package.bash'
[3.542s] INFO:colcon.colcon_core.shell:Creating package script '/home/atoz/ros2_ws/install/pwm_ctrl/share/pwm_ctrl/package.zsh'
[3.544s] Level 1:colcon.colcon_core.environment:create_file_with_runtime_dependencies(/home/atoz/ros2_ws/install/pwm_ctrl/share/colcon-core/packages/pwm_ctrl)
[3.545s] DEBUG:colcon.colcon_parallel_executor.executor.parallel:closing loop
[3.546s] DEBUG:colcon.colcon_parallel_executor.executor.parallel:loop closed
[3.546s] DEBUG:colcon.colcon_parallel_executor.executor.parallel:run_until_complete finished with '0'
[3.546s] DEBUG:colcon.colcon_core.event_reactor:joining thread
[3.565s] INFO:colcon.colcon_core.plugin_system:Skipping extension 'colcon_notification.desktop_notification.terminal_notifier': Not used on non-Darwin systems
[3.566s] INFO:colcon.colcon_core.plugin_system:Skipping extension 'colcon_notification.desktop_notification.win32': Not used on non-Windows systems
[3.566s] INFO:colcon.colcon_notification.desktop_notification:Sending desktop notification using 'notify2'
[3.608s] DEBUG:colcon.colcon_core.event_reactor:joined thread
[3.609s] INFO:colcon.colcon_core.shell:Creating prefix script '/home/atoz/ros2_ws/install/local_setup.ps1'
[3.612s] INFO:colcon.colcon_core.shell:Creating prefix util module '/home/atoz/ros2_ws/install/_local_setup_util_ps1.py'
[3.615s] INFO:colcon.colcon_core.shell:Creating prefix chain script '/home/atoz/ros2_ws/install/setup.ps1'
[3.617s] INFO:colcon.colcon_core.shell:Creating prefix script '/home/atoz/ros2_ws/install/local_setup.sh'
[3.618s] INFO:colcon.colcon_core.shell:Creating prefix util module '/home/atoz/ros2_ws/install/_local_setup_util_sh.py'
[3.620s] INFO:colcon.colcon_core.shell:Creating prefix chain script '/home/atoz/ros2_ws/install/setup.sh'
[3.622s] INFO:colcon.colcon_core.shell:Creating prefix script '/home/atoz/ros2_ws/install/local_setup.bash'
[3.623s] INFO:colcon.colcon_core.shell:Creating prefix chain script '/home/atoz/ros2_ws/install/setup.bash'
[3.625s] INFO:colcon.colcon_core.shell:Creating prefix script '/home/atoz/ros2_ws/install/local_setup.zsh'
[3.626s] INFO:colcon.colcon_core.shell:Creating prefix chain script '/home/atoz/ros2_ws/install/setup.zsh'
