-- The C compiler identification is GNU 11.4.0
-- The CXX compiler identification is GNU 11.4.0
-- Detecting C compiler ABI info
-- Detecting C compiler ABI info - done
-- Check for working C compiler: /usr/bin/cc - skipped
-- Detecting C compile features
-- Detecting C compile features - done
-- Detecting CXX compiler ABI info
-- Detecting CXX compiler ABI info - done
-- Check for working CXX compiler: /usr/bin/c++ - skipped
-- Detecting CXX compile features
-- Detecting CXX compile features - done
-- Found ament_cmake: 1.3.12 (/opt/ros/humble/share/ament_cmake/cmake)
-- Found Python3: /usr/bin/python3 (found version "3.10.12") found components: Interpreter 
-- Found ament_lint_auto: 0.12.14 (/opt/ros/humble/share/ament_lint_auto/cmake)
-- Added test 'copyright' to check source files copyright and LICENSE
-- Added test 'lint_cmake' to check CMake code style
-- Added test 'xmllint' to check XML markup files
-- Configuring done
-- Generating done
[33mCMake Warning:
  Manually-specified variables were not used by the project:

    HUMBLE_ROS
    ROS_EDITION

[0m
-- Build files have been written to: /home/atoz/ros2_ws/build/octomap_mapping
-- Install configuration: ""
-- Installing: /home/atoz/ros2_ws/install/octomap_mapping/share/ament_index/resource_index/package_run_dependencies/octomap_mapping
-- Installing: /home/atoz/ros2_ws/install/octomap_mapping/share/ament_index/resource_index/parent_prefix_path/octomap_mapping
-- Installing: /home/atoz/ros2_ws/install/octomap_mapping/share/octomap_mapping/environment/ament_prefix_path.sh
-- Installing: /home/atoz/ros2_ws/install/octomap_mapping/share/octomap_mapping/environment/ament_prefix_path.dsv
-- Installing: /home/atoz/ros2_ws/install/octomap_mapping/share/octomap_mapping/environment/path.sh
-- Installing: /home/atoz/ros2_ws/install/octomap_mapping/share/octomap_mapping/environment/path.dsv
-- Installing: /home/atoz/ros2_ws/install/octomap_mapping/share/octomap_mapping/local_setup.bash
-- Installing: /home/atoz/ros2_ws/install/octomap_mapping/share/octomap_mapping/local_setup.sh
-- Installing: /home/atoz/ros2_ws/install/octomap_mapping/share/octomap_mapping/local_setup.zsh
-- Installing: /home/atoz/ros2_ws/install/octomap_mapping/share/octomap_mapping/local_setup.dsv
-- Installing: /home/atoz/ros2_ws/install/octomap_mapping/share/octomap_mapping/package.dsv
-- Installing: /home/atoz/ros2_ws/install/octomap_mapping/share/ament_index/resource_index/packages/octomap_mapping
-- Installing: /home/atoz/ros2_ws/install/octomap_mapping/share/octomap_mapping/cmake/octomap_mappingConfig.cmake
-- Installing: /home/atoz/ros2_ws/install/octomap_mapping/share/octomap_mapping/cmake/octomap_mappingConfig-version.cmake
-- Installing: /home/atoz/ros2_ws/install/octomap_mapping/share/octomap_mapping/package.xml
