[0.042s] Invoking command in '/home/atoz/ros2_ws/build/livox_ros_driver2': CMAKE_PREFIX_PATH=/opt/ros/humble /usr/bin/cmake /home/atoz/ros2_ws/src/livox_ros_driver2 -DROS_EDITION=ROS2 -DHUMBLE_ROS=humble -DCMAKE_INSTALL_PREFIX=/home/atoz/ros2_ws/install/livox_ros_driver2
[1.127s] -- The C compiler identification is GNU 11.4.0
[1.128s] -- The CXX compiler identification is GNU 11.4.0
[1.129s] -- Detecting C compiler ABI info
[1.129s] -- Detecting C compiler ABI info - done
[1.130s] -- Check for working C compiler: /usr/bin/cc - skipped
[1.131s] -- Detecting C compile features
[1.131s] -- Detecting C compile features - done
[1.131s] -- Detecting CXX compiler ABI info
[1.133s] -- Detecting CXX compiler ABI info - done
[1.135s] -- Check for working CXX compiler: /usr/bin/c++ - skipped
[1.135s] -- Detecting CXX compile features
[1.135s] -- Detecting CXX compile features - done
[1.136s] -- livox_ros_driver2 version: 1.2.4
[1.137s] -- Found ament_cmake_auto: 1.3.12 (/opt/ros/humble/share/ament_cmake_auto/cmake)
[1.137s] -- Found Python3: /usr/bin/python3 (found version "3.10.12") found components: Interpreter 
[1.281s] -- Using all available rosidl_typesupport_c: rosidl_typesupport_fastrtps_c;rosidl_typesupport_introspection_c
[1.292s] -- Found rosidl_adapter: 3.1.7 (/opt/ros/humble/share/rosidl_adapter/cmake)
[1.375s] -- Using all available rosidl_typesupport_cpp: rosidl_typesupport_fastrtps_cpp;rosidl_typesupport_introspection_cpp
[1.535s] -- Found rmw_implementation_cmake: 6.1.2 (/opt/ros/humble/share/rmw_implementation_cmake/cmake)
[1.540s] -- Found rmw_fastrtps_cpp: 6.2.8 (/opt/ros/humble/share/rmw_fastrtps_cpp/cmake)
[2.025s] -- Found OpenSSL: /usr/lib/aarch64-linux-gnu/libcrypto.so (found version "3.0.2")  
[2.143s] -- Found FastRTPS: /opt/ros/humble/include  
[2.250s] -- Using RMW implementation 'rmw_fastrtps_cpp' as default
[2.271s] -- Looking for pthread.h
[2.705s] -- Looking for pthread.h - found
[2.705s] -- Performing Test CMAKE_HAVE_LIBC_PTHREAD
[3.153s] -- Performing Test CMAKE_HAVE_LIBC_PTHREAD - Success
[3.153s] -- Found Threads: TRUE  
[3.700s] -- Checking for module 'eigen3'
[3.784s] --   Found eigen3, version 3.4.0
[3.933s] -- Found Eigen: /usr/include/eigen3 (Required is at least version "3.1") 
[3.934s] -- Eigen found (include: /usr/include/eigen3, version: 3.4.0)
[4.081s] -- Checking for module 'flann'
[4.173s] --   Found flann, version 1.9.1
[4.483s] -- Found FLANN: /usr/lib/aarch64-linux-gnu/libflann_cpp.so  
[4.483s] -- FLANN found (include: /usr/include, lib: /usr/lib/aarch64-linux-gnu/libflann_cpp.so)
[9.257s] -- Checking for module 'libusb-1.0'
[9.295s] --   Found libusb-1.0, version 1.0.25
[9.388s] -- Found libusb: /usr/lib/aarch64-linux-gnu/libusb-1.0.so  
[9.390s] -- OpenNI found (version: 1.5.4.0, include: /usr/include/ni, lib: /usr/lib/libOpenNI.so;libusb::libusb)
[9.557s] -- OpenNI2 found (version: 2.2.0.33, include: /usr/include/openni2, lib: /usr/lib/aarch64-linux-gnu/libOpenNI2.so;libusb::libusb)
[9.997s] -- Eigen found (include: /usr/include/eigen3, version: 3.4.0)
[10.033s] -- OpenNI found (version: 1.5.4.0, include: /usr/include/ni, lib: /usr/lib/libOpenNI.so;libusb::libusb)
[10.065s] -- OpenNI2 found (version: 2.2.0.33, include: /usr/include/openni2, lib: /usr/lib/aarch64-linux-gnu/libOpenNI2.so;libusb::libusb)
[10.538s] -- Found Qhull version 8.0.2
[11.073s] -- OpenNI found (version: 1.5.4.0, include: /usr/include/ni, lib: /usr/lib/libOpenNI.so;libusb::libusb)
[11.469s] -- Found PCL_COMMON: /usr/lib/aarch64-linux-gnu/libpcl_common.so  
[11.473s] -- Found PCL_KDTREE: /usr/lib/aarch64-linux-gnu/libpcl_kdtree.so  
[11.479s] -- Found PCL_OCTREE: /usr/lib/aarch64-linux-gnu/libpcl_octree.so  
[11.483s] -- Found PCL_SEARCH: /usr/lib/aarch64-linux-gnu/libpcl_search.so  
[11.487s] -- Found PCL_SAMPLE_CONSENSUS: /usr/lib/aarch64-linux-gnu/libpcl_sample_consensus.so  
[11.492s] -- Found PCL_FILTERS: /usr/lib/aarch64-linux-gnu/libpcl_filters.so  
[11.494s] -- Found PCL_2D: /usr/include/pcl-1.12  
[11.496s] -- Found PCL_GEOMETRY: /usr/include/pcl-1.12  
[11.500s] -- Found PCL_IO: /usr/lib/aarch64-linux-gnu/libpcl_io.so  
[11.504s] -- Found PCL_FEATURES: /usr/lib/aarch64-linux-gnu/libpcl_features.so  
[11.509s] -- Found PCL_ML: /usr/lib/aarch64-linux-gnu/libpcl_ml.so  
[11.513s] -- Found PCL_SEGMENTATION: /usr/lib/aarch64-linux-gnu/libpcl_segmentation.so  
[11.517s] -- Found PCL_VISUALIZATION: /usr/lib/aarch64-linux-gnu/libpcl_visualization.so  
[11.521s] -- Found PCL_SURFACE: /usr/lib/aarch64-linux-gnu/libpcl_surface.so  
[11.526s] -- Found PCL_REGISTRATION: /usr/lib/aarch64-linux-gnu/libpcl_registration.so  
[11.530s] -- Found PCL_KEYPOINTS: /usr/lib/aarch64-linux-gnu/libpcl_keypoints.so  
[11.534s] -- Found PCL_TRACKING: /usr/lib/aarch64-linux-gnu/libpcl_tracking.so  
[11.539s] -- Found PCL_RECOGNITION: /usr/lib/aarch64-linux-gnu/libpcl_recognition.so  
[11.543s] -- Found PCL_STEREO: /usr/lib/aarch64-linux-gnu/libpcl_stereo.so  
[11.548s] -- Found PCL_APPS: /usr/lib/aarch64-linux-gnu/libpcl_apps.so  
[11.551s] -- Found PCL_IN_HAND_SCANNER: /usr/include/pcl-1.12  
[11.552s] -- Found PCL_MODELER: /usr/include/pcl-1.12  
[11.555s] -- Found PCL_POINT_CLOUD_EDITOR: /usr/include/pcl-1.12  
[11.559s] -- Found PCL_OUTOFCORE: /usr/lib/aarch64-linux-gnu/libpcl_outofcore.so  
[11.563s] -- Found PCL_PEOPLE: /usr/lib/aarch64-linux-gnu/libpcl_people.so  
[11.654s] -- Found PkgConfig: /usr/bin/pkg-config (found version "0.29.2") 
[11.657s] -- Checking for module 'apr-1'
[11.665s] --   No package 'apr-1' found
[12.278s] -- Found ament_cmake_ros: 0.10.0 (/opt/ros/humble/share/ament_cmake_ros/cmake)
[13.114s] -- Using all available rosidl_typesupport_c: rosidl_typesupport_fastrtps_c;rosidl_typesupport_introspection_c
[14.427s] -- Using all available rosidl_typesupport_cpp: rosidl_typesupport_fastrtps_cpp;rosidl_typesupport_introspection_cpp
[14.498s] -- Found PythonInterp: /usr/bin/python3 (found suitable version "3.10.12", minimum required is "3.6") 
[14.501s] -- Found python_cmake_module: 0.10.0 (/opt/ros/humble/share/python_cmake_module/cmake)
[14.576s] -- Found PythonLibs: /usr/lib/aarch64-linux-gnu/libpython3.10.so (found suitable version "3.10.12", minimum required is "3.5") 
[14.577s] -- Using PYTHON_EXECUTABLE: /usr/bin/python3
[14.578s] -- Using PYTHON_INCLUDE_DIRS: /usr/include/python3.10
[14.578s] -- Using PYTHON_LIBRARIES: /usr/lib/aarch64-linux-gnu/libpython3.10.so
[14.633s] -- Found PythonExtra: .so  
[14.898s] -- Found ament_lint_auto: 0.12.14 (/opt/ros/humble/share/ament_lint_auto/cmake)
[14.942s] -- Added test 'copyright' to check source files copyright and LICENSE
[14.957s] -- Added test 'cppcheck' to perform static code analysis on C / C++ code
[14.960s] -- Configured cppcheck include dirs: /home/atoz/ros2_ws/src/livox_ros_driver2/3rdparty;/home/atoz/ros2_ws/src/livox_ros_driver2/src
[14.961s] -- Configured cppcheck exclude dirs and/or files: 
[14.975s] -- Added test 'cpplint' to check C / C++ code against the Google style
[14.976s] -- Configured cpplint exclude dirs and/or files: 
[14.980s] -- Added test 'flake8' to check Python code syntax and style conventions
[14.986s] -- Added test 'lint_cmake' to check CMake code style
[14.990s] -- Added test 'pep257' to check Python code against some of the docstring style conventions in PEP 257
[15.004s] -- Added test 'uncrustify' to check C / C++ code style
[15.005s] -- Configured uncrustify additional arguments: 
[15.009s] -- Added test 'xmllint' to check XML markup files
[15.016s] -- Configuring done
[15.273s] -- Generating done
[15.439s] -- Build files have been written to: /home/atoz/ros2_ws/build/livox_ros_driver2
[15.532s] Invoked command in '/home/atoz/ros2_ws/build/livox_ros_driver2' returned '0': CMAKE_PREFIX_PATH=/opt/ros/humble /usr/bin/cmake /home/atoz/ros2_ws/src/livox_ros_driver2 -DROS_EDITION=ROS2 -DHUMBLE_ROS=humble -DCMAKE_INSTALL_PREFIX=/home/atoz/ros2_ws/install/livox_ros_driver2
[15.533s] Invoking command in '/home/atoz/ros2_ws/build/livox_ros_driver2': CMAKE_PREFIX_PATH=/opt/ros/humble /usr/bin/cmake --build /home/atoz/ros2_ws/build/livox_ros_driver2 -- -j8 -l8
[15.647s] [  1%] [34m[1mGenerating C code for ROS interfaces[0m
[15.673s] [  3%] [34m[1mGenerating C++ code for ROS interfaces[0m
[15.733s] [  5%] [32mBuilding CXX object CMakeFiles/livox_ros_driver2_node.dir/rclcpp_components/node_main_livox_ros_driver2_node.cpp.o[0m
[15.789s] [  5%] Built target ament_cmake_python_copy_livox_ros_driver2
[16.893s] running egg_info
[16.908s] creating livox_ros_driver2.egg-info
[16.912s] writing livox_ros_driver2.egg-info/PKG-INFO
[16.915s] writing dependency_links to livox_ros_driver2.egg-info/dependency_links.txt
[16.918s] writing top-level names to livox_ros_driver2.egg-info/top_level.txt
[16.920s] writing manifest file 'livox_ros_driver2.egg-info/SOURCES.txt'
[16.933s] reading manifest file 'livox_ros_driver2.egg-info/SOURCES.txt'
[16.940s] writing manifest file 'livox_ros_driver2.egg-info/SOURCES.txt'
[17.167s] [  5%] Built target ament_cmake_python_build_livox_ros_driver2_egg
[17.399s] [  5%] Built target livox_interfaces2__cpp
[17.476s] [  7%] [34m[1mGenerating C++ type support dispatch for ROS interfaces[0m
[17.509s] [  8%] [34m[1mGenerating C++ type support for eProsima Fast-RTPS[0m
[17.509s] [ 10%] [34m[1mGenerating C++ introspection for ROS interfaces[0m
[17.692s] [ 12%] [32mBuilding C object CMakeFiles/livox_interfaces2__rosidl_generator_c.dir/rosidl_generator_c/livox_ros_driver2/msg/detail/custom_msg__functions.c.o[0m
[17.694s] [ 14%] [32mBuilding C object CMakeFiles/livox_interfaces2__rosidl_generator_c.dir/rosidl_generator_c/livox_ros_driver2/msg/detail/custom_point__functions.c.o[0m
[18.046s] [ 15%] [32m[1mLinking C shared library liblivox_ros_driver2__rosidl_generator_c.so[0m
[18.254s] [ 15%] Built target livox_interfaces2__rosidl_generator_c
[18.337s] [ 17%] [34m[1mGenerating C type support for eProsima Fast-RTPS[0m
[18.370s] [ 19%] [34m[1mGenerating C type support dispatch for ROS interfaces[0m
[18.384s] [ 21%] [34m[1mGenerating C introspection for ROS interfaces[0m
[19.331s] [ 22%] [32mBuilding CXX object CMakeFiles/livox_interfaces2__rosidl_typesupport_cpp.dir/rosidl_typesupport_cpp/livox_ros_driver2/msg/custom_point__type_support.cpp.o[0m
[19.339s] [ 24%] [32mBuilding CXX object CMakeFiles/livox_interfaces2__rosidl_typesupport_cpp.dir/rosidl_typesupport_cpp/livox_ros_driver2/msg/custom_msg__type_support.cpp.o[0m
[19.538s] [ 26%] [32mBuilding CXX object CMakeFiles/livox_interfaces2__rosidl_typesupport_introspection_cpp.dir/rosidl_typesupport_introspection_cpp/livox_ros_driver2/msg/detail/custom_point__type_support.cpp.o[0m
[19.745s] [ 28%] [32mBuilding CXX object CMakeFiles/livox_interfaces2__rosidl_typesupport_fastrtps_cpp.dir/rosidl_typesupport_fastrtps_cpp/livox_ros_driver2/msg/detail/dds_fastrtps/custom_point__type_support.cpp.o[0m
[20.319s] [ 29%] [32mBuilding C object CMakeFiles/livox_interfaces2__rosidl_typesupport_introspection_c.dir/rosidl_typesupport_introspection_c/livox_ros_driver2/msg/detail/custom_point__type_support.c.o[0m
[20.430s] [ 31%] [32mBuilding CXX object CMakeFiles/livox_interfaces2__rosidl_typesupport_c.dir/rosidl_typesupport_c/livox_ros_driver2/msg/custom_point__type_support.cpp.o[0m
[20.503s] [ 33%] [32mBuilding C object CMakeFiles/livox_interfaces2__rosidl_typesupport_introspection_c.dir/rosidl_typesupport_introspection_c/livox_ros_driver2/msg/detail/custom_msg__type_support.c.o[0m
[20.559s] [ 35%] [32mBuilding CXX object CMakeFiles/livox_interfaces2__rosidl_typesupport_fastrtps_c.dir/rosidl_typesupport_fastrtps_c/livox_ros_driver2/msg/detail/custom_point__type_support_c.cpp.o[0m
[20.662s] [ 36%] [32mBuilding CXX object CMakeFiles/livox_interfaces2__rosidl_typesupport_c.dir/rosidl_typesupport_c/livox_ros_driver2/msg/custom_msg__type_support.cpp.o[0m
[20.680s] [ 38%] [32m[1mLinking C shared library liblivox_ros_driver2__rosidl_typesupport_introspection_c.so[0m
[20.715s] [ 40%] [32mBuilding CXX object CMakeFiles/livox_interfaces2__rosidl_typesupport_fastrtps_c.dir/rosidl_typesupport_fastrtps_c/livox_ros_driver2/msg/detail/custom_msg__type_support_c.cpp.o[0m
[20.839s] [ 42%] [32m[1mLinking CXX shared library liblivox_ros_driver2__rosidl_typesupport_cpp.so[0m
[20.864s] [ 43%] [32m[1mLinking CXX shared library liblivox_ros_driver2__rosidl_typesupport_c.so[0m
[20.898s] [ 43%] Built target livox_interfaces2__rosidl_typesupport_introspection_c
[20.941s] [ 45%] [32mBuilding CXX object CMakeFiles/livox_interfaces2__rosidl_typesupport_fastrtps_cpp.dir/rosidl_typesupport_fastrtps_cpp/livox_ros_driver2/msg/detail/dds_fastrtps/custom_msg__type_support.cpp.o[0m
[21.103s] [ 45%] Built target livox_interfaces2__rosidl_typesupport_cpp
[21.172s] [ 47%] [32mBuilding CXX object CMakeFiles/livox_interfaces2__rosidl_typesupport_introspection_cpp.dir/rosidl_typesupport_introspection_cpp/livox_ros_driver2/msg/detail/custom_msg__type_support.cpp.o[0m
[21.228s] [ 47%] Built target livox_interfaces2__rosidl_typesupport_c
[21.392s] [ 49%] [32mBuilding CXX object CMakeFiles/livox_ros_driver2.dir/src/livox_ros_driver2.cpp.o[0m
[21.683s] [ 50%] [32mBuilding CXX object CMakeFiles/livox_ros_driver2.dir/src/lddc.cpp.o[0m
[22.015s] [ 52%] [32mBuilding CXX object CMakeFiles/livox_ros_driver2.dir/src/driver_node.cpp.o[0m
[22.791s] [ 54%] [32mBuilding CXX object CMakeFiles/livox_ros_driver2.dir/src/lds.cpp.o[0m
[22.823s] [ 56%] [32m[1mLinking CXX shared library liblivox_ros_driver2__rosidl_typesupport_fastrtps_c.so[0m
[23.368s] [ 56%] Built target livox_interfaces2__rosidl_typesupport_fastrtps_c
[23.455s] [ 57%] [32mBuilding CXX object CMakeFiles/livox_ros_driver2.dir/src/lds_lidar.cpp.o[0m
[23.695s] [ 59%] [32m[1mLinking CXX shared library liblivox_ros_driver2__rosidl_typesupport_introspection_cpp.so[0m
[23.982s] [ 61%] [32m[1mLinking CXX shared library liblivox_ros_driver2__rosidl_typesupport_fastrtps_cpp.so[0m
[24.123s] [ 61%] Built target livox_interfaces2__rosidl_typesupport_introspection_cpp
[24.192s] [ 63%] [32mBuilding CXX object CMakeFiles/livox_ros_driver2.dir/src/comm/comm.cpp.o[0m
[24.438s] [ 63%] Built target livox_interfaces2__rosidl_typesupport_fastrtps_cpp
[24.493s] [ 64%] [32mBuilding CXX object CMakeFiles/livox_ros_driver2.dir/src/comm/ldq.cpp.o[0m
[25.444s] gmake[2]: *** [CMakeFiles/livox_ros_driver2.dir/build.make:76: CMakeFiles/livox_ros_driver2.dir/src/livox_ros_driver2.cpp.o] Interrupt
[25.445s] gmake[2]: *** [CMakeFiles/livox_ros_driver2.dir/build.make:90: CMakeFiles/livox_ros_driver2.dir/src/lddc.cpp.o] Interrupt
[25.446s] gmake[2]: *** wait: No child processes.  Stop.
[25.446s] gmake[2]: *** [CMakeFiles/livox_ros_driver2.dir/build.make:104: CMakeFiles/livox_ros_driver2.dir/src/driver_node.cpp.o] Interrupt
[25.446s] gmake[2]: *** Waiting for unfinished jobs....
[25.446s] gmake[2]: *** [CMakeFiles/livox_ros_driver2.dir/build.make:118: CMakeFiles/livox_ros_driver2.dir/src/lds.cpp.o] Interrupt
[25.446s] gmake[2]: *** wait: No child processes.  Stop.
[25.446s] gmake[2]: *** [CMakeFiles/livox_ros_driver2.dir/build.make:132: CMakeFiles/livox_ros_driver2.dir/src/lds_lidar.cpp.o] Interrupt
[25.446s] gmake[2]: *** [CMakeFiles/livox_ros_driver2.dir/build.make:160: CMakeFiles/livox_ros_driver2.dir/src/comm/ldq.cpp.o] Interrupt
[25.446s] gmake[1]: *** [CMakeFiles/Makefile2:621: CMakeFiles/livox_ros_driver2_node.dir/all] Error 2
[25.447s] gmake[2]: *** [CMakeFiles/livox_ros_driver2.dir/build.make:146: CMakeFiles/livox_ros_driver2.dir/src/comm/comm.cpp.o] Interrupt
[25.447s] gmake[1]: *** [CMakeFiles/Makefile2:595: CMakeFiles/livox_ros_driver2.dir/all] Interrupt
[25.447s] gmake: *** [Makefile:146: all] Interrupt
