[3.288s] Invoking command in '/home/atoz/ros2_ws/src/gps_goal_sender': PYTHONPATH=/home/atoz/ros2_ws/build/gps_goal_sender/prefix_override:/usr/lib/python3/dist-packages/colcon_core/task/python/colcon_distutils_commands:/home/atoz/ros2_ws/install/gps_goal_sender/lib/python3.10/site-packages:${PYTHONPATH} /usr/bin/python3 -W ignore:setup.py install is deprecated -W ignore:easy_install command is deprecated setup.py egg_info --egg-base ../../build/gps_goal_sender build --build-base /home/atoz/ros2_ws/build/gps_goal_sender/build install --record /home/atoz/ros2_ws/build/gps_goal_sender/install.log --single-version-externally-managed install_data
[3.815s] running egg_info
[3.818s] writing ../../build/gps_goal_sender/gps_goal_sender.egg-info/PKG-INFO
[3.818s] writing dependency_links to ../../build/gps_goal_sender/gps_goal_sender.egg-info/dependency_links.txt
[3.819s] writing entry points to ../../build/gps_goal_sender/gps_goal_sender.egg-info/entry_points.txt
[3.819s] writing requirements to ../../build/gps_goal_sender/gps_goal_sender.egg-info/requires.txt
[3.819s] writing top-level names to ../../build/gps_goal_sender/gps_goal_sender.egg-info/top_level.txt
[3.823s] reading manifest file '../../build/gps_goal_sender/gps_goal_sender.egg-info/SOURCES.txt'
[3.825s] writing manifest file '../../build/gps_goal_sender/gps_goal_sender.egg-info/SOURCES.txt'
[3.826s] running build
[3.826s] running build_py
[3.827s] running install
[3.827s] running install_lib
[3.830s] running install_data
[3.830s] copying launch/gps_goal_sender.launch.py -> /home/atoz/ros2_ws/install/gps_goal_sender/share/gps_goal_sender/launch
[3.831s] running install_egg_info
[3.835s] removing '/home/atoz/ros2_ws/install/gps_goal_sender/lib/python3.10/site-packages/gps_goal_sender-0.0.1-py3.10.egg-info' (and everything under it)
[3.836s] Copying ../../build/gps_goal_sender/gps_goal_sender.egg-info to /home/atoz/ros2_ws/install/gps_goal_sender/lib/python3.10/site-packages/gps_goal_sender-0.0.1-py3.10.egg-info
[3.838s] running install_scripts
[3.884s] Installing send_nav_goal script to /home/atoz/ros2_ws/install/gps_goal_sender/bin
[3.885s] writing list of installed files to '/home/atoz/ros2_ws/build/gps_goal_sender/install.log'
[3.968s] Invoked command in '/home/atoz/ros2_ws/src/gps_goal_sender' returned '0': PYTHONPATH=/home/atoz/ros2_ws/build/gps_goal_sender/prefix_override:/usr/lib/python3/dist-packages/colcon_core/task/python/colcon_distutils_commands:/home/atoz/ros2_ws/install/gps_goal_sender/lib/python3.10/site-packages:${PYTHONPATH} /usr/bin/python3 -W ignore:setup.py install is deprecated -W ignore:easy_install command is deprecated setup.py egg_info --egg-base ../../build/gps_goal_sender build --build-base /home/atoz/ros2_ws/build/gps_goal_sender/build install --record /home/atoz/ros2_ws/build/gps_goal_sender/install.log --single-version-externally-managed install_data
