[0.692s] Invoking command in '/home/atoz/ros2_ws/build/livox_sdk2': /usr/bin/cmake /home/atoz/ros2_ws/src/Livox-SDK2 -DCMAKE_INSTALL_PREFIX=/home/atoz/ros2_ws/install/livox_sdk2
[2.420s] -- main project dir: /home/atoz/ros2_ws/src/Livox-SDK2
[2.420s] -- main project dir: /home/atoz/ros2_ws/src/Livox-SDK2/samples
[2.420s] -- Configuring done
[2.420s] -- Generating done
[2.420s] -- Build files have been written to: /home/atoz/ros2_ws/build/livox_sdk2
[2.420s] Invoked command in '/home/atoz/ros2_ws/build/livox_sdk2' returned '0': /usr/bin/cmake /home/atoz/ros2_ws/src/Livox-SDK2 -DCMAKE_INSTALL_PREFIX=/home/atoz/ros2_ws/install/livox_sdk2
[2.421s] Invoking command in '/home/atoz/ros2_ws/build/livox_sdk2': /usr/bin/cmake --build /home/atoz/ros2_ws/build/livox_sdk2 -- -j8 -l8
[2.510s] [35m[1mConsolidate compiler generated dependencies of target livox_lidar_sdk_shared[0m
[2.510s] [35m[1mConsolidate compiler generated dependencies of target livox_lidar_sdk_static[0m
[2.601s] [ 42%] Built target livox_lidar_sdk_static
[2.612s] [ 84%] Built target livox_lidar_sdk_shared
[2.631s] [35m[1mConsolidate compiler generated dependencies of target multi_lidars_upgrade[0m
[2.640s] [35m[1mConsolidate compiler generated dependencies of target livox_lidar_quick_start[0m
[2.655s] [35m[1mConsolidate compiler generated dependencies of target logger[0m
[2.661s] [35m[1mConsolidate compiler generated dependencies of target debug_point_cloud[0m
[2.684s] [ 86%] Built target multi_lidars_upgrade
[2.693s] [ 89%] Built target logger
[2.709s] [35m[1mConsolidate compiler generated dependencies of target lidar_cmd_observer[0m
[2.712s] [ 91%] Built target livox_lidar_quick_start
[2.718s] [ 93%] Built target debug_point_cloud
[2.731s] [35m[1mConsolidate compiler generated dependencies of target livox_lidar_rmc_time_sync[0m
[2.757s] [ 97%] Built target livox_lidar_rmc_time_sync
[2.769s] [100%] Built target lidar_cmd_observer
[2.801s] Invoked command in '/home/atoz/ros2_ws/build/livox_sdk2' returned '0': /usr/bin/cmake --build /home/atoz/ros2_ws/build/livox_sdk2 -- -j8 -l8
[2.822s] Invoking command in '/home/atoz/ros2_ws/build/livox_sdk2': /usr/bin/cmake --install /home/atoz/ros2_ws/build/livox_sdk2
[2.847s] -- Install configuration: ""
[2.847s] -- Up-to-date: /home/atoz/ros2_ws/install/livox_sdk2/lib/liblivox_lidar_sdk_static.a
[2.847s] -- Up-to-date: /home/atoz/ros2_ws/install/livox_sdk2/include/livox_lidar_def.h
[2.847s] -- Up-to-date: /home/atoz/ros2_ws/install/livox_sdk2/include/livox_lidar_api.h
[2.848s] -- Up-to-date: /home/atoz/ros2_ws/install/livox_sdk2/include/livox_lidar_cfg.h
[2.848s] -- Up-to-date: /home/atoz/ros2_ws/install/livox_sdk2/lib/liblivox_lidar_sdk_shared.so
[2.862s] Invoked command in '/home/atoz/ros2_ws/build/livox_sdk2' returned '0': /usr/bin/cmake --install /home/atoz/ros2_ws/build/livox_sdk2
