[0.039s] Invoking command in '/home/atoz/ros2_ws/build/livox_sdk2': /usr/bin/cmake /home/atoz/ros2_ws/src/Livox-SDK2 -DCMAKE_INSTALL_PREFIX=/home/atoz/ros2_ws/install/livox_sdk2
[0.597s] -- main project dir: /home/atoz/ros2_ws/src/Livox-SDK2
[0.597s] -- main project dir: /home/atoz/ros2_ws/src/Livox-SDK2/samples
[0.597s] -- Configuring done
[0.597s] -- Generating done
[0.597s] -- Build files have been written to: /home/atoz/ros2_ws/build/livox_sdk2
[1.102s] Invoked command in '/home/atoz/ros2_ws/build/livox_sdk2' returned '0': /usr/bin/cmake /home/atoz/ros2_ws/src/Livox-SDK2 -DCMAKE_INSTALL_PREFIX=/home/atoz/ros2_ws/install/livox_sdk2
[1.106s] Invoking command in '/home/atoz/ros2_ws/build/livox_sdk2': /usr/bin/cmake --build /home/atoz/ros2_ws/build/livox_sdk2 -- -j8 -l8
[1.189s] [35m[1mConsolidate compiler generated dependencies of target livox_lidar_sdk_shared[0m
[1.189s] [35m[1mConsolidate compiler generated dependencies of target livox_lidar_sdk_static[0m
[1.275s] [ 42%] Built target livox_lidar_sdk_shared
[1.280s] [ 84%] Built target livox_lidar_sdk_static
[1.298s] [35m[1mConsolidate compiler generated dependencies of target livox_lidar_quick_start[0m
[1.298s] [35m[1mConsolidate compiler generated dependencies of target lidar_cmd_observer[0m
[1.300s] [35m[1mConsolidate compiler generated dependencies of target multi_lidars_upgrade[0m
[1.301s] [35m[1mConsolidate compiler generated dependencies of target livox_lidar_rmc_time_sync[0m
[1.304s] [35m[1mConsolidate compiler generated dependencies of target debug_point_cloud[0m
[1.304s] [35m[1mConsolidate compiler generated dependencies of target logger[0m
[1.328s] [ 89%] Built target multi_lidars_upgrade
[1.328s] [ 89%] Built target logger
[1.329s] [ 92%] Built target lidar_cmd_observer
[1.330s] [ 95%] Built target livox_lidar_rmc_time_sync
[1.331s] [ 97%] Built target livox_lidar_quick_start
[1.342s] [100%] Built target debug_point_cloud
[1.369s] Invoked command in '/home/atoz/ros2_ws/build/livox_sdk2' returned '0': /usr/bin/cmake --build /home/atoz/ros2_ws/build/livox_sdk2 -- -j8 -l8
[1.390s] Invoking command in '/home/atoz/ros2_ws/build/livox_sdk2': /usr/bin/cmake --install /home/atoz/ros2_ws/build/livox_sdk2
[1.404s] -- Install configuration: ""
[1.404s] -- Up-to-date: /home/atoz/ros2_ws/install/livox_sdk2/lib/liblivox_lidar_sdk_static.a
[1.404s] -- Up-to-date: /home/atoz/ros2_ws/install/livox_sdk2/include/livox_lidar_def.h
[1.404s] -- Up-to-date: /home/atoz/ros2_ws/install/livox_sdk2/include/livox_lidar_api.h
[1.404s] -- Up-to-date: /home/atoz/ros2_ws/install/livox_sdk2/include/livox_lidar_cfg.h
[1.405s] -- Up-to-date: /home/atoz/ros2_ws/install/livox_sdk2/lib/liblivox_lidar_sdk_shared.so
[1.411s] Invoked command in '/home/atoz/ros2_ws/build/livox_sdk2' returned '0': /usr/bin/cmake --install /home/atoz/ros2_ws/build/livox_sdk2
