[1.243s] Invoking command in '/home/atoz/ros2_ws/build/gps_goal_sender': PYTHONPATH=/home/atoz/ros2_ws/build/gps_goal_sender/prefix_override:/usr/lib/python3/dist-packages/colcon_core/task/python/colcon_distutils_commands:/home/atoz/ros2_ws/install/gps_goal_sender/lib/python3.10/site-packages:${PYTHONPATH} /usr/bin/python3 -W ignore:setup.py install is deprecated -W ignore:easy_install command is deprecated setup.py develop --editable --build-directory /home/atoz/ros2_ws/build/gps_goal_sender/build --no-deps symlink_data
[1.769s] running develop
[2.103s] running egg_info
[2.103s] creating gps_goal_sender.egg-info
[2.103s] writing gps_goal_sender.egg-info/PKG-INFO
[2.104s] writing dependency_links to gps_goal_sender.egg-info/dependency_links.txt
[2.104s] writing entry points to gps_goal_sender.egg-info/entry_points.txt
[2.104s] writing requirements to gps_goal_sender.egg-info/requires.txt
[2.105s] writing top-level names to gps_goal_sender.egg-info/top_level.txt
[2.105s] writing manifest file 'gps_goal_sender.egg-info/SOURCES.txt'
[2.108s] reading manifest file 'gps_goal_sender.egg-info/SOURCES.txt'
[2.109s] writing manifest file 'gps_goal_sender.egg-info/SOURCES.txt'
[2.112s] running build_ext
[2.112s] Creating /home/atoz/ros2_ws/install/gps_goal_sender/lib/python3.10/site-packages/gps-goal-sender.egg-link (link to .)
[2.114s] Installing send_nav_goal script to /home/atoz/ros2_ws/install/gps_goal_sender/bin
[2.114s] 
[2.115s] Installed /home/atoz/ros2_ws/build/gps_goal_sender
[2.115s] running symlink_data
[2.115s] creating /home/atoz/ros2_ws/install/gps_goal_sender/share/ament_index
[2.116s] creating /home/atoz/ros2_ws/install/gps_goal_sender/share/ament_index/resource_index
[2.116s] creating /home/atoz/ros2_ws/install/gps_goal_sender/share/ament_index/resource_index/packages
[2.116s] symbolically linking /home/atoz/ros2_ws/build/gps_goal_sender/resource/gps_goal_sender -> /home/atoz/ros2_ws/install/gps_goal_sender/share/ament_index/resource_index/packages
[2.116s] symbolically linking /home/atoz/ros2_ws/build/gps_goal_sender/package.xml -> /home/atoz/ros2_ws/install/gps_goal_sender/share/gps_goal_sender
[2.116s] creating /home/atoz/ros2_ws/install/gps_goal_sender/share/gps_goal_sender/config
[2.117s] symbolically linking /home/atoz/ros2_ws/build/gps_goal_sender/gps_goal_sender/config/datum.yaml -> /home/atoz/ros2_ws/install/gps_goal_sender/share/gps_goal_sender/config
[2.117s] creating /home/atoz/ros2_ws/install/gps_goal_sender/share/gps_goal_sender/launch
[2.117s] symbolically linking /home/atoz/ros2_ws/build/gps_goal_sender/launch/gps_goal_sender.launch.py -> /home/atoz/ros2_ws/install/gps_goal_sender/share/gps_goal_sender/launch
[2.194s] Invoked command in '/home/atoz/ros2_ws/build/gps_goal_sender' returned '0': PYTHONPATH=/home/atoz/ros2_ws/build/gps_goal_sender/prefix_override:/usr/lib/python3/dist-packages/colcon_core/task/python/colcon_distutils_commands:/home/atoz/ros2_ws/install/gps_goal_sender/lib/python3.10/site-packages:${PYTHONPATH} /usr/bin/python3 -W ignore:setup.py install is deprecated -W ignore:easy_install command is deprecated setup.py develop --editable --build-directory /home/atoz/ros2_ws/build/gps_goal_sender/build --no-deps symlink_data
