[0.044s] Invoking command in '/home/atoz/ros2_ws/build/livox_ros_driver2': CMAKE_PREFIX_PATH=/opt/ros/humble /usr/bin/cmake /home/atoz/ros2_ws/src/livox_ros_driver2 -DROS_EDITION=ROS2 -DHUMBLE_ROS=humble -DCMAKE_INSTALL_PREFIX=/home/atoz/ros2_ws/install/livox_ros_driver2
[0.594s] -- The C compiler identification is GNU 11.4.0
[0.595s] -- The CXX compiler identification is GNU 11.4.0
[0.596s] -- Detecting C compiler ABI info
[0.597s] -- Detecting C compiler ABI info - done
[0.599s] -- Check for working C compiler: /usr/bin/cc - skipped
[0.599s] -- Detecting C compile features
[0.599s] -- Detecting C compile features - done
[0.607s] -- Detecting CXX compiler ABI info
[0.752s] -- Detecting CXX compiler ABI info - done
[0.778s] -- Check for working CXX compiler: /usr/bin/c++ - skipped
[0.779s] -- Detecting CXX compile features
[0.781s] -- Detecting CXX compile features - done
[0.784s] -- livox_ros_driver2 version: 1.2.4
[0.789s] -- Found ament_cmake_auto: 1.3.12 (/opt/ros/humble/share/ament_cmake_auto/cmake)
[1.103s] -- Found Python3: /usr/bin/python3 (found version "3.10.12") found components: Interpreter 
[1.691s] -- Using all available rosidl_typesupport_c: rosidl_typesupport_fastrtps_c;rosidl_typesupport_introspection_c
[1.728s] -- Found rosidl_adapter: 3.1.7 (/opt/ros/humble/share/rosidl_adapter/cmake)
[1.911s] -- Using all available rosidl_typesupport_cpp: rosidl_typesupport_fastrtps_cpp;rosidl_typesupport_introspection_cpp
[2.410s] -- Found rmw_implementation_cmake: 6.1.2 (/opt/ros/humble/share/rmw_implementation_cmake/cmake)
[2.430s] -- Found rmw_fastrtps_cpp: 6.2.8 (/opt/ros/humble/share/rmw_fastrtps_cpp/cmake)
[3.020s] -- Found OpenSSL: /usr/lib/aarch64-linux-gnu/libcrypto.so (found version "3.0.2")  
[3.173s] -- Found FastRTPS: /opt/ros/humble/include  
[3.377s] -- Using RMW implementation 'rmw_fastrtps_cpp' as default
[3.422s] -- Looking for pthread.h
[3.978s] -- Looking for pthread.h - found
[3.979s] -- Performing Test CMAKE_HAVE_LIBC_PTHREAD
[4.431s] -- Performing Test CMAKE_HAVE_LIBC_PTHREAD - Success
[4.431s] -- Found Threads: TRUE  
[5.303s] -- Checking for module 'eigen3'
[5.411s] --   Found eigen3, version 3.4.0
[5.685s] -- Found Eigen: /usr/include/eigen3 (Required is at least version "3.1") 
[5.685s] -- Eigen found (include: /usr/include/eigen3, version: 3.4.0)
[5.846s] -- Checking for module 'flann'
[5.944s] --   Found flann, version 1.9.1
[6.205s] -- Found FLANN: /usr/lib/aarch64-linux-gnu/libflann_cpp.so  
[6.206s] -- FLANN found (include: /usr/include, lib: /usr/lib/aarch64-linux-gnu/libflann_cpp.so)
[11.544s] -- Checking for module 'libusb-1.0'
[11.629s] --   Found libusb-1.0, version 1.0.25
[11.866s] -- Found libusb: /usr/lib/aarch64-linux-gnu/libusb-1.0.so  
[11.873s] -- OpenNI found (version: 1.5.4.0, include: /usr/include/ni, lib: /usr/lib/libOpenNI.so;libusb::libusb)
[12.330s] -- OpenNI2 found (version: 2.2.0.33, include: /usr/include/openni2, lib: /usr/lib/aarch64-linux-gnu/libOpenNI2.so;libusb::libusb)
[12.780s] -- Eigen found (include: /usr/include/eigen3, version: 3.4.0)
[12.810s] -- OpenNI found (version: 1.5.4.0, include: /usr/include/ni, lib: /usr/lib/libOpenNI.so;libusb::libusb)
[12.836s] -- OpenNI2 found (version: 2.2.0.33, include: /usr/include/openni2, lib: /usr/lib/aarch64-linux-gnu/libOpenNI2.so;libusb::libusb)
[13.344s] -- Found Qhull version 8.0.2
[13.736s] -- OpenNI found (version: 1.5.4.0, include: /usr/include/ni, lib: /usr/lib/libOpenNI.so;libusb::libusb)
[14.394s] -- Found PCL_COMMON: /usr/lib/aarch64-linux-gnu/libpcl_common.so  
[14.397s] -- Found PCL_KDTREE: /usr/lib/aarch64-linux-gnu/libpcl_kdtree.so  
[14.399s] -- Found PCL_OCTREE: /usr/lib/aarch64-linux-gnu/libpcl_octree.so  
[14.402s] -- Found PCL_SEARCH: /usr/lib/aarch64-linux-gnu/libpcl_search.so  
[14.404s] -- Found PCL_SAMPLE_CONSENSUS: /usr/lib/aarch64-linux-gnu/libpcl_sample_consensus.so  
[14.422s] -- Found PCL_FILTERS: /usr/lib/aarch64-linux-gnu/libpcl_filters.so  
[14.423s] -- Found PCL_2D: /usr/include/pcl-1.12  
[14.423s] -- Found PCL_GEOMETRY: /usr/include/pcl-1.12  
[14.426s] -- Found PCL_IO: /usr/lib/aarch64-linux-gnu/libpcl_io.so  
[14.428s] -- Found PCL_FEATURES: /usr/lib/aarch64-linux-gnu/libpcl_features.so  
[14.431s] -- Found PCL_ML: /usr/lib/aarch64-linux-gnu/libpcl_ml.so  
[14.433s] -- Found PCL_SEGMENTATION: /usr/lib/aarch64-linux-gnu/libpcl_segmentation.so  
[14.453s] -- Found PCL_VISUALIZATION: /usr/lib/aarch64-linux-gnu/libpcl_visualization.so  
[14.456s] -- Found PCL_SURFACE: /usr/lib/aarch64-linux-gnu/libpcl_surface.so  
[14.459s] -- Found PCL_REGISTRATION: /usr/lib/aarch64-linux-gnu/libpcl_registration.so  
[14.461s] -- Found PCL_KEYPOINTS: /usr/lib/aarch64-linux-gnu/libpcl_keypoints.so  
[14.463s] -- Found PCL_TRACKING: /usr/lib/aarch64-linux-gnu/libpcl_tracking.so  
[14.466s] -- Found PCL_RECOGNITION: /usr/lib/aarch64-linux-gnu/libpcl_recognition.so  
[14.486s] -- Found PCL_STEREO: /usr/lib/aarch64-linux-gnu/libpcl_stereo.so  
[14.489s] -- Found PCL_APPS: /usr/lib/aarch64-linux-gnu/libpcl_apps.so  
[14.492s] -- Found PCL_IN_HAND_SCANNER: /usr/include/pcl-1.12  
[14.494s] -- Found PCL_MODELER: /usr/include/pcl-1.12  
[14.503s] -- Found PCL_POINT_CLOUD_EDITOR: /usr/include/pcl-1.12  
[14.508s] -- Found PCL_OUTOFCORE: /usr/lib/aarch64-linux-gnu/libpcl_outofcore.so  
[14.512s] -- Found PCL_PEOPLE: /usr/lib/aarch64-linux-gnu/libpcl_people.so  
[14.680s] -- Found PkgConfig: /usr/bin/pkg-config (found version "0.29.2") 
[14.682s] -- Checking for module 'apr-1'
[14.695s] --   No package 'apr-1' found
[15.860s] -- Found ament_cmake_ros: 0.10.0 (/opt/ros/humble/share/ament_cmake_ros/cmake)
[17.113s] -- Using all available rosidl_typesupport_c: rosidl_typesupport_fastrtps_c;rosidl_typesupport_introspection_c
[18.433s] -- Using all available rosidl_typesupport_cpp: rosidl_typesupport_fastrtps_cpp;rosidl_typesupport_introspection_cpp
[18.564s] -- Found PythonInterp: /usr/bin/python3 (found suitable version "3.10.12", minimum required is "3.6") 
[18.568s] -- Found python_cmake_module: 0.10.0 (/opt/ros/humble/share/python_cmake_module/cmake)
[18.656s] -- Found PythonLibs: /usr/lib/aarch64-linux-gnu/libpython3.10.so (found suitable version "3.10.12", minimum required is "3.5") 
[18.656s] -- Using PYTHON_EXECUTABLE: /usr/bin/python3
[18.656s] -- Using PYTHON_INCLUDE_DIRS: /usr/include/python3.10
[18.656s] -- Using PYTHON_LIBRARIES: /usr/lib/aarch64-linux-gnu/libpython3.10.so
[18.774s] -- Found PythonExtra: .so  
[19.084s] -- Found ament_lint_auto: 0.12.14 (/opt/ros/humble/share/ament_lint_auto/cmake)
[19.202s] -- Added test 'copyright' to check source files copyright and LICENSE
[19.218s] -- Added test 'cppcheck' to perform static code analysis on C / C++ code
[19.219s] -- Configured cppcheck include dirs: /home/atoz/ros2_ws/src/livox_ros_driver2/3rdparty;/home/atoz/ros2_ws/src/livox_ros_driver2/src
[19.219s] -- Configured cppcheck exclude dirs and/or files: 
[19.246s] -- Added test 'cpplint' to check C / C++ code against the Google style
[19.246s] -- Configured cpplint exclude dirs and/or files: 
[19.257s] -- Added test 'flake8' to check Python code syntax and style conventions
[19.282s] -- Added test 'lint_cmake' to check CMake code style
[19.285s] -- Added test 'pep257' to check Python code against some of the docstring style conventions in PEP 257
[19.298s] -- Added test 'uncrustify' to check C / C++ code style
[19.298s] -- Configured uncrustify additional arguments: 
[19.316s] -- Added test 'xmllint' to check XML markup files
[19.326s] -- Configuring done
[19.673s] -- Generating done
[19.749s] -- Build files have been written to: /home/atoz/ros2_ws/build/livox_ros_driver2
[19.836s] Invoked command in '/home/atoz/ros2_ws/build/livox_ros_driver2' returned '0': CMAKE_PREFIX_PATH=/opt/ros/humble /usr/bin/cmake /home/atoz/ros2_ws/src/livox_ros_driver2 -DROS_EDITION=ROS2 -DHUMBLE_ROS=humble -DCMAKE_INSTALL_PREFIX=/home/atoz/ros2_ws/install/livox_ros_driver2
[19.837s] Invoking command in '/home/atoz/ros2_ws/build/livox_ros_driver2': CMAKE_PREFIX_PATH=/opt/ros/humble /usr/bin/cmake --build /home/atoz/ros2_ws/build/livox_ros_driver2 -- -j8 -l8
[19.968s] [  1%] [34m[1mGenerating C code for ROS interfaces[0m
[20.053s] [  3%] [34m[1mGenerating C++ code for ROS interfaces[0m
[20.057s] [  5%] [32mBuilding CXX object CMakeFiles/livox_ros_driver2_node.dir/rclcpp_components/node_main_livox_ros_driver2_node.cpp.o[0m
[20.136s] [  5%] Built target ament_cmake_python_copy_livox_ros_driver2
[20.853s] running egg_info
[20.856s] creating livox_ros_driver2.egg-info
[20.857s] writing livox_ros_driver2.egg-info/PKG-INFO
[20.858s] writing dependency_links to livox_ros_driver2.egg-info/dependency_links.txt
[20.859s] writing top-level names to livox_ros_driver2.egg-info/top_level.txt
[20.860s] writing manifest file 'livox_ros_driver2.egg-info/SOURCES.txt'
[20.865s] reading manifest file 'livox_ros_driver2.egg-info/SOURCES.txt'
[20.867s] writing manifest file 'livox_ros_driver2.egg-info/SOURCES.txt'
[20.993s] [  5%] Built target ament_cmake_python_build_livox_ros_driver2_egg
[21.673s] [  7%] [32mBuilding C object CMakeFiles/livox_interfaces2__rosidl_generator_c.dir/rosidl_generator_c/livox_ros_driver2/msg/detail/custom_point__functions.c.o[0m
[21.678s] [  8%] [32mBuilding C object CMakeFiles/livox_interfaces2__rosidl_generator_c.dir/rosidl_generator_c/livox_ros_driver2/msg/detail/custom_msg__functions.c.o[0m
[21.989s] [ 10%] [32m[1mLinking C shared library liblivox_ros_driver2__rosidl_generator_c.so[0m
[21.993s] [ 10%] Built target livox_interfaces2__cpp
[22.058s] [ 12%] [34m[1mGenerating C++ type support dispatch for ROS interfaces[0m
[22.077s] [ 14%] [34m[1mGenerating C++ type support for eProsima Fast-RTPS[0m
[22.093s] [ 15%] [34m[1mGenerating C++ introspection for ROS interfaces[0m
[22.195s] [ 15%] Built target livox_interfaces2__rosidl_generator_c
[22.276s] [ 19%] [34m[1mGenerating C type support for eProsima Fast-RTPS[0m
[22.285s] [ 21%] [34m[1mGenerating C introspection for ROS interfaces[0m
[22.291s] [ 19%] [34m[1mGenerating C type support dispatch for ROS interfaces[0m
[23.946s] [ 22%] [32mBuilding CXX object CMakeFiles/livox_interfaces2__rosidl_typesupport_c.dir/rosidl_typesupport_c/livox_ros_driver2/msg/custom_point__type_support.cpp.o[0m
[24.030s] [ 24%] [32mBuilding CXX object CMakeFiles/livox_interfaces2__rosidl_typesupport_c.dir/rosidl_typesupport_c/livox_ros_driver2/msg/custom_msg__type_support.cpp.o[0m
[24.089s] [ 26%] [32mBuilding CXX object CMakeFiles/livox_interfaces2__rosidl_typesupport_fastrtps_cpp.dir/rosidl_typesupport_fastrtps_cpp/livox_ros_driver2/msg/detail/dds_fastrtps/custom_point__type_support.cpp.o[0m
[24.173s] [ 28%] [32mBuilding CXX object CMakeFiles/livox_interfaces2__rosidl_typesupport_fastrtps_cpp.dir/rosidl_typesupport_fastrtps_cpp/livox_ros_driver2/msg/detail/dds_fastrtps/custom_msg__type_support.cpp.o[0m
[24.229s] [ 29%] [32m[1mLinking CXX shared library liblivox_ros_driver2__rosidl_typesupport_c.so[0m
[24.334s] [ 31%] [32mBuilding C object CMakeFiles/livox_interfaces2__rosidl_typesupport_introspection_c.dir/rosidl_typesupport_introspection_c/livox_ros_driver2/msg/detail/custom_point__type_support.c.o[0m
[24.339s] [ 33%] [32mBuilding CXX object CMakeFiles/livox_interfaces2__rosidl_typesupport_fastrtps_c.dir/rosidl_typesupport_fastrtps_c/livox_ros_driver2/msg/detail/custom_point__type_support_c.cpp.o[0m
[24.350s] [ 35%] [32mBuilding CXX object CMakeFiles/livox_interfaces2__rosidl_typesupport_cpp.dir/rosidl_typesupport_cpp/livox_ros_driver2/msg/custom_point__type_support.cpp.o[0m
[24.470s] [ 35%] Built target livox_interfaces2__rosidl_typesupport_c
[24.500s] [ 36%] [32mBuilding CXX object CMakeFiles/livox_interfaces2__rosidl_typesupport_introspection_cpp.dir/rosidl_typesupport_introspection_cpp/livox_ros_driver2/msg/detail/custom_point__type_support.cpp.o[0m
[24.505s] [ 38%] [32mBuilding C object CMakeFiles/livox_interfaces2__rosidl_typesupport_introspection_c.dir/rosidl_typesupport_introspection_c/livox_ros_driver2/msg/detail/custom_msg__type_support.c.o[0m
[24.533s] [ 40%] [32mBuilding CXX object CMakeFiles/livox_interfaces2__rosidl_typesupport_introspection_cpp.dir/rosidl_typesupport_introspection_cpp/livox_ros_driver2/msg/detail/custom_msg__type_support.cpp.o[0m
[24.778s] [ 42%] [32m[1mLinking C shared library liblivox_ros_driver2__rosidl_typesupport_introspection_c.so[0m
[24.969s] [ 42%] Built target livox_interfaces2__rosidl_typesupport_introspection_c
[25.044s] [ 43%] [32mBuilding CXX object CMakeFiles/livox_interfaces2__rosidl_typesupport_cpp.dir/rosidl_typesupport_cpp/livox_ros_driver2/msg/custom_msg__type_support.cpp.o[0m
[25.646s] [ 45%] [32mBuilding CXX object CMakeFiles/livox_interfaces2__rosidl_typesupport_fastrtps_c.dir/rosidl_typesupport_fastrtps_c/livox_ros_driver2/msg/detail/custom_msg__type_support_c.cpp.o[0m
[26.405s] [ 47%] [32m[1mLinking CXX shared library liblivox_ros_driver2__rosidl_typesupport_cpp.so[0m
[26.433s] [ 49%] [32m[1mLinking CXX shared library liblivox_ros_driver2__rosidl_typesupport_fastrtps_cpp.so[0m
[26.629s] [ 50%] [32m[1mLinking CXX shared library liblivox_ros_driver2__rosidl_typesupport_introspection_cpp.so[0m
[26.653s] [ 50%] Built target livox_interfaces2__rosidl_typesupport_cpp
[26.830s] [ 52%] [32mBuilding CXX object CMakeFiles/livox_ros_driver2.dir/src/livox_ros_driver2.cpp.o[0m
[26.846s] [ 56%] [32mBuilding CXX object CMakeFiles/livox_ros_driver2.dir/src/lddc.cpp.o[0m
[26.846s] [ 56%] [32mBuilding CXX object CMakeFiles/livox_ros_driver2.dir/src/driver_node.cpp.o[0m
[26.862s] [ 56%] Built target livox_interfaces2__rosidl_typesupport_fastrtps_cpp
[26.863s] [ 57%] [32mBuilding CXX object CMakeFiles/livox_ros_driver2.dir/src/lds.cpp.o[0m
[26.997s] [ 59%] [32m[1mLinking CXX shared library liblivox_ros_driver2__rosidl_typesupport_fastrtps_c.so[0m
[27.001s] [ 61%] [32mBuilding CXX object CMakeFiles/livox_ros_driver2.dir/src/lds_lidar.cpp.o[0m
[27.029s] [ 61%] Built target livox_interfaces2__rosidl_typesupport_introspection_cpp
[27.089s] [ 63%] [32mBuilding CXX object CMakeFiles/livox_ros_driver2.dir/src/comm/comm.cpp.o[0m
[27.343s] [ 63%] Built target livox_interfaces2__rosidl_typesupport_fastrtps_c
[27.497s] [ 63%] Built target livox_interfaces2
[27.644s] [ 64%] [34m[1mGenerating Python code for ROS interfaces[0m
[29.969s] [ 66%] [32mBuilding CXX object CMakeFiles/livox_ros_driver2.dir/src/comm/ldq.cpp.o[0m
[30.368s] [ 68%] [32mBuilding CXX object CMakeFiles/livox_ros_driver2.dir/src/comm/semaphore.cpp.o[0m
[31.782s] [ 70%] [32mBuilding CXX object CMakeFiles/livox_ros_driver2.dir/src/comm/lidar_imu_data_queue.cpp.o[0m
[31.873s] [ 70%] Built target livox_interfaces2__py
[32.044s] [ 71%] [32mBuilding C object CMakeFiles/livox_interfaces2__rosidl_generator_py.dir/rosidl_generator_py/livox_ros_driver2/msg/_custom_point_s.c.o[0m
[32.133s] [ 73%] [32mBuilding CXX object CMakeFiles/livox_ros_driver2.dir/src/comm/cache_index.cpp.o[0m
[32.672s] [ 75%] [32mBuilding C object CMakeFiles/livox_interfaces2__rosidl_generator_py.dir/rosidl_generator_py/livox_ros_driver2/msg/_custom_msg_s.c.o[0m
[33.029s] [ 77%] [32mBuilding CXX object CMakeFiles/livox_ros_driver2.dir/src/comm/pub_handler.cpp.o[0m
[33.236s] [ 78%] [32m[1mLinking C shared library rosidl_generator_py/livox_ros_driver2/liblivox_interfaces2__rosidl_generator_py.so[0m
[33.537s] [ 78%] Built target livox_interfaces2__rosidl_generator_py
[33.612s] [ 80%] [32mBuilding CXX object CMakeFiles/livox_ros_driver2.dir/src/parse_cfg_file/parse_cfg_file.cpp.o[0m
[33.869s] [ 82%] [32mBuilding CXX object CMakeFiles/livox_ros_driver2.dir/src/parse_cfg_file/parse_livox_lidar_cfg.cpp.o[0m
[35.453s] [ 84%] [32mBuilding CXX object CMakeFiles/livox_ros_driver2.dir/src/call_back/lidar_common_callback.cpp.o[0m
[36.881s] [ 85%] [32m[1mLinking CXX executable livox_ros_driver2_node[0m
[37.573s] [ 85%] Built target livox_ros_driver2_node
[37.765s] [ 87%] [32mBuilding C object CMakeFiles/livox_ros_driver2__rosidl_typesupport_fastrtps_c__pyext.dir/rosidl_generator_py/livox_ros_driver2/_livox_ros_driver2_s.ep.rosidl_typesupport_fastrtps_c.c.o[0m
[38.014s] [ 89%] [32mBuilding CXX object CMakeFiles/livox_ros_driver2.dir/src/call_back/livox_lidar_callback.cpp.o[0m
[38.266s] [ 91%] [32m[1mLinking C shared library rosidl_generator_py/livox_ros_driver2/livox_ros_driver2_s__rosidl_typesupport_fastrtps_c.cpython-310-aarch64-linux-gnu.so[0m
[38.514s] [ 91%] Built target livox_ros_driver2__rosidl_typesupport_fastrtps_c__pyext
[38.673s] [ 92%] [32mBuilding C object CMakeFiles/livox_ros_driver2__rosidl_typesupport_introspection_c__pyext.dir/rosidl_generator_py/livox_ros_driver2/_livox_ros_driver2_s.ep.rosidl_typesupport_introspection_c.c.o[0m
[38.845s] [ 94%] [32mBuilding C object CMakeFiles/livox_ros_driver2__rosidl_typesupport_c__pyext.dir/rosidl_generator_py/livox_ros_driver2/_livox_ros_driver2_s.ep.rosidl_typesupport_c.c.o[0m
[39.160s] [ 96%] [32m[1mLinking C shared library rosidl_generator_py/livox_ros_driver2/livox_ros_driver2_s__rosidl_typesupport_introspection_c.cpython-310-aarch64-linux-gnu.so[0m
[39.358s] [ 98%] [32m[1mLinking C shared library rosidl_generator_py/livox_ros_driver2/livox_ros_driver2_s__rosidl_typesupport_c.cpython-310-aarch64-linux-gnu.so[0m
[39.429s] [ 98%] Built target livox_ros_driver2__rosidl_typesupport_introspection_c__pyext
[39.629s] [ 98%] Built target livox_ros_driver2__rosidl_typesupport_c__pyext
[57.197s] [100%] [32m[1mLinking CXX shared library liblivox_ros_driver2.so[0m
[59.187s] [100%] Built target livox_ros_driver2
[59.213s] Invoked command in '/home/atoz/ros2_ws/build/livox_ros_driver2' returned '0': CMAKE_PREFIX_PATH=/opt/ros/humble /usr/bin/cmake --build /home/atoz/ros2_ws/build/livox_ros_driver2 -- -j8 -l8
[59.235s] Invoking command in '/home/atoz/ros2_ws/build/livox_ros_driver2': CMAKE_PREFIX_PATH=/opt/ros/humble /usr/bin/cmake --install /home/atoz/ros2_ws/build/livox_ros_driver2
[59.251s] -- Install configuration: ""
[59.251s] -- Installing: /home/atoz/ros2_ws/install/livox_ros_driver2/share/ament_index/resource_index/rosidl_interfaces/livox_ros_driver2
[59.251s] -- Installing: /home/atoz/ros2_ws/install/livox_ros_driver2/include/livox_ros_driver2/livox_ros_driver2
[59.252s] -- Installing: /home/atoz/ros2_ws/install/livox_ros_driver2/include/livox_ros_driver2/livox_ros_driver2/msg
[59.252s] -- Installing: /home/atoz/ros2_ws/install/livox_ros_driver2/include/livox_ros_driver2/livox_ros_driver2/msg/custom_msg.h
[59.252s] -- Installing: /home/atoz/ros2_ws/install/livox_ros_driver2/include/livox_ros_driver2/livox_ros_driver2/msg/rosidl_generator_c__visibility_control.h
[59.252s] -- Installing: /home/atoz/ros2_ws/install/livox_ros_driver2/include/livox_ros_driver2/livox_ros_driver2/msg/custom_point.h
[59.252s] -- Installing: /home/atoz/ros2_ws/install/livox_ros_driver2/include/livox_ros_driver2/livox_ros_driver2/msg/detail
[59.253s] -- Installing: /home/atoz/ros2_ws/install/livox_ros_driver2/include/livox_ros_driver2/livox_ros_driver2/msg/detail/custom_point__type_support.h
[59.253s] -- Installing: /home/atoz/ros2_ws/install/livox_ros_driver2/include/livox_ros_driver2/livox_ros_driver2/msg/detail/custom_msg__functions.c
[59.253s] -- Installing: /home/atoz/ros2_ws/install/livox_ros_driver2/include/livox_ros_driver2/livox_ros_driver2/msg/detail/custom_msg__type_support.h
[59.253s] -- Installing: /home/atoz/ros2_ws/install/livox_ros_driver2/include/livox_ros_driver2/livox_ros_driver2/msg/detail/custom_msg__functions.h
[59.253s] -- Installing: /home/atoz/ros2_ws/install/livox_ros_driver2/include/livox_ros_driver2/livox_ros_driver2/msg/detail/custom_point__functions.c
[59.254s] -- Installing: /home/atoz/ros2_ws/install/livox_ros_driver2/include/livox_ros_driver2/livox_ros_driver2/msg/detail/custom_point__functions.h
[59.254s] -- Installing: /home/atoz/ros2_ws/install/livox_ros_driver2/include/livox_ros_driver2/livox_ros_driver2/msg/detail/custom_msg__struct.h
[59.254s] -- Installing: /home/atoz/ros2_ws/install/livox_ros_driver2/include/livox_ros_driver2/livox_ros_driver2/msg/detail/custom_point__struct.h
[59.254s] -- Installing: /home/atoz/ros2_ws/install/livox_ros_driver2/share/livox_ros_driver2/environment/library_path.sh
[59.255s] -- Installing: /home/atoz/ros2_ws/install/livox_ros_driver2/share/livox_ros_driver2/environment/library_path.dsv
[59.255s] -- Installing: /home/atoz/ros2_ws/install/livox_ros_driver2/lib/liblivox_ros_driver2__rosidl_generator_c.so
[59.256s] -- Set runtime path of "/home/atoz/ros2_ws/install/livox_ros_driver2/lib/liblivox_ros_driver2__rosidl_generator_c.so" to ""
[59.256s] -- Up-to-date: /home/atoz/ros2_ws/install/livox_ros_driver2/include/livox_ros_driver2/livox_ros_driver2
[59.256s] -- Up-to-date: /home/atoz/ros2_ws/install/livox_ros_driver2/include/livox_ros_driver2/livox_ros_driver2/msg
[59.257s] -- Installing: /home/atoz/ros2_ws/install/livox_ros_driver2/include/livox_ros_driver2/livox_ros_driver2/msg/rosidl_typesupport_fastrtps_c__visibility_control.h
[59.257s] -- Up-to-date: /home/atoz/ros2_ws/install/livox_ros_driver2/include/livox_ros_driver2/livox_ros_driver2/msg/detail
[59.257s] -- Installing: /home/atoz/ros2_ws/install/livox_ros_driver2/include/livox_ros_driver2/livox_ros_driver2/msg/detail/custom_point__rosidl_typesupport_fastrtps_c.h
[59.257s] -- Installing: /home/atoz/ros2_ws/install/livox_ros_driver2/include/livox_ros_driver2/livox_ros_driver2/msg/detail/custom_msg__rosidl_typesupport_fastrtps_c.h
[59.257s] -- Installing: /home/atoz/ros2_ws/install/livox_ros_driver2/lib/liblivox_ros_driver2__rosidl_typesupport_fastrtps_c.so
[59.257s] -- Set runtime path of "/home/atoz/ros2_ws/install/livox_ros_driver2/lib/liblivox_ros_driver2__rosidl_typesupport_fastrtps_c.so" to ""
[59.258s] -- Up-to-date: /home/atoz/ros2_ws/install/livox_ros_driver2/include/livox_ros_driver2/livox_ros_driver2
[59.258s] -- Up-to-date: /home/atoz/ros2_ws/install/livox_ros_driver2/include/livox_ros_driver2/livox_ros_driver2/msg
[59.258s] -- Installing: /home/atoz/ros2_ws/install/livox_ros_driver2/include/livox_ros_driver2/livox_ros_driver2/msg/rosidl_typesupport_introspection_c__visibility_control.h
[59.258s] -- Up-to-date: /home/atoz/ros2_ws/install/livox_ros_driver2/include/livox_ros_driver2/livox_ros_driver2/msg/detail
[59.258s] -- Installing: /home/atoz/ros2_ws/install/livox_ros_driver2/include/livox_ros_driver2/livox_ros_driver2/msg/detail/custom_msg__type_support.c
[59.258s] -- Installing: /home/atoz/ros2_ws/install/livox_ros_driver2/include/livox_ros_driver2/livox_ros_driver2/msg/detail/custom_msg__rosidl_typesupport_introspection_c.h
[59.259s] -- Installing: /home/atoz/ros2_ws/install/livox_ros_driver2/include/livox_ros_driver2/livox_ros_driver2/msg/detail/custom_point__rosidl_typesupport_introspection_c.h
[59.259s] -- Installing: /home/atoz/ros2_ws/install/livox_ros_driver2/include/livox_ros_driver2/livox_ros_driver2/msg/detail/custom_point__type_support.c
[59.259s] -- Installing: /home/atoz/ros2_ws/install/livox_ros_driver2/lib/liblivox_ros_driver2__rosidl_typesupport_introspection_c.so
[59.260s] -- Set runtime path of "/home/atoz/ros2_ws/install/livox_ros_driver2/lib/liblivox_ros_driver2__rosidl_typesupport_introspection_c.so" to ""
[59.260s] -- Installing: /home/atoz/ros2_ws/install/livox_ros_driver2/lib/liblivox_ros_driver2__rosidl_typesupport_c.so
[59.260s] -- Set runtime path of "/home/atoz/ros2_ws/install/livox_ros_driver2/lib/liblivox_ros_driver2__rosidl_typesupport_c.so" to ""
[59.260s] -- Up-to-date: /home/atoz/ros2_ws/install/livox_ros_driver2/include/livox_ros_driver2/livox_ros_driver2
[59.261s] -- Up-to-date: /home/atoz/ros2_ws/install/livox_ros_driver2/include/livox_ros_driver2/livox_ros_driver2/msg
[59.261s] -- Up-to-date: /home/atoz/ros2_ws/install/livox_ros_driver2/include/livox_ros_driver2/livox_ros_driver2/msg/detail
[59.261s] -- Installing: /home/atoz/ros2_ws/install/livox_ros_driver2/include/livox_ros_driver2/livox_ros_driver2/msg/detail/custom_msg__traits.hpp
[59.261s] -- Installing: /home/atoz/ros2_ws/install/livox_ros_driver2/include/livox_ros_driver2/livox_ros_driver2/msg/detail/custom_point__type_support.hpp
[59.261s] -- Installing: /home/atoz/ros2_ws/install/livox_ros_driver2/include/livox_ros_driver2/livox_ros_driver2/msg/detail/custom_msg__type_support.hpp
[59.262s] -- Installing: /home/atoz/ros2_ws/install/livox_ros_driver2/include/livox_ros_driver2/livox_ros_driver2/msg/detail/custom_msg__builder.hpp
[59.262s] -- Installing: /home/atoz/ros2_ws/install/livox_ros_driver2/include/livox_ros_driver2/livox_ros_driver2/msg/detail/custom_point__builder.hpp
[59.262s] -- Installing: /home/atoz/ros2_ws/install/livox_ros_driver2/include/livox_ros_driver2/livox_ros_driver2/msg/detail/custom_msg__struct.hpp
[59.262s] -- Installing: /home/atoz/ros2_ws/install/livox_ros_driver2/include/livox_ros_driver2/livox_ros_driver2/msg/detail/custom_point__struct.hpp
[59.262s] -- Installing: /home/atoz/ros2_ws/install/livox_ros_driver2/include/livox_ros_driver2/livox_ros_driver2/msg/detail/custom_point__traits.hpp
[59.262s] -- Installing: /home/atoz/ros2_ws/install/livox_ros_driver2/include/livox_ros_driver2/livox_ros_driver2/msg/custom_msg.hpp
[59.263s] -- Installing: /home/atoz/ros2_ws/install/livox_ros_driver2/include/livox_ros_driver2/livox_ros_driver2/msg/rosidl_generator_cpp__visibility_control.hpp
[59.263s] -- Installing: /home/atoz/ros2_ws/install/livox_ros_driver2/include/livox_ros_driver2/livox_ros_driver2/msg/custom_point.hpp
[59.263s] -- Up-to-date: /home/atoz/ros2_ws/install/livox_ros_driver2/include/livox_ros_driver2/livox_ros_driver2
[59.263s] -- Up-to-date: /home/atoz/ros2_ws/install/livox_ros_driver2/include/livox_ros_driver2/livox_ros_driver2/msg
[59.263s] -- Installing: /home/atoz/ros2_ws/install/livox_ros_driver2/include/livox_ros_driver2/livox_ros_driver2/msg/rosidl_typesupport_fastrtps_cpp__visibility_control.h
[59.263s] -- Up-to-date: /home/atoz/ros2_ws/install/livox_ros_driver2/include/livox_ros_driver2/livox_ros_driver2/msg/detail
[59.264s] -- Installing: /home/atoz/ros2_ws/install/livox_ros_driver2/include/livox_ros_driver2/livox_ros_driver2/msg/detail/dds_fastrtps
[59.264s] -- Installing: /home/atoz/ros2_ws/install/livox_ros_driver2/include/livox_ros_driver2/livox_ros_driver2/msg/detail/custom_point__rosidl_typesupport_fastrtps_cpp.hpp
[59.264s] -- Installing: /home/atoz/ros2_ws/install/livox_ros_driver2/include/livox_ros_driver2/livox_ros_driver2/msg/detail/custom_msg__rosidl_typesupport_fastrtps_cpp.hpp
[59.264s] -- Installing: /home/atoz/ros2_ws/install/livox_ros_driver2/lib/liblivox_ros_driver2__rosidl_typesupport_fastrtps_cpp.so
[59.265s] -- Set runtime path of "/home/atoz/ros2_ws/install/livox_ros_driver2/lib/liblivox_ros_driver2__rosidl_typesupport_fastrtps_cpp.so" to ""
[59.265s] -- Up-to-date: /home/atoz/ros2_ws/install/livox_ros_driver2/include/livox_ros_driver2/livox_ros_driver2
[59.265s] -- Up-to-date: /home/atoz/ros2_ws/install/livox_ros_driver2/include/livox_ros_driver2/livox_ros_driver2/msg
[59.265s] -- Up-to-date: /home/atoz/ros2_ws/install/livox_ros_driver2/include/livox_ros_driver2/livox_ros_driver2/msg/detail
[59.266s] -- Installing: /home/atoz/ros2_ws/install/livox_ros_driver2/include/livox_ros_driver2/livox_ros_driver2/msg/detail/custom_msg__type_support.cpp
[59.266s] -- Installing: /home/atoz/ros2_ws/install/livox_ros_driver2/include/livox_ros_driver2/livox_ros_driver2/msg/detail/custom_point__rosidl_typesupport_introspection_cpp.hpp
[59.266s] -- Installing: /home/atoz/ros2_ws/install/livox_ros_driver2/include/livox_ros_driver2/livox_ros_driver2/msg/detail/custom_point__type_support.cpp
[59.266s] -- Installing: /home/atoz/ros2_ws/install/livox_ros_driver2/include/livox_ros_driver2/livox_ros_driver2/msg/detail/custom_msg__rosidl_typesupport_introspection_cpp.hpp
[59.266s] -- Installing: /home/atoz/ros2_ws/install/livox_ros_driver2/lib/liblivox_ros_driver2__rosidl_typesupport_introspection_cpp.so
[59.267s] -- Set runtime path of "/home/atoz/ros2_ws/install/livox_ros_driver2/lib/liblivox_ros_driver2__rosidl_typesupport_introspection_cpp.so" to ""
[59.267s] -- Installing: /home/atoz/ros2_ws/install/livox_ros_driver2/lib/liblivox_ros_driver2__rosidl_typesupport_cpp.so
[59.268s] -- Set runtime path of "/home/atoz/ros2_ws/install/livox_ros_driver2/lib/liblivox_ros_driver2__rosidl_typesupport_cpp.so" to ""
[59.268s] -- Installing: /home/atoz/ros2_ws/install/livox_ros_driver2/share/livox_ros_driver2/environment/pythonpath.sh
[59.268s] -- Installing: /home/atoz/ros2_ws/install/livox_ros_driver2/share/livox_ros_driver2/environment/pythonpath.dsv
[59.268s] -- Installing: /home/atoz/ros2_ws/install/livox_ros_driver2/local/lib/python3.10/dist-packages/livox_ros_driver2-1.0.0-py3.10.egg-info
[59.268s] -- Installing: /home/atoz/ros2_ws/install/livox_ros_driver2/local/lib/python3.10/dist-packages/livox_ros_driver2-1.0.0-py3.10.egg-info/dependency_links.txt
[59.269s] -- Installing: /home/atoz/ros2_ws/install/livox_ros_driver2/local/lib/python3.10/dist-packages/livox_ros_driver2-1.0.0-py3.10.egg-info/top_level.txt
[59.269s] -- Installing: /home/atoz/ros2_ws/install/livox_ros_driver2/local/lib/python3.10/dist-packages/livox_ros_driver2-1.0.0-py3.10.egg-info/PKG-INFO
[59.269s] -- Installing: /home/atoz/ros2_ws/install/livox_ros_driver2/local/lib/python3.10/dist-packages/livox_ros_driver2-1.0.0-py3.10.egg-info/SOURCES.txt
[59.269s] -- Installing: /home/atoz/ros2_ws/install/livox_ros_driver2/local/lib/python3.10/dist-packages/livox_ros_driver2
[59.269s] -- Installing: /home/atoz/ros2_ws/install/livox_ros_driver2/local/lib/python3.10/dist-packages/livox_ros_driver2/_livox_ros_driver2_s.ep.rosidl_typesupport_c.c
[59.270s] -- Installing: /home/atoz/ros2_ws/install/livox_ros_driver2/local/lib/python3.10/dist-packages/livox_ros_driver2/msg
[59.270s] -- Installing: /home/atoz/ros2_ws/install/livox_ros_driver2/local/lib/python3.10/dist-packages/livox_ros_driver2/msg/_custom_msg_s.c
[59.270s] -- Installing: /home/atoz/ros2_ws/install/livox_ros_driver2/local/lib/python3.10/dist-packages/livox_ros_driver2/msg/__init__.py
[59.271s] -- Installing: /home/atoz/ros2_ws/install/livox_ros_driver2/local/lib/python3.10/dist-packages/livox_ros_driver2/msg/_custom_point_s.c
[59.271s] -- Installing: /home/atoz/ros2_ws/install/livox_ros_driver2/local/lib/python3.10/dist-packages/livox_ros_driver2/msg/_custom_msg.py
[59.271s] -- Installing: /home/atoz/ros2_ws/install/livox_ros_driver2/local/lib/python3.10/dist-packages/livox_ros_driver2/msg/_custom_point.py
[59.271s] -- Installing: /home/atoz/ros2_ws/install/livox_ros_driver2/local/lib/python3.10/dist-packages/livox_ros_driver2/_livox_ros_driver2_s.ep.rosidl_typesupport_fastrtps_c.c
[59.271s] -- Installing: /home/atoz/ros2_ws/install/livox_ros_driver2/local/lib/python3.10/dist-packages/livox_ros_driver2/__init__.py
[59.271s] -- Installing: /home/atoz/ros2_ws/install/livox_ros_driver2/local/lib/python3.10/dist-packages/livox_ros_driver2/liblivox_interfaces2__rosidl_generator_py.so
[59.272s] -- Installing: /home/atoz/ros2_ws/install/livox_ros_driver2/local/lib/python3.10/dist-packages/livox_ros_driver2/livox_ros_driver2_s__rosidl_typesupport_c.cpython-310-aarch64-linux-gnu.so
[59.272s] -- Installing: /home/atoz/ros2_ws/install/livox_ros_driver2/local/lib/python3.10/dist-packages/livox_ros_driver2/_livox_ros_driver2_s.ep.rosidl_typesupport_introspection_c.c
[59.272s] -- Installing: /home/atoz/ros2_ws/install/livox_ros_driver2/local/lib/python3.10/dist-packages/livox_ros_driver2/livox_ros_driver2_s__rosidl_typesupport_introspection_c.cpython-310-aarch64-linux-gnu.so
[59.272s] -- Installing: /home/atoz/ros2_ws/install/livox_ros_driver2/local/lib/python3.10/dist-packages/livox_ros_driver2/livox_ros_driver2_s__rosidl_typesupport_fastrtps_c.cpython-310-aarch64-linux-gnu.so
[59.342s] Listing '/home/atoz/ros2_ws/install/livox_ros_driver2/local/lib/python3.10/dist-packages/livox_ros_driver2'...
[59.343s] Compiling '/home/atoz/ros2_ws/install/livox_ros_driver2/local/lib/python3.10/dist-packages/livox_ros_driver2/__init__.py'...
[59.343s] Listing '/home/atoz/ros2_ws/install/livox_ros_driver2/local/lib/python3.10/dist-packages/livox_ros_driver2/msg'...
[59.343s] Compiling '/home/atoz/ros2_ws/install/livox_ros_driver2/local/lib/python3.10/dist-packages/livox_ros_driver2/msg/__init__.py'...
[59.343s] Compiling '/home/atoz/ros2_ws/install/livox_ros_driver2/local/lib/python3.10/dist-packages/livox_ros_driver2/msg/_custom_msg.py'...
[59.343s] Compiling '/home/atoz/ros2_ws/install/livox_ros_driver2/local/lib/python3.10/dist-packages/livox_ros_driver2/msg/_custom_point.py'...
[59.355s] -- Installing: /home/atoz/ros2_ws/install/livox_ros_driver2/local/lib/python3.10/dist-packages/livox_ros_driver2/livox_ros_driver2_s__rosidl_typesupport_fastrtps_c.cpython-310-aarch64-linux-gnu.so
[59.355s] -- Set runtime path of "/home/atoz/ros2_ws/install/livox_ros_driver2/local/lib/python3.10/dist-packages/livox_ros_driver2/livox_ros_driver2_s__rosidl_typesupport_fastrtps_c.cpython-310-aarch64-linux-gnu.so" to ""
[59.356s] -- Installing: /home/atoz/ros2_ws/install/livox_ros_driver2/local/lib/python3.10/dist-packages/livox_ros_driver2/livox_ros_driver2_s__rosidl_typesupport_introspection_c.cpython-310-aarch64-linux-gnu.so
[59.356s] -- Set runtime path of "/home/atoz/ros2_ws/install/livox_ros_driver2/local/lib/python3.10/dist-packages/livox_ros_driver2/livox_ros_driver2_s__rosidl_typesupport_introspection_c.cpython-310-aarch64-linux-gnu.so" to ""
[59.356s] -- Installing: /home/atoz/ros2_ws/install/livox_ros_driver2/local/lib/python3.10/dist-packages/livox_ros_driver2/livox_ros_driver2_s__rosidl_typesupport_c.cpython-310-aarch64-linux-gnu.so
[59.357s] -- Set runtime path of "/home/atoz/ros2_ws/install/livox_ros_driver2/local/lib/python3.10/dist-packages/livox_ros_driver2/livox_ros_driver2_s__rosidl_typesupport_c.cpython-310-aarch64-linux-gnu.so" to ""
[59.357s] -- Installing: /home/atoz/ros2_ws/install/livox_ros_driver2/lib/liblivox_interfaces2__rosidl_generator_py.so
[59.358s] -- Set runtime path of "/home/atoz/ros2_ws/install/livox_ros_driver2/lib/liblivox_interfaces2__rosidl_generator_py.so" to ""
[59.358s] -- Installing: /home/atoz/ros2_ws/install/livox_ros_driver2/share/livox_ros_driver2/msg/CustomPoint.idl
[59.358s] -- Installing: /home/atoz/ros2_ws/install/livox_ros_driver2/share/livox_ros_driver2/msg/CustomMsg.idl
[59.358s] -- Installing: /home/atoz/ros2_ws/install/livox_ros_driver2/share/livox_ros_driver2/msg/CustomPoint.msg
[59.359s] -- Installing: /home/atoz/ros2_ws/install/livox_ros_driver2/share/livox_ros_driver2/msg/CustomMsg.msg
[59.359s] -- Installing: /home/atoz/ros2_ws/install/livox_ros_driver2/lib/livox_ros_driver2/livox_ros_driver2_node
[59.360s] -- Set runtime path of "/home/atoz/ros2_ws/install/livox_ros_driver2/lib/livox_ros_driver2/livox_ros_driver2_node" to ""
[59.360s] -- Installing: /home/atoz/ros2_ws/install/livox_ros_driver2/lib/liblivox_ros_driver2.so
[59.367s] -- Set runtime path of "/home/atoz/ros2_ws/install/livox_ros_driver2/lib/liblivox_ros_driver2.so" to ""
[59.368s] -- Installing: /home/atoz/ros2_ws/install/livox_ros_driver2/share/livox_ros_driver2/config
[59.368s] -- Installing: /home/atoz/ros2_ws/install/livox_ros_driver2/share/livox_ros_driver2/config/display_point_cloud_ROS1.rviz
[59.368s] -- Installing: /home/atoz/ros2_ws/install/livox_ros_driver2/share/livox_ros_driver2/config/MID360_config.json
[59.368s] -- Installing: /home/atoz/ros2_ws/install/livox_ros_driver2/share/livox_ros_driver2/config/HAP_config.json
[59.369s] -- Installing: /home/atoz/ros2_ws/install/livox_ros_driver2/share/livox_ros_driver2/config/display_point_cloud_ROS2.rviz
[59.369s] -- Installing: /home/atoz/ros2_ws/install/livox_ros_driver2/share/livox_ros_driver2/config/mixed_HAP_MID360_config.json
[59.369s] -- Installing: /home/atoz/ros2_ws/install/livox_ros_driver2/share/livox_ros_driver2/launch_ROS2
[59.369s] -- Installing: /home/atoz/ros2_ws/install/livox_ros_driver2/share/livox_ros_driver2/launch_ROS2/rviz_HAP_launch.py
[59.370s] -- Installing: /home/atoz/ros2_ws/install/livox_ros_driver2/share/livox_ros_driver2/launch_ROS2/rviz_MID360_launch.py
[59.370s] -- Installing: /home/atoz/ros2_ws/install/livox_ros_driver2/share/livox_ros_driver2/launch_ROS2/msg_HAP_launch.py
[59.370s] -- Installing: /home/atoz/ros2_ws/install/livox_ros_driver2/share/livox_ros_driver2/launch_ROS2/msg_MID360_launch.py
[59.370s] -- Installing: /home/atoz/ros2_ws/install/livox_ros_driver2/share/livox_ros_driver2/launch_ROS2/rviz_mixed.py
[59.371s] -- Installing: /home/atoz/ros2_ws/install/livox_ros_driver2/share/ament_index/resource_index/package_run_dependencies/livox_ros_driver2
[59.371s] -- Installing: /home/atoz/ros2_ws/install/livox_ros_driver2/share/ament_index/resource_index/parent_prefix_path/livox_ros_driver2
[59.371s] -- Installing: /home/atoz/ros2_ws/install/livox_ros_driver2/share/livox_ros_driver2/environment/ament_prefix_path.sh
[59.372s] -- Installing: /home/atoz/ros2_ws/install/livox_ros_driver2/share/livox_ros_driver2/environment/ament_prefix_path.dsv
[59.372s] -- Installing: /home/atoz/ros2_ws/install/livox_ros_driver2/share/livox_ros_driver2/environment/path.sh
[59.372s] -- Installing: /home/atoz/ros2_ws/install/livox_ros_driver2/share/livox_ros_driver2/environment/path.dsv
[59.372s] -- Installing: /home/atoz/ros2_ws/install/livox_ros_driver2/share/livox_ros_driver2/local_setup.bash
[59.373s] -- Installing: /home/atoz/ros2_ws/install/livox_ros_driver2/share/livox_ros_driver2/local_setup.sh
[59.373s] -- Installing: /home/atoz/ros2_ws/install/livox_ros_driver2/share/livox_ros_driver2/local_setup.zsh
[59.373s] -- Installing: /home/atoz/ros2_ws/install/livox_ros_driver2/share/livox_ros_driver2/local_setup.dsv
[59.373s] -- Installing: /home/atoz/ros2_ws/install/livox_ros_driver2/share/livox_ros_driver2/package.dsv
[59.374s] -- Installing: /home/atoz/ros2_ws/install/livox_ros_driver2/share/ament_index/resource_index/packages/livox_ros_driver2
[59.374s] -- Installing: /home/atoz/ros2_ws/install/livox_ros_driver2/share/livox_ros_driver2/cmake/export_livox_interfaces2__rosidl_generator_cExport.cmake
[59.374s] -- Installing: /home/atoz/ros2_ws/install/livox_ros_driver2/share/livox_ros_driver2/cmake/export_livox_interfaces2__rosidl_generator_cExport-noconfig.cmake
[59.375s] -- Installing: /home/atoz/ros2_ws/install/livox_ros_driver2/share/livox_ros_driver2/cmake/export_livox_interfaces2__rosidl_typesupport_fastrtps_cExport.cmake
[59.375s] -- Installing: /home/atoz/ros2_ws/install/livox_ros_driver2/share/livox_ros_driver2/cmake/export_livox_interfaces2__rosidl_typesupport_fastrtps_cExport-noconfig.cmake
[59.375s] -- Installing: /home/atoz/ros2_ws/install/livox_ros_driver2/share/livox_ros_driver2/cmake/livox_interfaces2__rosidl_typesupport_introspection_cExport.cmake
[59.375s] -- Installing: /home/atoz/ros2_ws/install/livox_ros_driver2/share/livox_ros_driver2/cmake/livox_interfaces2__rosidl_typesupport_introspection_cExport-noconfig.cmake
[59.376s] -- Installing: /home/atoz/ros2_ws/install/livox_ros_driver2/share/livox_ros_driver2/cmake/livox_interfaces2__rosidl_typesupport_cExport.cmake
[59.376s] -- Installing: /home/atoz/ros2_ws/install/livox_ros_driver2/share/livox_ros_driver2/cmake/livox_interfaces2__rosidl_typesupport_cExport-noconfig.cmake
[59.376s] -- Installing: /home/atoz/ros2_ws/install/livox_ros_driver2/share/livox_ros_driver2/cmake/export_livox_interfaces2__rosidl_generator_cppExport.cmake
[59.376s] -- Installing: /home/atoz/ros2_ws/install/livox_ros_driver2/share/livox_ros_driver2/cmake/export_livox_interfaces2__rosidl_typesupport_fastrtps_cppExport.cmake
[59.377s] -- Installing: /home/atoz/ros2_ws/install/livox_ros_driver2/share/livox_ros_driver2/cmake/export_livox_interfaces2__rosidl_typesupport_fastrtps_cppExport-noconfig.cmake
[59.377s] -- Installing: /home/atoz/ros2_ws/install/livox_ros_driver2/share/livox_ros_driver2/cmake/livox_interfaces2__rosidl_typesupport_introspection_cppExport.cmake
[59.377s] -- Installing: /home/atoz/ros2_ws/install/livox_ros_driver2/share/livox_ros_driver2/cmake/livox_interfaces2__rosidl_typesupport_introspection_cppExport-noconfig.cmake
[59.378s] -- Installing: /home/atoz/ros2_ws/install/livox_ros_driver2/share/livox_ros_driver2/cmake/livox_interfaces2__rosidl_typesupport_cppExport.cmake
[59.378s] -- Installing: /home/atoz/ros2_ws/install/livox_ros_driver2/share/livox_ros_driver2/cmake/livox_interfaces2__rosidl_typesupport_cppExport-noconfig.cmake
[59.378s] -- Installing: /home/atoz/ros2_ws/install/livox_ros_driver2/share/livox_ros_driver2/cmake/export_livox_interfaces2__rosidl_generator_pyExport.cmake
[59.378s] -- Installing: /home/atoz/ros2_ws/install/livox_ros_driver2/share/livox_ros_driver2/cmake/export_livox_interfaces2__rosidl_generator_pyExport-noconfig.cmake
[59.379s] -- Installing: /home/atoz/ros2_ws/install/livox_ros_driver2/share/ament_index/resource_index/rclcpp_components/livox_ros_driver2
[59.379s] -- Installing: /home/atoz/ros2_ws/install/livox_ros_driver2/share/livox_ros_driver2/cmake/rosidl_cmake-extras.cmake
[59.379s] -- Installing: /home/atoz/ros2_ws/install/livox_ros_driver2/share/livox_ros_driver2/cmake/ament_cmake_export_dependencies-extras.cmake
[59.380s] -- Installing: /home/atoz/ros2_ws/install/livox_ros_driver2/share/livox_ros_driver2/cmake/ament_cmake_export_include_directories-extras.cmake
[59.380s] -- Installing: /home/atoz/ros2_ws/install/livox_ros_driver2/share/livox_ros_driver2/cmake/ament_cmake_export_libraries-extras.cmake
[59.380s] -- Installing: /home/atoz/ros2_ws/install/livox_ros_driver2/share/livox_ros_driver2/cmake/ament_cmake_export_targets-extras.cmake
[59.380s] -- Installing: /home/atoz/ros2_ws/install/livox_ros_driver2/share/livox_ros_driver2/cmake/rosidl_cmake_export_typesupport_targets-extras.cmake
[59.381s] -- Installing: /home/atoz/ros2_ws/install/livox_ros_driver2/share/livox_ros_driver2/cmake/rosidl_cmake_export_typesupport_libraries-extras.cmake
[59.381s] -- Installing: /home/atoz/ros2_ws/install/livox_ros_driver2/share/livox_ros_driver2/cmake/livox_ros_driver2Config.cmake
[59.381s] -- Installing: /home/atoz/ros2_ws/install/livox_ros_driver2/share/livox_ros_driver2/cmake/livox_ros_driver2Config-version.cmake
[59.381s] -- Installing: /home/atoz/ros2_ws/install/livox_ros_driver2/share/livox_ros_driver2/package.xml
[59.387s] Invoked command in '/home/atoz/ros2_ws/build/livox_ros_driver2' returned '0': CMAKE_PREFIX_PATH=/opt/ros/humble /usr/bin/cmake --install /home/atoz/ros2_ws/build/livox_ros_driver2
