[0.048s] Invoking command in '/home/atoz/ros2_ws/build/livox_sdk2': /usr/bin/cmake /home/atoz/ros2_ws/src/Livox-SDK2 -DCMAKE_INSTALL_PREFIX=/home/atoz/ros2_ws/install/livox_sdk2
[0.662s] -- main project dir: /home/atoz/ros2_ws/src/Livox-SDK2
[0.662s] -- main project dir: /home/atoz/ros2_ws/src/Livox-SDK2/samples
[0.662s] -- Configuring done
[0.662s] -- Generating done
[0.662s] -- Build files have been written to: /home/atoz/ros2_ws/build/livox_sdk2
[1.263s] Invoked command in '/home/atoz/ros2_ws/build/livox_sdk2' returned '0': /usr/bin/cmake /home/atoz/ros2_ws/src/Livox-SDK2 -DCMAKE_INSTALL_PREFIX=/home/atoz/ros2_ws/install/livox_sdk2
[1.266s] Invoking command in '/home/atoz/ros2_ws/build/livox_sdk2': /usr/bin/cmake --build /home/atoz/ros2_ws/build/livox_sdk2 -- -j8 -l8
[1.361s] [35m[1mConsolidate compiler generated dependencies of target livox_lidar_sdk_shared[0m
[1.364s] [35m[1mConsolidate compiler generated dependencies of target livox_lidar_sdk_static[0m
[1.452s] [ 42%] Built target livox_lidar_sdk_static
[1.459s] [ 84%] Built target livox_lidar_sdk_shared
[1.472s] [35m[1mConsolidate compiler generated dependencies of target multi_lidars_upgrade[0m
[1.472s] [35m[1mConsolidate compiler generated dependencies of target livox_lidar_quick_start[0m
[1.472s] [35m[1mConsolidate compiler generated dependencies of target logger[0m
[1.479s] [35m[1mConsolidate compiler generated dependencies of target lidar_cmd_observer[0m
[1.493s] [35m[1mConsolidate compiler generated dependencies of target livox_lidar_rmc_time_sync[0m
[1.494s] [35m[1mConsolidate compiler generated dependencies of target debug_point_cloud[0m
[1.506s] [ 89%] Built target lidar_cmd_observer
[1.506s] [ 89%] Built target multi_lidars_upgrade
[1.510s] [ 91%] Built target logger
[1.512s] [ 93%] Built target livox_lidar_quick_start
[1.526s] [ 97%] Built target livox_lidar_rmc_time_sync
[1.530s] [100%] Built target debug_point_cloud
[1.555s] Invoked command in '/home/atoz/ros2_ws/build/livox_sdk2' returned '0': /usr/bin/cmake --build /home/atoz/ros2_ws/build/livox_sdk2 -- -j8 -l8
[1.574s] Invoking command in '/home/atoz/ros2_ws/build/livox_sdk2': /usr/bin/cmake --install /home/atoz/ros2_ws/build/livox_sdk2
[1.588s] -- Install configuration: ""
[1.588s] -- Up-to-date: /home/atoz/ros2_ws/install/livox_sdk2/lib/liblivox_lidar_sdk_static.a
[1.588s] -- Up-to-date: /home/atoz/ros2_ws/install/livox_sdk2/include/livox_lidar_def.h
[1.588s] -- Up-to-date: /home/atoz/ros2_ws/install/livox_sdk2/include/livox_lidar_api.h
[1.589s] -- Up-to-date: /home/atoz/ros2_ws/install/livox_sdk2/include/livox_lidar_cfg.h
[1.589s] -- Up-to-date: /home/atoz/ros2_ws/install/livox_sdk2/lib/liblivox_lidar_sdk_shared.so
[1.594s] Invoked command in '/home/atoz/ros2_ws/build/livox_sdk2' returned '0': /usr/bin/cmake --install /home/atoz/ros2_ws/build/livox_sdk2
