[0.053s] Invoking command in '/home/atoz/ros2_ws/build/octomap_server': CMAKE_PREFIX_PATH=/opt/ros/humble /usr/bin/cmake --build /home/atoz/ros2_ws/build/octomap_server -- -j8 -l8
[1.160s] [  7%] Built target octomap_server_static
[1.160s] [ 15%] Built target tracking_octomap_server_node
[1.161s] [ 23%] Built target octomap_server_multilayer_node
[1.161s] [ 30%] Built target octomap_server_static_node
[1.161s] [ 38%] Built target color_octomap_server_node
[1.161s] [ 46%] Built target octomap_server_node
[1.161s] [ 53%] Built target octomap_saver_node
[1.161s] [ 61%] Built target octomap_server
[1.161s] [ 73%] Built target octomap_server_multilayer
[1.161s] [ 84%] Built target tracking_octomap_server
[1.161s] [ 92%] Built target color_octomap_server
[1.162s] [100%] Built target octomap_saver
[1.177s] Invoked command in '/home/atoz/ros2_ws/build/octomap_server' returned '0': CMAKE_PREFIX_PATH=/opt/ros/humble /usr/bin/cmake --build /home/atoz/ros2_ws/build/octomap_server -- -j8 -l8
[1.180s] Invoking command in '/home/atoz/ros2_ws/build/octomap_server': CMAKE_PREFIX_PATH=/opt/ros/humble /usr/bin/cmake --install /home/atoz/ros2_ws/build/octomap_server
[1.194s] -- Install configuration: ""
[1.195s] -- Up-to-date: /home/atoz/ros2_ws/install/octomap_server/lib/octomap_server/octomap_server_static_node
[1.196s] -- Up-to-date: /home/atoz/ros2_ws/install/octomap_server/lib/octomap_server/octomap_server_node
[1.197s] -- Up-to-date: /home/atoz/ros2_ws/install/octomap_server/lib/octomap_server/octomap_server_multilayer_node
[1.198s] -- Up-to-date: /home/atoz/ros2_ws/install/octomap_server/lib/octomap_server/tracking_octomap_server_node
[1.199s] -- Up-to-date: /home/atoz/ros2_ws/install/octomap_server/lib/octomap_server/color_octomap_server_node
[1.201s] -- Up-to-date: /home/atoz/ros2_ws/install/octomap_server/lib/octomap_server/octomap_saver_node
[1.202s] -- Up-to-date: /home/atoz/ros2_ws/install/octomap_server/include
[1.204s] -- Up-to-date: /home/atoz/ros2_ws/install/octomap_server/include/octomap_server
[1.204s] -- Up-to-date: /home/atoz/ros2_ws/install/octomap_server/include/octomap_server/octomap_server.hpp
[1.205s] -- Up-to-date: /home/atoz/ros2_ws/install/octomap_server/include/octomap_server/octomap_server_static.hpp
[1.205s] -- Up-to-date: /home/atoz/ros2_ws/install/octomap_server/include/octomap_server/octomap_server_multilayer.hpp
[1.205s] -- Up-to-date: /home/atoz/ros2_ws/install/octomap_server/include/octomap_server/tracking_octomap_server.hpp
[1.207s] -- Up-to-date: /home/atoz/ros2_ws/install/octomap_server/share/octomap_server/environment/library_path.sh
[1.207s] -- Up-to-date: /home/atoz/ros2_ws/install/octomap_server/share/octomap_server/environment/library_path.dsv
[1.208s] -- Up-to-date: /home/atoz/ros2_ws/install/octomap_server/lib/liboctomap_server_static.so
[1.208s] -- Up-to-date: /home/atoz/ros2_ws/install/octomap_server/lib/liboctomap_server.so
[1.208s] -- Up-to-date: /home/atoz/ros2_ws/install/octomap_server/lib/liboctomap_server_multilayer.so
[1.210s] -- Up-to-date: /home/atoz/ros2_ws/install/octomap_server/lib/libtracking_octomap_server.so
[1.211s] -- Up-to-date: /home/atoz/ros2_ws/install/octomap_server/lib/libcolor_octomap_server.so
[1.215s] -- Up-to-date: /home/atoz/ros2_ws/install/octomap_server/lib/liboctomap_saver.so
[1.215s] -- Up-to-date: /home/atoz/ros2_ws/install/octomap_server/share/octomap_server/launch
[1.216s] -- Up-to-date: /home/atoz/ros2_ws/install/octomap_server/share/octomap_server/launch/octomap_mapping.launch.xml
[1.216s] -- Up-to-date: /home/atoz/ros2_ws/install/octomap_server/share/octomap_server/launch/octomap_tracking_server.launch.xml
[1.216s] -- Up-to-date: /home/atoz/ros2_ws/install/octomap_server/share/octomap_server/launch/octomap_tracking_client.launch.xml
[1.218s] -- Up-to-date: /home/atoz/ros2_ws/install/octomap_server/share/octomap_server/params
[1.222s] -- Up-to-date: /home/atoz/ros2_ws/install/octomap_server/share/octomap_server/params/default.yaml
[1.223s] -- Up-to-date: /home/atoz/ros2_ws/install/octomap_server/share/ament_index/resource_index/package_run_dependencies/octomap_server
[1.224s] -- Up-to-date: /home/atoz/ros2_ws/install/octomap_server/share/ament_index/resource_index/parent_prefix_path/octomap_server
[1.224s] -- Up-to-date: /home/atoz/ros2_ws/install/octomap_server/share/octomap_server/environment/ament_prefix_path.sh
[1.225s] -- Up-to-date: /home/atoz/ros2_ws/install/octomap_server/share/octomap_server/environment/ament_prefix_path.dsv
[1.226s] -- Up-to-date: /home/atoz/ros2_ws/install/octomap_server/share/octomap_server/environment/path.sh
[1.227s] -- Up-to-date: /home/atoz/ros2_ws/install/octomap_server/share/octomap_server/environment/path.dsv
[1.227s] -- Up-to-date: /home/atoz/ros2_ws/install/octomap_server/share/octomap_server/local_setup.bash
[1.228s] -- Up-to-date: /home/atoz/ros2_ws/install/octomap_server/share/octomap_server/local_setup.sh
[1.235s] -- Up-to-date: /home/atoz/ros2_ws/install/octomap_server/share/octomap_server/local_setup.zsh
[1.235s] -- Up-to-date: /home/atoz/ros2_ws/install/octomap_server/share/octomap_server/local_setup.dsv
[1.235s] -- Installing: /home/atoz/ros2_ws/install/octomap_server/share/octomap_server/package.dsv
[1.236s] -- Up-to-date: /home/atoz/ros2_ws/install/octomap_server/share/ament_index/resource_index/packages/octomap_server
[1.236s] -- Up-to-date: /home/atoz/ros2_ws/install/octomap_server/share/ament_index/resource_index/rclcpp_components/octomap_server
[1.238s] -- Up-to-date: /home/atoz/ros2_ws/install/octomap_server/share/octomap_server/cmake/ament_cmake_export_dependencies-extras.cmake
[1.239s] -- Up-to-date: /home/atoz/ros2_ws/install/octomap_server/share/octomap_server/cmake/ament_cmake_export_include_directories-extras.cmake
[1.239s] -- Up-to-date: /home/atoz/ros2_ws/install/octomap_server/share/octomap_server/cmake/ament_cmake_export_libraries-extras.cmake
[1.239s] -- Up-to-date: /home/atoz/ros2_ws/install/octomap_server/share/octomap_server/cmake/octomap_serverConfig.cmake
[1.241s] -- Up-to-date: /home/atoz/ros2_ws/install/octomap_server/share/octomap_server/cmake/octomap_serverConfig-version.cmake
[1.241s] -- Up-to-date: /home/atoz/ros2_ws/install/octomap_server/share/octomap_server/package.xml
[1.242s] -- Up-to-date: /home/atoz/ros2_ws/install/octomap_server/lib/octomap_server/octomap_eraser_cli.py
[1.267s] Invoked command in '/home/atoz/ros2_ws/build/octomap_server' returned '0': CMAKE_PREFIX_PATH=/opt/ros/humble /usr/bin/cmake --install /home/atoz/ros2_ws/build/octomap_server
