-- The C compiler identification is GNU 11.4.0
-- The CXX compiler identification is GNU 11.4.0
-- Detecting C compiler ABI info
-- Detecting C compiler ABI info - done
-- Check for working C compiler: /usr/bin/cc - skipped
-- Detecting C compile features
-- Detecting C compile features - done
-- Detecting CXX compiler ABI info
-- Detecting CXX compiler ABI info - done
-- Check for working CXX compiler: /usr/bin/c++ - skipped
-- Detecting CXX compile features
-- Detecting CXX compile features - done
-- main project dir: /home/atoz/ros2_ws/src/Livox-SDK2
-- main project dir: /home/atoz/ros2_ws/src/Livox-SDK2/samples
-- Configuring done
-- Generating done
[33mCMake Warning:
  Manually-specified variables were not used by the project:

    HUMBLE_ROS
    ROS_EDITION

[0m
-- Build files have been written to: /home/atoz/ros2_ws/build/livox_sdk2
[  2%] [32mBuilding CXX object sdk_core/CMakeFiles/livox_lidar_sdk_static.dir/device_manager.cpp.o[0m
[  2%] [32mBuilding CXX object sdk_core/CMakeFiles/livox_lidar_sdk_shared.dir/__/3rdparty/FastCRC/FastCRCsw.cpp.o[0m
[  3%] [32mBuilding CXX object sdk_core/CMakeFiles/livox_lidar_sdk_static.dir/__/3rdparty/FastCRC/FastCRCsw.cpp.o[0m
[  4%] [32mBuilding CXX object sdk_core/CMakeFiles/livox_lidar_sdk_static.dir/livox_lidar_sdk.cpp.o[0m
[  6%] [32mBuilding CXX object sdk_core/CMakeFiles/livox_lidar_sdk_shared.dir/device_manager.cpp.o[0m
[  7%] [32mBuilding CXX object sdk_core/CMakeFiles/livox_lidar_sdk_static.dir/params_check.cpp.o[0m
[  9%] [32mBuilding CXX object sdk_core/CMakeFiles/livox_lidar_sdk_shared.dir/livox_lidar_sdk.cpp.o[0m
[  9%] [32mBuilding CXX object sdk_core/CMakeFiles/livox_lidar_sdk_shared.dir/params_check.cpp.o[0m
[ 10%] [32mBuilding CXX object sdk_core/CMakeFiles/livox_lidar_sdk_shared.dir/parse_cfg_file.cpp.o[0m
[ 12%] [32mBuilding CXX object sdk_core/CMakeFiles/livox_lidar_sdk_static.dir/parse_cfg_file.cpp.o[0m
gmake[2]: *** [sdk_core/CMakeFiles/livox_lidar_sdk_shared.dir/build.make:90: sdk_core/CMakeFiles/livox_lidar_sdk_shared.dir/device_manager.cpp.o] Interrupt
gmake[2]: *** [sdk_core/CMakeFiles/livox_lidar_sdk_shared.dir/build.make:104: sdk_core/CMakeFiles/livox_lidar_sdk_shared.dir/livox_lidar_sdk.cpp.o] Interrupt
gmake[2]: *** [sdk_core/CMakeFiles/livox_lidar_sdk_static.dir/build.make:90: sdk_core/CMakeFiles/livox_lidar_sdk_static.dir/device_manager.cpp.o] Interrupt
gmake[2]: *** [sdk_core/CMakeFiles/livox_lidar_sdk_static.dir/build.make:104: sdk_core/CMakeFiles/livox_lidar_sdk_static.dir/livox_lidar_sdk.cpp.o] Interrupt
gmake[2]: *** [sdk_core/CMakeFiles/livox_lidar_sdk_static.dir/build.make:118: sdk_core/CMakeFiles/livox_lidar_sdk_static.dir/params_check.cpp.o] Interrupt
gmake[2]: *** [sdk_core/CMakeFiles/livox_lidar_sdk_static.dir/build.make:132: sdk_core/CMakeFiles/livox_lidar_sdk_static.dir/parse_cfg_file.cpp.o] Interrupt
gmake[1]: *** [CMakeFiles/Makefile2:223: sdk_core/CMakeFiles/livox_lidar_sdk_static.dir/all] Interrupt
gmake[2]: *** [sdk_core/CMakeFiles/livox_lidar_sdk_shared.dir/build.make:118: sdk_core/CMakeFiles/livox_lidar_sdk_shared.dir/params_check.cpp.o] Interrupt
gmake[2]: *** [sdk_core/CMakeFiles/livox_lidar_sdk_shared.dir/build.make:132: sdk_core/CMakeFiles/livox_lidar_sdk_shared.dir/parse_cfg_file.cpp.o] Interrupt
gmake[1]: *** [CMakeFiles/Makefile2:249: sdk_core/CMakeFiles/livox_lidar_sdk_shared.dir/all] Interrupt
gmake: *** [Makefile:136: all] Interrupt
