[0.038s] Invoking command in '/home/atoz/ros2_ws/build/livox_sdk2': /usr/bin/cmake /home/atoz/ros2_ws/src/Livox-SDK2 -DROS_EDITION=ROS2 -DHUMBLE_ROS=humble -DCMAKE_INSTALL_PREFIX=/home/atoz/ros2_ws/install/livox_sdk2
[0.585s] -- The C compiler identification is GNU 11.4.0
[0.585s] -- The CXX compiler identification is GNU 11.4.0
[0.585s] -- Detecting C compiler ABI info
[0.586s] -- Detecting C compiler ABI info - done
[0.586s] -- Check for working C compiler: /usr/bin/cc - skipped
[0.586s] -- Detecting C compile features
[0.586s] -- Detecting C compile features - done
[0.586s] -- Detecting CXX compiler ABI info
[0.586s] -- Detecting CXX compiler ABI info - done
[0.598s] -- Check for working CXX compiler: /usr/bin/c++ - skipped
[0.599s] -- Detecting CXX compile features
[0.600s] -- Detecting CXX compile features - done
[0.601s] -- main project dir: /home/atoz/ros2_ws/src/Livox-SDK2
[0.604s] -- main project dir: /home/atoz/ros2_ws/src/Livox-SDK2/samples
[0.608s] -- Configuring done
[0.651s] -- Generating done
[0.654s] [33mCMake Warning:
[0.654s]   Manually-specified variables were not used by the project:
[0.654s] 
[0.654s]     HUMBLE_ROS
[0.654s]     ROS_EDITION
[0.655s] 
[0.655s] [0m
[0.661s] -- Build files have been written to: /home/atoz/ros2_ws/build/livox_sdk2
[1.140s] Invoked command in '/home/atoz/ros2_ws/build/livox_sdk2' returned '0': /usr/bin/cmake /home/atoz/ros2_ws/src/Livox-SDK2 -DROS_EDITION=ROS2 -DHUMBLE_ROS=humble -DCMAKE_INSTALL_PREFIX=/home/atoz/ros2_ws/install/livox_sdk2
[1.145s] Invoking command in '/home/atoz/ros2_ws/build/livox_sdk2': /usr/bin/cmake --build /home/atoz/ros2_ws/build/livox_sdk2 -- -j8 -l8
[1.232s] [  2%] [32mBuilding CXX object sdk_core/CMakeFiles/livox_lidar_sdk_static.dir/device_manager.cpp.o[0m
[1.232s] [  2%] [32mBuilding CXX object sdk_core/CMakeFiles/livox_lidar_sdk_shared.dir/__/3rdparty/FastCRC/FastCRCsw.cpp.o[0m
[1.234s] [  3%] [32mBuilding CXX object sdk_core/CMakeFiles/livox_lidar_sdk_static.dir/__/3rdparty/FastCRC/FastCRCsw.cpp.o[0m
[1.234s] [  4%] [32mBuilding CXX object sdk_core/CMakeFiles/livox_lidar_sdk_static.dir/livox_lidar_sdk.cpp.o[0m
[1.241s] [  6%] [32mBuilding CXX object sdk_core/CMakeFiles/livox_lidar_sdk_shared.dir/device_manager.cpp.o[0m
[1.248s] [  7%] [32mBuilding CXX object sdk_core/CMakeFiles/livox_lidar_sdk_static.dir/params_check.cpp.o[0m
[1.248s] [  9%] [32mBuilding CXX object sdk_core/CMakeFiles/livox_lidar_sdk_shared.dir/livox_lidar_sdk.cpp.o[0m
[1.249s] [  9%] [32mBuilding CXX object sdk_core/CMakeFiles/livox_lidar_sdk_shared.dir/params_check.cpp.o[0m
[1.528s] [ 10%] [32mBuilding CXX object sdk_core/CMakeFiles/livox_lidar_sdk_shared.dir/parse_cfg_file.cpp.o[0m
[1.633s] [ 12%] [32mBuilding CXX object sdk_core/CMakeFiles/livox_lidar_sdk_static.dir/parse_cfg_file.cpp.o[0m
[6.437s] gmake[2]: *** [sdk_core/CMakeFiles/livox_lidar_sdk_shared.dir/build.make:90: sdk_core/CMakeFiles/livox_lidar_sdk_shared.dir/device_manager.cpp.o] Interrupt
[6.438s] gmake[2]: *** [sdk_core/CMakeFiles/livox_lidar_sdk_shared.dir/build.make:104: sdk_core/CMakeFiles/livox_lidar_sdk_shared.dir/livox_lidar_sdk.cpp.o] Interrupt
[6.438s] gmake[2]: *** [sdk_core/CMakeFiles/livox_lidar_sdk_static.dir/build.make:90: sdk_core/CMakeFiles/livox_lidar_sdk_static.dir/device_manager.cpp.o] Interrupt
[6.438s] gmake[2]: *** [sdk_core/CMakeFiles/livox_lidar_sdk_static.dir/build.make:104: sdk_core/CMakeFiles/livox_lidar_sdk_static.dir/livox_lidar_sdk.cpp.o] Interrupt
[6.439s] gmake[2]: *** [sdk_core/CMakeFiles/livox_lidar_sdk_static.dir/build.make:118: sdk_core/CMakeFiles/livox_lidar_sdk_static.dir/params_check.cpp.o] Interrupt
[6.439s] gmake[2]: *** [sdk_core/CMakeFiles/livox_lidar_sdk_static.dir/build.make:132: sdk_core/CMakeFiles/livox_lidar_sdk_static.dir/parse_cfg_file.cpp.o] Interrupt
[6.439s] gmake[1]: *** [CMakeFiles/Makefile2:223: sdk_core/CMakeFiles/livox_lidar_sdk_static.dir/all] Interrupt
[6.443s] gmake[2]: *** [sdk_core/CMakeFiles/livox_lidar_sdk_shared.dir/build.make:118: sdk_core/CMakeFiles/livox_lidar_sdk_shared.dir/params_check.cpp.o] Interrupt
[6.443s] gmake[2]: *** [sdk_core/CMakeFiles/livox_lidar_sdk_shared.dir/build.make:132: sdk_core/CMakeFiles/livox_lidar_sdk_shared.dir/parse_cfg_file.cpp.o] Interrupt
[6.443s] gmake[1]: *** [CMakeFiles/Makefile2:249: sdk_core/CMakeFiles/livox_lidar_sdk_shared.dir/all] Interrupt
[6.444s] gmake: *** [Makefile:136: all] Interrupt
