[1.828s] Invoking command in '/home/atoz/ros2_ws/src/octomap': PYTHONPATH=/home/atoz/ros2_ws/build/octomap/prefix_override:/usr/lib/python3/dist-packages/colcon_core/task/python/colcon_distutils_commands:/home/atoz/ros2_ws/install/octomap/lib/python3.10/site-packages:${PYTHONPATH} /usr/bin/python3 -W ignore:setup.py install is deprecated -W ignore:easy_install command is deprecated setup.py egg_info --egg-base ../../build/octomap build --build-base /home/atoz/ros2_ws/build/octomap/build install --record /home/atoz/ros2_ws/build/octomap/install.log --single-version-externally-managed install_data
[2.315s] running egg_info
[2.316s] writing ../../build/octomap/octomap.egg-info/PKG-INFO
[2.316s] writing dependency_links to ../../build/octomap/octomap.egg-info/dependency_links.txt
[2.317s] writing entry points to ../../build/octomap/octomap.egg-info/entry_points.txt
[2.317s] writing requirements to ../../build/octomap/octomap.egg-info/requires.txt
[2.317s] writing top-level names to ../../build/octomap/octomap.egg-info/top_level.txt
[2.321s] reading manifest file '../../build/octomap/octomap.egg-info/SOURCES.txt'
[2.323s] writing manifest file '../../build/octomap/octomap.egg-info/SOURCES.txt'
[2.323s] running build
[2.323s] running build_py
[2.323s] running install
[2.324s] running install_lib
[2.327s] running install_data
[2.327s] running install_egg_info
[2.331s] removing '/home/atoz/ros2_ws/install/octomap/lib/python3.10/site-packages/octomap-0.0.0-py3.10.egg-info' (and everything under it)
[2.332s] Copying ../../build/octomap/octomap.egg-info to /home/atoz/ros2_ws/install/octomap/lib/python3.10/site-packages/octomap-0.0.0-py3.10.egg-info
[2.334s] running install_scripts
[2.379s] writing list of installed files to '/home/atoz/ros2_ws/build/octomap/install.log'
[2.452s] Invoked command in '/home/atoz/ros2_ws/src/octomap' returned '0': PYTHONPATH=/home/atoz/ros2_ws/build/octomap/prefix_override:/usr/lib/python3/dist-packages/colcon_core/task/python/colcon_distutils_commands:/home/atoz/ros2_ws/install/octomap/lib/python3.10/site-packages:${PYTHONPATH} /usr/bin/python3 -W ignore:setup.py install is deprecated -W ignore:easy_install command is deprecated setup.py egg_info --egg-base ../../build/octomap build --build-base /home/atoz/ros2_ws/build/octomap/build install --record /home/atoz/ros2_ws/build/octomap/install.log --single-version-externally-managed install_data
