[0.039s] Invoking command in '/home/atoz/ros2_ws/build/livox_ros_driver2': CMAKE_PREFIX_PATH=/opt/ros/humble /usr/bin/cmake /home/atoz/ros2_ws/src/livox_ros_driver2 -DCMAKE_INSTALL_PREFIX=/home/atoz/ros2_ws/install/livox_ros_driver2
[0.613s] -- The C compiler identification is GNU 11.4.0
[0.614s] -- The CXX compiler identification is GNU 11.4.0
[0.615s] -- Detecting C compiler ABI info
[0.615s] -- Detecting C compiler ABI info - done
[0.615s] -- Check for working C compiler: /usr/bin/cc - skipped
[0.616s] -- Detecting C compile features
[0.617s] -- Detecting C compile features - done
[0.617s] -- Detecting CXX compiler ABI info
[0.617s] -- Detecting CXX compiler ABI info - done
[0.617s] -- Check for working CXX compiler: /usr/bin/c++ - skipped
[0.618s] -- Detecting CXX compile features
[0.618s] -- Detecting CXX compile features - done
[0.618s] -- livox_ros_driver2 version: 1.2.4
[0.618s] -- Found ament_cmake_auto: 1.3.12 (/opt/ros/humble/share/ament_cmake_auto/cmake)
[0.925s] -- Found Python3: /usr/bin/python3 (found version "3.10.12") found components: Interpreter 
[1.270s] -- Using all available rosidl_typesupport_c: rosidl_typesupport_fastrtps_c;rosidl_typesupport_introspection_c
[1.281s] -- Found rosidl_adapter: 3.1.7 (/opt/ros/humble/share/rosidl_adapter/cmake)
[1.422s] -- Using all available rosidl_typesupport_cpp: rosidl_typesupport_fastrtps_cpp;rosidl_typesupport_introspection_cpp
[1.878s] -- Found rmw_implementation_cmake: 6.1.2 (/opt/ros/humble/share/rmw_implementation_cmake/cmake)
[1.897s] -- Found rmw_fastrtps_cpp: 6.2.8 (/opt/ros/humble/share/rmw_fastrtps_cpp/cmake)
[2.640s] -- Found OpenSSL: /usr/lib/aarch64-linux-gnu/libcrypto.so (found version "3.0.2")  
[2.744s] -- Found FastRTPS: /opt/ros/humble/include  
[3.033s] -- Using RMW implementation 'rmw_fastrtps_cpp' as default
[3.077s] -- Looking for pthread.h
[3.433s] -- Looking for pthread.h - found
[3.434s] -- Performing Test CMAKE_HAVE_LIBC_PTHREAD
[4.025s] -- Performing Test CMAKE_HAVE_LIBC_PTHREAD - Success
[4.026s] -- Found Threads: TRUE  
[4.773s] -- Checking for module 'eigen3'
[4.902s] --   Found eigen3, version 3.4.0
[5.186s] -- Found Eigen: /usr/include/eigen3 (Required is at least version "3.1") 
[5.186s] -- Eigen found (include: /usr/include/eigen3, version: 3.4.0)
[5.325s] -- Checking for module 'flann'
[5.406s] --   Found flann, version 1.9.1
[5.757s] -- Found FLANN: /usr/lib/aarch64-linux-gnu/libflann_cpp.so  
[5.758s] -- FLANN found (include: /usr/include, lib: /usr/lib/aarch64-linux-gnu/libflann_cpp.so)
[10.703s] -- Checking for module 'libusb-1.0'
[10.799s] --   Found libusb-1.0, version 1.0.25
[11.098s] -- Found libusb: /usr/lib/aarch64-linux-gnu/libusb-1.0.so  
[11.101s] -- OpenNI found (version: 1.5.4.0, include: /usr/include/ni, lib: /usr/lib/libOpenNI.so;libusb::libusb)
[11.545s] -- OpenNI2 found (version: 2.2.0.33, include: /usr/include/openni2, lib: /usr/lib/aarch64-linux-gnu/libOpenNI2.so;libusb::libusb)
[11.945s] -- Eigen found (include: /usr/include/eigen3, version: 3.4.0)
[11.976s] -- OpenNI found (version: 1.5.4.0, include: /usr/include/ni, lib: /usr/lib/libOpenNI.so;libusb::libusb)
[12.003s] -- OpenNI2 found (version: 2.2.0.33, include: /usr/include/openni2, lib: /usr/lib/aarch64-linux-gnu/libOpenNI2.so;libusb::libusb)
[12.398s] -- Found Qhull version 8.0.2
[12.863s] -- OpenNI found (version: 1.5.4.0, include: /usr/include/ni, lib: /usr/lib/libOpenNI.so;libusb::libusb)
[13.246s] -- Found PCL_COMMON: /usr/lib/aarch64-linux-gnu/libpcl_common.so  
[13.251s] -- Found PCL_KDTREE: /usr/lib/aarch64-linux-gnu/libpcl_kdtree.so  
[13.255s] -- Found PCL_OCTREE: /usr/lib/aarch64-linux-gnu/libpcl_octree.so  
[13.260s] -- Found PCL_SEARCH: /usr/lib/aarch64-linux-gnu/libpcl_search.so  
[13.266s] -- Found PCL_SAMPLE_CONSENSUS: /usr/lib/aarch64-linux-gnu/libpcl_sample_consensus.so  
[13.270s] -- Found PCL_FILTERS: /usr/lib/aarch64-linux-gnu/libpcl_filters.so  
[13.273s] -- Found PCL_2D: /usr/include/pcl-1.12  
[13.275s] -- Found PCL_GEOMETRY: /usr/include/pcl-1.12  
[13.282s] -- Found PCL_IO: /usr/lib/aarch64-linux-gnu/libpcl_io.so  
[13.288s] -- Found PCL_FEATURES: /usr/lib/aarch64-linux-gnu/libpcl_features.so  
[13.295s] -- Found PCL_ML: /usr/lib/aarch64-linux-gnu/libpcl_ml.so  
[13.301s] -- Found PCL_SEGMENTATION: /usr/lib/aarch64-linux-gnu/libpcl_segmentation.so  
[13.308s] -- Found PCL_VISUALIZATION: /usr/lib/aarch64-linux-gnu/libpcl_visualization.so  
[13.313s] -- Found PCL_SURFACE: /usr/lib/aarch64-linux-gnu/libpcl_surface.so  
[13.317s] -- Found PCL_REGISTRATION: /usr/lib/aarch64-linux-gnu/libpcl_registration.so  
[13.321s] -- Found PCL_KEYPOINTS: /usr/lib/aarch64-linux-gnu/libpcl_keypoints.so  
[13.326s] -- Found PCL_TRACKING: /usr/lib/aarch64-linux-gnu/libpcl_tracking.so  
[13.330s] -- Found PCL_RECOGNITION: /usr/lib/aarch64-linux-gnu/libpcl_recognition.so  
[13.337s] -- Found PCL_STEREO: /usr/lib/aarch64-linux-gnu/libpcl_stereo.so  
[13.341s] -- Found PCL_APPS: /usr/lib/aarch64-linux-gnu/libpcl_apps.so  
[13.345s] -- Found PCL_IN_HAND_SCANNER: /usr/include/pcl-1.12  
[13.346s] -- Found PCL_MODELER: /usr/include/pcl-1.12  
[13.348s] -- Found PCL_POINT_CLOUD_EDITOR: /usr/include/pcl-1.12  
[13.356s] -- Found PCL_OUTOFCORE: /usr/lib/aarch64-linux-gnu/libpcl_outofcore.so  
[13.365s] -- Found PCL_PEOPLE: /usr/lib/aarch64-linux-gnu/libpcl_people.so  
[13.518s] -- Found PkgConfig: /usr/bin/pkg-config (found version "0.29.2") 
[13.519s] -- Checking for module 'apr-1'
[13.538s] --   No package 'apr-1' found
[14.334s] -- Found ament_cmake_ros: 0.10.0 (/opt/ros/humble/share/ament_cmake_ros/cmake)
[15.576s] -- Using all available rosidl_typesupport_c: rosidl_typesupport_fastrtps_c;rosidl_typesupport_introspection_c
[17.162s] -- Using all available rosidl_typesupport_cpp: rosidl_typesupport_fastrtps_cpp;rosidl_typesupport_introspection_cpp
[17.268s] -- Found PythonInterp: /usr/bin/python3 (found suitable version "3.10.12", minimum required is "3.6") 
[17.270s] -- Found python_cmake_module: 0.10.0 (/opt/ros/humble/share/python_cmake_module/cmake)
[17.378s] -- Found PythonLibs: /usr/lib/aarch64-linux-gnu/libpython3.10.so (found suitable version "3.10.12", minimum required is "3.5") 
[17.379s] -- Using PYTHON_EXECUTABLE: /usr/bin/python3
[17.380s] -- Using PYTHON_INCLUDE_DIRS: /usr/include/python3.10
[17.380s] -- Using PYTHON_LIBRARIES: /usr/lib/aarch64-linux-gnu/libpython3.10.so
[17.446s] -- Found PythonExtra: .so  
[17.706s] -- Found ament_lint_auto: 0.12.14 (/opt/ros/humble/share/ament_lint_auto/cmake)
[17.814s] -- Added test 'copyright' to check source files copyright and LICENSE
[17.841s] -- Added test 'cppcheck' to perform static code analysis on C / C++ code
[17.844s] -- Configured cppcheck include dirs: /home/atoz/ros2_ws/src/livox_ros_driver2/3rdparty;/home/atoz/ros2_ws/src/livox_ros_driver2/src
[17.845s] -- Configured cppcheck exclude dirs and/or files: 
[17.859s] -- Added test 'cpplint' to check C / C++ code against the Google style
[17.860s] -- Configured cpplint exclude dirs and/or files: 
[17.864s] -- Added test 'flake8' to check Python code syntax and style conventions
[17.870s] -- Added test 'lint_cmake' to check CMake code style
[17.874s] -- Added test 'pep257' to check Python code against some of the docstring style conventions in PEP 257
[17.888s] -- Added test 'uncrustify' to check C / C++ code style
[17.889s] -- Configured uncrustify additional arguments: 
[17.893s] -- Added test 'xmllint' to check XML markup files
[17.901s] -- Configuring done
[17.920s] [0mCMake Error: The following variables are used in this project, but they are set to NOTFOUND.
[17.920s] Please set them or make sure they are set and tested correctly in the CMake files:
[17.920s] /home/atoz/ros2_ws/src/livox_ros_driver2/LIVOX_INTERFACES_INCLUDE_DIRECTORIES
[17.920s]    used as include directory in directory /home/atoz/ros2_ws/src/livox_ros_driver2
[17.921s] [0m
[18.164s] -- Generating done
[18.171s] [0mCMake Generate step failed.  Build files cannot be regenerated correctly.[0m
[18.330s] Invoked command in '/home/atoz/ros2_ws/build/livox_ros_driver2' returned '1': CMAKE_PREFIX_PATH=/opt/ros/humble /usr/bin/cmake /home/atoz/ros2_ws/src/livox_ros_driver2 -DCMAKE_INSTALL_PREFIX=/home/atoz/ros2_ws/install/livox_ros_driver2
