[1.159s] Invoking command in '/home/atoz/ros2_ws/build/pwm_ctrl': PYTHONPATH=/home/atoz/ros2_ws/build/pwm_ctrl/prefix_override:/usr/lib/python3/dist-packages/colcon_core/task/python/colcon_distutils_commands:/home/atoz/ros2_ws/install/pwm_ctrl/lib/python3.10/site-packages:${PYTHONPATH} /usr/bin/python3 -W ignore:setup.py install is deprecated -W ignore:easy_install command is deprecated setup.py develop --uninstall --editable --build-directory /home/atoz/ros2_ws/build/pwm_ctrl/build
[1.651s] running develop
[1.951s] Removing /home/atoz/ros2_ws/install/pwm_ctrl/lib/python3.10/site-packages/pwm-ctrl.egg-link (link to .)
[2.024s] Invoked command in '/home/atoz/ros2_ws/build/pwm_ctrl' returned '0': PYTHONPATH=/home/atoz/ros2_ws/build/pwm_ctrl/prefix_override:/usr/lib/python3/dist-packages/colcon_core/task/python/colcon_distutils_commands:/home/atoz/ros2_ws/install/pwm_ctrl/lib/python3.10/site-packages:${PYTHONPATH} /usr/bin/python3 -W ignore:setup.py install is deprecated -W ignore:easy_install command is deprecated setup.py develop --uninstall --editable --build-directory /home/atoz/ros2_ws/build/pwm_ctrl/build
[2.028s] Invoking command in '/home/atoz/ros2_ws/src/pwm_ctrl': PYTHONPATH=/home/atoz/ros2_ws/build/pwm_ctrl/prefix_override:/usr/lib/python3/dist-packages/colcon_core/task/python/colcon_distutils_commands:/home/atoz/ros2_ws/install/pwm_ctrl/lib/python3.10/site-packages:${PYTHONPATH} /usr/bin/python3 -W ignore:setup.py install is deprecated -W ignore:easy_install command is deprecated setup.py egg_info --egg-base ../../build/pwm_ctrl build --build-base /home/atoz/ros2_ws/build/pwm_ctrl/build install --record /home/atoz/ros2_ws/build/pwm_ctrl/install.log --single-version-externally-managed install_data --force
[2.482s] running egg_info
[2.483s] writing ../../build/pwm_ctrl/pwm_ctrl.egg-info/PKG-INFO
[2.483s] writing dependency_links to ../../build/pwm_ctrl/pwm_ctrl.egg-info/dependency_links.txt
[2.484s] writing entry points to ../../build/pwm_ctrl/pwm_ctrl.egg-info/entry_points.txt
[2.484s] writing requirements to ../../build/pwm_ctrl/pwm_ctrl.egg-info/requires.txt
[2.484s] writing top-level names to ../../build/pwm_ctrl/pwm_ctrl.egg-info/top_level.txt
[2.488s] reading manifest file '../../build/pwm_ctrl/pwm_ctrl.egg-info/SOURCES.txt'
[2.489s] writing manifest file '../../build/pwm_ctrl/pwm_ctrl.egg-info/SOURCES.txt'
[2.490s] running build
[2.490s] running build_py
[2.490s] creating /home/atoz/ros2_ws/build/pwm_ctrl/build
[2.491s] creating /home/atoz/ros2_ws/build/pwm_ctrl/build/lib
[2.491s] creating /home/atoz/ros2_ws/build/pwm_ctrl/build/lib/pwm_ctrl
[2.491s] copying pwm_ctrl/__init__.py -> /home/atoz/ros2_ws/build/pwm_ctrl/build/lib/pwm_ctrl
[2.491s] copying pwm_ctrl/servo_pwm_node.py -> /home/atoz/ros2_ws/build/pwm_ctrl/build/lib/pwm_ctrl
[2.492s] running install
[2.492s] running install_lib
[2.493s] creating /home/atoz/ros2_ws/install/pwm_ctrl/lib/python3.10/site-packages/pwm_ctrl
[2.494s] copying /home/atoz/ros2_ws/build/pwm_ctrl/build/lib/pwm_ctrl/__init__.py -> /home/atoz/ros2_ws/install/pwm_ctrl/lib/python3.10/site-packages/pwm_ctrl
[2.494s] copying /home/atoz/ros2_ws/build/pwm_ctrl/build/lib/pwm_ctrl/servo_pwm_node.py -> /home/atoz/ros2_ws/install/pwm_ctrl/lib/python3.10/site-packages/pwm_ctrl
[2.495s] byte-compiling /home/atoz/ros2_ws/install/pwm_ctrl/lib/python3.10/site-packages/pwm_ctrl/__init__.py to __init__.cpython-310.pyc
[2.495s] byte-compiling /home/atoz/ros2_ws/install/pwm_ctrl/lib/python3.10/site-packages/pwm_ctrl/servo_pwm_node.py to servo_pwm_node.cpython-310.pyc
[2.500s] running install_data
[2.500s] copying resource/pwm_ctrl -> /home/atoz/ros2_ws/install/pwm_ctrl/share/ament_index/resource_index/packages
[2.500s] copying package.xml -> /home/atoz/ros2_ws/install/pwm_ctrl/share/pwm_ctrl
[2.500s] running install_egg_info
[2.504s] Copying ../../build/pwm_ctrl/pwm_ctrl.egg-info to /home/atoz/ros2_ws/install/pwm_ctrl/lib/python3.10/site-packages/pwm_ctrl-0.0.1-py3.10.egg-info
[2.506s] running install_scripts
[2.546s] Installing servo_pwm_node script to /home/atoz/ros2_ws/install/pwm_ctrl/lib/pwm_ctrl
[2.547s] writing list of installed files to '/home/atoz/ros2_ws/build/pwm_ctrl/install.log'
[2.610s] Invoked command in '/home/atoz/ros2_ws/src/pwm_ctrl' returned '0': PYTHONPATH=/home/atoz/ros2_ws/build/pwm_ctrl/prefix_override:/usr/lib/python3/dist-packages/colcon_core/task/python/colcon_distutils_commands:/home/atoz/ros2_ws/install/pwm_ctrl/lib/python3.10/site-packages:${PYTHONPATH} /usr/bin/python3 -W ignore:setup.py install is deprecated -W ignore:easy_install command is deprecated setup.py egg_info --egg-base ../../build/pwm_ctrl build --build-base /home/atoz/ros2_ws/build/pwm_ctrl/build install --record /home/atoz/ros2_ws/build/pwm_ctrl/install.log --single-version-externally-managed install_data --force
