[0.113s] Invoking command in '/home/atoz/ros2_ws/build/octomap_mapping': CMAKE_PREFIX_PATH=/home/atoz/ros2_ws/install/octomap_server:/home/atoz/ros2_ws/install/octomap_mapping:/home/atoz/ros2_ws/install/fast_lio:/home/atoz/ros2_ws/install/livox_ros_driver2:/home/atoz/ros2_ws/install/pwm_ctrl:/home/atoz/ros2_ws/install/nmea_navsat_driver:/home/atoz/ros2_ws/install/my_octomap:/home/atoz/ros2_ws/install/gps_goal_sender:/opt/ros/humble /usr/bin/cmake --build /home/atoz/ros2_ws/build/octomap_mapping -- -j8 -l8
[0.229s] Invoked command in '/home/atoz/ros2_ws/build/octomap_mapping' returned '0': CMAKE_PREFIX_PATH=/home/atoz/ros2_ws/install/octomap_server:/home/atoz/ros2_ws/install/octomap_mapping:/home/atoz/ros2_ws/install/fast_lio:/home/atoz/ros2_ws/install/livox_ros_driver2:/home/atoz/ros2_ws/install/pwm_ctrl:/home/atoz/ros2_ws/install/nmea_navsat_driver:/home/atoz/ros2_ws/install/my_octomap:/home/atoz/ros2_ws/install/gps_goal_sender:/opt/ros/humble /usr/bin/cmake --build /home/atoz/ros2_ws/build/octomap_mapping -- -j8 -l8
[0.235s] Invoking command in '/home/atoz/ros2_ws/build/octomap_mapping': CMAKE_PREFIX_PATH=/home/atoz/ros2_ws/install/octomap_server:/home/atoz/ros2_ws/install/octomap_mapping:/home/atoz/ros2_ws/install/fast_lio:/home/atoz/ros2_ws/install/livox_ros_driver2:/home/atoz/ros2_ws/install/pwm_ctrl:/home/atoz/ros2_ws/install/nmea_navsat_driver:/home/atoz/ros2_ws/install/my_octomap:/home/atoz/ros2_ws/install/gps_goal_sender:/opt/ros/humble /usr/bin/cmake --install /home/atoz/ros2_ws/build/octomap_mapping
[0.272s] -- Install configuration: ""
[0.272s] -- Up-to-date: /home/atoz/ros2_ws/install/octomap_mapping/share/ament_index/resource_index/package_run_dependencies/octomap_mapping
[0.272s] -- Up-to-date: /home/atoz/ros2_ws/install/octomap_mapping/share/ament_index/resource_index/parent_prefix_path/octomap_mapping
[0.272s] -- Up-to-date: /home/atoz/ros2_ws/install/octomap_mapping/share/octomap_mapping/environment/ament_prefix_path.sh
[0.273s] -- Up-to-date: /home/atoz/ros2_ws/install/octomap_mapping/share/octomap_mapping/environment/ament_prefix_path.dsv
[0.273s] -- Up-to-date: /home/atoz/ros2_ws/install/octomap_mapping/share/octomap_mapping/environment/path.sh
[0.273s] -- Up-to-date: /home/atoz/ros2_ws/install/octomap_mapping/share/octomap_mapping/environment/path.dsv
[0.273s] -- Up-to-date: /home/atoz/ros2_ws/install/octomap_mapping/share/octomap_mapping/local_setup.bash
[0.273s] -- Up-to-date: /home/atoz/ros2_ws/install/octomap_mapping/share/octomap_mapping/local_setup.sh
[0.273s] -- Up-to-date: /home/atoz/ros2_ws/install/octomap_mapping/share/octomap_mapping/local_setup.zsh
[0.274s] -- Up-to-date: /home/atoz/ros2_ws/install/octomap_mapping/share/octomap_mapping/local_setup.dsv
[0.274s] -- Installing: /home/atoz/ros2_ws/install/octomap_mapping/share/octomap_mapping/package.dsv
[0.274s] -- Up-to-date: /home/atoz/ros2_ws/install/octomap_mapping/share/ament_index/resource_index/packages/octomap_mapping
[0.275s] -- Up-to-date: /home/atoz/ros2_ws/install/octomap_mapping/share/octomap_mapping/cmake/octomap_mappingConfig.cmake
[0.275s] -- Up-to-date: /home/atoz/ros2_ws/install/octomap_mapping/share/octomap_mapping/cmake/octomap_mappingConfig-version.cmake
[0.275s] -- Up-to-date: /home/atoz/ros2_ws/install/octomap_mapping/share/octomap_mapping/package.xml
[0.289s] Invoked command in '/home/atoz/ros2_ws/build/octomap_mapping' returned '0': CMAKE_PREFIX_PATH=/home/atoz/ros2_ws/install/octomap_server:/home/atoz/ros2_ws/install/octomap_mapping:/home/atoz/ros2_ws/install/fast_lio:/home/atoz/ros2_ws/install/livox_ros_driver2:/home/atoz/ros2_ws/install/pwm_ctrl:/home/atoz/ros2_ws/install/nmea_navsat_driver:/home/atoz/ros2_ws/install/my_octomap:/home/atoz/ros2_ws/install/gps_goal_sender:/opt/ros/humble /usr/bin/cmake --install /home/atoz/ros2_ws/build/octomap_mapping
